[0.144s] DEBUG:colcon:Command line arguments: ['/usr/bin/colcon', 'build', '--packages-select', 'cpp04_param']
[0.144s] DEBUG:colcon:Parsed command line arguments: Namespace(log_base=None, log_level=None, verb_name='build', build_base='build', install_base='install', merge_install=False, symlink_install=False, test_result_base=None, continue_on_error=False, executor='parallel', parallel_workers=8, event_handlers=None, ignore_user_meta=False, metas=['./colcon.meta'], base_paths=['.'], packages_ignore=None, packages_ignore_regex=None, paths=None, packages_up_to=None, packages_up_to_regex=None, packages_above=None, packages_above_and_dependencies=None, packages_above_depth=None, packages_select_by_dep=None, packages_skip_by_dep=None, packages_skip_up_to=None, packages_select_build_failed=False, packages_skip_build_finished=False, packages_select_test_failures=False, packages_skip_test_passed=False, packages_select=['cpp04_param'], packages_skip=None, packages_select_regex=None, packages_skip_regex=None, packages_start=None, packages_end=None, allow_overriding=[], cmake_args=None, cmake_target=None, cmake_target_skip_unavailable=False, cmake_clean_cache=False, cmake_clean_first=False, cmake_force_configure=False, ament_cmake_args=None, catkin_cmake_args=None, catkin_skip_building_tests=False, verb_parser=<colcon_defaults.argument_parser.defaults.DefaultArgumentsDecorator object at 0x74a5243dba30>, verb_extension=<colcon_core.verb.build.BuildVerb object at 0x74a52458c7c0>, main=<bound method BuildVerb.main of <colcon_core.verb.build.BuildVerb object at 0x74a52458c7c0>>)
[0.403s] Level 1:colcon.colcon_core.package_discovery:discover_packages(colcon_meta) check parameters
[0.403s] Level 1:colcon.colcon_core.package_discovery:discover_packages(recursive) check parameters
[0.403s] Level 1:colcon.colcon_core.package_discovery:discover_packages(ignore) check parameters
[0.403s] Level 1:colcon.colcon_core.package_discovery:discover_packages(path) check parameters
[0.403s] Level 1:colcon.colcon_core.package_discovery:discover_packages(colcon_meta) discover
[0.403s] Level 1:colcon.colcon_core.package_discovery:discover_packages(recursive) discover
[0.403s] INFO:colcon.colcon_core.package_discovery:Crawling recursively for packages in '/home/cl/CLionProjects/ws01_plumbing'
[0.404s] Level 1:colcon.colcon_core.package_identification:_identify(.) by extensions ['ignore', 'ignore_ament_install']
[0.404s] Level 1:colcon.colcon_core.package_identification:_identify(.) by extension 'ignore'
[0.404s] Level 1:colcon.colcon_core.package_identification:_identify(.) by extension 'ignore_ament_install'
[0.404s] Level 1:colcon.colcon_core.package_identification:_identify(.) by extensions ['colcon_pkg']
[0.404s] Level 1:colcon.colcon_core.package_identification:_identify(.) by extension 'colcon_pkg'
[0.404s] Level 1:colcon.colcon_core.package_identification:_identify(.) by extensions ['colcon_meta']
[0.404s] Level 1:colcon.colcon_core.package_identification:_identify(.) by extension 'colcon_meta'
[0.404s] Level 1:colcon.colcon_core.package_identification:_identify(.) by extensions ['ros']
[0.404s] Level 1:colcon.colcon_core.package_identification:_identify(.) by extension 'ros'
[0.422s] Level 1:colcon.colcon_core.package_identification:_identify(.) by extensions ['cmake', 'python']
[0.422s] Level 1:colcon.colcon_core.package_identification:_identify(.) by extension 'cmake'
[0.422s] Level 1:colcon.colcon_core.package_identification:_identify(.) by extension 'python'
[0.422s] Level 1:colcon.colcon_core.package_identification:_identify(.) by extensions ['python_setup_py']
[0.422s] Level 1:colcon.colcon_core.package_identification:_identify(.) by extension 'python_setup_py'
[0.422s] Level 1:colcon.colcon_core.package_identification:_identify(build) by extensions ['ignore', 'ignore_ament_install']
[0.422s] Level 1:colcon.colcon_core.package_identification:_identify(build) by extension 'ignore'
[0.422s] Level 1:colcon.colcon_core.package_identification:_identify(build) ignored
[0.422s] Level 1:colcon.colcon_core.package_identification:_identify(cmake-build-debug) by extensions ['ignore', 'ignore_ament_install']
[0.423s] Level 1:colcon.colcon_core.package_identification:_identify(cmake-build-debug) by extension 'ignore'
[0.423s] Level 1:colcon.colcon_core.package_identification:_identify(cmake-build-debug) by extension 'ignore_ament_install'
[0.423s] Level 1:colcon.colcon_core.package_identification:_identify(cmake-build-debug) by extensions ['colcon_pkg']
[0.423s] Level 1:colcon.colcon_core.package_identification:_identify(cmake-build-debug) by extension 'colcon_pkg'
[0.423s] Level 1:colcon.colcon_core.package_identification:_identify(cmake-build-debug) by extensions ['colcon_meta']
[0.423s] Level 1:colcon.colcon_core.package_identification:_identify(cmake-build-debug) by extension 'colcon_meta'
[0.423s] Level 1:colcon.colcon_core.package_identification:_identify(cmake-build-debug) by extensions ['ros']
[0.423s] Level 1:colcon.colcon_core.package_identification:_identify(cmake-build-debug) by extension 'ros'
[0.423s] Level 1:colcon.colcon_core.package_identification:_identify(cmake-build-debug) by extensions ['cmake', 'python']
[0.423s] Level 1:colcon.colcon_core.package_identification:_identify(cmake-build-debug) by extension 'cmake'
[0.423s] Level 1:colcon.colcon_core.package_identification:_identify(cmake-build-debug) by extension 'python'
[0.424s] Level 1:colcon.colcon_core.package_identification:_identify(cmake-build-debug) by extensions ['python_setup_py']
[0.424s] Level 1:colcon.colcon_core.package_identification:_identify(cmake-build-debug) by extension 'python_setup_py'
[0.424s] Level 1:colcon.colcon_core.package_identification:_identify(cmake-build-debug/CMakeFiles) by extensions ['ignore', 'ignore_ament_install']
[0.424s] Level 1:colcon.colcon_core.package_identification:_identify(cmake-build-debug/CMakeFiles) by extension 'ignore'
[0.424s] Level 1:colcon.colcon_core.package_identification:_identify(cmake-build-debug/CMakeFiles) by extension 'ignore_ament_install'
[0.424s] Level 1:colcon.colcon_core.package_identification:_identify(cmake-build-debug/CMakeFiles) by extensions ['colcon_pkg']
[0.424s] Level 1:colcon.colcon_core.package_identification:_identify(cmake-build-debug/CMakeFiles) by extension 'colcon_pkg'
[0.424s] Level 1:colcon.colcon_core.package_identification:_identify(cmake-build-debug/CMakeFiles) by extensions ['colcon_meta']
[0.424s] Level 1:colcon.colcon_core.package_identification:_identify(cmake-build-debug/CMakeFiles) by extension 'colcon_meta'
[0.424s] Level 1:colcon.colcon_core.package_identification:_identify(cmake-build-debug/CMakeFiles) by extensions ['ros']
[0.424s] Level 1:colcon.colcon_core.package_identification:_identify(cmake-build-debug/CMakeFiles) by extension 'ros'
[0.424s] Level 1:colcon.colcon_core.package_identification:_identify(cmake-build-debug/CMakeFiles) by extensions ['cmake', 'python']
[0.425s] Level 1:colcon.colcon_core.package_identification:_identify(cmake-build-debug/CMakeFiles) by extension 'cmake'
[0.425s] Level 1:colcon.colcon_core.package_identification:_identify(cmake-build-debug/CMakeFiles) by extension 'python'
[0.425s] Level 1:colcon.colcon_core.package_identification:_identify(cmake-build-debug/CMakeFiles) by extensions ['python_setup_py']
[0.425s] Level 1:colcon.colcon_core.package_identification:_identify(cmake-build-debug/CMakeFiles) by extension 'python_setup_py'
[0.425s] Level 1:colcon.colcon_core.package_identification:_identify(cmake-build-debug/CMakeFiles/3.30.5) by extensions ['ignore', 'ignore_ament_install']
[0.425s] Level 1:colcon.colcon_core.package_identification:_identify(cmake-build-debug/CMakeFiles/3.30.5) by extension 'ignore'
[0.425s] Level 1:colcon.colcon_core.package_identification:_identify(cmake-build-debug/CMakeFiles/3.30.5) by extension 'ignore_ament_install'
[0.425s] Level 1:colcon.colcon_core.package_identification:_identify(cmake-build-debug/CMakeFiles/3.30.5) by extensions ['colcon_pkg']
[0.425s] Level 1:colcon.colcon_core.package_identification:_identify(cmake-build-debug/CMakeFiles/3.30.5) by extension 'colcon_pkg'
[0.425s] Level 1:colcon.colcon_core.package_identification:_identify(cmake-build-debug/CMakeFiles/3.30.5) by extensions ['colcon_meta']
[0.425s] Level 1:colcon.colcon_core.package_identification:_identify(cmake-build-debug/CMakeFiles/3.30.5) by extension 'colcon_meta'
[0.426s] Level 1:colcon.colcon_core.package_identification:_identify(cmake-build-debug/CMakeFiles/3.30.5) by extensions ['ros']
[0.426s] Level 1:colcon.colcon_core.package_identification:_identify(cmake-build-debug/CMakeFiles/3.30.5) by extension 'ros'
[0.426s] Level 1:colcon.colcon_core.package_identification:_identify(cmake-build-debug/CMakeFiles/3.30.5) by extensions ['cmake', 'python']
[0.426s] Level 1:colcon.colcon_core.package_identification:_identify(cmake-build-debug/CMakeFiles/3.30.5) by extension 'cmake'
[0.426s] Level 1:colcon.colcon_core.package_identification:_identify(cmake-build-debug/CMakeFiles/3.30.5) by extension 'python'
[0.426s] Level 1:colcon.colcon_core.package_identification:_identify(cmake-build-debug/CMakeFiles/3.30.5) by extensions ['python_setup_py']
[0.426s] Level 1:colcon.colcon_core.package_identification:_identify(cmake-build-debug/CMakeFiles/3.30.5) by extension 'python_setup_py'
[0.426s] Level 1:colcon.colcon_core.package_identification:_identify(cmake-build-debug/CMakeFiles/3.30.5/CompilerIdC) by extensions ['ignore', 'ignore_ament_install']
[0.426s] Level 1:colcon.colcon_core.package_identification:_identify(cmake-build-debug/CMakeFiles/3.30.5/CompilerIdC) by extension 'ignore'
[0.426s] Level 1:colcon.colcon_core.package_identification:_identify(cmake-build-debug/CMakeFiles/3.30.5/CompilerIdC) by extension 'ignore_ament_install'
[0.426s] Level 1:colcon.colcon_core.package_identification:_identify(cmake-build-debug/CMakeFiles/3.30.5/CompilerIdC) by extensions ['colcon_pkg']
[0.426s] Level 1:colcon.colcon_core.package_identification:_identify(cmake-build-debug/CMakeFiles/3.30.5/CompilerIdC) by extension 'colcon_pkg'
[0.427s] Level 1:colcon.colcon_core.package_identification:_identify(cmake-build-debug/CMakeFiles/3.30.5/CompilerIdC) by extensions ['colcon_meta']
[0.427s] Level 1:colcon.colcon_core.package_identification:_identify(cmake-build-debug/CMakeFiles/3.30.5/CompilerIdC) by extension 'colcon_meta'
[0.427s] Level 1:colcon.colcon_core.package_identification:_identify(cmake-build-debug/CMakeFiles/3.30.5/CompilerIdC) by extensions ['ros']
[0.427s] Level 1:colcon.colcon_core.package_identification:_identify(cmake-build-debug/CMakeFiles/3.30.5/CompilerIdC) by extension 'ros'
[0.427s] Level 1:colcon.colcon_core.package_identification:_identify(cmake-build-debug/CMakeFiles/3.30.5/CompilerIdC) by extensions ['cmake', 'python']
[0.427s] Level 1:colcon.colcon_core.package_identification:_identify(cmake-build-debug/CMakeFiles/3.30.5/CompilerIdC) by extension 'cmake'
[0.427s] Level 1:colcon.colcon_core.package_identification:_identify(cmake-build-debug/CMakeFiles/3.30.5/CompilerIdC) by extension 'python'
[0.427s] Level 1:colcon.colcon_core.package_identification:_identify(cmake-build-debug/CMakeFiles/3.30.5/CompilerIdC) by extensions ['python_setup_py']
[0.427s] Level 1:colcon.colcon_core.package_identification:_identify(cmake-build-debug/CMakeFiles/3.30.5/CompilerIdC) by extension 'python_setup_py'
[0.427s] Level 1:colcon.colcon_core.package_identification:_identify(cmake-build-debug/CMakeFiles/3.30.5/CompilerIdC/tmp) by extensions ['ignore', 'ignore_ament_install']
[0.427s] Level 1:colcon.colcon_core.package_identification:_identify(cmake-build-debug/CMakeFiles/3.30.5/CompilerIdC/tmp) by extension 'ignore'
[0.427s] Level 1:colcon.colcon_core.package_identification:_identify(cmake-build-debug/CMakeFiles/3.30.5/CompilerIdC/tmp) by extension 'ignore_ament_install'
[0.428s] Level 1:colcon.colcon_core.package_identification:_identify(cmake-build-debug/CMakeFiles/3.30.5/CompilerIdC/tmp) by extensions ['colcon_pkg']
[0.428s] Level 1:colcon.colcon_core.package_identification:_identify(cmake-build-debug/CMakeFiles/3.30.5/CompilerIdC/tmp) by extension 'colcon_pkg'
[0.428s] Level 1:colcon.colcon_core.package_identification:_identify(cmake-build-debug/CMakeFiles/3.30.5/CompilerIdC/tmp) by extensions ['colcon_meta']
[0.428s] Level 1:colcon.colcon_core.package_identification:_identify(cmake-build-debug/CMakeFiles/3.30.5/CompilerIdC/tmp) by extension 'colcon_meta'
[0.428s] Level 1:colcon.colcon_core.package_identification:_identify(cmake-build-debug/CMakeFiles/3.30.5/CompilerIdC/tmp) by extensions ['ros']
[0.428s] Level 1:colcon.colcon_core.package_identification:_identify(cmake-build-debug/CMakeFiles/3.30.5/CompilerIdC/tmp) by extension 'ros'
[0.428s] Level 1:colcon.colcon_core.package_identification:_identify(cmake-build-debug/CMakeFiles/3.30.5/CompilerIdC/tmp) by extensions ['cmake', 'python']
[0.428s] Level 1:colcon.colcon_core.package_identification:_identify(cmake-build-debug/CMakeFiles/3.30.5/CompilerIdC/tmp) by extension 'cmake'
[0.428s] Level 1:colcon.colcon_core.package_identification:_identify(cmake-build-debug/CMakeFiles/3.30.5/CompilerIdC/tmp) by extension 'python'
[0.428s] Level 1:colcon.colcon_core.package_identification:_identify(cmake-build-debug/CMakeFiles/3.30.5/CompilerIdC/tmp) by extensions ['python_setup_py']
[0.428s] Level 1:colcon.colcon_core.package_identification:_identify(cmake-build-debug/CMakeFiles/3.30.5/CompilerIdC/tmp) by extension 'python_setup_py'
[0.428s] Level 1:colcon.colcon_core.package_identification:_identify(cmake-build-debug/CMakeFiles/3.30.5/CompilerIdCXX) by extensions ['ignore', 'ignore_ament_install']
[0.429s] Level 1:colcon.colcon_core.package_identification:_identify(cmake-build-debug/CMakeFiles/3.30.5/CompilerIdCXX) by extension 'ignore'
[0.429s] Level 1:colcon.colcon_core.package_identification:_identify(cmake-build-debug/CMakeFiles/3.30.5/CompilerIdCXX) by extension 'ignore_ament_install'
[0.429s] Level 1:colcon.colcon_core.package_identification:_identify(cmake-build-debug/CMakeFiles/3.30.5/CompilerIdCXX) by extensions ['colcon_pkg']
[0.429s] Level 1:colcon.colcon_core.package_identification:_identify(cmake-build-debug/CMakeFiles/3.30.5/CompilerIdCXX) by extension 'colcon_pkg'
[0.429s] Level 1:colcon.colcon_core.package_identification:_identify(cmake-build-debug/CMakeFiles/3.30.5/CompilerIdCXX) by extensions ['colcon_meta']
[0.429s] Level 1:colcon.colcon_core.package_identification:_identify(cmake-build-debug/CMakeFiles/3.30.5/CompilerIdCXX) by extension 'colcon_meta'
[0.429s] Level 1:colcon.colcon_core.package_identification:_identify(cmake-build-debug/CMakeFiles/3.30.5/CompilerIdCXX) by extensions ['ros']
[0.429s] Level 1:colcon.colcon_core.package_identification:_identify(cmake-build-debug/CMakeFiles/3.30.5/CompilerIdCXX) by extension 'ros'
[0.429s] Level 1:colcon.colcon_core.package_identification:_identify(cmake-build-debug/CMakeFiles/3.30.5/CompilerIdCXX) by extensions ['cmake', 'python']
[0.429s] Level 1:colcon.colcon_core.package_identification:_identify(cmake-build-debug/CMakeFiles/3.30.5/CompilerIdCXX) by extension 'cmake'
[0.429s] Level 1:colcon.colcon_core.package_identification:_identify(cmake-build-debug/CMakeFiles/3.30.5/CompilerIdCXX) by extension 'python'
[0.429s] Level 1:colcon.colcon_core.package_identification:_identify(cmake-build-debug/CMakeFiles/3.30.5/CompilerIdCXX) by extensions ['python_setup_py']
[0.429s] Level 1:colcon.colcon_core.package_identification:_identify(cmake-build-debug/CMakeFiles/3.30.5/CompilerIdCXX) by extension 'python_setup_py'
[0.430s] Level 1:colcon.colcon_core.package_identification:_identify(cmake-build-debug/CMakeFiles/3.30.5/CompilerIdCXX/tmp) by extensions ['ignore', 'ignore_ament_install']
[0.430s] Level 1:colcon.colcon_core.package_identification:_identify(cmake-build-debug/CMakeFiles/3.30.5/CompilerIdCXX/tmp) by extension 'ignore'
[0.430s] Level 1:colcon.colcon_core.package_identification:_identify(cmake-build-debug/CMakeFiles/3.30.5/CompilerIdCXX/tmp) by extension 'ignore_ament_install'
[0.430s] Level 1:colcon.colcon_core.package_identification:_identify(cmake-build-debug/CMakeFiles/3.30.5/CompilerIdCXX/tmp) by extensions ['colcon_pkg']
[0.430s] Level 1:colcon.colcon_core.package_identification:_identify(cmake-build-debug/CMakeFiles/3.30.5/CompilerIdCXX/tmp) by extension 'colcon_pkg'
[0.430s] Level 1:colcon.colcon_core.package_identification:_identify(cmake-build-debug/CMakeFiles/3.30.5/CompilerIdCXX/tmp) by extensions ['colcon_meta']
[0.430s] Level 1:colcon.colcon_core.package_identification:_identify(cmake-build-debug/CMakeFiles/3.30.5/CompilerIdCXX/tmp) by extension 'colcon_meta'
[0.430s] Level 1:colcon.colcon_core.package_identification:_identify(cmake-build-debug/CMakeFiles/3.30.5/CompilerIdCXX/tmp) by extensions ['ros']
[0.430s] Level 1:colcon.colcon_core.package_identification:_identify(cmake-build-debug/CMakeFiles/3.30.5/CompilerIdCXX/tmp) by extension 'ros'
[0.430s] Level 1:colcon.colcon_core.package_identification:_identify(cmake-build-debug/CMakeFiles/3.30.5/CompilerIdCXX/tmp) by extensions ['cmake', 'python']
[0.430s] Level 1:colcon.colcon_core.package_identification:_identify(cmake-build-debug/CMakeFiles/3.30.5/CompilerIdCXX/tmp) by extension 'cmake'
[0.430s] Level 1:colcon.colcon_core.package_identification:_identify(cmake-build-debug/CMakeFiles/3.30.5/CompilerIdCXX/tmp) by extension 'python'
[0.431s] Level 1:colcon.colcon_core.package_identification:_identify(cmake-build-debug/CMakeFiles/3.30.5/CompilerIdCXX/tmp) by extensions ['python_setup_py']
[0.431s] Level 1:colcon.colcon_core.package_identification:_identify(cmake-build-debug/CMakeFiles/3.30.5/CompilerIdCXX/tmp) by extension 'python_setup_py'
[0.431s] Level 1:colcon.colcon_core.package_identification:_identify(cmake-build-debug/CMakeFiles/pkgRedirects) by extensions ['ignore', 'ignore_ament_install']
[0.431s] Level 1:colcon.colcon_core.package_identification:_identify(cmake-build-debug/CMakeFiles/pkgRedirects) by extension 'ignore'
[0.431s] Level 1:colcon.colcon_core.package_identification:_identify(cmake-build-debug/CMakeFiles/pkgRedirects) by extension 'ignore_ament_install'
[0.431s] Level 1:colcon.colcon_core.package_identification:_identify(cmake-build-debug/CMakeFiles/pkgRedirects) by extensions ['colcon_pkg']
[0.431s] Level 1:colcon.colcon_core.package_identification:_identify(cmake-build-debug/CMakeFiles/pkgRedirects) by extension 'colcon_pkg'
[0.431s] Level 1:colcon.colcon_core.package_identification:_identify(cmake-build-debug/CMakeFiles/pkgRedirects) by extensions ['colcon_meta']
[0.431s] Level 1:colcon.colcon_core.package_identification:_identify(cmake-build-debug/CMakeFiles/pkgRedirects) by extension 'colcon_meta'
[0.431s] Level 1:colcon.colcon_core.package_identification:_identify(cmake-build-debug/CMakeFiles/pkgRedirects) by extensions ['ros']
[0.431s] Level 1:colcon.colcon_core.package_identification:_identify(cmake-build-debug/CMakeFiles/pkgRedirects) by extension 'ros'
[0.432s] Level 1:colcon.colcon_core.package_identification:_identify(cmake-build-debug/CMakeFiles/pkgRedirects) by extensions ['cmake', 'python']
[0.432s] Level 1:colcon.colcon_core.package_identification:_identify(cmake-build-debug/CMakeFiles/pkgRedirects) by extension 'cmake'
[0.432s] Level 1:colcon.colcon_core.package_identification:_identify(cmake-build-debug/CMakeFiles/pkgRedirects) by extension 'python'
[0.432s] Level 1:colcon.colcon_core.package_identification:_identify(cmake-build-debug/CMakeFiles/pkgRedirects) by extensions ['python_setup_py']
[0.432s] Level 1:colcon.colcon_core.package_identification:_identify(cmake-build-debug/CMakeFiles/pkgRedirects) by extension 'python_setup_py'
[0.432s] Level 1:colcon.colcon_core.package_identification:_identify(cmake-build-debug/Testing) by extensions ['ignore', 'ignore_ament_install']
[0.432s] Level 1:colcon.colcon_core.package_identification:_identify(cmake-build-debug/Testing) by extension 'ignore'
[0.432s] Level 1:colcon.colcon_core.package_identification:_identify(cmake-build-debug/Testing) by extension 'ignore_ament_install'
[0.432s] Level 1:colcon.colcon_core.package_identification:_identify(cmake-build-debug/Testing) by extensions ['colcon_pkg']
[0.432s] Level 1:colcon.colcon_core.package_identification:_identify(cmake-build-debug/Testing) by extension 'colcon_pkg'
[0.432s] Level 1:colcon.colcon_core.package_identification:_identify(cmake-build-debug/Testing) by extensions ['colcon_meta']
[0.432s] Level 1:colcon.colcon_core.package_identification:_identify(cmake-build-debug/Testing) by extension 'colcon_meta'
[0.433s] Level 1:colcon.colcon_core.package_identification:_identify(cmake-build-debug/Testing) by extensions ['ros']
[0.433s] Level 1:colcon.colcon_core.package_identification:_identify(cmake-build-debug/Testing) by extension 'ros'
[0.433s] Level 1:colcon.colcon_core.package_identification:_identify(cmake-build-debug/Testing) by extensions ['cmake', 'python']
[0.433s] Level 1:colcon.colcon_core.package_identification:_identify(cmake-build-debug/Testing) by extension 'cmake'
[0.433s] Level 1:colcon.colcon_core.package_identification:_identify(cmake-build-debug/Testing) by extension 'python'
[0.433s] Level 1:colcon.colcon_core.package_identification:_identify(cmake-build-debug/Testing) by extensions ['python_setup_py']
[0.433s] Level 1:colcon.colcon_core.package_identification:_identify(cmake-build-debug/Testing) by extension 'python_setup_py'
[0.433s] Level 1:colcon.colcon_core.package_identification:_identify(cmake-build-debug/Testing/Temporary) by extensions ['ignore', 'ignore_ament_install']
[0.433s] Level 1:colcon.colcon_core.package_identification:_identify(cmake-build-debug/Testing/Temporary) by extension 'ignore'
[0.433s] Level 1:colcon.colcon_core.package_identification:_identify(cmake-build-debug/Testing/Temporary) by extension 'ignore_ament_install'
[0.433s] Level 1:colcon.colcon_core.package_identification:_identify(cmake-build-debug/Testing/Temporary) by extensions ['colcon_pkg']
[0.433s] Level 1:colcon.colcon_core.package_identification:_identify(cmake-build-debug/Testing/Temporary) by extension 'colcon_pkg'
[0.434s] Level 1:colcon.colcon_core.package_identification:_identify(cmake-build-debug/Testing/Temporary) by extensions ['colcon_meta']
[0.434s] Level 1:colcon.colcon_core.package_identification:_identify(cmake-build-debug/Testing/Temporary) by extension 'colcon_meta'
[0.434s] Level 1:colcon.colcon_core.package_identification:_identify(cmake-build-debug/Testing/Temporary) by extensions ['ros']
[0.434s] Level 1:colcon.colcon_core.package_identification:_identify(cmake-build-debug/Testing/Temporary) by extension 'ros'
[0.434s] Level 1:colcon.colcon_core.package_identification:_identify(cmake-build-debug/Testing/Temporary) by extensions ['cmake', 'python']
[0.434s] Level 1:colcon.colcon_core.package_identification:_identify(cmake-build-debug/Testing/Temporary) by extension 'cmake'
[0.434s] Level 1:colcon.colcon_core.package_identification:_identify(cmake-build-debug/Testing/Temporary) by extension 'python'
[0.434s] Level 1:colcon.colcon_core.package_identification:_identify(cmake-build-debug/Testing/Temporary) by extensions ['python_setup_py']
[0.434s] Level 1:colcon.colcon_core.package_identification:_identify(cmake-build-debug/Testing/Temporary) by extension 'python_setup_py'
[0.434s] Level 1:colcon.colcon_core.package_identification:_identify(cmake-build-debug/ament_cmake_environment_hooks) by extensions ['ignore', 'ignore_ament_install']
[0.434s] Level 1:colcon.colcon_core.package_identification:_identify(cmake-build-debug/ament_cmake_environment_hooks) by extension 'ignore'
[0.434s] Level 1:colcon.colcon_core.package_identification:_identify(cmake-build-debug/ament_cmake_environment_hooks) by extension 'ignore_ament_install'
[0.435s] Level 1:colcon.colcon_core.package_identification:_identify(cmake-build-debug/ament_cmake_environment_hooks) by extensions ['colcon_pkg']
[0.435s] Level 1:colcon.colcon_core.package_identification:_identify(cmake-build-debug/ament_cmake_environment_hooks) by extension 'colcon_pkg'
[0.435s] Level 1:colcon.colcon_core.package_identification:_identify(cmake-build-debug/ament_cmake_environment_hooks) by extensions ['colcon_meta']
[0.435s] Level 1:colcon.colcon_core.package_identification:_identify(cmake-build-debug/ament_cmake_environment_hooks) by extension 'colcon_meta'
[0.435s] Level 1:colcon.colcon_core.package_identification:_identify(cmake-build-debug/ament_cmake_environment_hooks) by extensions ['ros']
[0.435s] Level 1:colcon.colcon_core.package_identification:_identify(cmake-build-debug/ament_cmake_environment_hooks) by extension 'ros'
[0.435s] Level 1:colcon.colcon_core.package_identification:_identify(cmake-build-debug/ament_cmake_environment_hooks) by extensions ['cmake', 'python']
[0.435s] Level 1:colcon.colcon_core.package_identification:_identify(cmake-build-debug/ament_cmake_environment_hooks) by extension 'cmake'
[0.435s] Level 1:colcon.colcon_core.package_identification:_identify(cmake-build-debug/ament_cmake_environment_hooks) by extension 'python'
[0.435s] Level 1:colcon.colcon_core.package_identification:_identify(cmake-build-debug/ament_cmake_environment_hooks) by extensions ['python_setup_py']
[0.435s] Level 1:colcon.colcon_core.package_identification:_identify(cmake-build-debug/ament_cmake_environment_hooks) by extension 'python_setup_py'
[0.435s] Level 1:colcon.colcon_core.package_identification:_identify(cmake-build-debug/ament_cmake_index) by extensions ['ignore', 'ignore_ament_install']
[0.436s] Level 1:colcon.colcon_core.package_identification:_identify(cmake-build-debug/ament_cmake_index) by extension 'ignore'
[0.436s] Level 1:colcon.colcon_core.package_identification:_identify(cmake-build-debug/ament_cmake_index) by extension 'ignore_ament_install'
[0.436s] Level 1:colcon.colcon_core.package_identification:_identify(cmake-build-debug/ament_cmake_index) by extensions ['colcon_pkg']
[0.436s] Level 1:colcon.colcon_core.package_identification:_identify(cmake-build-debug/ament_cmake_index) by extension 'colcon_pkg'
[0.436s] Level 1:colcon.colcon_core.package_identification:_identify(cmake-build-debug/ament_cmake_index) by extensions ['colcon_meta']
[0.436s] Level 1:colcon.colcon_core.package_identification:_identify(cmake-build-debug/ament_cmake_index) by extension 'colcon_meta'
[0.436s] Level 1:colcon.colcon_core.package_identification:_identify(cmake-build-debug/ament_cmake_index) by extensions ['ros']
[0.436s] Level 1:colcon.colcon_core.package_identification:_identify(cmake-build-debug/ament_cmake_index) by extension 'ros'
[0.436s] Level 1:colcon.colcon_core.package_identification:_identify(cmake-build-debug/ament_cmake_index) by extensions ['cmake', 'python']
[0.436s] Level 1:colcon.colcon_core.package_identification:_identify(cmake-build-debug/ament_cmake_index) by extension 'cmake'
[0.436s] Level 1:colcon.colcon_core.package_identification:_identify(cmake-build-debug/ament_cmake_index) by extension 'python'
[0.436s] Level 1:colcon.colcon_core.package_identification:_identify(cmake-build-debug/ament_cmake_index) by extensions ['python_setup_py']
[0.436s] Level 1:colcon.colcon_core.package_identification:_identify(cmake-build-debug/ament_cmake_index) by extension 'python_setup_py'
[0.437s] Level 1:colcon.colcon_core.package_identification:_identify(cmake-build-debug/ament_cmake_index/share) by extensions ['ignore', 'ignore_ament_install']
[0.437s] Level 1:colcon.colcon_core.package_identification:_identify(cmake-build-debug/ament_cmake_index/share) by extension 'ignore'
[0.437s] Level 1:colcon.colcon_core.package_identification:_identify(cmake-build-debug/ament_cmake_index/share) by extension 'ignore_ament_install'
[0.437s] Level 1:colcon.colcon_core.package_identification:_identify(cmake-build-debug/ament_cmake_index/share) by extensions ['colcon_pkg']
[0.437s] Level 1:colcon.colcon_core.package_identification:_identify(cmake-build-debug/ament_cmake_index/share) by extension 'colcon_pkg'
[0.437s] Level 1:colcon.colcon_core.package_identification:_identify(cmake-build-debug/ament_cmake_index/share) by extensions ['colcon_meta']
[0.437s] Level 1:colcon.colcon_core.package_identification:_identify(cmake-build-debug/ament_cmake_index/share) by extension 'colcon_meta'
[0.437s] Level 1:colcon.colcon_core.package_identification:_identify(cmake-build-debug/ament_cmake_index/share) by extensions ['ros']
[0.437s] Level 1:colcon.colcon_core.package_identification:_identify(cmake-build-debug/ament_cmake_index/share) by extension 'ros'
[0.437s] Level 1:colcon.colcon_core.package_identification:_identify(cmake-build-debug/ament_cmake_index/share) by extensions ['cmake', 'python']
[0.437s] Level 1:colcon.colcon_core.package_identification:_identify(cmake-build-debug/ament_cmake_index/share) by extension 'cmake'
[0.437s] Level 1:colcon.colcon_core.package_identification:_identify(cmake-build-debug/ament_cmake_index/share) by extension 'python'
[0.437s] Level 1:colcon.colcon_core.package_identification:_identify(cmake-build-debug/ament_cmake_index/share) by extensions ['python_setup_py']
[0.438s] Level 1:colcon.colcon_core.package_identification:_identify(cmake-build-debug/ament_cmake_index/share) by extension 'python_setup_py'
[0.438s] Level 1:colcon.colcon_core.package_identification:_identify(cmake-build-debug/ament_cmake_index/share/ament_index) by extensions ['ignore', 'ignore_ament_install']
[0.438s] Level 1:colcon.colcon_core.package_identification:_identify(cmake-build-debug/ament_cmake_index/share/ament_index) by extension 'ignore'
[0.438s] Level 1:colcon.colcon_core.package_identification:_identify(cmake-build-debug/ament_cmake_index/share/ament_index) by extension 'ignore_ament_install'
[0.438s] Level 1:colcon.colcon_core.package_identification:_identify(cmake-build-debug/ament_cmake_index/share/ament_index) by extensions ['colcon_pkg']
[0.438s] Level 1:colcon.colcon_core.package_identification:_identify(cmake-build-debug/ament_cmake_index/share/ament_index) by extension 'colcon_pkg'
[0.438s] Level 1:colcon.colcon_core.package_identification:_identify(cmake-build-debug/ament_cmake_index/share/ament_index) by extensions ['colcon_meta']
[0.438s] Level 1:colcon.colcon_core.package_identification:_identify(cmake-build-debug/ament_cmake_index/share/ament_index) by extension 'colcon_meta'
[0.438s] Level 1:colcon.colcon_core.package_identification:_identify(cmake-build-debug/ament_cmake_index/share/ament_index) by extensions ['ros']
[0.438s] Level 1:colcon.colcon_core.package_identification:_identify(cmake-build-debug/ament_cmake_index/share/ament_index) by extension 'ros'
[0.439s] Level 1:colcon.colcon_core.package_identification:_identify(cmake-build-debug/ament_cmake_index/share/ament_index) by extensions ['cmake', 'python']
[0.439s] Level 1:colcon.colcon_core.package_identification:_identify(cmake-build-debug/ament_cmake_index/share/ament_index) by extension 'cmake'
[0.439s] Level 1:colcon.colcon_core.package_identification:_identify(cmake-build-debug/ament_cmake_index/share/ament_index) by extension 'python'
[0.439s] Level 1:colcon.colcon_core.package_identification:_identify(cmake-build-debug/ament_cmake_index/share/ament_index) by extensions ['python_setup_py']
[0.439s] Level 1:colcon.colcon_core.package_identification:_identify(cmake-build-debug/ament_cmake_index/share/ament_index) by extension 'python_setup_py'
[0.439s] Level 1:colcon.colcon_core.package_identification:_identify(cmake-build-debug/ament_cmake_index/share/ament_index/resource_index) by extensions ['ignore', 'ignore_ament_install']
[0.439s] Level 1:colcon.colcon_core.package_identification:_identify(cmake-build-debug/ament_cmake_index/share/ament_index/resource_index) by extension 'ignore'
[0.439s] Level 1:colcon.colcon_core.package_identification:_identify(cmake-build-debug/ament_cmake_index/share/ament_index/resource_index) by extension 'ignore_ament_install'
[0.439s] Level 1:colcon.colcon_core.package_identification:_identify(cmake-build-debug/ament_cmake_index/share/ament_index/resource_index) by extensions ['colcon_pkg']
[0.439s] Level 1:colcon.colcon_core.package_identification:_identify(cmake-build-debug/ament_cmake_index/share/ament_index/resource_index) by extension 'colcon_pkg'
[0.439s] Level 1:colcon.colcon_core.package_identification:_identify(cmake-build-debug/ament_cmake_index/share/ament_index/resource_index) by extensions ['colcon_meta']
[0.440s] Level 1:colcon.colcon_core.package_identification:_identify(cmake-build-debug/ament_cmake_index/share/ament_index/resource_index) by extension 'colcon_meta'
[0.440s] Level 1:colcon.colcon_core.package_identification:_identify(cmake-build-debug/ament_cmake_index/share/ament_index/resource_index) by extensions ['ros']
[0.440s] Level 1:colcon.colcon_core.package_identification:_identify(cmake-build-debug/ament_cmake_index/share/ament_index/resource_index) by extension 'ros'
[0.440s] Level 1:colcon.colcon_core.package_identification:_identify(cmake-build-debug/ament_cmake_index/share/ament_index/resource_index) by extensions ['cmake', 'python']
[0.440s] Level 1:colcon.colcon_core.package_identification:_identify(cmake-build-debug/ament_cmake_index/share/ament_index/resource_index) by extension 'cmake'
[0.440s] Level 1:colcon.colcon_core.package_identification:_identify(cmake-build-debug/ament_cmake_index/share/ament_index/resource_index) by extension 'python'
[0.440s] Level 1:colcon.colcon_core.package_identification:_identify(cmake-build-debug/ament_cmake_index/share/ament_index/resource_index) by extensions ['python_setup_py']
[0.440s] Level 1:colcon.colcon_core.package_identification:_identify(cmake-build-debug/ament_cmake_index/share/ament_index/resource_index) by extension 'python_setup_py'
[0.440s] Level 1:colcon.colcon_core.package_identification:_identify(cmake-build-debug/ament_cmake_index/share/ament_index/resource_index/package_run_dependencies) by extensions ['ignore', 'ignore_ament_install']
[0.440s] Level 1:colcon.colcon_core.package_identification:_identify(cmake-build-debug/ament_cmake_index/share/ament_index/resource_index/package_run_dependencies) by extension 'ignore'
[0.440s] Level 1:colcon.colcon_core.package_identification:_identify(cmake-build-debug/ament_cmake_index/share/ament_index/resource_index/package_run_dependencies) by extension 'ignore_ament_install'
[0.441s] Level 1:colcon.colcon_core.package_identification:_identify(cmake-build-debug/ament_cmake_index/share/ament_index/resource_index/package_run_dependencies) by extensions ['colcon_pkg']
[0.441s] Level 1:colcon.colcon_core.package_identification:_identify(cmake-build-debug/ament_cmake_index/share/ament_index/resource_index/package_run_dependencies) by extension 'colcon_pkg'
[0.441s] Level 1:colcon.colcon_core.package_identification:_identify(cmake-build-debug/ament_cmake_index/share/ament_index/resource_index/package_run_dependencies) by extensions ['colcon_meta']
[0.441s] Level 1:colcon.colcon_core.package_identification:_identify(cmake-build-debug/ament_cmake_index/share/ament_index/resource_index/package_run_dependencies) by extension 'colcon_meta'
[0.441s] Level 1:colcon.colcon_core.package_identification:_identify(cmake-build-debug/ament_cmake_index/share/ament_index/resource_index/package_run_dependencies) by extensions ['ros']
[0.441s] Level 1:colcon.colcon_core.package_identification:_identify(cmake-build-debug/ament_cmake_index/share/ament_index/resource_index/package_run_dependencies) by extension 'ros'
[0.441s] Level 1:colcon.colcon_core.package_identification:_identify(cmake-build-debug/ament_cmake_index/share/ament_index/resource_index/package_run_dependencies) by extensions ['cmake', 'python']
[0.441s] Level 1:colcon.colcon_core.package_identification:_identify(cmake-build-debug/ament_cmake_index/share/ament_index/resource_index/package_run_dependencies) by extension 'cmake'
[0.441s] Level 1:colcon.colcon_core.package_identification:_identify(cmake-build-debug/ament_cmake_index/share/ament_index/resource_index/package_run_dependencies) by extension 'python'
[0.441s] Level 1:colcon.colcon_core.package_identification:_identify(cmake-build-debug/ament_cmake_index/share/ament_index/resource_index/package_run_dependencies) by extensions ['python_setup_py']
[0.441s] Level 1:colcon.colcon_core.package_identification:_identify(cmake-build-debug/ament_cmake_index/share/ament_index/resource_index/package_run_dependencies) by extension 'python_setup_py'
[0.441s] Level 1:colcon.colcon_core.package_identification:_identify(cmake-build-debug/ament_cmake_index/share/ament_index/resource_index/packages) by extensions ['ignore', 'ignore_ament_install']
[0.442s] Level 1:colcon.colcon_core.package_identification:_identify(cmake-build-debug/ament_cmake_index/share/ament_index/resource_index/packages) by extension 'ignore'
[0.442s] Level 1:colcon.colcon_core.package_identification:_identify(cmake-build-debug/ament_cmake_index/share/ament_index/resource_index/packages) by extension 'ignore_ament_install'
[0.442s] Level 1:colcon.colcon_core.package_identification:_identify(cmake-build-debug/ament_cmake_index/share/ament_index/resource_index/packages) by extensions ['colcon_pkg']
[0.442s] Level 1:colcon.colcon_core.package_identification:_identify(cmake-build-debug/ament_cmake_index/share/ament_index/resource_index/packages) by extension 'colcon_pkg'
[0.442s] Level 1:colcon.colcon_core.package_identification:_identify(cmake-build-debug/ament_cmake_index/share/ament_index/resource_index/packages) by extensions ['colcon_meta']
[0.442s] Level 1:colcon.colcon_core.package_identification:_identify(cmake-build-debug/ament_cmake_index/share/ament_index/resource_index/packages) by extension 'colcon_meta'
[0.442s] Level 1:colcon.colcon_core.package_identification:_identify(cmake-build-debug/ament_cmake_index/share/ament_index/resource_index/packages) by extensions ['ros']
[0.442s] Level 1:colcon.colcon_core.package_identification:_identify(cmake-build-debug/ament_cmake_index/share/ament_index/resource_index/packages) by extension 'ros'
[0.442s] Level 1:colcon.colcon_core.package_identification:_identify(cmake-build-debug/ament_cmake_index/share/ament_index/resource_index/packages) by extensions ['cmake', 'python']
[0.442s] Level 1:colcon.colcon_core.package_identification:_identify(cmake-build-debug/ament_cmake_index/share/ament_index/resource_index/packages) by extension 'cmake'
[0.442s] Level 1:colcon.colcon_core.package_identification:_identify(cmake-build-debug/ament_cmake_index/share/ament_index/resource_index/packages) by extension 'python'
[0.442s] Level 1:colcon.colcon_core.package_identification:_identify(cmake-build-debug/ament_cmake_index/share/ament_index/resource_index/packages) by extensions ['python_setup_py']
[0.442s] Level 1:colcon.colcon_core.package_identification:_identify(cmake-build-debug/ament_cmake_index/share/ament_index/resource_index/packages) by extension 'python_setup_py'
[0.443s] Level 1:colcon.colcon_core.package_identification:_identify(cmake-build-debug/ament_cmake_index/share/ament_index/resource_index/parent_prefix_path) by extensions ['ignore', 'ignore_ament_install']
[0.443s] Level 1:colcon.colcon_core.package_identification:_identify(cmake-build-debug/ament_cmake_index/share/ament_index/resource_index/parent_prefix_path) by extension 'ignore'
[0.443s] Level 1:colcon.colcon_core.package_identification:_identify(cmake-build-debug/ament_cmake_index/share/ament_index/resource_index/parent_prefix_path) by extension 'ignore_ament_install'
[0.443s] Level 1:colcon.colcon_core.package_identification:_identify(cmake-build-debug/ament_cmake_index/share/ament_index/resource_index/parent_prefix_path) by extensions ['colcon_pkg']
[0.443s] Level 1:colcon.colcon_core.package_identification:_identify(cmake-build-debug/ament_cmake_index/share/ament_index/resource_index/parent_prefix_path) by extension 'colcon_pkg'
[0.443s] Level 1:colcon.colcon_core.package_identification:_identify(cmake-build-debug/ament_cmake_index/share/ament_index/resource_index/parent_prefix_path) by extensions ['colcon_meta']
[0.443s] Level 1:colcon.colcon_core.package_identification:_identify(cmake-build-debug/ament_cmake_index/share/ament_index/resource_index/parent_prefix_path) by extension 'colcon_meta'
[0.443s] Level 1:colcon.colcon_core.package_identification:_identify(cmake-build-debug/ament_cmake_index/share/ament_index/resource_index/parent_prefix_path) by extensions ['ros']
[0.443s] Level 1:colcon.colcon_core.package_identification:_identify(cmake-build-debug/ament_cmake_index/share/ament_index/resource_index/parent_prefix_path) by extension 'ros'
[0.443s] Level 1:colcon.colcon_core.package_identification:_identify(cmake-build-debug/ament_cmake_index/share/ament_index/resource_index/parent_prefix_path) by extensions ['cmake', 'python']
[0.443s] Level 1:colcon.colcon_core.package_identification:_identify(cmake-build-debug/ament_cmake_index/share/ament_index/resource_index/parent_prefix_path) by extension 'cmake'
[0.444s] Level 1:colcon.colcon_core.package_identification:_identify(cmake-build-debug/ament_cmake_index/share/ament_index/resource_index/parent_prefix_path) by extension 'python'
[0.444s] Level 1:colcon.colcon_core.package_identification:_identify(cmake-build-debug/ament_cmake_index/share/ament_index/resource_index/parent_prefix_path) by extensions ['python_setup_py']
[0.444s] Level 1:colcon.colcon_core.package_identification:_identify(cmake-build-debug/ament_cmake_index/share/ament_index/resource_index/parent_prefix_path) by extension 'python_setup_py'
[0.444s] Level 1:colcon.colcon_core.package_identification:_identify(cmake-build-debug/ament_cmake_index/share/ament_index/resource_index/rosidl_interfaces) by extensions ['ignore', 'ignore_ament_install']
[0.444s] Level 1:colcon.colcon_core.package_identification:_identify(cmake-build-debug/ament_cmake_index/share/ament_index/resource_index/rosidl_interfaces) by extension 'ignore'
[0.444s] Level 1:colcon.colcon_core.package_identification:_identify(cmake-build-debug/ament_cmake_index/share/ament_index/resource_index/rosidl_interfaces) by extension 'ignore_ament_install'
[0.444s] Level 1:colcon.colcon_core.package_identification:_identify(cmake-build-debug/ament_cmake_index/share/ament_index/resource_index/rosidl_interfaces) by extensions ['colcon_pkg']
[0.444s] Level 1:colcon.colcon_core.package_identification:_identify(cmake-build-debug/ament_cmake_index/share/ament_index/resource_index/rosidl_interfaces) by extension 'colcon_pkg'
[0.444s] Level 1:colcon.colcon_core.package_identification:_identify(cmake-build-debug/ament_cmake_index/share/ament_index/resource_index/rosidl_interfaces) by extensions ['colcon_meta']
[0.444s] Level 1:colcon.colcon_core.package_identification:_identify(cmake-build-debug/ament_cmake_index/share/ament_index/resource_index/rosidl_interfaces) by extension 'colcon_meta'
[0.444s] Level 1:colcon.colcon_core.package_identification:_identify(cmake-build-debug/ament_cmake_index/share/ament_index/resource_index/rosidl_interfaces) by extensions ['ros']
[0.444s] Level 1:colcon.colcon_core.package_identification:_identify(cmake-build-debug/ament_cmake_index/share/ament_index/resource_index/rosidl_interfaces) by extension 'ros'
[0.445s] Level 1:colcon.colcon_core.package_identification:_identify(cmake-build-debug/ament_cmake_index/share/ament_index/resource_index/rosidl_interfaces) by extensions ['cmake', 'python']
[0.445s] Level 1:colcon.colcon_core.package_identification:_identify(cmake-build-debug/ament_cmake_index/share/ament_index/resource_index/rosidl_interfaces) by extension 'cmake'
[0.445s] Level 1:colcon.colcon_core.package_identification:_identify(cmake-build-debug/ament_cmake_index/share/ament_index/resource_index/rosidl_interfaces) by extension 'python'
[0.445s] Level 1:colcon.colcon_core.package_identification:_identify(cmake-build-debug/ament_cmake_index/share/ament_index/resource_index/rosidl_interfaces) by extensions ['python_setup_py']
[0.445s] Level 1:colcon.colcon_core.package_identification:_identify(cmake-build-debug/ament_cmake_index/share/ament_index/resource_index/rosidl_interfaces) by extension 'python_setup_py'
[0.445s] Level 1:colcon.colcon_core.package_identification:_identify(cmake-build-debug/ament_cppcheck) by extensions ['ignore', 'ignore_ament_install']
[0.445s] Level 1:colcon.colcon_core.package_identification:_identify(cmake-build-debug/ament_cppcheck) by extension 'ignore'
[0.445s] Level 1:colcon.colcon_core.package_identification:_identify(cmake-build-debug/ament_cppcheck) by extension 'ignore_ament_install'
[0.445s] Level 1:colcon.colcon_core.package_identification:_identify(cmake-build-debug/ament_cppcheck) by extensions ['colcon_pkg']
[0.445s] Level 1:colcon.colcon_core.package_identification:_identify(cmake-build-debug/ament_cppcheck) by extension 'colcon_pkg'
[0.445s] Level 1:colcon.colcon_core.package_identification:_identify(cmake-build-debug/ament_cppcheck) by extensions ['colcon_meta']
[0.445s] Level 1:colcon.colcon_core.package_identification:_identify(cmake-build-debug/ament_cppcheck) by extension 'colcon_meta'
[0.446s] Level 1:colcon.colcon_core.package_identification:_identify(cmake-build-debug/ament_cppcheck) by extensions ['ros']
[0.446s] Level 1:colcon.colcon_core.package_identification:_identify(cmake-build-debug/ament_cppcheck) by extension 'ros'
[0.446s] Level 1:colcon.colcon_core.package_identification:_identify(cmake-build-debug/ament_cppcheck) by extensions ['cmake', 'python']
[0.446s] Level 1:colcon.colcon_core.package_identification:_identify(cmake-build-debug/ament_cppcheck) by extension 'cmake'
[0.446s] Level 1:colcon.colcon_core.package_identification:_identify(cmake-build-debug/ament_cppcheck) by extension 'python'
[0.446s] Level 1:colcon.colcon_core.package_identification:_identify(cmake-build-debug/ament_cppcheck) by extensions ['python_setup_py']
[0.446s] Level 1:colcon.colcon_core.package_identification:_identify(cmake-build-debug/ament_cppcheck) by extension 'python_setup_py'
[0.446s] Level 1:colcon.colcon_core.package_identification:_identify(cmake-build-debug/ament_lint_cmake) by extensions ['ignore', 'ignore_ament_install']
[0.446s] Level 1:colcon.colcon_core.package_identification:_identify(cmake-build-debug/ament_lint_cmake) by extension 'ignore'
[0.446s] Level 1:colcon.colcon_core.package_identification:_identify(cmake-build-debug/ament_lint_cmake) by extension 'ignore_ament_install'
[0.446s] Level 1:colcon.colcon_core.package_identification:_identify(cmake-build-debug/ament_lint_cmake) by extensions ['colcon_pkg']
[0.447s] Level 1:colcon.colcon_core.package_identification:_identify(cmake-build-debug/ament_lint_cmake) by extension 'colcon_pkg'
[0.447s] Level 1:colcon.colcon_core.package_identification:_identify(cmake-build-debug/ament_lint_cmake) by extensions ['colcon_meta']
[0.447s] Level 1:colcon.colcon_core.package_identification:_identify(cmake-build-debug/ament_lint_cmake) by extension 'colcon_meta'
[0.447s] Level 1:colcon.colcon_core.package_identification:_identify(cmake-build-debug/ament_lint_cmake) by extensions ['ros']
[0.447s] Level 1:colcon.colcon_core.package_identification:_identify(cmake-build-debug/ament_lint_cmake) by extension 'ros'
[0.447s] Level 1:colcon.colcon_core.package_identification:_identify(cmake-build-debug/ament_lint_cmake) by extensions ['cmake', 'python']
[0.447s] Level 1:colcon.colcon_core.package_identification:_identify(cmake-build-debug/ament_lint_cmake) by extension 'cmake'
[0.447s] Level 1:colcon.colcon_core.package_identification:_identify(cmake-build-debug/ament_lint_cmake) by extension 'python'
[0.447s] Level 1:colcon.colcon_core.package_identification:_identify(cmake-build-debug/ament_lint_cmake) by extensions ['python_setup_py']
[0.447s] Level 1:colcon.colcon_core.package_identification:_identify(cmake-build-debug/ament_lint_cmake) by extension 'python_setup_py'
[0.447s] Level 1:colcon.colcon_core.package_identification:_identify(cmake-build-debug/ament_uncrustify) by extensions ['ignore', 'ignore_ament_install']
[0.447s] Level 1:colcon.colcon_core.package_identification:_identify(cmake-build-debug/ament_uncrustify) by extension 'ignore'
[0.447s] Level 1:colcon.colcon_core.package_identification:_identify(cmake-build-debug/ament_uncrustify) by extension 'ignore_ament_install'
[0.448s] Level 1:colcon.colcon_core.package_identification:_identify(cmake-build-debug/ament_uncrustify) by extensions ['colcon_pkg']
[0.448s] Level 1:colcon.colcon_core.package_identification:_identify(cmake-build-debug/ament_uncrustify) by extension 'colcon_pkg'
[0.448s] Level 1:colcon.colcon_core.package_identification:_identify(cmake-build-debug/ament_uncrustify) by extensions ['colcon_meta']
[0.448s] Level 1:colcon.colcon_core.package_identification:_identify(cmake-build-debug/ament_uncrustify) by extension 'colcon_meta'
[0.448s] Level 1:colcon.colcon_core.package_identification:_identify(cmake-build-debug/ament_uncrustify) by extensions ['ros']
[0.448s] Level 1:colcon.colcon_core.package_identification:_identify(cmake-build-debug/ament_uncrustify) by extension 'ros'
[0.448s] Level 1:colcon.colcon_core.package_identification:_identify(cmake-build-debug/ament_uncrustify) by extensions ['cmake', 'python']
[0.448s] Level 1:colcon.colcon_core.package_identification:_identify(cmake-build-debug/ament_uncrustify) by extension 'cmake'
[0.448s] Level 1:colcon.colcon_core.package_identification:_identify(cmake-build-debug/ament_uncrustify) by extension 'python'
[0.448s] Level 1:colcon.colcon_core.package_identification:_identify(cmake-build-debug/ament_uncrustify) by extensions ['python_setup_py']
[0.448s] Level 1:colcon.colcon_core.package_identification:_identify(cmake-build-debug/ament_uncrustify) by extension 'python_setup_py'
[0.448s] Level 1:colcon.colcon_core.package_identification:_identify(cmake-build-debug/ament_xmllint) by extensions ['ignore', 'ignore_ament_install']
[0.448s] Level 1:colcon.colcon_core.package_identification:_identify(cmake-build-debug/ament_xmllint) by extension 'ignore'
[0.449s] Level 1:colcon.colcon_core.package_identification:_identify(cmake-build-debug/ament_xmllint) by extension 'ignore_ament_install'
[0.449s] Level 1:colcon.colcon_core.package_identification:_identify(cmake-build-debug/ament_xmllint) by extensions ['colcon_pkg']
[0.449s] Level 1:colcon.colcon_core.package_identification:_identify(cmake-build-debug/ament_xmllint) by extension 'colcon_pkg'
[0.449s] Level 1:colcon.colcon_core.package_identification:_identify(cmake-build-debug/ament_xmllint) by extensions ['colcon_meta']
[0.449s] Level 1:colcon.colcon_core.package_identification:_identify(cmake-build-debug/ament_xmllint) by extension 'colcon_meta'
[0.449s] Level 1:colcon.colcon_core.package_identification:_identify(cmake-build-debug/ament_xmllint) by extensions ['ros']
[0.449s] Level 1:colcon.colcon_core.package_identification:_identify(cmake-build-debug/ament_xmllint) by extension 'ros'
[0.449s] Level 1:colcon.colcon_core.package_identification:_identify(cmake-build-debug/ament_xmllint) by extensions ['cmake', 'python']
[0.449s] Level 1:colcon.colcon_core.package_identification:_identify(cmake-build-debug/ament_xmllint) by extension 'cmake'
[0.449s] Level 1:colcon.colcon_core.package_identification:_identify(cmake-build-debug/ament_xmllint) by extension 'python'
[0.449s] Level 1:colcon.colcon_core.package_identification:_identify(cmake-build-debug/ament_xmllint) by extensions ['python_setup_py']
[0.449s] Level 1:colcon.colcon_core.package_identification:_identify(cmake-build-debug/ament_xmllint) by extension 'python_setup_py'
[0.450s] Level 1:colcon.colcon_core.package_identification:_identify(cmake-build-debug/log) by extensions ['ignore', 'ignore_ament_install']
[0.450s] Level 1:colcon.colcon_core.package_identification:_identify(cmake-build-debug/log) by extension 'ignore'
[0.450s] Level 1:colcon.colcon_core.package_identification:_identify(cmake-build-debug/log) ignored
[0.450s] Level 1:colcon.colcon_core.package_identification:_identify(install) by extensions ['ignore', 'ignore_ament_install']
[0.450s] Level 1:colcon.colcon_core.package_identification:_identify(install) by extension 'ignore'
[0.450s] Level 1:colcon.colcon_core.package_identification:_identify(install) ignored
[0.450s] Level 1:colcon.colcon_core.package_identification:_identify(log) by extensions ['ignore', 'ignore_ament_install']
[0.450s] Level 1:colcon.colcon_core.package_identification:_identify(log) by extension 'ignore'
[0.450s] Level 1:colcon.colcon_core.package_identification:_identify(log) ignored
[0.451s] Level 1:colcon.colcon_core.package_identification:_identify(src) by extensions ['ignore', 'ignore_ament_install']
[0.451s] Level 1:colcon.colcon_core.package_identification:_identify(src) by extension 'ignore'
[0.451s] Level 1:colcon.colcon_core.package_identification:_identify(src) by extension 'ignore_ament_install'
[0.451s] Level 1:colcon.colcon_core.package_identification:_identify(src) by extensions ['colcon_pkg']
[0.451s] Level 1:colcon.colcon_core.package_identification:_identify(src) by extension 'colcon_pkg'
[0.451s] Level 1:colcon.colcon_core.package_identification:_identify(src) by extensions ['colcon_meta']
[0.451s] Level 1:colcon.colcon_core.package_identification:_identify(src) by extension 'colcon_meta'
[0.451s] Level 1:colcon.colcon_core.package_identification:_identify(src) by extensions ['ros']
[0.451s] Level 1:colcon.colcon_core.package_identification:_identify(src) by extension 'ros'
[0.451s] Level 1:colcon.colcon_core.package_identification:_identify(src) by extensions ['cmake', 'python']
[0.451s] Level 1:colcon.colcon_core.package_identification:_identify(src) by extension 'cmake'
[0.451s] Level 1:colcon.colcon_core.package_identification:_identify(src) by extension 'python'
[0.452s] Level 1:colcon.colcon_core.package_identification:_identify(src) by extensions ['python_setup_py']
[0.452s] Level 1:colcon.colcon_core.package_identification:_identify(src) by extension 'python_setup_py'
[0.452s] Level 1:colcon.colcon_core.package_identification:_identify(src/base_interfaces_demo) by extensions ['ignore', 'ignore_ament_install']
[0.452s] Level 1:colcon.colcon_core.package_identification:_identify(src/base_interfaces_demo) by extension 'ignore'
[0.452s] Level 1:colcon.colcon_core.package_identification:_identify(src/base_interfaces_demo) by extension 'ignore_ament_install'
[0.452s] Level 1:colcon.colcon_core.package_identification:_identify(src/base_interfaces_demo) by extensions ['colcon_pkg']
[0.452s] Level 1:colcon.colcon_core.package_identification:_identify(src/base_interfaces_demo) by extension 'colcon_pkg'
[0.452s] Level 1:colcon.colcon_core.package_identification:_identify(src/base_interfaces_demo) by extensions ['colcon_meta']
[0.452s] Level 1:colcon.colcon_core.package_identification:_identify(src/base_interfaces_demo) by extension 'colcon_meta'
[0.452s] Level 1:colcon.colcon_core.package_identification:_identify(src/base_interfaces_demo) by extensions ['ros']
[0.452s] Level 1:colcon.colcon_core.package_identification:_identify(src/base_interfaces_demo) by extension 'ros'
[0.456s] DEBUG:colcon.colcon_core.package_identification:Package 'src/base_interfaces_demo' with type 'ros.ament_cmake' and name 'base_interfaces_demo'
[0.456s] Level 1:colcon.colcon_core.package_identification:_identify(src/cpp01_topic) by extensions ['ignore', 'ignore_ament_install']
[0.456s] Level 1:colcon.colcon_core.package_identification:_identify(src/cpp01_topic) by extension 'ignore'
[0.457s] Level 1:colcon.colcon_core.package_identification:_identify(src/cpp01_topic) by extension 'ignore_ament_install'
[0.457s] Level 1:colcon.colcon_core.package_identification:_identify(src/cpp01_topic) by extensions ['colcon_pkg']
[0.457s] Level 1:colcon.colcon_core.package_identification:_identify(src/cpp01_topic) by extension 'colcon_pkg'
[0.457s] Level 1:colcon.colcon_core.package_identification:_identify(src/cpp01_topic) by extensions ['colcon_meta']
[0.457s] Level 1:colcon.colcon_core.package_identification:_identify(src/cpp01_topic) by extension 'colcon_meta'
[0.457s] Level 1:colcon.colcon_core.package_identification:_identify(src/cpp01_topic) by extensions ['ros']
[0.457s] Level 1:colcon.colcon_core.package_identification:_identify(src/cpp01_topic) by extension 'ros'
[0.458s] DEBUG:colcon.colcon_core.package_identification:Package 'src/cpp01_topic' with type 'ros.ament_cmake' and name 'cpp01_topic'
[0.458s] Level 1:colcon.colcon_core.package_identification:_identify(src/cpp02_service) by extensions ['ignore', 'ignore_ament_install']
[0.459s] Level 1:colcon.colcon_core.package_identification:_identify(src/cpp02_service) by extension 'ignore'
[0.459s] Level 1:colcon.colcon_core.package_identification:_identify(src/cpp02_service) by extension 'ignore_ament_install'
[0.459s] Level 1:colcon.colcon_core.package_identification:_identify(src/cpp02_service) by extensions ['colcon_pkg']
[0.459s] Level 1:colcon.colcon_core.package_identification:_identify(src/cpp02_service) by extension 'colcon_pkg'
[0.459s] Level 1:colcon.colcon_core.package_identification:_identify(src/cpp02_service) by extensions ['colcon_meta']
[0.459s] Level 1:colcon.colcon_core.package_identification:_identify(src/cpp02_service) by extension 'colcon_meta'
[0.459s] Level 1:colcon.colcon_core.package_identification:_identify(src/cpp02_service) by extensions ['ros']
[0.459s] Level 1:colcon.colcon_core.package_identification:_identify(src/cpp02_service) by extension 'ros'
[0.460s] DEBUG:colcon.colcon_core.package_identification:Package 'src/cpp02_service' with type 'ros.ament_cmake' and name 'cpp02_service'
[0.460s] Level 1:colcon.colcon_core.package_identification:_identify(src/cpp03_action) by extensions ['ignore', 'ignore_ament_install']
[0.460s] Level 1:colcon.colcon_core.package_identification:_identify(src/cpp03_action) by extension 'ignore'
[0.461s] Level 1:colcon.colcon_core.package_identification:_identify(src/cpp03_action) by extension 'ignore_ament_install'
[0.461s] Level 1:colcon.colcon_core.package_identification:_identify(src/cpp03_action) by extensions ['colcon_pkg']
[0.461s] Level 1:colcon.colcon_core.package_identification:_identify(src/cpp03_action) by extension 'colcon_pkg'
[0.461s] Level 1:colcon.colcon_core.package_identification:_identify(src/cpp03_action) by extensions ['colcon_meta']
[0.461s] Level 1:colcon.colcon_core.package_identification:_identify(src/cpp03_action) by extension 'colcon_meta'
[0.461s] Level 1:colcon.colcon_core.package_identification:_identify(src/cpp03_action) by extensions ['ros']
[0.461s] Level 1:colcon.colcon_core.package_identification:_identify(src/cpp03_action) by extension 'ros'
[0.462s] DEBUG:colcon.colcon_core.package_identification:Package 'src/cpp03_action' with type 'ros.ament_cmake' and name 'cpp03_action'
[0.462s] Level 1:colcon.colcon_core.package_identification:_identify(src/cpp04_param) by extensions ['ignore', 'ignore_ament_install']
[0.462s] Level 1:colcon.colcon_core.package_identification:_identify(src/cpp04_param) by extension 'ignore'
[0.462s] Level 1:colcon.colcon_core.package_identification:_identify(src/cpp04_param) by extension 'ignore_ament_install'
[0.463s] Level 1:colcon.colcon_core.package_identification:_identify(src/cpp04_param) by extensions ['colcon_pkg']
[0.463s] Level 1:colcon.colcon_core.package_identification:_identify(src/cpp04_param) by extension 'colcon_pkg'
[0.463s] Level 1:colcon.colcon_core.package_identification:_identify(src/cpp04_param) by extensions ['colcon_meta']
[0.463s] Level 1:colcon.colcon_core.package_identification:_identify(src/cpp04_param) by extension 'colcon_meta'
[0.463s] Level 1:colcon.colcon_core.package_identification:_identify(src/cpp04_param) by extensions ['ros']
[0.463s] Level 1:colcon.colcon_core.package_identification:_identify(src/cpp04_param) by extension 'ros'
[0.464s] DEBUG:colcon.colcon_core.package_identification:Package 'src/cpp04_param' with type 'ros.ament_cmake' and name 'cpp04_param'
[0.464s] Level 1:colcon.colcon_core.package_identification:_identify(src/py02_service) by extensions ['ignore', 'ignore_ament_install']
[0.464s] Level 1:colcon.colcon_core.package_identification:_identify(src/py02_service) by extension 'ignore'
[0.464s] Level 1:colcon.colcon_core.package_identification:_identify(src/py02_service) by extension 'ignore_ament_install'
[0.464s] Level 1:colcon.colcon_core.package_identification:_identify(src/py02_service) by extensions ['colcon_pkg']
[0.464s] Level 1:colcon.colcon_core.package_identification:_identify(src/py02_service) by extension 'colcon_pkg'
[0.464s] Level 1:colcon.colcon_core.package_identification:_identify(src/py02_service) by extensions ['colcon_meta']
[0.464s] Level 1:colcon.colcon_core.package_identification:_identify(src/py02_service) by extension 'colcon_meta'
[0.465s] Level 1:colcon.colcon_core.package_identification:_identify(src/py02_service) by extensions ['ros']
[0.465s] Level 1:colcon.colcon_core.package_identification:_identify(src/py02_service) by extension 'ros'
[0.466s] DEBUG:colcon.colcon_core.package_identification:Package 'src/py02_service' with type 'ros.ament_python' and name 'py02_service'
[0.466s] Level 1:colcon.colcon_core.package_identification:_identify(src/py03_action) by extensions ['ignore', 'ignore_ament_install']
[0.466s] Level 1:colcon.colcon_core.package_identification:_identify(src/py03_action) by extension 'ignore'
[0.466s] Level 1:colcon.colcon_core.package_identification:_identify(src/py03_action) by extension 'ignore_ament_install'
[0.466s] Level 1:colcon.colcon_core.package_identification:_identify(src/py03_action) by extensions ['colcon_pkg']
[0.466s] Level 1:colcon.colcon_core.package_identification:_identify(src/py03_action) by extension 'colcon_pkg'
[0.466s] Level 1:colcon.colcon_core.package_identification:_identify(src/py03_action) by extensions ['colcon_meta']
[0.466s] Level 1:colcon.colcon_core.package_identification:_identify(src/py03_action) by extension 'colcon_meta'
[0.466s] Level 1:colcon.colcon_core.package_identification:_identify(src/py03_action) by extensions ['ros']
[0.466s] Level 1:colcon.colcon_core.package_identification:_identify(src/py03_action) by extension 'ros'
[0.467s] DEBUG:colcon.colcon_core.package_identification:Package 'src/py03_action' with type 'ros.ament_python' and name 'py03_action'
[0.468s] Level 1:colcon.colcon_core.package_identification:_identify(src/py04_param) by extensions ['ignore', 'ignore_ament_install']
[0.468s] Level 1:colcon.colcon_core.package_identification:_identify(src/py04_param) by extension 'ignore'
[0.468s] Level 1:colcon.colcon_core.package_identification:_identify(src/py04_param) by extension 'ignore_ament_install'
[0.468s] Level 1:colcon.colcon_core.package_identification:_identify(src/py04_param) by extensions ['colcon_pkg']
[0.468s] Level 1:colcon.colcon_core.package_identification:_identify(src/py04_param) by extension 'colcon_pkg'
[0.468s] Level 1:colcon.colcon_core.package_identification:_identify(src/py04_param) by extensions ['colcon_meta']
[0.468s] Level 1:colcon.colcon_core.package_identification:_identify(src/py04_param) by extension 'colcon_meta'
[0.468s] Level 1:colcon.colcon_core.package_identification:_identify(src/py04_param) by extensions ['ros']
[0.468s] Level 1:colcon.colcon_core.package_identification:_identify(src/py04_param) by extension 'ros'
[0.469s] DEBUG:colcon.colcon_core.package_identification:Package 'src/py04_param' with type 'ros.ament_python' and name 'py04_param'
[0.469s] Level 1:colcon.colcon_core.package_discovery:discover_packages(recursive) using defaults
[0.469s] Level 1:colcon.colcon_core.package_discovery:discover_packages(ignore) discover
[0.470s] Level 1:colcon.colcon_core.package_discovery:discover_packages(ignore) using defaults
[0.470s] Level 1:colcon.colcon_core.package_discovery:discover_packages(path) discover
[0.470s] Level 1:colcon.colcon_core.package_discovery:discover_packages(path) using defaults
[0.503s] INFO:colcon.colcon_core.package_selection:Skipping not selected package 'base_interfaces_demo' in 'src/base_interfaces_demo'
[0.503s] INFO:colcon.colcon_core.package_selection:Skipping not selected package 'py04_param' in 'src/py04_param'
[0.503s] INFO:colcon.colcon_core.package_selection:Skipping not selected package 'cpp01_topic' in 'src/cpp01_topic'
[0.503s] INFO:colcon.colcon_core.package_selection:Skipping not selected package 'cpp02_service' in 'src/cpp02_service'
[0.503s] INFO:colcon.colcon_core.package_selection:Skipping not selected package 'cpp03_action' in 'src/cpp03_action'
[0.503s] INFO:colcon.colcon_core.package_selection:Skipping not selected package 'py02_service' in 'src/py02_service'
[0.503s] INFO:colcon.colcon_core.package_selection:Skipping not selected package 'py03_action' in 'src/py03_action'
[0.504s] Level 1:colcon.colcon_core.package_discovery:discover_packages(prefix_path) check parameters
[0.504s] Level 1:colcon.colcon_core.package_discovery:discover_packages(prefix_path) discover
[0.506s] DEBUG:colcon.colcon_installed_package_information.package_discovery:Found 3 installed packages in /home/cl/CLionProjects/ws01_plumbing/install
[0.508s] DEBUG:colcon.colcon_installed_package_information.package_discovery:Found 273 installed packages in /opt/ros/humble
[0.522s] Level 1:colcon.colcon_core.package_discovery:discover_packages(prefix_path) using defaults
[0.582s] Level 5:colcon.colcon_core.verb:set package 'cpp04_param' build argument 'cmake_args' from command line to 'None'
[0.583s] Level 5:colcon.colcon_core.verb:set package 'cpp04_param' build argument 'cmake_target' from command line to 'None'
[0.583s] Level 5:colcon.colcon_core.verb:set package 'cpp04_param' build argument 'cmake_target_skip_unavailable' from command line to 'False'
[0.583s] Level 5:colcon.colcon_core.verb:set package 'cpp04_param' build argument 'cmake_clean_cache' from command line to 'False'
[0.583s] Level 5:colcon.colcon_core.verb:set package 'cpp04_param' build argument 'cmake_clean_first' from command line to 'False'
[0.583s] Level 5:colcon.colcon_core.verb:set package 'cpp04_param' build argument 'cmake_force_configure' from command line to 'False'
[0.583s] Level 5:colcon.colcon_core.verb:set package 'cpp04_param' build argument 'ament_cmake_args' from command line to 'None'
[0.583s] Level 5:colcon.colcon_core.verb:set package 'cpp04_param' build argument 'catkin_cmake_args' from command line to 'None'
[0.583s] Level 5:colcon.colcon_core.verb:set package 'cpp04_param' build argument 'catkin_skip_building_tests' from command line to 'False'
[0.583s] DEBUG:colcon.colcon_core.verb:Building package 'cpp04_param' with the following arguments: {'ament_cmake_args': None, 'build_base': '/home/cl/CLionProjects/ws01_plumbing/build/cpp04_param', 'catkin_cmake_args': None, 'catkin_skip_building_tests': False, 'cmake_args': None, 'cmake_clean_cache': False, 'cmake_clean_first': False, 'cmake_force_configure': False, 'cmake_target': None, 'cmake_target_skip_unavailable': False, 'install_base': '/home/cl/CLionProjects/ws01_plumbing/install/cpp04_param', 'merge_install': False, 'path': '/home/cl/CLionProjects/ws01_plumbing/src/cpp04_param', 'symlink_install': False, 'test_result_base': None}
[0.583s] INFO:colcon.colcon_core.executor:Executing jobs using 'parallel' executor
[0.585s] DEBUG:colcon.colcon_parallel_executor.executor.parallel:run_until_complete
[0.585s] INFO:colcon.colcon_ros.task.ament_cmake.build:Building ROS package in '/home/cl/CLionProjects/ws01_plumbing/src/cpp04_param' with build type 'ament_cmake'
[0.585s] INFO:colcon.colcon_cmake.task.cmake.build:Building CMake package in '/home/cl/CLionProjects/ws01_plumbing/src/cpp04_param'
[0.589s] INFO:colcon.colcon_core.plugin_system:Skipping extension 'colcon_core.shell.bat': Not used on non-Windows systems
[0.589s] INFO:colcon.colcon_core.shell:Skip shell extension 'powershell' for command environment: Not usable outside of PowerShell
[0.589s] DEBUG:colcon.colcon_core.shell:Skip shell extension 'dsv' for command environment
[0.602s] DEBUG:colcon.colcon_core.event_handler.log_command:Invoking command in '/home/cl/CLionProjects/ws01_plumbing/build/cpp04_param': CMAKE_PREFIX_PATH=${CMAKE_PREFIX_PATH}:/opt/ros/humble /usr/bin/cmake --build /home/cl/CLionProjects/ws01_plumbing/build/cpp04_param -- -j8 -l8
[10.861s] DEBUG:colcon.colcon_core.event_handler.log_command:Invoked command in '/home/cl/CLionProjects/ws01_plumbing/build/cpp04_param' returned '0': CMAKE_PREFIX_PATH=${CMAKE_PREFIX_PATH}:/opt/ros/humble /usr/bin/cmake --build /home/cl/CLionProjects/ws01_plumbing/build/cpp04_param -- -j8 -l8
[10.876s] DEBUG:colcon.colcon_core.event_handler.log_command:Invoking command in '/home/cl/CLionProjects/ws01_plumbing/build/cpp04_param': CMAKE_PREFIX_PATH=${CMAKE_PREFIX_PATH}:/opt/ros/humble /usr/bin/cmake --install /home/cl/CLionProjects/ws01_plumbing/build/cpp04_param
[10.896s] Level 1:colcon.colcon_core.environment:create_environment_scripts_only(cpp04_param)
[10.897s] DEBUG:colcon.colcon_core.event_handler.log_command:Invoked command in '/home/cl/CLionProjects/ws01_plumbing/build/cpp04_param' returned '0': CMAKE_PREFIX_PATH=${CMAKE_PREFIX_PATH}:/opt/ros/humble /usr/bin/cmake --install /home/cl/CLionProjects/ws01_plumbing/build/cpp04_param
[10.901s] Level 1:colcon.colcon_core.environment:checking '/home/cl/CLionProjects/ws01_plumbing/install/cpp04_param' for CMake module files
[10.901s] Level 1:colcon.colcon_core.environment:checking '/home/cl/CLionProjects/ws01_plumbing/install/cpp04_param' for CMake config files
[10.902s] Level 1:colcon.colcon_core.shell:create_environment_hook('cpp04_param', 'cmake_prefix_path')
[10.902s] INFO:colcon.colcon_core.shell:Creating environment hook '/home/cl/CLionProjects/ws01_plumbing/install/cpp04_param/share/cpp04_param/hook/cmake_prefix_path.ps1'
[10.903s] INFO:colcon.colcon_core.shell:Creating environment descriptor '/home/cl/CLionProjects/ws01_plumbing/install/cpp04_param/share/cpp04_param/hook/cmake_prefix_path.dsv'
[10.904s] INFO:colcon.colcon_core.shell:Creating environment hook '/home/cl/CLionProjects/ws01_plumbing/install/cpp04_param/share/cpp04_param/hook/cmake_prefix_path.sh'
[10.906s] Level 1:colcon.colcon_core.environment:checking '/home/cl/CLionProjects/ws01_plumbing/install/cpp04_param/lib'
[10.906s] Level 1:colcon.colcon_core.environment:checking '/home/cl/CLionProjects/ws01_plumbing/install/cpp04_param/bin'
[10.906s] Level 1:colcon.colcon_core.environment:checking '/home/cl/CLionProjects/ws01_plumbing/install/cpp04_param/lib/pkgconfig/cpp04_param.pc'
[10.907s] Level 1:colcon.colcon_core.environment:checking '/home/cl/CLionProjects/ws01_plumbing/install/cpp04_param/lib/python3.10/site-packages'
[10.907s] Level 1:colcon.colcon_core.environment:checking '/home/cl/CLionProjects/ws01_plumbing/install/cpp04_param/bin'
[10.908s] INFO:colcon.colcon_core.shell:Creating package script '/home/cl/CLionProjects/ws01_plumbing/install/cpp04_param/share/cpp04_param/package.ps1'
[10.909s] INFO:colcon.colcon_core.shell:Creating package descriptor '/home/cl/CLionProjects/ws01_plumbing/install/cpp04_param/share/cpp04_param/package.dsv'
[10.910s] INFO:colcon.colcon_core.shell:Creating package script '/home/cl/CLionProjects/ws01_plumbing/install/cpp04_param/share/cpp04_param/package.sh'
[10.911s] INFO:colcon.colcon_core.shell:Creating package script '/home/cl/CLionProjects/ws01_plumbing/install/cpp04_param/share/cpp04_param/package.bash'
[10.912s] INFO:colcon.colcon_core.shell:Creating package script '/home/cl/CLionProjects/ws01_plumbing/install/cpp04_param/share/cpp04_param/package.zsh'
[10.913s] Level 1:colcon.colcon_core.environment:create_file_with_runtime_dependencies(/home/cl/CLionProjects/ws01_plumbing/install/cpp04_param/share/colcon-core/packages/cpp04_param)
[10.914s] Level 1:colcon.colcon_core.environment:create_environment_scripts_only(cpp04_param)
[10.915s] Level 1:colcon.colcon_core.environment:checking '/home/cl/CLionProjects/ws01_plumbing/install/cpp04_param' for CMake module files
[10.916s] Level 1:colcon.colcon_core.environment:checking '/home/cl/CLionProjects/ws01_plumbing/install/cpp04_param' for CMake config files
[10.916s] Level 1:colcon.colcon_core.shell:create_environment_hook('cpp04_param', 'cmake_prefix_path')
[10.916s] INFO:colcon.colcon_core.shell:Creating environment hook '/home/cl/CLionProjects/ws01_plumbing/install/cpp04_param/share/cpp04_param/hook/cmake_prefix_path.ps1'
[10.917s] INFO:colcon.colcon_core.shell:Creating environment descriptor '/home/cl/CLionProjects/ws01_plumbing/install/cpp04_param/share/cpp04_param/hook/cmake_prefix_path.dsv'
[10.918s] INFO:colcon.colcon_core.shell:Creating environment hook '/home/cl/CLionProjects/ws01_plumbing/install/cpp04_param/share/cpp04_param/hook/cmake_prefix_path.sh'
[10.919s] Level 1:colcon.colcon_core.environment:checking '/home/cl/CLionProjects/ws01_plumbing/install/cpp04_param/lib'
[10.920s] Level 1:colcon.colcon_core.environment:checking '/home/cl/CLionProjects/ws01_plumbing/install/cpp04_param/bin'
[10.920s] Level 1:colcon.colcon_core.environment:checking '/home/cl/CLionProjects/ws01_plumbing/install/cpp04_param/lib/pkgconfig/cpp04_param.pc'
[10.921s] Level 1:colcon.colcon_core.environment:checking '/home/cl/CLionProjects/ws01_plumbing/install/cpp04_param/lib/python3.10/site-packages'
[10.921s] Level 1:colcon.colcon_core.environment:checking '/home/cl/CLionProjects/ws01_plumbing/install/cpp04_param/bin'
[10.922s] INFO:colcon.colcon_core.shell:Creating package script '/home/cl/CLionProjects/ws01_plumbing/install/cpp04_param/share/cpp04_param/package.ps1'
[10.923s] INFO:colcon.colcon_core.shell:Creating package descriptor '/home/cl/CLionProjects/ws01_plumbing/install/cpp04_param/share/cpp04_param/package.dsv'
[10.924s] INFO:colcon.colcon_core.shell:Creating package script '/home/cl/CLionProjects/ws01_plumbing/install/cpp04_param/share/cpp04_param/package.sh'
[10.925s] INFO:colcon.colcon_core.shell:Creating package script '/home/cl/CLionProjects/ws01_plumbing/install/cpp04_param/share/cpp04_param/package.bash'
[10.925s] INFO:colcon.colcon_core.shell:Creating package script '/home/cl/CLionProjects/ws01_plumbing/install/cpp04_param/share/cpp04_param/package.zsh'
[10.926s] Level 1:colcon.colcon_core.environment:create_file_with_runtime_dependencies(/home/cl/CLionProjects/ws01_plumbing/install/cpp04_param/share/colcon-core/packages/cpp04_param)
[10.927s] DEBUG:colcon.colcon_parallel_executor.executor.parallel:closing loop
[10.927s] DEBUG:colcon.colcon_parallel_executor.executor.parallel:loop closed
[10.928s] DEBUG:colcon.colcon_parallel_executor.executor.parallel:run_until_complete finished with '0'
[10.928s] DEBUG:colcon.colcon_core.event_reactor:joining thread
[10.937s] INFO:colcon.colcon_core.plugin_system:Skipping extension 'colcon_notification.desktop_notification.terminal_notifier': Not used on non-Darwin systems
[10.937s] INFO:colcon.colcon_core.plugin_system:Skipping extension 'colcon_notification.desktop_notification.win32': Not used on non-Windows systems
[10.937s] INFO:colcon.colcon_notification.desktop_notification:Sending desktop notification using 'notify2'
[10.953s] DEBUG:colcon.colcon_core.event_reactor:joined thread
[10.953s] INFO:colcon.colcon_core.shell:Creating prefix script '/home/cl/CLionProjects/ws01_plumbing/install/local_setup.ps1'
[10.956s] INFO:colcon.colcon_core.shell:Creating prefix util module '/home/cl/CLionProjects/ws01_plumbing/install/_local_setup_util_ps1.py'
[10.959s] INFO:colcon.colcon_core.shell:Creating prefix chain script '/home/cl/CLionProjects/ws01_plumbing/install/setup.ps1'
[10.962s] INFO:colcon.colcon_core.shell:Creating prefix script '/home/cl/CLionProjects/ws01_plumbing/install/local_setup.sh'
[10.963s] INFO:colcon.colcon_core.shell:Creating prefix util module '/home/cl/CLionProjects/ws01_plumbing/install/_local_setup_util_sh.py'
[10.964s] INFO:colcon.colcon_core.shell:Creating prefix chain script '/home/cl/CLionProjects/ws01_plumbing/install/setup.sh'
[10.967s] INFO:colcon.colcon_core.shell:Creating prefix script '/home/cl/CLionProjects/ws01_plumbing/install/local_setup.bash'
[10.968s] INFO:colcon.colcon_core.shell:Creating prefix chain script '/home/cl/CLionProjects/ws01_plumbing/install/setup.bash'
[10.971s] INFO:colcon.colcon_core.shell:Creating prefix script '/home/cl/CLionProjects/ws01_plumbing/install/local_setup.zsh'
[10.972s] INFO:colcon.colcon_core.shell:Creating prefix chain script '/home/cl/CLionProjects/ws01_plumbing/install/setup.zsh'
