[0.032s] Invoking command in '/home/cl/CLionProjects/ws01_plumbing/build/cpp04_param': CMAKE_PREFIX_PATH=${CMAKE_PREFIX_PATH}:/opt/ros/humble /usr/bin/cmake --build /home/cl/CLionProjects/ws01_plumbing/build/cpp04_param -- -j8 -l8
[0.176s] [35m[1mConsolidate compiler generated dependencies of target demo02_param_client[0m
[0.226s] [ 33%] Built target demo00_param
[0.238s] [ 66%] Built target demo01_param_server
[0.252s] [ 83%] [32mBuilding CXX object CMakeFiles/demo02_param_client.dir/src/demo02_param_client.cpp.o[0m
[25.196s] [100%] [32m[1mLinking CXX executable demo02_param_client[0m
[25.927s] [100%] Built target demo02_param_client
[25.983s] Invoked command in '/home/cl/CLionProjects/ws01_plumbing/build/cpp04_param' returned '0': CMAKE_PREFIX_PATH=${CMAKE_PREFIX_PATH}:/opt/ros/humble /usr/bin/cmake --build /home/cl/CLionProjects/ws01_plumbing/build/cpp04_param -- -j8 -l8
[26.037s] Invoking command in '/home/cl/CLionProjects/ws01_plumbing/build/cpp04_param': CMAKE_PREFIX_PATH=${CMAKE_PREFIX_PATH}:/opt/ros/humble /usr/bin/cmake --install /home/cl/CLionProjects/ws01_plumbing/build/cpp04_param
[26.077s] -- Install configuration: ""
[26.077s] -- Up-to-date: /home/cl/CLionProjects/ws01_plumbing/install/cpp04_param/lib/cpp04_param/demo00_param
[26.079s] -- Up-to-date: /home/cl/CLionProjects/ws01_plumbing/install/cpp04_param/lib/cpp04_param/demo01_param_server
[26.080s] -- Installing: /home/cl/CLionProjects/ws01_plumbing/install/cpp04_param/lib/cpp04_param/demo02_param_client
[26.083s] -- Set runtime path of "/home/cl/CLionProjects/ws01_plumbing/install/cpp04_param/lib/cpp04_param/demo02_param_client" to ""
[26.084s] -- Up-to-date: /home/cl/CLionProjects/ws01_plumbing/install/cpp04_param/share/ament_index/resource_index/package_run_dependencies/cpp04_param
[26.086s] -- Up-to-date: /home/cl/CLionProjects/ws01_plumbing/install/cpp04_param/share/ament_index/resource_index/parent_prefix_path/cpp04_param
[26.087s] -- Up-to-date: /home/cl/CLionProjects/ws01_plumbing/install/cpp04_param/share/cpp04_param/environment/ament_prefix_path.sh
[26.088s] -- Up-to-date: /home/cl/CLionProjects/ws01_plumbing/install/cpp04_param/share/cpp04_param/environment/ament_prefix_path.dsv
[26.088s] -- Up-to-date: /home/cl/CLionProjects/ws01_plumbing/install/cpp04_param/share/cpp04_param/environment/path.sh
[26.088s] -- Up-to-date: /home/cl/CLionProjects/ws01_plumbing/install/cpp04_param/share/cpp04_param/environment/path.dsv
[26.089s] -- Up-to-date: /home/cl/CLionProjects/ws01_plumbing/install/cpp04_param/share/cpp04_param/local_setup.bash
[26.089s] -- Up-to-date: /home/cl/CLionProjects/ws01_plumbing/install/cpp04_param/share/cpp04_param/local_setup.sh
[26.090s] -- Up-to-date: /home/cl/CLionProjects/ws01_plumbing/install/cpp04_param/share/cpp04_param/local_setup.zsh
[26.091s] -- Up-to-date: /home/cl/CLionProjects/ws01_plumbing/install/cpp04_param/share/cpp04_param/local_setup.dsv
[26.091s] -- Installing: /home/cl/CLionProjects/ws01_plumbing/install/cpp04_param/share/cpp04_param/package.dsv
[26.092s] -- Up-to-date: /home/cl/CLionProjects/ws01_plumbing/install/cpp04_param/share/ament_index/resource_index/packages/cpp04_param
[26.092s] -- Up-to-date: /home/cl/CLionProjects/ws01_plumbing/install/cpp04_param/share/cpp04_param/cmake/cpp04_paramConfig.cmake
[26.093s] -- Up-to-date: /home/cl/CLionProjects/ws01_plumbing/install/cpp04_param/share/cpp04_param/cmake/cpp04_paramConfig-version.cmake
[26.093s] -- Up-to-date: /home/cl/CLionProjects/ws01_plumbing/install/cpp04_param/share/cpp04_param/package.xml
[26.099s] Invoked command in '/home/cl/CLionProjects/ws01_plumbing/build/cpp04_param' returned '0': CMAKE_PREFIX_PATH=${CMAKE_PREFIX_PATH}:/opt/ros/humble /usr/bin/cmake --install /home/cl/CLionProjects/ws01_plumbing/build/cpp04_param
