[0.078s] DEBUG:colcon:Command line arguments: ['/usr/bin/colcon', 'list']
[0.079s] DEBUG:colcon:Parsed command line arguments: Namespace(log_base=None, log_level=None, verb_name='list', build_base='build', ignore_user_meta=False, metas=['./colcon.meta'], base_paths=['.'], packages_ignore=None, packages_ignore_regex=None, paths=None, packages_up_to=None, packages_up_to_regex=None, packages_above=None, packages_above_and_dependencies=None, packages_above_depth=None, packages_select_by_dep=None, packages_skip_by_dep=None, packages_skip_up_to=None, packages_select_build_failed=False, packages_skip_build_finished=False, packages_select_test_failures=False, packages_skip_test_passed=False, packages_select=None, packages_skip=None, packages_select_regex=None, packages_skip_regex=None, packages_start=None, packages_end=None, allow_overriding=[], topological_order=False, names_only=False, paths_only=False, topological_graph=False, topological_graph_dot=False, topological_graph_density=False, topological_graph_legend=False, topological_graph_dot_cluster=False, topological_graph_dot_include_skipped=False, verb_parser=<colcon_defaults.argument_parser.defaults.DefaultArgumentsDecorator object at 0x727d0ffef5b0>, verb_extension=<colcon_package_information.verb.list.ListVerb object at 0x727d1019c430>, main=<bound method ListVerb.main of <colcon_package_information.verb.list.ListVerb object at 0x727d1019c430>>)
[0.215s] Level 1:colcon.colcon_core.package_discovery:discover_packages(colcon_meta) check parameters
[0.215s] Level 1:colcon.colcon_core.package_discovery:discover_packages(recursive) check parameters
[0.215s] Level 1:colcon.colcon_core.package_discovery:discover_packages(ignore) check parameters
[0.215s] Level 1:colcon.colcon_core.package_discovery:discover_packages(path) check parameters
[0.215s] Level 1:colcon.colcon_core.package_discovery:discover_packages(colcon_meta) discover
[0.215s] Level 1:colcon.colcon_core.package_discovery:discover_packages(recursive) discover
[0.215s] INFO:colcon.colcon_core.package_discovery:Crawling recursively for packages in '/home/cl/CLionProjects/ws01_plumbing'
[0.215s] Level 1:colcon.colcon_core.package_identification:_identify(.) by extensions ['ignore', 'ignore_ament_install']
[0.215s] Level 1:colcon.colcon_core.package_identification:_identify(.) by extension 'ignore'
[0.215s] Level 1:colcon.colcon_core.package_identification:_identify(.) by extension 'ignore_ament_install'
[0.215s] Level 1:colcon.colcon_core.package_identification:_identify(.) by extensions ['colcon_pkg']
[0.215s] Level 1:colcon.colcon_core.package_identification:_identify(.) by extension 'colcon_pkg'
[0.215s] Level 1:colcon.colcon_core.package_identification:_identify(.) by extensions ['colcon_meta']
[0.216s] Level 1:colcon.colcon_core.package_identification:_identify(.) by extension 'colcon_meta'
[0.216s] Level 1:colcon.colcon_core.package_identification:_identify(.) by extensions ['ros']
[0.216s] Level 1:colcon.colcon_core.package_identification:_identify(.) by extension 'ros'
[0.225s] Level 1:colcon.colcon_core.package_identification:_identify(.) by extensions ['cmake', 'python']
[0.225s] Level 1:colcon.colcon_core.package_identification:_identify(.) by extension 'cmake'
[0.284s] ERROR:colcon.colcon_core.package_identification:Exception in package identification extension 'cmake' in '.': Failed to extract project name from 'CMakeLists.txt'
Traceback (most recent call last):
  File "/usr/lib/python3/dist-packages/colcon_core/package_identification/__init__.py", line 144, in _identify
    retval = extension.identify(_reused_descriptor_instance)
  File "/usr/lib/python3/dist-packages/colcon_cmake/package_identification/cmake.py", line 36, in identify
    raise RuntimeError(
RuntimeError: Failed to extract project name from 'CMakeLists.txt'

[0.284s] Level 1:colcon.colcon_core.package_identification:_identify(.) by extension 'python'
[0.284s] Level 1:colcon.colcon_core.package_identification:_identify(.) by extensions ['python_setup_py']
[0.284s] Level 1:colcon.colcon_core.package_identification:_identify(.) by extension 'python_setup_py'
[0.284s] Level 1:colcon.colcon_core.package_identification:_identify(build) by extensions ['ignore', 'ignore_ament_install']
[0.284s] Level 1:colcon.colcon_core.package_identification:_identify(build) by extension 'ignore'
[0.284s] Level 1:colcon.colcon_core.package_identification:_identify(build) ignored
[0.284s] Level 1:colcon.colcon_core.package_identification:_identify(cmake-build) by extensions ['ignore', 'ignore_ament_install']
[0.284s] Level 1:colcon.colcon_core.package_identification:_identify(cmake-build) by extension 'ignore'
[0.284s] Level 1:colcon.colcon_core.package_identification:_identify(cmake-build) by extension 'ignore_ament_install'
[0.285s] Level 1:colcon.colcon_core.package_identification:_identify(cmake-build) by extensions ['colcon_pkg']
[0.285s] Level 1:colcon.colcon_core.package_identification:_identify(cmake-build) by extension 'colcon_pkg'
[0.285s] Level 1:colcon.colcon_core.package_identification:_identify(cmake-build) by extensions ['colcon_meta']
[0.285s] Level 1:colcon.colcon_core.package_identification:_identify(cmake-build) by extension 'colcon_meta'
[0.285s] Level 1:colcon.colcon_core.package_identification:_identify(cmake-build) by extensions ['ros']
[0.285s] Level 1:colcon.colcon_core.package_identification:_identify(cmake-build) by extension 'ros'
[0.285s] Level 1:colcon.colcon_core.package_identification:_identify(cmake-build) by extensions ['cmake', 'python']
[0.285s] Level 1:colcon.colcon_core.package_identification:_identify(cmake-build) by extension 'cmake'
[0.285s] Level 1:colcon.colcon_core.package_identification:_identify(cmake-build) by extension 'python'
[0.285s] Level 1:colcon.colcon_core.package_identification:_identify(cmake-build) by extensions ['python_setup_py']
[0.285s] Level 1:colcon.colcon_core.package_identification:_identify(cmake-build) by extension 'python_setup_py'
[0.285s] Level 1:colcon.colcon_core.package_identification:_identify(cmake-build/CMakeFiles) by extensions ['ignore', 'ignore_ament_install']
[0.285s] Level 1:colcon.colcon_core.package_identification:_identify(cmake-build/CMakeFiles) by extension 'ignore'
[0.285s] Level 1:colcon.colcon_core.package_identification:_identify(cmake-build/CMakeFiles) by extension 'ignore_ament_install'
[0.285s] Level 1:colcon.colcon_core.package_identification:_identify(cmake-build/CMakeFiles) by extensions ['colcon_pkg']
[0.285s] Level 1:colcon.colcon_core.package_identification:_identify(cmake-build/CMakeFiles) by extension 'colcon_pkg'
[0.285s] Level 1:colcon.colcon_core.package_identification:_identify(cmake-build/CMakeFiles) by extensions ['colcon_meta']
[0.285s] Level 1:colcon.colcon_core.package_identification:_identify(cmake-build/CMakeFiles) by extension 'colcon_meta'
[0.285s] Level 1:colcon.colcon_core.package_identification:_identify(cmake-build/CMakeFiles) by extensions ['ros']
[0.285s] Level 1:colcon.colcon_core.package_identification:_identify(cmake-build/CMakeFiles) by extension 'ros'
[0.286s] Level 1:colcon.colcon_core.package_identification:_identify(cmake-build/CMakeFiles) by extensions ['cmake', 'python']
[0.286s] Level 1:colcon.colcon_core.package_identification:_identify(cmake-build/CMakeFiles) by extension 'cmake'
[0.286s] Level 1:colcon.colcon_core.package_identification:_identify(cmake-build/CMakeFiles) by extension 'python'
[0.286s] Level 1:colcon.colcon_core.package_identification:_identify(cmake-build/CMakeFiles) by extensions ['python_setup_py']
[0.286s] Level 1:colcon.colcon_core.package_identification:_identify(cmake-build/CMakeFiles) by extension 'python_setup_py'
[0.286s] Level 1:colcon.colcon_core.package_identification:_identify(cmake-build/CMakeFiles/3.30.5) by extensions ['ignore', 'ignore_ament_install']
[0.286s] Level 1:colcon.colcon_core.package_identification:_identify(cmake-build/CMakeFiles/3.30.5) by extension 'ignore'
[0.286s] Level 1:colcon.colcon_core.package_identification:_identify(cmake-build/CMakeFiles/3.30.5) by extension 'ignore_ament_install'
[0.286s] Level 1:colcon.colcon_core.package_identification:_identify(cmake-build/CMakeFiles/3.30.5) by extensions ['colcon_pkg']
[0.286s] Level 1:colcon.colcon_core.package_identification:_identify(cmake-build/CMakeFiles/3.30.5) by extension 'colcon_pkg'
[0.286s] Level 1:colcon.colcon_core.package_identification:_identify(cmake-build/CMakeFiles/3.30.5) by extensions ['colcon_meta']
[0.286s] Level 1:colcon.colcon_core.package_identification:_identify(cmake-build/CMakeFiles/3.30.5) by extension 'colcon_meta'
[0.286s] Level 1:colcon.colcon_core.package_identification:_identify(cmake-build/CMakeFiles/3.30.5) by extensions ['ros']
[0.286s] Level 1:colcon.colcon_core.package_identification:_identify(cmake-build/CMakeFiles/3.30.5) by extension 'ros'
[0.286s] Level 1:colcon.colcon_core.package_identification:_identify(cmake-build/CMakeFiles/3.30.5) by extensions ['cmake', 'python']
[0.286s] Level 1:colcon.colcon_core.package_identification:_identify(cmake-build/CMakeFiles/3.30.5) by extension 'cmake'
[0.286s] Level 1:colcon.colcon_core.package_identification:_identify(cmake-build/CMakeFiles/3.30.5) by extension 'python'
[0.286s] Level 1:colcon.colcon_core.package_identification:_identify(cmake-build/CMakeFiles/3.30.5) by extensions ['python_setup_py']
[0.286s] Level 1:colcon.colcon_core.package_identification:_identify(cmake-build/CMakeFiles/3.30.5) by extension 'python_setup_py'
[0.286s] Level 1:colcon.colcon_core.package_identification:_identify(cmake-build/CMakeFiles/3.30.5/CompilerIdC) by extensions ['ignore', 'ignore_ament_install']
[0.286s] Level 1:colcon.colcon_core.package_identification:_identify(cmake-build/CMakeFiles/3.30.5/CompilerIdC) by extension 'ignore'
[0.287s] Level 1:colcon.colcon_core.package_identification:_identify(cmake-build/CMakeFiles/3.30.5/CompilerIdC) by extension 'ignore_ament_install'
[0.287s] Level 1:colcon.colcon_core.package_identification:_identify(cmake-build/CMakeFiles/3.30.5/CompilerIdC) by extensions ['colcon_pkg']
[0.287s] Level 1:colcon.colcon_core.package_identification:_identify(cmake-build/CMakeFiles/3.30.5/CompilerIdC) by extension 'colcon_pkg'
[0.287s] Level 1:colcon.colcon_core.package_identification:_identify(cmake-build/CMakeFiles/3.30.5/CompilerIdC) by extensions ['colcon_meta']
[0.287s] Level 1:colcon.colcon_core.package_identification:_identify(cmake-build/CMakeFiles/3.30.5/CompilerIdC) by extension 'colcon_meta'
[0.287s] Level 1:colcon.colcon_core.package_identification:_identify(cmake-build/CMakeFiles/3.30.5/CompilerIdC) by extensions ['ros']
[0.287s] Level 1:colcon.colcon_core.package_identification:_identify(cmake-build/CMakeFiles/3.30.5/CompilerIdC) by extension 'ros'
[0.287s] Level 1:colcon.colcon_core.package_identification:_identify(cmake-build/CMakeFiles/3.30.5/CompilerIdC) by extensions ['cmake', 'python']
[0.287s] Level 1:colcon.colcon_core.package_identification:_identify(cmake-build/CMakeFiles/3.30.5/CompilerIdC) by extension 'cmake'
[0.287s] Level 1:colcon.colcon_core.package_identification:_identify(cmake-build/CMakeFiles/3.30.5/CompilerIdC) by extension 'python'
[0.287s] Level 1:colcon.colcon_core.package_identification:_identify(cmake-build/CMakeFiles/3.30.5/CompilerIdC) by extensions ['python_setup_py']
[0.287s] Level 1:colcon.colcon_core.package_identification:_identify(cmake-build/CMakeFiles/3.30.5/CompilerIdC) by extension 'python_setup_py'
[0.287s] Level 1:colcon.colcon_core.package_identification:_identify(cmake-build/CMakeFiles/3.30.5/CompilerIdC/tmp) by extensions ['ignore', 'ignore_ament_install']
[0.287s] Level 1:colcon.colcon_core.package_identification:_identify(cmake-build/CMakeFiles/3.30.5/CompilerIdC/tmp) by extension 'ignore'
[0.287s] Level 1:colcon.colcon_core.package_identification:_identify(cmake-build/CMakeFiles/3.30.5/CompilerIdC/tmp) by extension 'ignore_ament_install'
[0.287s] Level 1:colcon.colcon_core.package_identification:_identify(cmake-build/CMakeFiles/3.30.5/CompilerIdC/tmp) by extensions ['colcon_pkg']
[0.287s] Level 1:colcon.colcon_core.package_identification:_identify(cmake-build/CMakeFiles/3.30.5/CompilerIdC/tmp) by extension 'colcon_pkg'
[0.287s] Level 1:colcon.colcon_core.package_identification:_identify(cmake-build/CMakeFiles/3.30.5/CompilerIdC/tmp) by extensions ['colcon_meta']
[0.287s] Level 1:colcon.colcon_core.package_identification:_identify(cmake-build/CMakeFiles/3.30.5/CompilerIdC/tmp) by extension 'colcon_meta'
[0.287s] Level 1:colcon.colcon_core.package_identification:_identify(cmake-build/CMakeFiles/3.30.5/CompilerIdC/tmp) by extensions ['ros']
[0.287s] Level 1:colcon.colcon_core.package_identification:_identify(cmake-build/CMakeFiles/3.30.5/CompilerIdC/tmp) by extension 'ros'
[0.288s] Level 1:colcon.colcon_core.package_identification:_identify(cmake-build/CMakeFiles/3.30.5/CompilerIdC/tmp) by extensions ['cmake', 'python']
[0.288s] Level 1:colcon.colcon_core.package_identification:_identify(cmake-build/CMakeFiles/3.30.5/CompilerIdC/tmp) by extension 'cmake'
[0.288s] Level 1:colcon.colcon_core.package_identification:_identify(cmake-build/CMakeFiles/3.30.5/CompilerIdC/tmp) by extension 'python'
[0.288s] Level 1:colcon.colcon_core.package_identification:_identify(cmake-build/CMakeFiles/3.30.5/CompilerIdC/tmp) by extensions ['python_setup_py']
[0.288s] Level 1:colcon.colcon_core.package_identification:_identify(cmake-build/CMakeFiles/3.30.5/CompilerIdC/tmp) by extension 'python_setup_py'
[0.288s] Level 1:colcon.colcon_core.package_identification:_identify(cmake-build/CMakeFiles/3.30.5/CompilerIdCXX) by extensions ['ignore', 'ignore_ament_install']
[0.288s] Level 1:colcon.colcon_core.package_identification:_identify(cmake-build/CMakeFiles/3.30.5/CompilerIdCXX) by extension 'ignore'
[0.288s] Level 1:colcon.colcon_core.package_identification:_identify(cmake-build/CMakeFiles/3.30.5/CompilerIdCXX) by extension 'ignore_ament_install'
[0.288s] Level 1:colcon.colcon_core.package_identification:_identify(cmake-build/CMakeFiles/3.30.5/CompilerIdCXX) by extensions ['colcon_pkg']
[0.288s] Level 1:colcon.colcon_core.package_identification:_identify(cmake-build/CMakeFiles/3.30.5/CompilerIdCXX) by extension 'colcon_pkg'
[0.288s] Level 1:colcon.colcon_core.package_identification:_identify(cmake-build/CMakeFiles/3.30.5/CompilerIdCXX) by extensions ['colcon_meta']
[0.288s] Level 1:colcon.colcon_core.package_identification:_identify(cmake-build/CMakeFiles/3.30.5/CompilerIdCXX) by extension 'colcon_meta'
[0.288s] Level 1:colcon.colcon_core.package_identification:_identify(cmake-build/CMakeFiles/3.30.5/CompilerIdCXX) by extensions ['ros']
[0.288s] Level 1:colcon.colcon_core.package_identification:_identify(cmake-build/CMakeFiles/3.30.5/CompilerIdCXX) by extension 'ros'
[0.288s] Level 1:colcon.colcon_core.package_identification:_identify(cmake-build/CMakeFiles/3.30.5/CompilerIdCXX) by extensions ['cmake', 'python']
[0.288s] Level 1:colcon.colcon_core.package_identification:_identify(cmake-build/CMakeFiles/3.30.5/CompilerIdCXX) by extension 'cmake'
[0.288s] Level 1:colcon.colcon_core.package_identification:_identify(cmake-build/CMakeFiles/3.30.5/CompilerIdCXX) by extension 'python'
[0.288s] Level 1:colcon.colcon_core.package_identification:_identify(cmake-build/CMakeFiles/3.30.5/CompilerIdCXX) by extensions ['python_setup_py']
[0.288s] Level 1:colcon.colcon_core.package_identification:_identify(cmake-build/CMakeFiles/3.30.5/CompilerIdCXX) by extension 'python_setup_py'
[0.288s] Level 1:colcon.colcon_core.package_identification:_identify(cmake-build/CMakeFiles/3.30.5/CompilerIdCXX/tmp) by extensions ['ignore', 'ignore_ament_install']
[0.289s] Level 1:colcon.colcon_core.package_identification:_identify(cmake-build/CMakeFiles/3.30.5/CompilerIdCXX/tmp) by extension 'ignore'
[0.289s] Level 1:colcon.colcon_core.package_identification:_identify(cmake-build/CMakeFiles/3.30.5/CompilerIdCXX/tmp) by extension 'ignore_ament_install'
[0.289s] Level 1:colcon.colcon_core.package_identification:_identify(cmake-build/CMakeFiles/3.30.5/CompilerIdCXX/tmp) by extensions ['colcon_pkg']
[0.289s] Level 1:colcon.colcon_core.package_identification:_identify(cmake-build/CMakeFiles/3.30.5/CompilerIdCXX/tmp) by extension 'colcon_pkg'
[0.289s] Level 1:colcon.colcon_core.package_identification:_identify(cmake-build/CMakeFiles/3.30.5/CompilerIdCXX/tmp) by extensions ['colcon_meta']
[0.289s] Level 1:colcon.colcon_core.package_identification:_identify(cmake-build/CMakeFiles/3.30.5/CompilerIdCXX/tmp) by extension 'colcon_meta'
[0.289s] Level 1:colcon.colcon_core.package_identification:_identify(cmake-build/CMakeFiles/3.30.5/CompilerIdCXX/tmp) by extensions ['ros']
[0.289s] Level 1:colcon.colcon_core.package_identification:_identify(cmake-build/CMakeFiles/3.30.5/CompilerIdCXX/tmp) by extension 'ros'
[0.289s] Level 1:colcon.colcon_core.package_identification:_identify(cmake-build/CMakeFiles/3.30.5/CompilerIdCXX/tmp) by extensions ['cmake', 'python']
[0.289s] Level 1:colcon.colcon_core.package_identification:_identify(cmake-build/CMakeFiles/3.30.5/CompilerIdCXX/tmp) by extension 'cmake'
[0.289s] Level 1:colcon.colcon_core.package_identification:_identify(cmake-build/CMakeFiles/3.30.5/CompilerIdCXX/tmp) by extension 'python'
[0.289s] Level 1:colcon.colcon_core.package_identification:_identify(cmake-build/CMakeFiles/3.30.5/CompilerIdCXX/tmp) by extensions ['python_setup_py']
[0.289s] Level 1:colcon.colcon_core.package_identification:_identify(cmake-build/CMakeFiles/3.30.5/CompilerIdCXX/tmp) by extension 'python_setup_py'
[0.289s] Level 1:colcon.colcon_core.package_identification:_identify(cmake-build/CMakeFiles/pkgRedirects) by extensions ['ignore', 'ignore_ament_install']
[0.289s] Level 1:colcon.colcon_core.package_identification:_identify(cmake-build/CMakeFiles/pkgRedirects) by extension 'ignore'
[0.289s] Level 1:colcon.colcon_core.package_identification:_identify(cmake-build/CMakeFiles/pkgRedirects) by extension 'ignore_ament_install'
[0.289s] Level 1:colcon.colcon_core.package_identification:_identify(cmake-build/CMakeFiles/pkgRedirects) by extensions ['colcon_pkg']
[0.289s] Level 1:colcon.colcon_core.package_identification:_identify(cmake-build/CMakeFiles/pkgRedirects) by extension 'colcon_pkg'
[0.289s] Level 1:colcon.colcon_core.package_identification:_identify(cmake-build/CMakeFiles/pkgRedirects) by extensions ['colcon_meta']
[0.289s] Level 1:colcon.colcon_core.package_identification:_identify(cmake-build/CMakeFiles/pkgRedirects) by extension 'colcon_meta'
[0.289s] Level 1:colcon.colcon_core.package_identification:_identify(cmake-build/CMakeFiles/pkgRedirects) by extensions ['ros']
[0.289s] Level 1:colcon.colcon_core.package_identification:_identify(cmake-build/CMakeFiles/pkgRedirects) by extension 'ros'
[0.289s] Level 1:colcon.colcon_core.package_identification:_identify(cmake-build/CMakeFiles/pkgRedirects) by extensions ['cmake', 'python']
[0.290s] Level 1:colcon.colcon_core.package_identification:_identify(cmake-build/CMakeFiles/pkgRedirects) by extension 'cmake'
[0.290s] Level 1:colcon.colcon_core.package_identification:_identify(cmake-build/CMakeFiles/pkgRedirects) by extension 'python'
[0.290s] Level 1:colcon.colcon_core.package_identification:_identify(cmake-build/CMakeFiles/pkgRedirects) by extensions ['python_setup_py']
[0.290s] Level 1:colcon.colcon_core.package_identification:_identify(cmake-build/CMakeFiles/pkgRedirects) by extension 'python_setup_py'
[0.290s] Level 1:colcon.colcon_core.package_identification:_identify(cmake-build/Testing) by extensions ['ignore', 'ignore_ament_install']
[0.290s] Level 1:colcon.colcon_core.package_identification:_identify(cmake-build/Testing) by extension 'ignore'
[0.290s] Level 1:colcon.colcon_core.package_identification:_identify(cmake-build/Testing) by extension 'ignore_ament_install'
[0.290s] Level 1:colcon.colcon_core.package_identification:_identify(cmake-build/Testing) by extensions ['colcon_pkg']
[0.290s] Level 1:colcon.colcon_core.package_identification:_identify(cmake-build/Testing) by extension 'colcon_pkg'
[0.290s] Level 1:colcon.colcon_core.package_identification:_identify(cmake-build/Testing) by extensions ['colcon_meta']
[0.290s] Level 1:colcon.colcon_core.package_identification:_identify(cmake-build/Testing) by extension 'colcon_meta'
[0.290s] Level 1:colcon.colcon_core.package_identification:_identify(cmake-build/Testing) by extensions ['ros']
[0.290s] Level 1:colcon.colcon_core.package_identification:_identify(cmake-build/Testing) by extension 'ros'
[0.290s] Level 1:colcon.colcon_core.package_identification:_identify(cmake-build/Testing) by extensions ['cmake', 'python']
[0.290s] Level 1:colcon.colcon_core.package_identification:_identify(cmake-build/Testing) by extension 'cmake'
[0.290s] Level 1:colcon.colcon_core.package_identification:_identify(cmake-build/Testing) by extension 'python'
[0.290s] Level 1:colcon.colcon_core.package_identification:_identify(cmake-build/Testing) by extensions ['python_setup_py']
[0.290s] Level 1:colcon.colcon_core.package_identification:_identify(cmake-build/Testing) by extension 'python_setup_py'
[0.290s] Level 1:colcon.colcon_core.package_identification:_identify(cmake-build/Testing/Temporary) by extensions ['ignore', 'ignore_ament_install']
[0.290s] Level 1:colcon.colcon_core.package_identification:_identify(cmake-build/Testing/Temporary) by extension 'ignore'
[0.290s] Level 1:colcon.colcon_core.package_identification:_identify(cmake-build/Testing/Temporary) by extension 'ignore_ament_install'
[0.290s] Level 1:colcon.colcon_core.package_identification:_identify(cmake-build/Testing/Temporary) by extensions ['colcon_pkg']
[0.291s] Level 1:colcon.colcon_core.package_identification:_identify(cmake-build/Testing/Temporary) by extension 'colcon_pkg'
[0.291s] Level 1:colcon.colcon_core.package_identification:_identify(cmake-build/Testing/Temporary) by extensions ['colcon_meta']
[0.291s] Level 1:colcon.colcon_core.package_identification:_identify(cmake-build/Testing/Temporary) by extension 'colcon_meta'
[0.291s] Level 1:colcon.colcon_core.package_identification:_identify(cmake-build/Testing/Temporary) by extensions ['ros']
[0.291s] Level 1:colcon.colcon_core.package_identification:_identify(cmake-build/Testing/Temporary) by extension 'ros'
[0.291s] Level 1:colcon.colcon_core.package_identification:_identify(cmake-build/Testing/Temporary) by extensions ['cmake', 'python']
[0.291s] Level 1:colcon.colcon_core.package_identification:_identify(cmake-build/Testing/Temporary) by extension 'cmake'
[0.291s] Level 1:colcon.colcon_core.package_identification:_identify(cmake-build/Testing/Temporary) by extension 'python'
[0.291s] Level 1:colcon.colcon_core.package_identification:_identify(cmake-build/Testing/Temporary) by extensions ['python_setup_py']
[0.291s] Level 1:colcon.colcon_core.package_identification:_identify(cmake-build/Testing/Temporary) by extension 'python_setup_py'
[0.291s] Level 1:colcon.colcon_core.package_identification:_identify(cmake-build/ament_cmake_environment_hooks) by extensions ['ignore', 'ignore_ament_install']
[0.291s] Level 1:colcon.colcon_core.package_identification:_identify(cmake-build/ament_cmake_environment_hooks) by extension 'ignore'
[0.291s] Level 1:colcon.colcon_core.package_identification:_identify(cmake-build/ament_cmake_environment_hooks) by extension 'ignore_ament_install'
[0.291s] Level 1:colcon.colcon_core.package_identification:_identify(cmake-build/ament_cmake_environment_hooks) by extensions ['colcon_pkg']
[0.291s] Level 1:colcon.colcon_core.package_identification:_identify(cmake-build/ament_cmake_environment_hooks) by extension 'colcon_pkg'
[0.291s] Level 1:colcon.colcon_core.package_identification:_identify(cmake-build/ament_cmake_environment_hooks) by extensions ['colcon_meta']
[0.291s] Level 1:colcon.colcon_core.package_identification:_identify(cmake-build/ament_cmake_environment_hooks) by extension 'colcon_meta'
[0.291s] Level 1:colcon.colcon_core.package_identification:_identify(cmake-build/ament_cmake_environment_hooks) by extensions ['ros']
[0.291s] Level 1:colcon.colcon_core.package_identification:_identify(cmake-build/ament_cmake_environment_hooks) by extension 'ros'
[0.291s] Level 1:colcon.colcon_core.package_identification:_identify(cmake-build/ament_cmake_environment_hooks) by extensions ['cmake', 'python']
[0.291s] Level 1:colcon.colcon_core.package_identification:_identify(cmake-build/ament_cmake_environment_hooks) by extension 'cmake'
[0.292s] Level 1:colcon.colcon_core.package_identification:_identify(cmake-build/ament_cmake_environment_hooks) by extension 'python'
[0.292s] Level 1:colcon.colcon_core.package_identification:_identify(cmake-build/ament_cmake_environment_hooks) by extensions ['python_setup_py']
[0.292s] Level 1:colcon.colcon_core.package_identification:_identify(cmake-build/ament_cmake_environment_hooks) by extension 'python_setup_py'
[0.292s] Level 1:colcon.colcon_core.package_identification:_identify(cmake-build/ament_cmake_index) by extensions ['ignore', 'ignore_ament_install']
[0.292s] Level 1:colcon.colcon_core.package_identification:_identify(cmake-build/ament_cmake_index) by extension 'ignore'
[0.292s] Level 1:colcon.colcon_core.package_identification:_identify(cmake-build/ament_cmake_index) by extension 'ignore_ament_install'
[0.292s] Level 1:colcon.colcon_core.package_identification:_identify(cmake-build/ament_cmake_index) by extensions ['colcon_pkg']
[0.292s] Level 1:colcon.colcon_core.package_identification:_identify(cmake-build/ament_cmake_index) by extension 'colcon_pkg'
[0.292s] Level 1:colcon.colcon_core.package_identification:_identify(cmake-build/ament_cmake_index) by extensions ['colcon_meta']
[0.292s] Level 1:colcon.colcon_core.package_identification:_identify(cmake-build/ament_cmake_index) by extension 'colcon_meta'
[0.292s] Level 1:colcon.colcon_core.package_identification:_identify(cmake-build/ament_cmake_index) by extensions ['ros']
[0.292s] Level 1:colcon.colcon_core.package_identification:_identify(cmake-build/ament_cmake_index) by extension 'ros'
[0.292s] Level 1:colcon.colcon_core.package_identification:_identify(cmake-build/ament_cmake_index) by extensions ['cmake', 'python']
[0.292s] Level 1:colcon.colcon_core.package_identification:_identify(cmake-build/ament_cmake_index) by extension 'cmake'
[0.292s] Level 1:colcon.colcon_core.package_identification:_identify(cmake-build/ament_cmake_index) by extension 'python'
[0.292s] Level 1:colcon.colcon_core.package_identification:_identify(cmake-build/ament_cmake_index) by extensions ['python_setup_py']
[0.292s] Level 1:colcon.colcon_core.package_identification:_identify(cmake-build/ament_cmake_index) by extension 'python_setup_py'
[0.292s] Level 1:colcon.colcon_core.package_identification:_identify(cmake-build/ament_cmake_index/share) by extensions ['ignore', 'ignore_ament_install']
[0.292s] Level 1:colcon.colcon_core.package_identification:_identify(cmake-build/ament_cmake_index/share) by extension 'ignore'
[0.292s] Level 1:colcon.colcon_core.package_identification:_identify(cmake-build/ament_cmake_index/share) by extension 'ignore_ament_install'
[0.292s] Level 1:colcon.colcon_core.package_identification:_identify(cmake-build/ament_cmake_index/share) by extensions ['colcon_pkg']
[0.292s] Level 1:colcon.colcon_core.package_identification:_identify(cmake-build/ament_cmake_index/share) by extension 'colcon_pkg'
[0.293s] Level 1:colcon.colcon_core.package_identification:_identify(cmake-build/ament_cmake_index/share) by extensions ['colcon_meta']
[0.293s] Level 1:colcon.colcon_core.package_identification:_identify(cmake-build/ament_cmake_index/share) by extension 'colcon_meta'
[0.293s] Level 1:colcon.colcon_core.package_identification:_identify(cmake-build/ament_cmake_index/share) by extensions ['ros']
[0.293s] Level 1:colcon.colcon_core.package_identification:_identify(cmake-build/ament_cmake_index/share) by extension 'ros'
[0.293s] Level 1:colcon.colcon_core.package_identification:_identify(cmake-build/ament_cmake_index/share) by extensions ['cmake', 'python']
[0.293s] Level 1:colcon.colcon_core.package_identification:_identify(cmake-build/ament_cmake_index/share) by extension 'cmake'
[0.293s] Level 1:colcon.colcon_core.package_identification:_identify(cmake-build/ament_cmake_index/share) by extension 'python'
[0.293s] Level 1:colcon.colcon_core.package_identification:_identify(cmake-build/ament_cmake_index/share) by extensions ['python_setup_py']
[0.293s] Level 1:colcon.colcon_core.package_identification:_identify(cmake-build/ament_cmake_index/share) by extension 'python_setup_py'
[0.293s] Level 1:colcon.colcon_core.package_identification:_identify(cmake-build/ament_cmake_index/share/ament_index) by extensions ['ignore', 'ignore_ament_install']
[0.293s] Level 1:colcon.colcon_core.package_identification:_identify(cmake-build/ament_cmake_index/share/ament_index) by extension 'ignore'
[0.293s] Level 1:colcon.colcon_core.package_identification:_identify(cmake-build/ament_cmake_index/share/ament_index) by extension 'ignore_ament_install'
[0.293s] Level 1:colcon.colcon_core.package_identification:_identify(cmake-build/ament_cmake_index/share/ament_index) by extensions ['colcon_pkg']
[0.293s] Level 1:colcon.colcon_core.package_identification:_identify(cmake-build/ament_cmake_index/share/ament_index) by extension 'colcon_pkg'
[0.293s] Level 1:colcon.colcon_core.package_identification:_identify(cmake-build/ament_cmake_index/share/ament_index) by extensions ['colcon_meta']
[0.293s] Level 1:colcon.colcon_core.package_identification:_identify(cmake-build/ament_cmake_index/share/ament_index) by extension 'colcon_meta'
[0.293s] Level 1:colcon.colcon_core.package_identification:_identify(cmake-build/ament_cmake_index/share/ament_index) by extensions ['ros']
[0.293s] Level 1:colcon.colcon_core.package_identification:_identify(cmake-build/ament_cmake_index/share/ament_index) by extension 'ros'
[0.293s] Level 1:colcon.colcon_core.package_identification:_identify(cmake-build/ament_cmake_index/share/ament_index) by extensions ['cmake', 'python']
[0.293s] Level 1:colcon.colcon_core.package_identification:_identify(cmake-build/ament_cmake_index/share/ament_index) by extension 'cmake'
[0.293s] Level 1:colcon.colcon_core.package_identification:_identify(cmake-build/ament_cmake_index/share/ament_index) by extension 'python'
[0.293s] Level 1:colcon.colcon_core.package_identification:_identify(cmake-build/ament_cmake_index/share/ament_index) by extensions ['python_setup_py']
[0.293s] Level 1:colcon.colcon_core.package_identification:_identify(cmake-build/ament_cmake_index/share/ament_index) by extension 'python_setup_py'
[0.294s] Level 1:colcon.colcon_core.package_identification:_identify(cmake-build/ament_cmake_index/share/ament_index/resource_index) by extensions ['ignore', 'ignore_ament_install']
[0.294s] Level 1:colcon.colcon_core.package_identification:_identify(cmake-build/ament_cmake_index/share/ament_index/resource_index) by extension 'ignore'
[0.294s] Level 1:colcon.colcon_core.package_identification:_identify(cmake-build/ament_cmake_index/share/ament_index/resource_index) by extension 'ignore_ament_install'
[0.294s] Level 1:colcon.colcon_core.package_identification:_identify(cmake-build/ament_cmake_index/share/ament_index/resource_index) by extensions ['colcon_pkg']
[0.294s] Level 1:colcon.colcon_core.package_identification:_identify(cmake-build/ament_cmake_index/share/ament_index/resource_index) by extension 'colcon_pkg'
[0.294s] Level 1:colcon.colcon_core.package_identification:_identify(cmake-build/ament_cmake_index/share/ament_index/resource_index) by extensions ['colcon_meta']
[0.294s] Level 1:colcon.colcon_core.package_identification:_identify(cmake-build/ament_cmake_index/share/ament_index/resource_index) by extension 'colcon_meta'
[0.294s] Level 1:colcon.colcon_core.package_identification:_identify(cmake-build/ament_cmake_index/share/ament_index/resource_index) by extensions ['ros']
[0.294s] Level 1:colcon.colcon_core.package_identification:_identify(cmake-build/ament_cmake_index/share/ament_index/resource_index) by extension 'ros'
[0.294s] Level 1:colcon.colcon_core.package_identification:_identify(cmake-build/ament_cmake_index/share/ament_index/resource_index) by extensions ['cmake', 'python']
[0.294s] Level 1:colcon.colcon_core.package_identification:_identify(cmake-build/ament_cmake_index/share/ament_index/resource_index) by extension 'cmake'
[0.294s] Level 1:colcon.colcon_core.package_identification:_identify(cmake-build/ament_cmake_index/share/ament_index/resource_index) by extension 'python'
[0.294s] Level 1:colcon.colcon_core.package_identification:_identify(cmake-build/ament_cmake_index/share/ament_index/resource_index) by extensions ['python_setup_py']
[0.294s] Level 1:colcon.colcon_core.package_identification:_identify(cmake-build/ament_cmake_index/share/ament_index/resource_index) by extension 'python_setup_py'
[0.294s] Level 1:colcon.colcon_core.package_identification:_identify(cmake-build/ament_cmake_index/share/ament_index/resource_index/package_run_dependencies) by extensions ['ignore', 'ignore_ament_install']
[0.294s] Level 1:colcon.colcon_core.package_identification:_identify(cmake-build/ament_cmake_index/share/ament_index/resource_index/package_run_dependencies) by extension 'ignore'
[0.294s] Level 1:colcon.colcon_core.package_identification:_identify(cmake-build/ament_cmake_index/share/ament_index/resource_index/package_run_dependencies) by extension 'ignore_ament_install'
[0.294s] Level 1:colcon.colcon_core.package_identification:_identify(cmake-build/ament_cmake_index/share/ament_index/resource_index/package_run_dependencies) by extensions ['colcon_pkg']
[0.294s] Level 1:colcon.colcon_core.package_identification:_identify(cmake-build/ament_cmake_index/share/ament_index/resource_index/package_run_dependencies) by extension 'colcon_pkg'
[0.294s] Level 1:colcon.colcon_core.package_identification:_identify(cmake-build/ament_cmake_index/share/ament_index/resource_index/package_run_dependencies) by extensions ['colcon_meta']
[0.294s] Level 1:colcon.colcon_core.package_identification:_identify(cmake-build/ament_cmake_index/share/ament_index/resource_index/package_run_dependencies) by extension 'colcon_meta'
[0.295s] Level 1:colcon.colcon_core.package_identification:_identify(cmake-build/ament_cmake_index/share/ament_index/resource_index/package_run_dependencies) by extensions ['ros']
[0.295s] Level 1:colcon.colcon_core.package_identification:_identify(cmake-build/ament_cmake_index/share/ament_index/resource_index/package_run_dependencies) by extension 'ros'
[0.295s] Level 1:colcon.colcon_core.package_identification:_identify(cmake-build/ament_cmake_index/share/ament_index/resource_index/package_run_dependencies) by extensions ['cmake', 'python']
[0.295s] Level 1:colcon.colcon_core.package_identification:_identify(cmake-build/ament_cmake_index/share/ament_index/resource_index/package_run_dependencies) by extension 'cmake'
[0.295s] Level 1:colcon.colcon_core.package_identification:_identify(cmake-build/ament_cmake_index/share/ament_index/resource_index/package_run_dependencies) by extension 'python'
[0.295s] Level 1:colcon.colcon_core.package_identification:_identify(cmake-build/ament_cmake_index/share/ament_index/resource_index/package_run_dependencies) by extensions ['python_setup_py']
[0.295s] Level 1:colcon.colcon_core.package_identification:_identify(cmake-build/ament_cmake_index/share/ament_index/resource_index/package_run_dependencies) by extension 'python_setup_py'
[0.295s] Level 1:colcon.colcon_core.package_identification:_identify(cmake-build/ament_cmake_index/share/ament_index/resource_index/packages) by extensions ['ignore', 'ignore_ament_install']
[0.295s] Level 1:colcon.colcon_core.package_identification:_identify(cmake-build/ament_cmake_index/share/ament_index/resource_index/packages) by extension 'ignore'
[0.295s] Level 1:colcon.colcon_core.package_identification:_identify(cmake-build/ament_cmake_index/share/ament_index/resource_index/packages) by extension 'ignore_ament_install'
[0.295s] Level 1:colcon.colcon_core.package_identification:_identify(cmake-build/ament_cmake_index/share/ament_index/resource_index/packages) by extensions ['colcon_pkg']
[0.295s] Level 1:colcon.colcon_core.package_identification:_identify(cmake-build/ament_cmake_index/share/ament_index/resource_index/packages) by extension 'colcon_pkg'
[0.295s] Level 1:colcon.colcon_core.package_identification:_identify(cmake-build/ament_cmake_index/share/ament_index/resource_index/packages) by extensions ['colcon_meta']
[0.295s] Level 1:colcon.colcon_core.package_identification:_identify(cmake-build/ament_cmake_index/share/ament_index/resource_index/packages) by extension 'colcon_meta'
[0.295s] Level 1:colcon.colcon_core.package_identification:_identify(cmake-build/ament_cmake_index/share/ament_index/resource_index/packages) by extensions ['ros']
[0.295s] Level 1:colcon.colcon_core.package_identification:_identify(cmake-build/ament_cmake_index/share/ament_index/resource_index/packages) by extension 'ros'
[0.295s] Level 1:colcon.colcon_core.package_identification:_identify(cmake-build/ament_cmake_index/share/ament_index/resource_index/packages) by extensions ['cmake', 'python']
[0.295s] Level 1:colcon.colcon_core.package_identification:_identify(cmake-build/ament_cmake_index/share/ament_index/resource_index/packages) by extension 'cmake'
[0.295s] Level 1:colcon.colcon_core.package_identification:_identify(cmake-build/ament_cmake_index/share/ament_index/resource_index/packages) by extension 'python'
[0.295s] Level 1:colcon.colcon_core.package_identification:_identify(cmake-build/ament_cmake_index/share/ament_index/resource_index/packages) by extensions ['python_setup_py']
[0.295s] Level 1:colcon.colcon_core.package_identification:_identify(cmake-build/ament_cmake_index/share/ament_index/resource_index/packages) by extension 'python_setup_py'
[0.295s] Level 1:colcon.colcon_core.package_identification:_identify(cmake-build/ament_cmake_index/share/ament_index/resource_index/parent_prefix_path) by extensions ['ignore', 'ignore_ament_install']
[0.296s] Level 1:colcon.colcon_core.package_identification:_identify(cmake-build/ament_cmake_index/share/ament_index/resource_index/parent_prefix_path) by extension 'ignore'
[0.296s] Level 1:colcon.colcon_core.package_identification:_identify(cmake-build/ament_cmake_index/share/ament_index/resource_index/parent_prefix_path) by extension 'ignore_ament_install'
[0.296s] Level 1:colcon.colcon_core.package_identification:_identify(cmake-build/ament_cmake_index/share/ament_index/resource_index/parent_prefix_path) by extensions ['colcon_pkg']
[0.296s] Level 1:colcon.colcon_core.package_identification:_identify(cmake-build/ament_cmake_index/share/ament_index/resource_index/parent_prefix_path) by extension 'colcon_pkg'
[0.296s] Level 1:colcon.colcon_core.package_identification:_identify(cmake-build/ament_cmake_index/share/ament_index/resource_index/parent_prefix_path) by extensions ['colcon_meta']
[0.296s] Level 1:colcon.colcon_core.package_identification:_identify(cmake-build/ament_cmake_index/share/ament_index/resource_index/parent_prefix_path) by extension 'colcon_meta'
[0.296s] Level 1:colcon.colcon_core.package_identification:_identify(cmake-build/ament_cmake_index/share/ament_index/resource_index/parent_prefix_path) by extensions ['ros']
[0.296s] Level 1:colcon.colcon_core.package_identification:_identify(cmake-build/ament_cmake_index/share/ament_index/resource_index/parent_prefix_path) by extension 'ros'
[0.296s] Level 1:colcon.colcon_core.package_identification:_identify(cmake-build/ament_cmake_index/share/ament_index/resource_index/parent_prefix_path) by extensions ['cmake', 'python']
[0.296s] Level 1:colcon.colcon_core.package_identification:_identify(cmake-build/ament_cmake_index/share/ament_index/resource_index/parent_prefix_path) by extension 'cmake'
[0.296s] Level 1:colcon.colcon_core.package_identification:_identify(cmake-build/ament_cmake_index/share/ament_index/resource_index/parent_prefix_path) by extension 'python'
[0.296s] Level 1:colcon.colcon_core.package_identification:_identify(cmake-build/ament_cmake_index/share/ament_index/resource_index/parent_prefix_path) by extensions ['python_setup_py']
[0.296s] Level 1:colcon.colcon_core.package_identification:_identify(cmake-build/ament_cmake_index/share/ament_index/resource_index/parent_prefix_path) by extension 'python_setup_py'
[0.296s] Level 1:colcon.colcon_core.package_identification:_identify(cmake-build/ament_cmake_index/share/ament_index/resource_index/rosidl_interfaces) by extensions ['ignore', 'ignore_ament_install']
[0.296s] Level 1:colcon.colcon_core.package_identification:_identify(cmake-build/ament_cmake_index/share/ament_index/resource_index/rosidl_interfaces) by extension 'ignore'
[0.296s] Level 1:colcon.colcon_core.package_identification:_identify(cmake-build/ament_cmake_index/share/ament_index/resource_index/rosidl_interfaces) by extension 'ignore_ament_install'
[0.296s] Level 1:colcon.colcon_core.package_identification:_identify(cmake-build/ament_cmake_index/share/ament_index/resource_index/rosidl_interfaces) by extensions ['colcon_pkg']
[0.296s] Level 1:colcon.colcon_core.package_identification:_identify(cmake-build/ament_cmake_index/share/ament_index/resource_index/rosidl_interfaces) by extension 'colcon_pkg'
[0.296s] Level 1:colcon.colcon_core.package_identification:_identify(cmake-build/ament_cmake_index/share/ament_index/resource_index/rosidl_interfaces) by extensions ['colcon_meta']
[0.296s] Level 1:colcon.colcon_core.package_identification:_identify(cmake-build/ament_cmake_index/share/ament_index/resource_index/rosidl_interfaces) by extension 'colcon_meta'
[0.296s] Level 1:colcon.colcon_core.package_identification:_identify(cmake-build/ament_cmake_index/share/ament_index/resource_index/rosidl_interfaces) by extensions ['ros']
[0.296s] Level 1:colcon.colcon_core.package_identification:_identify(cmake-build/ament_cmake_index/share/ament_index/resource_index/rosidl_interfaces) by extension 'ros'
[0.297s] Level 1:colcon.colcon_core.package_identification:_identify(cmake-build/ament_cmake_index/share/ament_index/resource_index/rosidl_interfaces) by extensions ['cmake', 'python']
[0.297s] Level 1:colcon.colcon_core.package_identification:_identify(cmake-build/ament_cmake_index/share/ament_index/resource_index/rosidl_interfaces) by extension 'cmake'
[0.297s] Level 1:colcon.colcon_core.package_identification:_identify(cmake-build/ament_cmake_index/share/ament_index/resource_index/rosidl_interfaces) by extension 'python'
[0.297s] Level 1:colcon.colcon_core.package_identification:_identify(cmake-build/ament_cmake_index/share/ament_index/resource_index/rosidl_interfaces) by extensions ['python_setup_py']
[0.297s] Level 1:colcon.colcon_core.package_identification:_identify(cmake-build/ament_cmake_index/share/ament_index/resource_index/rosidl_interfaces) by extension 'python_setup_py'
[0.297s] Level 1:colcon.colcon_core.package_identification:_identify(cmake-build/ament_cppcheck) by extensions ['ignore', 'ignore_ament_install']
[0.297s] Level 1:colcon.colcon_core.package_identification:_identify(cmake-build/ament_cppcheck) by extension 'ignore'
[0.297s] Level 1:colcon.colcon_core.package_identification:_identify(cmake-build/ament_cppcheck) by extension 'ignore_ament_install'
[0.297s] Level 1:colcon.colcon_core.package_identification:_identify(cmake-build/ament_cppcheck) by extensions ['colcon_pkg']
[0.297s] Level 1:colcon.colcon_core.package_identification:_identify(cmake-build/ament_cppcheck) by extension 'colcon_pkg'
[0.297s] Level 1:colcon.colcon_core.package_identification:_identify(cmake-build/ament_cppcheck) by extensions ['colcon_meta']
[0.297s] Level 1:colcon.colcon_core.package_identification:_identify(cmake-build/ament_cppcheck) by extension 'colcon_meta'
[0.297s] Level 1:colcon.colcon_core.package_identification:_identify(cmake-build/ament_cppcheck) by extensions ['ros']
[0.297s] Level 1:colcon.colcon_core.package_identification:_identify(cmake-build/ament_cppcheck) by extension 'ros'
[0.297s] Level 1:colcon.colcon_core.package_identification:_identify(cmake-build/ament_cppcheck) by extensions ['cmake', 'python']
[0.297s] Level 1:colcon.colcon_core.package_identification:_identify(cmake-build/ament_cppcheck) by extension 'cmake'
[0.297s] Level 1:colcon.colcon_core.package_identification:_identify(cmake-build/ament_cppcheck) by extension 'python'
[0.297s] Level 1:colcon.colcon_core.package_identification:_identify(cmake-build/ament_cppcheck) by extensions ['python_setup_py']
[0.297s] Level 1:colcon.colcon_core.package_identification:_identify(cmake-build/ament_cppcheck) by extension 'python_setup_py'
[0.297s] Level 1:colcon.colcon_core.package_identification:_identify(cmake-build/ament_lint_cmake) by extensions ['ignore', 'ignore_ament_install']
[0.297s] Level 1:colcon.colcon_core.package_identification:_identify(cmake-build/ament_lint_cmake) by extension 'ignore'
[0.297s] Level 1:colcon.colcon_core.package_identification:_identify(cmake-build/ament_lint_cmake) by extension 'ignore_ament_install'
[0.298s] Level 1:colcon.colcon_core.package_identification:_identify(cmake-build/ament_lint_cmake) by extensions ['colcon_pkg']
[0.298s] Level 1:colcon.colcon_core.package_identification:_identify(cmake-build/ament_lint_cmake) by extension 'colcon_pkg'
[0.298s] Level 1:colcon.colcon_core.package_identification:_identify(cmake-build/ament_lint_cmake) by extensions ['colcon_meta']
[0.298s] Level 1:colcon.colcon_core.package_identification:_identify(cmake-build/ament_lint_cmake) by extension 'colcon_meta'
[0.298s] Level 1:colcon.colcon_core.package_identification:_identify(cmake-build/ament_lint_cmake) by extensions ['ros']
[0.298s] Level 1:colcon.colcon_core.package_identification:_identify(cmake-build/ament_lint_cmake) by extension 'ros'
[0.298s] Level 1:colcon.colcon_core.package_identification:_identify(cmake-build/ament_lint_cmake) by extensions ['cmake', 'python']
[0.298s] Level 1:colcon.colcon_core.package_identification:_identify(cmake-build/ament_lint_cmake) by extension 'cmake'
[0.298s] Level 1:colcon.colcon_core.package_identification:_identify(cmake-build/ament_lint_cmake) by extension 'python'
[0.298s] Level 1:colcon.colcon_core.package_identification:_identify(cmake-build/ament_lint_cmake) by extensions ['python_setup_py']
[0.298s] Level 1:colcon.colcon_core.package_identification:_identify(cmake-build/ament_lint_cmake) by extension 'python_setup_py'
[0.298s] Level 1:colcon.colcon_core.package_identification:_identify(cmake-build/ament_uncrustify) by extensions ['ignore', 'ignore_ament_install']
[0.298s] Level 1:colcon.colcon_core.package_identification:_identify(cmake-build/ament_uncrustify) by extension 'ignore'
[0.298s] Level 1:colcon.colcon_core.package_identification:_identify(cmake-build/ament_uncrustify) by extension 'ignore_ament_install'
[0.298s] Level 1:colcon.colcon_core.package_identification:_identify(cmake-build/ament_uncrustify) by extensions ['colcon_pkg']
[0.298s] Level 1:colcon.colcon_core.package_identification:_identify(cmake-build/ament_uncrustify) by extension 'colcon_pkg'
[0.298s] Level 1:colcon.colcon_core.package_identification:_identify(cmake-build/ament_uncrustify) by extensions ['colcon_meta']
[0.298s] Level 1:colcon.colcon_core.package_identification:_identify(cmake-build/ament_uncrustify) by extension 'colcon_meta'
[0.298s] Level 1:colcon.colcon_core.package_identification:_identify(cmake-build/ament_uncrustify) by extensions ['ros']
[0.298s] Level 1:colcon.colcon_core.package_identification:_identify(cmake-build/ament_uncrustify) by extension 'ros'
[0.298s] Level 1:colcon.colcon_core.package_identification:_identify(cmake-build/ament_uncrustify) by extensions ['cmake', 'python']
[0.298s] Level 1:colcon.colcon_core.package_identification:_identify(cmake-build/ament_uncrustify) by extension 'cmake'
[0.298s] Level 1:colcon.colcon_core.package_identification:_identify(cmake-build/ament_uncrustify) by extension 'python'
[0.298s] Level 1:colcon.colcon_core.package_identification:_identify(cmake-build/ament_uncrustify) by extensions ['python_setup_py']
[0.298s] Level 1:colcon.colcon_core.package_identification:_identify(cmake-build/ament_uncrustify) by extension 'python_setup_py'
[0.299s] Level 1:colcon.colcon_core.package_identification:_identify(cmake-build/ament_xmllint) by extensions ['ignore', 'ignore_ament_install']
[0.299s] Level 1:colcon.colcon_core.package_identification:_identify(cmake-build/ament_xmllint) by extension 'ignore'
[0.299s] Level 1:colcon.colcon_core.package_identification:_identify(cmake-build/ament_xmllint) by extension 'ignore_ament_install'
[0.299s] Level 1:colcon.colcon_core.package_identification:_identify(cmake-build/ament_xmllint) by extensions ['colcon_pkg']
[0.299s] Level 1:colcon.colcon_core.package_identification:_identify(cmake-build/ament_xmllint) by extension 'colcon_pkg'
[0.299s] Level 1:colcon.colcon_core.package_identification:_identify(cmake-build/ament_xmllint) by extensions ['colcon_meta']
[0.299s] Level 1:colcon.colcon_core.package_identification:_identify(cmake-build/ament_xmllint) by extension 'colcon_meta'
[0.299s] Level 1:colcon.colcon_core.package_identification:_identify(cmake-build/ament_xmllint) by extensions ['ros']
[0.299s] Level 1:colcon.colcon_core.package_identification:_identify(cmake-build/ament_xmllint) by extension 'ros'
[0.299s] Level 1:colcon.colcon_core.package_identification:_identify(cmake-build/ament_xmllint) by extensions ['cmake', 'python']
[0.299s] Level 1:colcon.colcon_core.package_identification:_identify(cmake-build/ament_xmllint) by extension 'cmake'
[0.299s] Level 1:colcon.colcon_core.package_identification:_identify(cmake-build/ament_xmllint) by extension 'python'
[0.299s] Level 1:colcon.colcon_core.package_identification:_identify(cmake-build/ament_xmllint) by extensions ['python_setup_py']
[0.299s] Level 1:colcon.colcon_core.package_identification:_identify(cmake-build/ament_xmllint) by extension 'python_setup_py'
[0.299s] Level 1:colcon.colcon_core.package_identification:_identify(cmake-build/log) by extensions ['ignore', 'ignore_ament_install']
[0.299s] Level 1:colcon.colcon_core.package_identification:_identify(cmake-build/log) by extension 'ignore'
[0.299s] Level 1:colcon.colcon_core.package_identification:_identify(cmake-build/log) ignored
[0.299s] Level 1:colcon.colcon_core.package_identification:_identify(install) by extensions ['ignore', 'ignore_ament_install']
[0.299s] Level 1:colcon.colcon_core.package_identification:_identify(install) by extension 'ignore'
[0.299s] Level 1:colcon.colcon_core.package_identification:_identify(install) ignored
[0.300s] Level 1:colcon.colcon_core.package_identification:_identify(log) by extensions ['ignore', 'ignore_ament_install']
[0.300s] Level 1:colcon.colcon_core.package_identification:_identify(log) by extension 'ignore'
[0.300s] Level 1:colcon.colcon_core.package_identification:_identify(log) ignored
[0.300s] Level 1:colcon.colcon_core.package_identification:_identify(src) by extensions ['ignore', 'ignore_ament_install']
[0.300s] Level 1:colcon.colcon_core.package_identification:_identify(src) by extension 'ignore'
[0.300s] Level 1:colcon.colcon_core.package_identification:_identify(src) by extension 'ignore_ament_install'
[0.300s] Level 1:colcon.colcon_core.package_identification:_identify(src) by extensions ['colcon_pkg']
[0.300s] Level 1:colcon.colcon_core.package_identification:_identify(src) by extension 'colcon_pkg'
[0.300s] Level 1:colcon.colcon_core.package_identification:_identify(src) by extensions ['colcon_meta']
[0.300s] Level 1:colcon.colcon_core.package_identification:_identify(src) by extension 'colcon_meta'
[0.300s] Level 1:colcon.colcon_core.package_identification:_identify(src) by extensions ['ros']
[0.300s] Level 1:colcon.colcon_core.package_identification:_identify(src) by extension 'ros'
[0.300s] Level 1:colcon.colcon_core.package_identification:_identify(src) by extensions ['cmake', 'python']
[0.300s] Level 1:colcon.colcon_core.package_identification:_identify(src) by extension 'cmake'
[0.300s] Level 1:colcon.colcon_core.package_identification:_identify(src) by extension 'python'
[0.300s] Level 1:colcon.colcon_core.package_identification:_identify(src) by extensions ['python_setup_py']
[0.300s] Level 1:colcon.colcon_core.package_identification:_identify(src) by extension 'python_setup_py'
[0.300s] Level 1:colcon.colcon_core.package_identification:_identify(src/base_interfaces_demo) by extensions ['ignore', 'ignore_ament_install']
[0.300s] Level 1:colcon.colcon_core.package_identification:_identify(src/base_interfaces_demo) by extension 'ignore'
[0.300s] Level 1:colcon.colcon_core.package_identification:_identify(src/base_interfaces_demo) by extension 'ignore_ament_install'
[0.300s] Level 1:colcon.colcon_core.package_identification:_identify(src/base_interfaces_demo) by extensions ['colcon_pkg']
[0.301s] Level 1:colcon.colcon_core.package_identification:_identify(src/base_interfaces_demo) by extension 'colcon_pkg'
[0.301s] Level 1:colcon.colcon_core.package_identification:_identify(src/base_interfaces_demo) by extensions ['colcon_meta']
[0.301s] Level 1:colcon.colcon_core.package_identification:_identify(src/base_interfaces_demo) by extension 'colcon_meta'
[0.301s] Level 1:colcon.colcon_core.package_identification:_identify(src/base_interfaces_demo) by extensions ['ros']
[0.301s] Level 1:colcon.colcon_core.package_identification:_identify(src/base_interfaces_demo) by extension 'ros'
[0.303s] DEBUG:colcon.colcon_core.package_identification:Package 'src/base_interfaces_demo' with type 'ros.ament_cmake' and name 'base_interfaces_demo'
[0.303s] Level 1:colcon.colcon_core.package_identification:_identify(src/cpp01_topic) by extensions ['ignore', 'ignore_ament_install']
[0.303s] Level 1:colcon.colcon_core.package_identification:_identify(src/cpp01_topic) by extension 'ignore'
[0.303s] Level 1:colcon.colcon_core.package_identification:_identify(src/cpp01_topic) by extension 'ignore_ament_install'
[0.303s] Level 1:colcon.colcon_core.package_identification:_identify(src/cpp01_topic) by extensions ['colcon_pkg']
[0.303s] Level 1:colcon.colcon_core.package_identification:_identify(src/cpp01_topic) by extension 'colcon_pkg'
[0.303s] Level 1:colcon.colcon_core.package_identification:_identify(src/cpp01_topic) by extensions ['colcon_meta']
[0.303s] Level 1:colcon.colcon_core.package_identification:_identify(src/cpp01_topic) by extension 'colcon_meta'
[0.303s] Level 1:colcon.colcon_core.package_identification:_identify(src/cpp01_topic) by extensions ['ros']
[0.303s] Level 1:colcon.colcon_core.package_identification:_identify(src/cpp01_topic) by extension 'ros'
[0.304s] DEBUG:colcon.colcon_core.package_identification:Package 'src/cpp01_topic' with type 'ros.ament_cmake' and name 'cpp01_topic'
[0.304s] Level 1:colcon.colcon_core.package_identification:_identify(src/cpp02_service) by extensions ['ignore', 'ignore_ament_install']
[0.304s] Level 1:colcon.colcon_core.package_identification:_identify(src/cpp02_service) by extension 'ignore'
[0.304s] Level 1:colcon.colcon_core.package_identification:_identify(src/cpp02_service) by extension 'ignore_ament_install'
[0.304s] Level 1:colcon.colcon_core.package_identification:_identify(src/cpp02_service) by extensions ['colcon_pkg']
[0.304s] Level 1:colcon.colcon_core.package_identification:_identify(src/cpp02_service) by extension 'colcon_pkg'
[0.304s] Level 1:colcon.colcon_core.package_identification:_identify(src/cpp02_service) by extensions ['colcon_meta']
[0.304s] Level 1:colcon.colcon_core.package_identification:_identify(src/cpp02_service) by extension 'colcon_meta'
[0.304s] Level 1:colcon.colcon_core.package_identification:_identify(src/cpp02_service) by extensions ['ros']
[0.304s] Level 1:colcon.colcon_core.package_identification:_identify(src/cpp02_service) by extension 'ros'
[0.305s] DEBUG:colcon.colcon_core.package_identification:Package 'src/cpp02_service' with type 'ros.ament_cmake' and name 'cpp02_service'
[0.305s] Level 1:colcon.colcon_core.package_identification:_identify(src/py02_service) by extensions ['ignore', 'ignore_ament_install']
[0.305s] Level 1:colcon.colcon_core.package_identification:_identify(src/py02_service) by extension 'ignore'
[0.305s] Level 1:colcon.colcon_core.package_identification:_identify(src/py02_service) by extension 'ignore_ament_install'
[0.305s] Level 1:colcon.colcon_core.package_identification:_identify(src/py02_service) by extensions ['colcon_pkg']
[0.305s] Level 1:colcon.colcon_core.package_identification:_identify(src/py02_service) by extension 'colcon_pkg'
[0.305s] Level 1:colcon.colcon_core.package_identification:_identify(src/py02_service) by extensions ['colcon_meta']
[0.305s] Level 1:colcon.colcon_core.package_identification:_identify(src/py02_service) by extension 'colcon_meta'
[0.305s] Level 1:colcon.colcon_core.package_identification:_identify(src/py02_service) by extensions ['ros']
[0.305s] Level 1:colcon.colcon_core.package_identification:_identify(src/py02_service) by extension 'ros'
[0.306s] DEBUG:colcon.colcon_core.package_identification:Package 'src/py02_service' with type 'ros.ament_python' and name 'py02_service'
[0.306s] Level 1:colcon.colcon_core.package_discovery:discover_packages(recursive) using defaults
[0.306s] Level 1:colcon.colcon_core.package_discovery:discover_packages(ignore) discover
[0.306s] Level 1:colcon.colcon_core.package_discovery:discover_packages(ignore) using defaults
[0.306s] Level 1:colcon.colcon_core.package_discovery:discover_packages(path) discover
[0.306s] Level 1:colcon.colcon_core.package_discovery:discover_packages(path) using defaults
