[0.008s] Invoking command in '/home/cl/CLionProjects/ws01_plumbing/build/cpp05_names': CMAKE_PREFIX_PATH=${CMAKE_PREFIX_PATH}:/opt/ros/humble CONDA_PROMPT_MODIFIER=(base) /usr/bin/cmake --build /home/cl/CLionProjects/ws01_plumbing/build/cpp05_names -- -j8 -l8
[0.037s] [35m[1mConsolidate compiler generated dependencies of target demo01_names[0m
[0.045s] [100%] Built target demo01_names
[0.053s] Invoked command in '/home/cl/CLionProjects/ws01_plumbing/build/cpp05_names' returned '0': CMAKE_PREFIX_PATH=${CMAKE_PREFIX_PATH}:/opt/ros/humble CONDA_PROMPT_MODIFIER=(base) /usr/bin/cmake --build /home/cl/CLionProjects/ws01_plumbing/build/cpp05_names -- -j8 -l8
[0.061s] Invoking command in '/home/cl/CLionProjects/ws01_plumbing/build/cpp05_names': CMAKE_PREFIX_PATH=${CMAKE_PREFIX_PATH}:/opt/ros/humble CONDA_PROMPT_MODIFIER=(base) /usr/bin/cmake --install /home/cl/CLionProjects/ws01_plumbing/build/cpp05_names
[0.066s] -- Install configuration: ""
[0.066s] -- Up-to-date: /home/cl/CLionProjects/ws01_plumbing/install/cpp05_names/lib/cpp05_names/demo01_names
[0.066s] -- Up-to-date: /home/cl/CLionProjects/ws01_plumbing/install/cpp05_names/share/cpp05_names/launch
[0.066s] -- Installing: /home/cl/CLionProjects/ws01_plumbing/install/cpp05_names/share/cpp05_names/launch/demo01_names_launch.py
[0.066s] -- Up-to-date: /home/cl/CLionProjects/ws01_plumbing/install/cpp05_names/share/ament_index/resource_index/package_run_dependencies/cpp05_names
[0.066s] -- Up-to-date: /home/cl/CLionProjects/ws01_plumbing/install/cpp05_names/share/ament_index/resource_index/parent_prefix_path/cpp05_names
[0.066s] -- Up-to-date: /home/cl/CLionProjects/ws01_plumbing/install/cpp05_names/share/cpp05_names/environment/ament_prefix_path.sh
[0.066s] -- Up-to-date: /home/cl/CLionProjects/ws01_plumbing/install/cpp05_names/share/cpp05_names/environment/ament_prefix_path.dsv
[0.066s] -- Up-to-date: /home/cl/CLionProjects/ws01_plumbing/install/cpp05_names/share/cpp05_names/environment/path.sh
[0.067s] -- Up-to-date: /home/cl/CLionProjects/ws01_plumbing/install/cpp05_names/share/cpp05_names/environment/path.dsv
[0.067s] -- Up-to-date: /home/cl/CLionProjects/ws01_plumbing/install/cpp05_names/share/cpp05_names/local_setup.bash
[0.067s] -- Up-to-date: /home/cl/CLionProjects/ws01_plumbing/install/cpp05_names/share/cpp05_names/local_setup.sh
[0.067s] -- Up-to-date: /home/cl/CLionProjects/ws01_plumbing/install/cpp05_names/share/cpp05_names/local_setup.zsh
[0.067s] -- Up-to-date: /home/cl/CLionProjects/ws01_plumbing/install/cpp05_names/share/cpp05_names/local_setup.dsv
[0.067s] -- Up-to-date: /home/cl/CLionProjects/ws01_plumbing/install/cpp05_names/share/cpp05_names/package.dsv
[0.067s] -- Up-to-date: /home/cl/CLionProjects/ws01_plumbing/install/cpp05_names/share/ament_index/resource_index/packages/cpp05_names
[0.067s] -- Up-to-date: /home/cl/CLionProjects/ws01_plumbing/install/cpp05_names/share/cpp05_names/cmake/cpp05_namesConfig.cmake
[0.067s] -- Up-to-date: /home/cl/CLionProjects/ws01_plumbing/install/cpp05_names/share/cpp05_names/cmake/cpp05_namesConfig-version.cmake
[0.067s] -- Up-to-date: /home/cl/CLionProjects/ws01_plumbing/install/cpp05_names/share/cpp05_names/package.xml
[0.068s] Invoked command in '/home/cl/CLionProjects/ws01_plumbing/build/cpp05_names' returned '0': CMAKE_PREFIX_PATH=${CMAKE_PREFIX_PATH}:/opt/ros/humble CONDA_PROMPT_MODIFIER=(base) /usr/bin/cmake --install /home/cl/CLionProjects/ws01_plumbing/build/cpp05_names
