-- Found ament_cmake: 1.3.11 (/opt/ros/humble/share/ament_cmake/cmake)
-- Found rclcpp: 16.0.11 (/opt/ros/humble/share/rclcpp/cmake)
-- Found rosidl_generator_c: 3.1.6 (/opt/ros/humble/share/rosidl_generator_c/cmake)
-- Found rosidl_adapter: 3.1.6 (/opt/ros/humble/share/rosidl_adapter/cmake)
-- Found rosidl_generator_cpp: 3.1.6 (/opt/ros/humble/share/rosidl_generator_cpp/cmake)
-- Using all available rosidl_typesupport_c: rosidl_typesupport_fastrtps_c;rosidl_typesupport_introspection_c
-- Using all available rosidl_typesupport_cpp: rosidl_typesupport_fastrtps_cpp;rosidl_typesupport_introspection_cpp
-- Found rmw_implementation_cmake: 6.1.2 (/opt/ros/humble/share/rmw_implementation_cmake/cmake)
-- Found rmw_fastrtps_cpp: 6.2.7 (/opt/ros/humble/share/rmw_fastrtps_cpp/cmake)
-- Using RMW implementation 'rmw_fastrtps_cpp' as default
-- Found ament_lint_auto: 0.12.11 (/opt/ros/humble/share/ament_lint_auto/cmake)
-- Added test 'cppcheck' to perform static code analysis on C / C++ code
-- Configured cppcheck include dirs: $<BUILD_INTERFACE:/home/cl/CLionProjects/ws01_plumbing/src/cpp06_time/include>
-- Configured cppcheck exclude dirs and/or files: 
-- Added test 'lint_cmake' to check CMake code style
-- Added test 'uncrustify' to check C / C++ code style
-- Configured uncrustify additional arguments: 
-- Added test 'xmllint' to check XML markup files
-- Configuring done
-- Generating done
-- Build files have been written to: /home/cl/CLionProjects/ws01_plumbing/build/cpp06_time
[35m[1mConsolidate compiler generated dependencies of target demo01_time[0m
[ 50%] [32mBuilding CXX object CMakeFiles/demo01_time.dir/src/demo01_time.cpp.o[0m
[100%] [32m[1mLinking CXX executable demo01_time[0m
[100%] Built target demo01_time
-- Install configuration: ""
-- Installing: /home/cl/CLionProjects/ws01_plumbing/install/cpp06_time/lib/cpp06_time/demo01_time
-- Set runtime path of "/home/cl/CLionProjects/ws01_plumbing/install/cpp06_time/lib/cpp06_time/demo01_time" to ""
-- Up-to-date: /home/cl/CLionProjects/ws01_plumbing/install/cpp06_time/share/ament_index/resource_index/package_run_dependencies/cpp06_time
-- Installing: /home/cl/CLionProjects/ws01_plumbing/install/cpp06_time/share/ament_index/resource_index/parent_prefix_path/cpp06_time
-- Up-to-date: /home/cl/CLionProjects/ws01_plumbing/install/cpp06_time/share/cpp06_time/environment/ament_prefix_path.sh
-- Installing: /home/cl/CLionProjects/ws01_plumbing/install/cpp06_time/share/cpp06_time/environment/ament_prefix_path.dsv
-- Up-to-date: /home/cl/CLionProjects/ws01_plumbing/install/cpp06_time/share/cpp06_time/environment/path.sh
-- Installing: /home/cl/CLionProjects/ws01_plumbing/install/cpp06_time/share/cpp06_time/environment/path.dsv
-- Up-to-date: /home/cl/CLionProjects/ws01_plumbing/install/cpp06_time/share/cpp06_time/local_setup.bash
-- Up-to-date: /home/cl/CLionProjects/ws01_plumbing/install/cpp06_time/share/cpp06_time/local_setup.sh
-- Up-to-date: /home/cl/CLionProjects/ws01_plumbing/install/cpp06_time/share/cpp06_time/local_setup.zsh
-- Installing: /home/cl/CLionProjects/ws01_plumbing/install/cpp06_time/share/cpp06_time/local_setup.dsv
-- Installing: /home/cl/CLionProjects/ws01_plumbing/install/cpp06_time/share/cpp06_time/package.dsv
-- Up-to-date: /home/cl/CLionProjects/ws01_plumbing/install/cpp06_time/share/ament_index/resource_index/packages/cpp06_time
-- Up-to-date: /home/cl/CLionProjects/ws01_plumbing/install/cpp06_time/share/cpp06_time/cmake/cpp06_timeConfig.cmake
-- Up-to-date: /home/cl/CLionProjects/ws01_plumbing/install/cpp06_time/share/cpp06_time/cmake/cpp06_timeConfig-version.cmake
-- Up-to-date: /home/cl/CLionProjects/ws01_plumbing/install/cpp06_time/share/cpp06_time/package.xml
