[0.008s] Invoking command in '/home/cl/CLionProjects/ws01_plumbing/build/cpp06_time': CMAKE_PREFIX_PATH=${CMAKE_PREFIX_PATH}:/home/cl/CLionProjects/ws01_plumbing/install/py05_names:/opt/ros/humble CONDA_PROMPT_MODIFIER=(base) /usr/bin/cmake --build /home/cl/CLionProjects/ws01_plumbing/build/cpp06_time -- -j8 -l8
[0.026s] -- Found ament_cmake: 1.3.11 (/opt/ros/humble/share/ament_cmake/cmake)
[0.137s] -- Found rclcpp: 16.0.11 (/opt/ros/humble/share/rclcpp/cmake)
[0.160s] -- Found rosidl_generator_c: 3.1.6 (/opt/ros/humble/share/rosidl_generator_c/cmake)
[0.162s] -- Found rosidl_adapter: 3.1.6 (/opt/ros/humble/share/rosidl_adapter/cmake)
[0.166s] -- Found rosidl_generator_cpp: 3.1.6 (/opt/ros/humble/share/rosidl_generator_cpp/cmake)
[0.175s] -- Using all available rosidl_typesupport_c: rosidl_typesupport_fastrtps_c;rosidl_typesupport_introspection_c
[0.185s] -- Using all available rosidl_typesupport_cpp: rosidl_typesupport_fastrtps_cpp;rosidl_typesupport_introspection_cpp
[0.212s] -- Found rmw_implementation_cmake: 6.1.2 (/opt/ros/humble/share/rmw_implementation_cmake/cmake)
[0.213s] -- Found rmw_fastrtps_cpp: 6.2.7 (/opt/ros/humble/share/rmw_fastrtps_cpp/cmake)
[0.289s] -- Using RMW implementation 'rmw_fastrtps_cpp' as default
[0.331s] -- Found ament_lint_auto: 0.12.11 (/opt/ros/humble/share/ament_lint_auto/cmake)
[0.406s] -- Added test 'cppcheck' to perform static code analysis on C / C++ code
[0.406s] -- Configured cppcheck include dirs: $<BUILD_INTERFACE:/home/cl/CLionProjects/ws01_plumbing/src/cpp06_time/include>
[0.407s] -- Configured cppcheck exclude dirs and/or files: 
[0.407s] -- Added test 'lint_cmake' to check CMake code style
[0.407s] -- Added test 'uncrustify' to check C / C++ code style
[0.407s] -- Configured uncrustify additional arguments: 
[0.408s] -- Added test 'xmllint' to check XML markup files
[0.408s] -- Configuring done
[0.414s] -- Generating done
[0.417s] -- Build files have been written to: /home/cl/CLionProjects/ws01_plumbing/build/cpp06_time
[0.436s] [35m[1mConsolidate compiler generated dependencies of target demo01_time[0m
[0.448s] [ 50%] [32mBuilding CXX object CMakeFiles/demo01_time.dir/src/demo01_time.cpp.o[0m
[2.730s] [100%] [32m[1mLinking CXX executable demo01_time[0m
[2.810s] [100%] Built target demo01_time
[2.819s] Invoked command in '/home/cl/CLionProjects/ws01_plumbing/build/cpp06_time' returned '0': CMAKE_PREFIX_PATH=${CMAKE_PREFIX_PATH}:/home/cl/CLionProjects/ws01_plumbing/install/py05_names:/opt/ros/humble CONDA_PROMPT_MODIFIER=(base) /usr/bin/cmake --build /home/cl/CLionProjects/ws01_plumbing/build/cpp06_time -- -j8 -l8
[2.826s] Invoking command in '/home/cl/CLionProjects/ws01_plumbing/build/cpp06_time': CMAKE_PREFIX_PATH=${CMAKE_PREFIX_PATH}:/home/cl/CLionProjects/ws01_plumbing/install/py05_names:/opt/ros/humble CONDA_PROMPT_MODIFIER=(base) /usr/bin/cmake --install /home/cl/CLionProjects/ws01_plumbing/build/cpp06_time
[2.830s] -- Install configuration: ""
[2.830s] -- Installing: /home/cl/CLionProjects/ws01_plumbing/install/cpp06_time/lib/cpp06_time/demo01_time
[2.831s] -- Set runtime path of "/home/cl/CLionProjects/ws01_plumbing/install/cpp06_time/lib/cpp06_time/demo01_time" to ""
[2.831s] -- Up-to-date: /home/cl/CLionProjects/ws01_plumbing/install/cpp06_time/share/ament_index/resource_index/package_run_dependencies/cpp06_time
[2.831s] -- Installing: /home/cl/CLionProjects/ws01_plumbing/install/cpp06_time/share/ament_index/resource_index/parent_prefix_path/cpp06_time
[2.831s] -- Up-to-date: /home/cl/CLionProjects/ws01_plumbing/install/cpp06_time/share/cpp06_time/environment/ament_prefix_path.sh
[2.831s] -- Installing: /home/cl/CLionProjects/ws01_plumbing/install/cpp06_time/share/cpp06_time/environment/ament_prefix_path.dsv
[2.831s] -- Up-to-date: /home/cl/CLionProjects/ws01_plumbing/install/cpp06_time/share/cpp06_time/environment/path.sh
[2.831s] -- Installing: /home/cl/CLionProjects/ws01_plumbing/install/cpp06_time/share/cpp06_time/environment/path.dsv
[2.831s] -- Up-to-date: /home/cl/CLionProjects/ws01_plumbing/install/cpp06_time/share/cpp06_time/local_setup.bash
[2.831s] -- Up-to-date: /home/cl/CLionProjects/ws01_plumbing/install/cpp06_time/share/cpp06_time/local_setup.sh
[2.831s] -- Up-to-date: /home/cl/CLionProjects/ws01_plumbing/install/cpp06_time/share/cpp06_time/local_setup.zsh
[2.831s] -- Installing: /home/cl/CLionProjects/ws01_plumbing/install/cpp06_time/share/cpp06_time/local_setup.dsv
[2.831s] -- Installing: /home/cl/CLionProjects/ws01_plumbing/install/cpp06_time/share/cpp06_time/package.dsv
[2.832s] -- Up-to-date: /home/cl/CLionProjects/ws01_plumbing/install/cpp06_time/share/ament_index/resource_index/packages/cpp06_time
[2.832s] -- Up-to-date: /home/cl/CLionProjects/ws01_plumbing/install/cpp06_time/share/cpp06_time/cmake/cpp06_timeConfig.cmake
[2.832s] -- Up-to-date: /home/cl/CLionProjects/ws01_plumbing/install/cpp06_time/share/cpp06_time/cmake/cpp06_timeConfig-version.cmake
[2.832s] -- Up-to-date: /home/cl/CLionProjects/ws01_plumbing/install/cpp06_time/share/cpp06_time/package.xml
[2.833s] Invoked command in '/home/cl/CLionProjects/ws01_plumbing/build/cpp06_time' returned '0': CMAKE_PREFIX_PATH=${CMAKE_PREFIX_PATH}:/home/cl/CLionProjects/ws01_plumbing/install/py05_names:/opt/ros/humble CONDA_PROMPT_MODIFIER=(base) /usr/bin/cmake --install /home/cl/CLionProjects/ws01_plumbing/build/cpp06_time
