[0.010s] Invoking command in '/home/cl/CLionProjects/ws01_plumbing/build/cpp02_service': CMAKE_PREFIX_PATH=/home/cl/CLionProjects/ws01_plumbing/install/base_interfaces_demo:/home/cl/CLionProjects/ws01_plumbing/install/cpp02_service:/opt/ros/humble /usr/bin/cmake /home/cl/CLionProjects/ws01_plumbing/src/cpp02_service -DCMAKE_INSTALL_PREFIX=/home/cl/CLionProjects/ws01_plumbing/install/cpp02_service
[0.078s] -- The C compiler identification is GNU 11.4.0
[0.164s] -- The CXX compiler identification is GNU 11.4.0
[0.171s] -- Detecting C compiler ABI info
[0.219s] -- Detecting C compiler ABI info - done
[0.225s] -- Check for working C compiler: /usr/bin/cc - skipped
[0.226s] -- Detecting C compile features
[0.226s] -- Detecting C compile features - done
[0.228s] -- Detecting CXX compiler ABI info
[0.285s] -- Detecting CXX compiler ABI info - done
[0.291s] -- Check for working CXX compiler: /usr/bin/c++ - skipped
[0.291s] -- Detecting CXX compile features
[0.292s] -- Detecting CXX compile features - done
[0.293s] -- Found ament_cmake: 1.3.11 (/opt/ros/humble/share/ament_cmake/cmake)
[0.411s] -- Found Python3: /usr/bin/python3 (found version "3.10.12") found components: Interpreter 
[0.477s] -- Found rclcpp: 16.0.11 (/opt/ros/humble/share/rclcpp/cmake)
[0.509s] -- Found rosidl_generator_c: 3.1.6 (/opt/ros/humble/share/rosidl_generator_c/cmake)
[0.513s] -- Found rosidl_adapter: 3.1.6 (/opt/ros/humble/share/rosidl_adapter/cmake)
[0.519s] -- Found rosidl_generator_cpp: 3.1.6 (/opt/ros/humble/share/rosidl_generator_cpp/cmake)
[0.529s] -- Using all available rosidl_typesupport_c: rosidl_typesupport_fastrtps_c;rosidl_typesupport_introspection_c
[0.541s] -- Using all available rosidl_typesupport_cpp: rosidl_typesupport_fastrtps_cpp;rosidl_typesupport_introspection_cpp
[0.575s] -- Found rmw_implementation_cmake: 6.1.2 (/opt/ros/humble/share/rmw_implementation_cmake/cmake)
[0.577s] -- Found rmw_fastrtps_cpp: 6.2.7 (/opt/ros/humble/share/rmw_fastrtps_cpp/cmake)
[0.635s] -- Found OpenSSL: /usr/lib/x86_64-linux-gnu/libcrypto.so (found version "3.0.2")  
[0.653s] -- Found FastRTPS: /opt/ros/humble/include  
[0.682s] -- Using RMW implementation 'rmw_fastrtps_cpp' as default
[0.688s] -- Looking for pthread.h
[0.740s] -- Looking for pthread.h - found
[0.740s] -- Performing Test CMAKE_HAVE_LIBC_PTHREAD
[0.791s] -- Performing Test CMAKE_HAVE_LIBC_PTHREAD - Success
[0.792s] -- Found Threads: TRUE  
[0.835s] -- Found base_interfaces_demo: 0.0.0 (/home/cl/CLionProjects/ws01_plumbing/install/base_interfaces_demo/share/base_interfaces_demo/cmake)
[0.844s] -- Found ament_lint_auto: 0.12.11 (/opt/ros/humble/share/ament_lint_auto/cmake)
[0.905s] -- Added test 'cppcheck' to perform static code analysis on C / C++ code
[0.905s] -- Configured cppcheck include dirs: $<BUILD_INTERFACE:/home/cl/CLionProjects/ws01_plumbing/src/cpp02_service/include>
[0.905s] -- Configured cppcheck exclude dirs and/or files: 
[0.905s] -- Added test 'lint_cmake' to check CMake code style
[0.906s] -- Added test 'uncrustify' to check C / C++ code style
[0.906s] -- Configured uncrustify additional arguments: 
[0.906s] -- Added test 'xmllint' to check XML markup files
[0.907s] -- Configuring done
[0.916s] -- Generating done
[0.920s] -- Build files have been written to: /home/cl/CLionProjects/ws01_plumbing/build/cpp02_service
[0.927s] Invoked command in '/home/cl/CLionProjects/ws01_plumbing/build/cpp02_service' returned '0': CMAKE_PREFIX_PATH=/home/cl/CLionProjects/ws01_plumbing/install/base_interfaces_demo:/home/cl/CLionProjects/ws01_plumbing/install/cpp02_service:/opt/ros/humble /usr/bin/cmake /home/cl/CLionProjects/ws01_plumbing/src/cpp02_service -DCMAKE_INSTALL_PREFIX=/home/cl/CLionProjects/ws01_plumbing/install/cpp02_service
[0.928s] Invoking command in '/home/cl/CLionProjects/ws01_plumbing/build/cpp02_service': CMAKE_PREFIX_PATH=/home/cl/CLionProjects/ws01_plumbing/install/base_interfaces_demo:/home/cl/CLionProjects/ws01_plumbing/install/cpp02_service:/opt/ros/humble /usr/bin/cmake --build /home/cl/CLionProjects/ws01_plumbing/build/cpp02_service -- -j8 -l8
[0.963s] [ 50%] [32mBuilding CXX object CMakeFiles/demo01_server.dir/src/demo01_server.cpp.o[0m
[0.963s] [ 50%] [32mBuilding CXX object CMakeFiles/demo02_client.dir/src/demo02_client.cpp.o[0m
[3.844s] [ 75%] [32m[1mLinking CXX executable demo01_server[0m
[3.939s] [100%] [32m[1mLinking CXX executable demo02_client[0m
[3.963s] [100%] Built target demo01_server
[4.054s] [100%] Built target demo02_client
[4.062s] Invoked command in '/home/cl/CLionProjects/ws01_plumbing/build/cpp02_service' returned '0': CMAKE_PREFIX_PATH=/home/cl/CLionProjects/ws01_plumbing/install/base_interfaces_demo:/home/cl/CLionProjects/ws01_plumbing/install/cpp02_service:/opt/ros/humble /usr/bin/cmake --build /home/cl/CLionProjects/ws01_plumbing/build/cpp02_service -- -j8 -l8
[4.069s] Invoking command in '/home/cl/CLionProjects/ws01_plumbing/build/cpp02_service': CMAKE_PREFIX_PATH=/home/cl/CLionProjects/ws01_plumbing/install/base_interfaces_demo:/home/cl/CLionProjects/ws01_plumbing/install/cpp02_service:/opt/ros/humble /usr/bin/cmake --install /home/cl/CLionProjects/ws01_plumbing/build/cpp02_service
[4.075s] -- Install configuration: ""
[4.075s] -- Installing: /home/cl/CLionProjects/ws01_plumbing/install/cpp02_service/lib/cpp02_service/demo01_server
[4.075s] -- Set runtime path of "/home/cl/CLionProjects/ws01_plumbing/install/cpp02_service/lib/cpp02_service/demo01_server" to ""
[4.075s] -- Installing: /home/cl/CLionProjects/ws01_plumbing/install/cpp02_service/lib/cpp02_service/demo02_client
[4.076s] -- Set runtime path of "/home/cl/CLionProjects/ws01_plumbing/install/cpp02_service/lib/cpp02_service/demo02_client" to ""
[4.076s] -- Installing: /home/cl/CLionProjects/ws01_plumbing/install/cpp02_service/share/ament_index/resource_index/package_run_dependencies/cpp02_service
[4.076s] -- Installing: /home/cl/CLionProjects/ws01_plumbing/install/cpp02_service/share/ament_index/resource_index/parent_prefix_path/cpp02_service
[4.076s] -- Installing: /home/cl/CLionProjects/ws01_plumbing/install/cpp02_service/share/cpp02_service/environment/ament_prefix_path.sh
[4.077s] -- Installing: /home/cl/CLionProjects/ws01_plumbing/install/cpp02_service/share/cpp02_service/environment/ament_prefix_path.dsv
[4.077s] -- Installing: /home/cl/CLionProjects/ws01_plumbing/install/cpp02_service/share/cpp02_service/environment/path.sh
[4.077s] -- Installing: /home/cl/CLionProjects/ws01_plumbing/install/cpp02_service/share/cpp02_service/environment/path.dsv
[4.077s] -- Installing: /home/cl/CLionProjects/ws01_plumbing/install/cpp02_service/share/cpp02_service/local_setup.bash
[4.077s] -- Installing: /home/cl/CLionProjects/ws01_plumbing/install/cpp02_service/share/cpp02_service/local_setup.sh
[4.077s] -- Installing: /home/cl/CLionProjects/ws01_plumbing/install/cpp02_service/share/cpp02_service/local_setup.zsh
[4.077s] -- Installing: /home/cl/CLionProjects/ws01_plumbing/install/cpp02_service/share/cpp02_service/local_setup.dsv
[4.077s] -- Installing: /home/cl/CLionProjects/ws01_plumbing/install/cpp02_service/share/cpp02_service/package.dsv
[4.078s] -- Installing: /home/cl/CLionProjects/ws01_plumbing/install/cpp02_service/share/ament_index/resource_index/packages/cpp02_service
[4.078s] -- Installing: /home/cl/CLionProjects/ws01_plumbing/install/cpp02_service/share/cpp02_service/cmake/cpp02_serviceConfig.cmake
[4.078s] -- Installing: /home/cl/CLionProjects/ws01_plumbing/install/cpp02_service/share/cpp02_service/cmake/cpp02_serviceConfig-version.cmake
[4.078s] -- Installing: /home/cl/CLionProjects/ws01_plumbing/install/cpp02_service/share/cpp02_service/package.xml
[4.080s] Invoked command in '/home/cl/CLionProjects/ws01_plumbing/build/cpp02_service' returned '0': CMAKE_PREFIX_PATH=/home/cl/CLionProjects/ws01_plumbing/install/base_interfaces_demo:/home/cl/CLionProjects/ws01_plumbing/install/cpp02_service:/opt/ros/humble /usr/bin/cmake --install /home/cl/CLionProjects/ws01_plumbing/build/cpp02_service
