[0.089s] DEBUG:colcon:Command line arguments: ['/usr/bin/colcon', 'build', '--packages-select', 'cpp02_service']
[0.089s] DEBUG:colcon:Parsed command line arguments: Namespace(log_base=None, log_level=None, verb_name='build', build_base='build', install_base='install', merge_install=False, symlink_install=False, test_result_base=None, continue_on_error=False, executor='parallel', parallel_workers=8, event_handlers=None, ignore_user_meta=False, metas=['./colcon.meta'], base_paths=['.'], packages_ignore=None, packages_ignore_regex=None, paths=None, packages_up_to=None, packages_up_to_regex=None, packages_above=None, packages_above_and_dependencies=None, packages_above_depth=None, packages_select_by_dep=None, packages_skip_by_dep=None, packages_skip_up_to=None, packages_select_build_failed=False, packages_skip_build_finished=False, packages_select_test_failures=False, packages_skip_test_passed=False, packages_select=['cpp02_service'], packages_skip=None, packages_select_regex=None, packages_skip_regex=None, packages_start=None, packages_end=None, allow_overriding=[], cmake_args=None, cmake_target=None, cmake_target_skip_unavailable=False, cmake_clean_cache=False, cmake_clean_first=False, cmake_force_configure=False, ament_cmake_args=None, catkin_cmake_args=None, catkin_skip_building_tests=False, verb_parser=<colcon_defaults.argument_parser.defaults.DefaultArgumentsDecorator object at 0x768fba22ef50>, verb_extension=<colcon_core.verb.build.BuildVerb object at 0x768fba378340>, main=<bound method BuildVerb.main of <colcon_core.verb.build.BuildVerb object at 0x768fba378340>>)
[0.244s] Level 1:colcon.colcon_core.package_discovery:discover_packages(colcon_meta) check parameters
[0.245s] Level 1:colcon.colcon_core.package_discovery:discover_packages(recursive) check parameters
[0.245s] Level 1:colcon.colcon_core.package_discovery:discover_packages(ignore) check parameters
[0.245s] Level 1:colcon.colcon_core.package_discovery:discover_packages(path) check parameters
[0.245s] Level 1:colcon.colcon_core.package_discovery:discover_packages(colcon_meta) discover
[0.245s] Level 1:colcon.colcon_core.package_discovery:discover_packages(recursive) discover
[0.245s] INFO:colcon.colcon_core.package_discovery:Crawling recursively for packages in '/home/cl/CLionProjects/ws01_plumbing'
[0.245s] Level 1:colcon.colcon_core.package_identification:_identify(.) by extensions ['ignore', 'ignore_ament_install']
[0.245s] Level 1:colcon.colcon_core.package_identification:_identify(.) by extension 'ignore'
[0.245s] Level 1:colcon.colcon_core.package_identification:_identify(.) by extension 'ignore_ament_install'
[0.245s] Level 1:colcon.colcon_core.package_identification:_identify(.) by extensions ['colcon_pkg']
[0.245s] Level 1:colcon.colcon_core.package_identification:_identify(.) by extension 'colcon_pkg'
[0.245s] Level 1:colcon.colcon_core.package_identification:_identify(.) by extensions ['colcon_meta']
[0.245s] Level 1:colcon.colcon_core.package_identification:_identify(.) by extension 'colcon_meta'
[0.245s] Level 1:colcon.colcon_core.package_identification:_identify(.) by extensions ['ros']
[0.245s] Level 1:colcon.colcon_core.package_identification:_identify(.) by extension 'ros'
[0.254s] Level 1:colcon.colcon_core.package_identification:_identify(.) by extensions ['cmake', 'python']
[0.254s] Level 1:colcon.colcon_core.package_identification:_identify(.) by extension 'cmake'
[0.297s] ERROR:colcon.colcon_core.package_identification:Exception in package identification extension 'cmake' in '.': Failed to extract project name from 'CMakeLists.txt'
Traceback (most recent call last):
  File "/usr/lib/python3/dist-packages/colcon_core/package_identification/__init__.py", line 144, in _identify
    retval = extension.identify(_reused_descriptor_instance)
  File "/usr/lib/python3/dist-packages/colcon_cmake/package_identification/cmake.py", line 36, in identify
    raise RuntimeError(
RuntimeError: Failed to extract project name from 'CMakeLists.txt'

[0.297s] Level 1:colcon.colcon_core.package_identification:_identify(.) by extension 'python'
[0.297s] Level 1:colcon.colcon_core.package_identification:_identify(.) by extensions ['python_setup_py']
[0.297s] Level 1:colcon.colcon_core.package_identification:_identify(.) by extension 'python_setup_py'
[0.297s] Level 1:colcon.colcon_core.package_identification:_identify(build) by extensions ['ignore', 'ignore_ament_install']
[0.297s] Level 1:colcon.colcon_core.package_identification:_identify(build) by extension 'ignore'
[0.297s] Level 1:colcon.colcon_core.package_identification:_identify(build) ignored
[0.297s] Level 1:colcon.colcon_core.package_identification:_identify(cmake-build) by extensions ['ignore', 'ignore_ament_install']
[0.297s] Level 1:colcon.colcon_core.package_identification:_identify(cmake-build) by extension 'ignore'
[0.297s] Level 1:colcon.colcon_core.package_identification:_identify(cmake-build) by extension 'ignore_ament_install'
[0.297s] Level 1:colcon.colcon_core.package_identification:_identify(cmake-build) by extensions ['colcon_pkg']
[0.297s] Level 1:colcon.colcon_core.package_identification:_identify(cmake-build) by extension 'colcon_pkg'
[0.297s] Level 1:colcon.colcon_core.package_identification:_identify(cmake-build) by extensions ['colcon_meta']
[0.297s] Level 1:colcon.colcon_core.package_identification:_identify(cmake-build) by extension 'colcon_meta'
[0.298s] Level 1:colcon.colcon_core.package_identification:_identify(cmake-build) by extensions ['ros']
[0.298s] Level 1:colcon.colcon_core.package_identification:_identify(cmake-build) by extension 'ros'
[0.298s] Level 1:colcon.colcon_core.package_identification:_identify(cmake-build) by extensions ['cmake', 'python']
[0.298s] Level 1:colcon.colcon_core.package_identification:_identify(cmake-build) by extension 'cmake'
[0.298s] Level 1:colcon.colcon_core.package_identification:_identify(cmake-build) by extension 'python'
[0.298s] Level 1:colcon.colcon_core.package_identification:_identify(cmake-build) by extensions ['python_setup_py']
[0.298s] Level 1:colcon.colcon_core.package_identification:_identify(cmake-build) by extension 'python_setup_py'
[0.298s] Level 1:colcon.colcon_core.package_identification:_identify(cmake-build/CMakeFiles) by extensions ['ignore', 'ignore_ament_install']
[0.298s] Level 1:colcon.colcon_core.package_identification:_identify(cmake-build/CMakeFiles) by extension 'ignore'
[0.298s] Level 1:colcon.colcon_core.package_identification:_identify(cmake-build/CMakeFiles) by extension 'ignore_ament_install'
[0.298s] Level 1:colcon.colcon_core.package_identification:_identify(cmake-build/CMakeFiles) by extensions ['colcon_pkg']
[0.298s] Level 1:colcon.colcon_core.package_identification:_identify(cmake-build/CMakeFiles) by extension 'colcon_pkg'
[0.298s] Level 1:colcon.colcon_core.package_identification:_identify(cmake-build/CMakeFiles) by extensions ['colcon_meta']
[0.298s] Level 1:colcon.colcon_core.package_identification:_identify(cmake-build/CMakeFiles) by extension 'colcon_meta'
[0.298s] Level 1:colcon.colcon_core.package_identification:_identify(cmake-build/CMakeFiles) by extensions ['ros']
[0.298s] Level 1:colcon.colcon_core.package_identification:_identify(cmake-build/CMakeFiles) by extension 'ros'
[0.298s] Level 1:colcon.colcon_core.package_identification:_identify(cmake-build/CMakeFiles) by extensions ['cmake', 'python']
[0.298s] Level 1:colcon.colcon_core.package_identification:_identify(cmake-build/CMakeFiles) by extension 'cmake'
[0.298s] Level 1:colcon.colcon_core.package_identification:_identify(cmake-build/CMakeFiles) by extension 'python'
[0.299s] Level 1:colcon.colcon_core.package_identification:_identify(cmake-build/CMakeFiles) by extensions ['python_setup_py']
[0.299s] Level 1:colcon.colcon_core.package_identification:_identify(cmake-build/CMakeFiles) by extension 'python_setup_py'
[0.299s] Level 1:colcon.colcon_core.package_identification:_identify(cmake-build/CMakeFiles/3.30.5) by extensions ['ignore', 'ignore_ament_install']
[0.299s] Level 1:colcon.colcon_core.package_identification:_identify(cmake-build/CMakeFiles/3.30.5) by extension 'ignore'
[0.299s] Level 1:colcon.colcon_core.package_identification:_identify(cmake-build/CMakeFiles/3.30.5) by extension 'ignore_ament_install'
[0.299s] Level 1:colcon.colcon_core.package_identification:_identify(cmake-build/CMakeFiles/3.30.5) by extensions ['colcon_pkg']
[0.299s] Level 1:colcon.colcon_core.package_identification:_identify(cmake-build/CMakeFiles/3.30.5) by extension 'colcon_pkg'
[0.299s] Level 1:colcon.colcon_core.package_identification:_identify(cmake-build/CMakeFiles/3.30.5) by extensions ['colcon_meta']
[0.299s] Level 1:colcon.colcon_core.package_identification:_identify(cmake-build/CMakeFiles/3.30.5) by extension 'colcon_meta'
[0.299s] Level 1:colcon.colcon_core.package_identification:_identify(cmake-build/CMakeFiles/3.30.5) by extensions ['ros']
[0.299s] Level 1:colcon.colcon_core.package_identification:_identify(cmake-build/CMakeFiles/3.30.5) by extension 'ros'
[0.299s] Level 1:colcon.colcon_core.package_identification:_identify(cmake-build/CMakeFiles/3.30.5) by extensions ['cmake', 'python']
[0.299s] Level 1:colcon.colcon_core.package_identification:_identify(cmake-build/CMakeFiles/3.30.5) by extension 'cmake'
[0.299s] Level 1:colcon.colcon_core.package_identification:_identify(cmake-build/CMakeFiles/3.30.5) by extension 'python'
[0.299s] Level 1:colcon.colcon_core.package_identification:_identify(cmake-build/CMakeFiles/3.30.5) by extensions ['python_setup_py']
[0.299s] Level 1:colcon.colcon_core.package_identification:_identify(cmake-build/CMakeFiles/3.30.5) by extension 'python_setup_py'
[0.299s] Level 1:colcon.colcon_core.package_identification:_identify(cmake-build/CMakeFiles/3.30.5/CompilerIdC) by extensions ['ignore', 'ignore_ament_install']
[0.299s] Level 1:colcon.colcon_core.package_identification:_identify(cmake-build/CMakeFiles/3.30.5/CompilerIdC) by extension 'ignore'
[0.299s] Level 1:colcon.colcon_core.package_identification:_identify(cmake-build/CMakeFiles/3.30.5/CompilerIdC) by extension 'ignore_ament_install'
[0.299s] Level 1:colcon.colcon_core.package_identification:_identify(cmake-build/CMakeFiles/3.30.5/CompilerIdC) by extensions ['colcon_pkg']
[0.299s] Level 1:colcon.colcon_core.package_identification:_identify(cmake-build/CMakeFiles/3.30.5/CompilerIdC) by extension 'colcon_pkg'
[0.300s] Level 1:colcon.colcon_core.package_identification:_identify(cmake-build/CMakeFiles/3.30.5/CompilerIdC) by extensions ['colcon_meta']
[0.300s] Level 1:colcon.colcon_core.package_identification:_identify(cmake-build/CMakeFiles/3.30.5/CompilerIdC) by extension 'colcon_meta'
[0.300s] Level 1:colcon.colcon_core.package_identification:_identify(cmake-build/CMakeFiles/3.30.5/CompilerIdC) by extensions ['ros']
[0.300s] Level 1:colcon.colcon_core.package_identification:_identify(cmake-build/CMakeFiles/3.30.5/CompilerIdC) by extension 'ros'
[0.300s] Level 1:colcon.colcon_core.package_identification:_identify(cmake-build/CMakeFiles/3.30.5/CompilerIdC) by extensions ['cmake', 'python']
[0.300s] Level 1:colcon.colcon_core.package_identification:_identify(cmake-build/CMakeFiles/3.30.5/CompilerIdC) by extension 'cmake'
[0.300s] Level 1:colcon.colcon_core.package_identification:_identify(cmake-build/CMakeFiles/3.30.5/CompilerIdC) by extension 'python'
[0.300s] Level 1:colcon.colcon_core.package_identification:_identify(cmake-build/CMakeFiles/3.30.5/CompilerIdC) by extensions ['python_setup_py']
[0.300s] Level 1:colcon.colcon_core.package_identification:_identify(cmake-build/CMakeFiles/3.30.5/CompilerIdC) by extension 'python_setup_py'
[0.300s] Level 1:colcon.colcon_core.package_identification:_identify(cmake-build/CMakeFiles/3.30.5/CompilerIdC/tmp) by extensions ['ignore', 'ignore_ament_install']
[0.300s] Level 1:colcon.colcon_core.package_identification:_identify(cmake-build/CMakeFiles/3.30.5/CompilerIdC/tmp) by extension 'ignore'
[0.300s] Level 1:colcon.colcon_core.package_identification:_identify(cmake-build/CMakeFiles/3.30.5/CompilerIdC/tmp) by extension 'ignore_ament_install'
[0.300s] Level 1:colcon.colcon_core.package_identification:_identify(cmake-build/CMakeFiles/3.30.5/CompilerIdC/tmp) by extensions ['colcon_pkg']
[0.300s] Level 1:colcon.colcon_core.package_identification:_identify(cmake-build/CMakeFiles/3.30.5/CompilerIdC/tmp) by extension 'colcon_pkg'
[0.300s] Level 1:colcon.colcon_core.package_identification:_identify(cmake-build/CMakeFiles/3.30.5/CompilerIdC/tmp) by extensions ['colcon_meta']
[0.300s] Level 1:colcon.colcon_core.package_identification:_identify(cmake-build/CMakeFiles/3.30.5/CompilerIdC/tmp) by extension 'colcon_meta'
[0.300s] Level 1:colcon.colcon_core.package_identification:_identify(cmake-build/CMakeFiles/3.30.5/CompilerIdC/tmp) by extensions ['ros']
[0.300s] Level 1:colcon.colcon_core.package_identification:_identify(cmake-build/CMakeFiles/3.30.5/CompilerIdC/tmp) by extension 'ros'
[0.300s] Level 1:colcon.colcon_core.package_identification:_identify(cmake-build/CMakeFiles/3.30.5/CompilerIdC/tmp) by extensions ['cmake', 'python']
[0.300s] Level 1:colcon.colcon_core.package_identification:_identify(cmake-build/CMakeFiles/3.30.5/CompilerIdC/tmp) by extension 'cmake'
[0.300s] Level 1:colcon.colcon_core.package_identification:_identify(cmake-build/CMakeFiles/3.30.5/CompilerIdC/tmp) by extension 'python'
[0.300s] Level 1:colcon.colcon_core.package_identification:_identify(cmake-build/CMakeFiles/3.30.5/CompilerIdC/tmp) by extensions ['python_setup_py']
[0.300s] Level 1:colcon.colcon_core.package_identification:_identify(cmake-build/CMakeFiles/3.30.5/CompilerIdC/tmp) by extension 'python_setup_py'
[0.301s] Level 1:colcon.colcon_core.package_identification:_identify(cmake-build/CMakeFiles/3.30.5/CompilerIdCXX) by extensions ['ignore', 'ignore_ament_install']
[0.301s] Level 1:colcon.colcon_core.package_identification:_identify(cmake-build/CMakeFiles/3.30.5/CompilerIdCXX) by extension 'ignore'
[0.301s] Level 1:colcon.colcon_core.package_identification:_identify(cmake-build/CMakeFiles/3.30.5/CompilerIdCXX) by extension 'ignore_ament_install'
[0.301s] Level 1:colcon.colcon_core.package_identification:_identify(cmake-build/CMakeFiles/3.30.5/CompilerIdCXX) by extensions ['colcon_pkg']
[0.301s] Level 1:colcon.colcon_core.package_identification:_identify(cmake-build/CMakeFiles/3.30.5/CompilerIdCXX) by extension 'colcon_pkg'
[0.301s] Level 1:colcon.colcon_core.package_identification:_identify(cmake-build/CMakeFiles/3.30.5/CompilerIdCXX) by extensions ['colcon_meta']
[0.301s] Level 1:colcon.colcon_core.package_identification:_identify(cmake-build/CMakeFiles/3.30.5/CompilerIdCXX) by extension 'colcon_meta'
[0.301s] Level 1:colcon.colcon_core.package_identification:_identify(cmake-build/CMakeFiles/3.30.5/CompilerIdCXX) by extensions ['ros']
[0.301s] Level 1:colcon.colcon_core.package_identification:_identify(cmake-build/CMakeFiles/3.30.5/CompilerIdCXX) by extension 'ros'
[0.301s] Level 1:colcon.colcon_core.package_identification:_identify(cmake-build/CMakeFiles/3.30.5/CompilerIdCXX) by extensions ['cmake', 'python']
[0.301s] Level 1:colcon.colcon_core.package_identification:_identify(cmake-build/CMakeFiles/3.30.5/CompilerIdCXX) by extension 'cmake'
[0.301s] Level 1:colcon.colcon_core.package_identification:_identify(cmake-build/CMakeFiles/3.30.5/CompilerIdCXX) by extension 'python'
[0.301s] Level 1:colcon.colcon_core.package_identification:_identify(cmake-build/CMakeFiles/3.30.5/CompilerIdCXX) by extensions ['python_setup_py']
[0.301s] Level 1:colcon.colcon_core.package_identification:_identify(cmake-build/CMakeFiles/3.30.5/CompilerIdCXX) by extension 'python_setup_py'
[0.301s] Level 1:colcon.colcon_core.package_identification:_identify(cmake-build/CMakeFiles/3.30.5/CompilerIdCXX/tmp) by extensions ['ignore', 'ignore_ament_install']
[0.301s] Level 1:colcon.colcon_core.package_identification:_identify(cmake-build/CMakeFiles/3.30.5/CompilerIdCXX/tmp) by extension 'ignore'
[0.301s] Level 1:colcon.colcon_core.package_identification:_identify(cmake-build/CMakeFiles/3.30.5/CompilerIdCXX/tmp) by extension 'ignore_ament_install'
[0.301s] Level 1:colcon.colcon_core.package_identification:_identify(cmake-build/CMakeFiles/3.30.5/CompilerIdCXX/tmp) by extensions ['colcon_pkg']
[0.301s] Level 1:colcon.colcon_core.package_identification:_identify(cmake-build/CMakeFiles/3.30.5/CompilerIdCXX/tmp) by extension 'colcon_pkg'
[0.301s] Level 1:colcon.colcon_core.package_identification:_identify(cmake-build/CMakeFiles/3.30.5/CompilerIdCXX/tmp) by extensions ['colcon_meta']
[0.301s] Level 1:colcon.colcon_core.package_identification:_identify(cmake-build/CMakeFiles/3.30.5/CompilerIdCXX/tmp) by extension 'colcon_meta'
[0.302s] Level 1:colcon.colcon_core.package_identification:_identify(cmake-build/CMakeFiles/3.30.5/CompilerIdCXX/tmp) by extensions ['ros']
[0.302s] Level 1:colcon.colcon_core.package_identification:_identify(cmake-build/CMakeFiles/3.30.5/CompilerIdCXX/tmp) by extension 'ros'
[0.302s] Level 1:colcon.colcon_core.package_identification:_identify(cmake-build/CMakeFiles/3.30.5/CompilerIdCXX/tmp) by extensions ['cmake', 'python']
[0.302s] Level 1:colcon.colcon_core.package_identification:_identify(cmake-build/CMakeFiles/3.30.5/CompilerIdCXX/tmp) by extension 'cmake'
[0.302s] Level 1:colcon.colcon_core.package_identification:_identify(cmake-build/CMakeFiles/3.30.5/CompilerIdCXX/tmp) by extension 'python'
[0.302s] Level 1:colcon.colcon_core.package_identification:_identify(cmake-build/CMakeFiles/3.30.5/CompilerIdCXX/tmp) by extensions ['python_setup_py']
[0.302s] Level 1:colcon.colcon_core.package_identification:_identify(cmake-build/CMakeFiles/3.30.5/CompilerIdCXX/tmp) by extension 'python_setup_py'
[0.302s] Level 1:colcon.colcon_core.package_identification:_identify(cmake-build/CMakeFiles/pkgRedirects) by extensions ['ignore', 'ignore_ament_install']
[0.302s] Level 1:colcon.colcon_core.package_identification:_identify(cmake-build/CMakeFiles/pkgRedirects) by extension 'ignore'
[0.302s] Level 1:colcon.colcon_core.package_identification:_identify(cmake-build/CMakeFiles/pkgRedirects) by extension 'ignore_ament_install'
[0.302s] Level 1:colcon.colcon_core.package_identification:_identify(cmake-build/CMakeFiles/pkgRedirects) by extensions ['colcon_pkg']
[0.302s] Level 1:colcon.colcon_core.package_identification:_identify(cmake-build/CMakeFiles/pkgRedirects) by extension 'colcon_pkg'
[0.302s] Level 1:colcon.colcon_core.package_identification:_identify(cmake-build/CMakeFiles/pkgRedirects) by extensions ['colcon_meta']
[0.302s] Level 1:colcon.colcon_core.package_identification:_identify(cmake-build/CMakeFiles/pkgRedirects) by extension 'colcon_meta'
[0.302s] Level 1:colcon.colcon_core.package_identification:_identify(cmake-build/CMakeFiles/pkgRedirects) by extensions ['ros']
[0.302s] Level 1:colcon.colcon_core.package_identification:_identify(cmake-build/CMakeFiles/pkgRedirects) by extension 'ros'
[0.302s] Level 1:colcon.colcon_core.package_identification:_identify(cmake-build/CMakeFiles/pkgRedirects) by extensions ['cmake', 'python']
[0.302s] Level 1:colcon.colcon_core.package_identification:_identify(cmake-build/CMakeFiles/pkgRedirects) by extension 'cmake'
[0.302s] Level 1:colcon.colcon_core.package_identification:_identify(cmake-build/CMakeFiles/pkgRedirects) by extension 'python'
[0.302s] Level 1:colcon.colcon_core.package_identification:_identify(cmake-build/CMakeFiles/pkgRedirects) by extensions ['python_setup_py']
[0.302s] Level 1:colcon.colcon_core.package_identification:_identify(cmake-build/CMakeFiles/pkgRedirects) by extension 'python_setup_py'
[0.302s] Level 1:colcon.colcon_core.package_identification:_identify(cmake-build/Testing) by extensions ['ignore', 'ignore_ament_install']
[0.303s] Level 1:colcon.colcon_core.package_identification:_identify(cmake-build/Testing) by extension 'ignore'
[0.303s] Level 1:colcon.colcon_core.package_identification:_identify(cmake-build/Testing) by extension 'ignore_ament_install'
[0.303s] Level 1:colcon.colcon_core.package_identification:_identify(cmake-build/Testing) by extensions ['colcon_pkg']
[0.303s] Level 1:colcon.colcon_core.package_identification:_identify(cmake-build/Testing) by extension 'colcon_pkg'
[0.303s] Level 1:colcon.colcon_core.package_identification:_identify(cmake-build/Testing) by extensions ['colcon_meta']
[0.303s] Level 1:colcon.colcon_core.package_identification:_identify(cmake-build/Testing) by extension 'colcon_meta'
[0.303s] Level 1:colcon.colcon_core.package_identification:_identify(cmake-build/Testing) by extensions ['ros']
[0.303s] Level 1:colcon.colcon_core.package_identification:_identify(cmake-build/Testing) by extension 'ros'
[0.303s] Level 1:colcon.colcon_core.package_identification:_identify(cmake-build/Testing) by extensions ['cmake', 'python']
[0.303s] Level 1:colcon.colcon_core.package_identification:_identify(cmake-build/Testing) by extension 'cmake'
[0.303s] Level 1:colcon.colcon_core.package_identification:_identify(cmake-build/Testing) by extension 'python'
[0.303s] Level 1:colcon.colcon_core.package_identification:_identify(cmake-build/Testing) by extensions ['python_setup_py']
[0.303s] Level 1:colcon.colcon_core.package_identification:_identify(cmake-build/Testing) by extension 'python_setup_py'
[0.303s] Level 1:colcon.colcon_core.package_identification:_identify(cmake-build/Testing/Temporary) by extensions ['ignore', 'ignore_ament_install']
[0.303s] Level 1:colcon.colcon_core.package_identification:_identify(cmake-build/Testing/Temporary) by extension 'ignore'
[0.303s] Level 1:colcon.colcon_core.package_identification:_identify(cmake-build/Testing/Temporary) by extension 'ignore_ament_install'
[0.303s] Level 1:colcon.colcon_core.package_identification:_identify(cmake-build/Testing/Temporary) by extensions ['colcon_pkg']
[0.303s] Level 1:colcon.colcon_core.package_identification:_identify(cmake-build/Testing/Temporary) by extension 'colcon_pkg'
[0.303s] Level 1:colcon.colcon_core.package_identification:_identify(cmake-build/Testing/Temporary) by extensions ['colcon_meta']
[0.303s] Level 1:colcon.colcon_core.package_identification:_identify(cmake-build/Testing/Temporary) by extension 'colcon_meta'
[0.303s] Level 1:colcon.colcon_core.package_identification:_identify(cmake-build/Testing/Temporary) by extensions ['ros']
[0.303s] Level 1:colcon.colcon_core.package_identification:_identify(cmake-build/Testing/Temporary) by extension 'ros'
[0.303s] Level 1:colcon.colcon_core.package_identification:_identify(cmake-build/Testing/Temporary) by extensions ['cmake', 'python']
[0.303s] Level 1:colcon.colcon_core.package_identification:_identify(cmake-build/Testing/Temporary) by extension 'cmake'
[0.304s] Level 1:colcon.colcon_core.package_identification:_identify(cmake-build/Testing/Temporary) by extension 'python'
[0.304s] Level 1:colcon.colcon_core.package_identification:_identify(cmake-build/Testing/Temporary) by extensions ['python_setup_py']
[0.304s] Level 1:colcon.colcon_core.package_identification:_identify(cmake-build/Testing/Temporary) by extension 'python_setup_py'
[0.304s] Level 1:colcon.colcon_core.package_identification:_identify(cmake-build/ament_cmake_environment_hooks) by extensions ['ignore', 'ignore_ament_install']
[0.304s] Level 1:colcon.colcon_core.package_identification:_identify(cmake-build/ament_cmake_environment_hooks) by extension 'ignore'
[0.304s] Level 1:colcon.colcon_core.package_identification:_identify(cmake-build/ament_cmake_environment_hooks) by extension 'ignore_ament_install'
[0.304s] Level 1:colcon.colcon_core.package_identification:_identify(cmake-build/ament_cmake_environment_hooks) by extensions ['colcon_pkg']
[0.304s] Level 1:colcon.colcon_core.package_identification:_identify(cmake-build/ament_cmake_environment_hooks) by extension 'colcon_pkg'
[0.304s] Level 1:colcon.colcon_core.package_identification:_identify(cmake-build/ament_cmake_environment_hooks) by extensions ['colcon_meta']
[0.304s] Level 1:colcon.colcon_core.package_identification:_identify(cmake-build/ament_cmake_environment_hooks) by extension 'colcon_meta'
[0.304s] Level 1:colcon.colcon_core.package_identification:_identify(cmake-build/ament_cmake_environment_hooks) by extensions ['ros']
[0.304s] Level 1:colcon.colcon_core.package_identification:_identify(cmake-build/ament_cmake_environment_hooks) by extension 'ros'
[0.304s] Level 1:colcon.colcon_core.package_identification:_identify(cmake-build/ament_cmake_environment_hooks) by extensions ['cmake', 'python']
[0.304s] Level 1:colcon.colcon_core.package_identification:_identify(cmake-build/ament_cmake_environment_hooks) by extension 'cmake'
[0.304s] Level 1:colcon.colcon_core.package_identification:_identify(cmake-build/ament_cmake_environment_hooks) by extension 'python'
[0.304s] Level 1:colcon.colcon_core.package_identification:_identify(cmake-build/ament_cmake_environment_hooks) by extensions ['python_setup_py']
[0.304s] Level 1:colcon.colcon_core.package_identification:_identify(cmake-build/ament_cmake_environment_hooks) by extension 'python_setup_py'
[0.304s] Level 1:colcon.colcon_core.package_identification:_identify(cmake-build/ament_cmake_index) by extensions ['ignore', 'ignore_ament_install']
[0.304s] Level 1:colcon.colcon_core.package_identification:_identify(cmake-build/ament_cmake_index) by extension 'ignore'
[0.304s] Level 1:colcon.colcon_core.package_identification:_identify(cmake-build/ament_cmake_index) by extension 'ignore_ament_install'
[0.304s] Level 1:colcon.colcon_core.package_identification:_identify(cmake-build/ament_cmake_index) by extensions ['colcon_pkg']
[0.304s] Level 1:colcon.colcon_core.package_identification:_identify(cmake-build/ament_cmake_index) by extension 'colcon_pkg'
[0.304s] Level 1:colcon.colcon_core.package_identification:_identify(cmake-build/ament_cmake_index) by extensions ['colcon_meta']
[0.304s] Level 1:colcon.colcon_core.package_identification:_identify(cmake-build/ament_cmake_index) by extension 'colcon_meta'
[0.305s] Level 1:colcon.colcon_core.package_identification:_identify(cmake-build/ament_cmake_index) by extensions ['ros']
[0.305s] Level 1:colcon.colcon_core.package_identification:_identify(cmake-build/ament_cmake_index) by extension 'ros'
[0.305s] Level 1:colcon.colcon_core.package_identification:_identify(cmake-build/ament_cmake_index) by extensions ['cmake', 'python']
[0.305s] Level 1:colcon.colcon_core.package_identification:_identify(cmake-build/ament_cmake_index) by extension 'cmake'
[0.305s] Level 1:colcon.colcon_core.package_identification:_identify(cmake-build/ament_cmake_index) by extension 'python'
[0.305s] Level 1:colcon.colcon_core.package_identification:_identify(cmake-build/ament_cmake_index) by extensions ['python_setup_py']
[0.305s] Level 1:colcon.colcon_core.package_identification:_identify(cmake-build/ament_cmake_index) by extension 'python_setup_py'
[0.305s] Level 1:colcon.colcon_core.package_identification:_identify(cmake-build/ament_cmake_index/share) by extensions ['ignore', 'ignore_ament_install']
[0.305s] Level 1:colcon.colcon_core.package_identification:_identify(cmake-build/ament_cmake_index/share) by extension 'ignore'
[0.305s] Level 1:colcon.colcon_core.package_identification:_identify(cmake-build/ament_cmake_index/share) by extension 'ignore_ament_install'
[0.305s] Level 1:colcon.colcon_core.package_identification:_identify(cmake-build/ament_cmake_index/share) by extensions ['colcon_pkg']
[0.305s] Level 1:colcon.colcon_core.package_identification:_identify(cmake-build/ament_cmake_index/share) by extension 'colcon_pkg'
[0.305s] Level 1:colcon.colcon_core.package_identification:_identify(cmake-build/ament_cmake_index/share) by extensions ['colcon_meta']
[0.305s] Level 1:colcon.colcon_core.package_identification:_identify(cmake-build/ament_cmake_index/share) by extension 'colcon_meta'
[0.305s] Level 1:colcon.colcon_core.package_identification:_identify(cmake-build/ament_cmake_index/share) by extensions ['ros']
[0.305s] Level 1:colcon.colcon_core.package_identification:_identify(cmake-build/ament_cmake_index/share) by extension 'ros'
[0.305s] Level 1:colcon.colcon_core.package_identification:_identify(cmake-build/ament_cmake_index/share) by extensions ['cmake', 'python']
[0.305s] Level 1:colcon.colcon_core.package_identification:_identify(cmake-build/ament_cmake_index/share) by extension 'cmake'
[0.305s] Level 1:colcon.colcon_core.package_identification:_identify(cmake-build/ament_cmake_index/share) by extension 'python'
[0.305s] Level 1:colcon.colcon_core.package_identification:_identify(cmake-build/ament_cmake_index/share) by extensions ['python_setup_py']
[0.305s] Level 1:colcon.colcon_core.package_identification:_identify(cmake-build/ament_cmake_index/share) by extension 'python_setup_py'
[0.305s] Level 1:colcon.colcon_core.package_identification:_identify(cmake-build/ament_cmake_index/share/ament_index) by extensions ['ignore', 'ignore_ament_install']
[0.305s] Level 1:colcon.colcon_core.package_identification:_identify(cmake-build/ament_cmake_index/share/ament_index) by extension 'ignore'
[0.306s] Level 1:colcon.colcon_core.package_identification:_identify(cmake-build/ament_cmake_index/share/ament_index) by extension 'ignore_ament_install'
[0.306s] Level 1:colcon.colcon_core.package_identification:_identify(cmake-build/ament_cmake_index/share/ament_index) by extensions ['colcon_pkg']
[0.306s] Level 1:colcon.colcon_core.package_identification:_identify(cmake-build/ament_cmake_index/share/ament_index) by extension 'colcon_pkg'
[0.306s] Level 1:colcon.colcon_core.package_identification:_identify(cmake-build/ament_cmake_index/share/ament_index) by extensions ['colcon_meta']
[0.306s] Level 1:colcon.colcon_core.package_identification:_identify(cmake-build/ament_cmake_index/share/ament_index) by extension 'colcon_meta'
[0.306s] Level 1:colcon.colcon_core.package_identification:_identify(cmake-build/ament_cmake_index/share/ament_index) by extensions ['ros']
[0.306s] Level 1:colcon.colcon_core.package_identification:_identify(cmake-build/ament_cmake_index/share/ament_index) by extension 'ros'
[0.306s] Level 1:colcon.colcon_core.package_identification:_identify(cmake-build/ament_cmake_index/share/ament_index) by extensions ['cmake', 'python']
[0.306s] Level 1:colcon.colcon_core.package_identification:_identify(cmake-build/ament_cmake_index/share/ament_index) by extension 'cmake'
[0.306s] Level 1:colcon.colcon_core.package_identification:_identify(cmake-build/ament_cmake_index/share/ament_index) by extension 'python'
[0.306s] Level 1:colcon.colcon_core.package_identification:_identify(cmake-build/ament_cmake_index/share/ament_index) by extensions ['python_setup_py']
[0.306s] Level 1:colcon.colcon_core.package_identification:_identify(cmake-build/ament_cmake_index/share/ament_index) by extension 'python_setup_py'
[0.306s] Level 1:colcon.colcon_core.package_identification:_identify(cmake-build/ament_cmake_index/share/ament_index/resource_index) by extensions ['ignore', 'ignore_ament_install']
[0.306s] Level 1:colcon.colcon_core.package_identification:_identify(cmake-build/ament_cmake_index/share/ament_index/resource_index) by extension 'ignore'
[0.306s] Level 1:colcon.colcon_core.package_identification:_identify(cmake-build/ament_cmake_index/share/ament_index/resource_index) by extension 'ignore_ament_install'
[0.306s] Level 1:colcon.colcon_core.package_identification:_identify(cmake-build/ament_cmake_index/share/ament_index/resource_index) by extensions ['colcon_pkg']
[0.306s] Level 1:colcon.colcon_core.package_identification:_identify(cmake-build/ament_cmake_index/share/ament_index/resource_index) by extension 'colcon_pkg'
[0.306s] Level 1:colcon.colcon_core.package_identification:_identify(cmake-build/ament_cmake_index/share/ament_index/resource_index) by extensions ['colcon_meta']
[0.306s] Level 1:colcon.colcon_core.package_identification:_identify(cmake-build/ament_cmake_index/share/ament_index/resource_index) by extension 'colcon_meta'
[0.306s] Level 1:colcon.colcon_core.package_identification:_identify(cmake-build/ament_cmake_index/share/ament_index/resource_index) by extensions ['ros']
[0.306s] Level 1:colcon.colcon_core.package_identification:_identify(cmake-build/ament_cmake_index/share/ament_index/resource_index) by extension 'ros'
[0.306s] Level 1:colcon.colcon_core.package_identification:_identify(cmake-build/ament_cmake_index/share/ament_index/resource_index) by extensions ['cmake', 'python']
[0.306s] Level 1:colcon.colcon_core.package_identification:_identify(cmake-build/ament_cmake_index/share/ament_index/resource_index) by extension 'cmake'
[0.306s] Level 1:colcon.colcon_core.package_identification:_identify(cmake-build/ament_cmake_index/share/ament_index/resource_index) by extension 'python'
[0.307s] Level 1:colcon.colcon_core.package_identification:_identify(cmake-build/ament_cmake_index/share/ament_index/resource_index) by extensions ['python_setup_py']
[0.307s] Level 1:colcon.colcon_core.package_identification:_identify(cmake-build/ament_cmake_index/share/ament_index/resource_index) by extension 'python_setup_py'
[0.307s] Level 1:colcon.colcon_core.package_identification:_identify(cmake-build/ament_cmake_index/share/ament_index/resource_index/package_run_dependencies) by extensions ['ignore', 'ignore_ament_install']
[0.307s] Level 1:colcon.colcon_core.package_identification:_identify(cmake-build/ament_cmake_index/share/ament_index/resource_index/package_run_dependencies) by extension 'ignore'
[0.307s] Level 1:colcon.colcon_core.package_identification:_identify(cmake-build/ament_cmake_index/share/ament_index/resource_index/package_run_dependencies) by extension 'ignore_ament_install'
[0.307s] Level 1:colcon.colcon_core.package_identification:_identify(cmake-build/ament_cmake_index/share/ament_index/resource_index/package_run_dependencies) by extensions ['colcon_pkg']
[0.307s] Level 1:colcon.colcon_core.package_identification:_identify(cmake-build/ament_cmake_index/share/ament_index/resource_index/package_run_dependencies) by extension 'colcon_pkg'
[0.307s] Level 1:colcon.colcon_core.package_identification:_identify(cmake-build/ament_cmake_index/share/ament_index/resource_index/package_run_dependencies) by extensions ['colcon_meta']
[0.307s] Level 1:colcon.colcon_core.package_identification:_identify(cmake-build/ament_cmake_index/share/ament_index/resource_index/package_run_dependencies) by extension 'colcon_meta'
[0.307s] Level 1:colcon.colcon_core.package_identification:_identify(cmake-build/ament_cmake_index/share/ament_index/resource_index/package_run_dependencies) by extensions ['ros']
[0.307s] Level 1:colcon.colcon_core.package_identification:_identify(cmake-build/ament_cmake_index/share/ament_index/resource_index/package_run_dependencies) by extension 'ros'
[0.307s] Level 1:colcon.colcon_core.package_identification:_identify(cmake-build/ament_cmake_index/share/ament_index/resource_index/package_run_dependencies) by extensions ['cmake', 'python']
[0.307s] Level 1:colcon.colcon_core.package_identification:_identify(cmake-build/ament_cmake_index/share/ament_index/resource_index/package_run_dependencies) by extension 'cmake'
[0.307s] Level 1:colcon.colcon_core.package_identification:_identify(cmake-build/ament_cmake_index/share/ament_index/resource_index/package_run_dependencies) by extension 'python'
[0.307s] Level 1:colcon.colcon_core.package_identification:_identify(cmake-build/ament_cmake_index/share/ament_index/resource_index/package_run_dependencies) by extensions ['python_setup_py']
[0.307s] Level 1:colcon.colcon_core.package_identification:_identify(cmake-build/ament_cmake_index/share/ament_index/resource_index/package_run_dependencies) by extension 'python_setup_py'
[0.307s] Level 1:colcon.colcon_core.package_identification:_identify(cmake-build/ament_cmake_index/share/ament_index/resource_index/packages) by extensions ['ignore', 'ignore_ament_install']
[0.307s] Level 1:colcon.colcon_core.package_identification:_identify(cmake-build/ament_cmake_index/share/ament_index/resource_index/packages) by extension 'ignore'
[0.307s] Level 1:colcon.colcon_core.package_identification:_identify(cmake-build/ament_cmake_index/share/ament_index/resource_index/packages) by extension 'ignore_ament_install'
[0.307s] Level 1:colcon.colcon_core.package_identification:_identify(cmake-build/ament_cmake_index/share/ament_index/resource_index/packages) by extensions ['colcon_pkg']
[0.307s] Level 1:colcon.colcon_core.package_identification:_identify(cmake-build/ament_cmake_index/share/ament_index/resource_index/packages) by extension 'colcon_pkg'
[0.307s] Level 1:colcon.colcon_core.package_identification:_identify(cmake-build/ament_cmake_index/share/ament_index/resource_index/packages) by extensions ['colcon_meta']
[0.308s] Level 1:colcon.colcon_core.package_identification:_identify(cmake-build/ament_cmake_index/share/ament_index/resource_index/packages) by extension 'colcon_meta'
[0.308s] Level 1:colcon.colcon_core.package_identification:_identify(cmake-build/ament_cmake_index/share/ament_index/resource_index/packages) by extensions ['ros']
[0.308s] Level 1:colcon.colcon_core.package_identification:_identify(cmake-build/ament_cmake_index/share/ament_index/resource_index/packages) by extension 'ros'
[0.308s] Level 1:colcon.colcon_core.package_identification:_identify(cmake-build/ament_cmake_index/share/ament_index/resource_index/packages) by extensions ['cmake', 'python']
[0.308s] Level 1:colcon.colcon_core.package_identification:_identify(cmake-build/ament_cmake_index/share/ament_index/resource_index/packages) by extension 'cmake'
[0.308s] Level 1:colcon.colcon_core.package_identification:_identify(cmake-build/ament_cmake_index/share/ament_index/resource_index/packages) by extension 'python'
[0.308s] Level 1:colcon.colcon_core.package_identification:_identify(cmake-build/ament_cmake_index/share/ament_index/resource_index/packages) by extensions ['python_setup_py']
[0.308s] Level 1:colcon.colcon_core.package_identification:_identify(cmake-build/ament_cmake_index/share/ament_index/resource_index/packages) by extension 'python_setup_py'
[0.308s] Level 1:colcon.colcon_core.package_identification:_identify(cmake-build/ament_cmake_index/share/ament_index/resource_index/parent_prefix_path) by extensions ['ignore', 'ignore_ament_install']
[0.308s] Level 1:colcon.colcon_core.package_identification:_identify(cmake-build/ament_cmake_index/share/ament_index/resource_index/parent_prefix_path) by extension 'ignore'
[0.308s] Level 1:colcon.colcon_core.package_identification:_identify(cmake-build/ament_cmake_index/share/ament_index/resource_index/parent_prefix_path) by extension 'ignore_ament_install'
[0.308s] Level 1:colcon.colcon_core.package_identification:_identify(cmake-build/ament_cmake_index/share/ament_index/resource_index/parent_prefix_path) by extensions ['colcon_pkg']
[0.308s] Level 1:colcon.colcon_core.package_identification:_identify(cmake-build/ament_cmake_index/share/ament_index/resource_index/parent_prefix_path) by extension 'colcon_pkg'
[0.308s] Level 1:colcon.colcon_core.package_identification:_identify(cmake-build/ament_cmake_index/share/ament_index/resource_index/parent_prefix_path) by extensions ['colcon_meta']
[0.308s] Level 1:colcon.colcon_core.package_identification:_identify(cmake-build/ament_cmake_index/share/ament_index/resource_index/parent_prefix_path) by extension 'colcon_meta'
[0.308s] Level 1:colcon.colcon_core.package_identification:_identify(cmake-build/ament_cmake_index/share/ament_index/resource_index/parent_prefix_path) by extensions ['ros']
[0.308s] Level 1:colcon.colcon_core.package_identification:_identify(cmake-build/ament_cmake_index/share/ament_index/resource_index/parent_prefix_path) by extension 'ros'
[0.308s] Level 1:colcon.colcon_core.package_identification:_identify(cmake-build/ament_cmake_index/share/ament_index/resource_index/parent_prefix_path) by extensions ['cmake', 'python']
[0.308s] Level 1:colcon.colcon_core.package_identification:_identify(cmake-build/ament_cmake_index/share/ament_index/resource_index/parent_prefix_path) by extension 'cmake'
[0.308s] Level 1:colcon.colcon_core.package_identification:_identify(cmake-build/ament_cmake_index/share/ament_index/resource_index/parent_prefix_path) by extension 'python'
[0.308s] Level 1:colcon.colcon_core.package_identification:_identify(cmake-build/ament_cmake_index/share/ament_index/resource_index/parent_prefix_path) by extensions ['python_setup_py']
[0.309s] Level 1:colcon.colcon_core.package_identification:_identify(cmake-build/ament_cmake_index/share/ament_index/resource_index/parent_prefix_path) by extension 'python_setup_py'
[0.309s] Level 1:colcon.colcon_core.package_identification:_identify(cmake-build/ament_cmake_index/share/ament_index/resource_index/rosidl_interfaces) by extensions ['ignore', 'ignore_ament_install']
[0.309s] Level 1:colcon.colcon_core.package_identification:_identify(cmake-build/ament_cmake_index/share/ament_index/resource_index/rosidl_interfaces) by extension 'ignore'
[0.309s] Level 1:colcon.colcon_core.package_identification:_identify(cmake-build/ament_cmake_index/share/ament_index/resource_index/rosidl_interfaces) by extension 'ignore_ament_install'
[0.309s] Level 1:colcon.colcon_core.package_identification:_identify(cmake-build/ament_cmake_index/share/ament_index/resource_index/rosidl_interfaces) by extensions ['colcon_pkg']
[0.309s] Level 1:colcon.colcon_core.package_identification:_identify(cmake-build/ament_cmake_index/share/ament_index/resource_index/rosidl_interfaces) by extension 'colcon_pkg'
[0.309s] Level 1:colcon.colcon_core.package_identification:_identify(cmake-build/ament_cmake_index/share/ament_index/resource_index/rosidl_interfaces) by extensions ['colcon_meta']
[0.309s] Level 1:colcon.colcon_core.package_identification:_identify(cmake-build/ament_cmake_index/share/ament_index/resource_index/rosidl_interfaces) by extension 'colcon_meta'
[0.309s] Level 1:colcon.colcon_core.package_identification:_identify(cmake-build/ament_cmake_index/share/ament_index/resource_index/rosidl_interfaces) by extensions ['ros']
[0.309s] Level 1:colcon.colcon_core.package_identification:_identify(cmake-build/ament_cmake_index/share/ament_index/resource_index/rosidl_interfaces) by extension 'ros'
[0.309s] Level 1:colcon.colcon_core.package_identification:_identify(cmake-build/ament_cmake_index/share/ament_index/resource_index/rosidl_interfaces) by extensions ['cmake', 'python']
[0.309s] Level 1:colcon.colcon_core.package_identification:_identify(cmake-build/ament_cmake_index/share/ament_index/resource_index/rosidl_interfaces) by extension 'cmake'
[0.309s] Level 1:colcon.colcon_core.package_identification:_identify(cmake-build/ament_cmake_index/share/ament_index/resource_index/rosidl_interfaces) by extension 'python'
[0.309s] Level 1:colcon.colcon_core.package_identification:_identify(cmake-build/ament_cmake_index/share/ament_index/resource_index/rosidl_interfaces) by extensions ['python_setup_py']
[0.309s] Level 1:colcon.colcon_core.package_identification:_identify(cmake-build/ament_cmake_index/share/ament_index/resource_index/rosidl_interfaces) by extension 'python_setup_py'
[0.309s] Level 1:colcon.colcon_core.package_identification:_identify(cmake-build/ament_cppcheck) by extensions ['ignore', 'ignore_ament_install']
[0.309s] Level 1:colcon.colcon_core.package_identification:_identify(cmake-build/ament_cppcheck) by extension 'ignore'
[0.309s] Level 1:colcon.colcon_core.package_identification:_identify(cmake-build/ament_cppcheck) by extension 'ignore_ament_install'
[0.309s] Level 1:colcon.colcon_core.package_identification:_identify(cmake-build/ament_cppcheck) by extensions ['colcon_pkg']
[0.309s] Level 1:colcon.colcon_core.package_identification:_identify(cmake-build/ament_cppcheck) by extension 'colcon_pkg'
[0.310s] Level 1:colcon.colcon_core.package_identification:_identify(cmake-build/ament_cppcheck) by extensions ['colcon_meta']
[0.310s] Level 1:colcon.colcon_core.package_identification:_identify(cmake-build/ament_cppcheck) by extension 'colcon_meta'
[0.310s] Level 1:colcon.colcon_core.package_identification:_identify(cmake-build/ament_cppcheck) by extensions ['ros']
[0.310s] Level 1:colcon.colcon_core.package_identification:_identify(cmake-build/ament_cppcheck) by extension 'ros'
[0.310s] Level 1:colcon.colcon_core.package_identification:_identify(cmake-build/ament_cppcheck) by extensions ['cmake', 'python']
[0.310s] Level 1:colcon.colcon_core.package_identification:_identify(cmake-build/ament_cppcheck) by extension 'cmake'
[0.310s] Level 1:colcon.colcon_core.package_identification:_identify(cmake-build/ament_cppcheck) by extension 'python'
[0.310s] Level 1:colcon.colcon_core.package_identification:_identify(cmake-build/ament_cppcheck) by extensions ['python_setup_py']
[0.310s] Level 1:colcon.colcon_core.package_identification:_identify(cmake-build/ament_cppcheck) by extension 'python_setup_py'
[0.310s] Level 1:colcon.colcon_core.package_identification:_identify(cmake-build/ament_lint_cmake) by extensions ['ignore', 'ignore_ament_install']
[0.310s] Level 1:colcon.colcon_core.package_identification:_identify(cmake-build/ament_lint_cmake) by extension 'ignore'
[0.310s] Level 1:colcon.colcon_core.package_identification:_identify(cmake-build/ament_lint_cmake) by extension 'ignore_ament_install'
[0.310s] Level 1:colcon.colcon_core.package_identification:_identify(cmake-build/ament_lint_cmake) by extensions ['colcon_pkg']
[0.310s] Level 1:colcon.colcon_core.package_identification:_identify(cmake-build/ament_lint_cmake) by extension 'colcon_pkg'
[0.310s] Level 1:colcon.colcon_core.package_identification:_identify(cmake-build/ament_lint_cmake) by extensions ['colcon_meta']
[0.310s] Level 1:colcon.colcon_core.package_identification:_identify(cmake-build/ament_lint_cmake) by extension 'colcon_meta'
[0.311s] Level 1:colcon.colcon_core.package_identification:_identify(cmake-build/ament_lint_cmake) by extensions ['ros']
[0.311s] Level 1:colcon.colcon_core.package_identification:_identify(cmake-build/ament_lint_cmake) by extension 'ros'
[0.311s] Level 1:colcon.colcon_core.package_identification:_identify(cmake-build/ament_lint_cmake) by extensions ['cmake', 'python']
[0.311s] Level 1:colcon.colcon_core.package_identification:_identify(cmake-build/ament_lint_cmake) by extension 'cmake'
[0.311s] Level 1:colcon.colcon_core.package_identification:_identify(cmake-build/ament_lint_cmake) by extension 'python'
[0.311s] Level 1:colcon.colcon_core.package_identification:_identify(cmake-build/ament_lint_cmake) by extensions ['python_setup_py']
[0.311s] Level 1:colcon.colcon_core.package_identification:_identify(cmake-build/ament_lint_cmake) by extension 'python_setup_py'
[0.311s] Level 1:colcon.colcon_core.package_identification:_identify(cmake-build/ament_uncrustify) by extensions ['ignore', 'ignore_ament_install']
[0.311s] Level 1:colcon.colcon_core.package_identification:_identify(cmake-build/ament_uncrustify) by extension 'ignore'
[0.311s] Level 1:colcon.colcon_core.package_identification:_identify(cmake-build/ament_uncrustify) by extension 'ignore_ament_install'
[0.311s] Level 1:colcon.colcon_core.package_identification:_identify(cmake-build/ament_uncrustify) by extensions ['colcon_pkg']
[0.311s] Level 1:colcon.colcon_core.package_identification:_identify(cmake-build/ament_uncrustify) by extension 'colcon_pkg'
[0.311s] Level 1:colcon.colcon_core.package_identification:_identify(cmake-build/ament_uncrustify) by extensions ['colcon_meta']
[0.311s] Level 1:colcon.colcon_core.package_identification:_identify(cmake-build/ament_uncrustify) by extension 'colcon_meta'
[0.312s] Level 1:colcon.colcon_core.package_identification:_identify(cmake-build/ament_uncrustify) by extensions ['ros']
[0.312s] Level 1:colcon.colcon_core.package_identification:_identify(cmake-build/ament_uncrustify) by extension 'ros'
[0.312s] Level 1:colcon.colcon_core.package_identification:_identify(cmake-build/ament_uncrustify) by extensions ['cmake', 'python']
[0.312s] Level 1:colcon.colcon_core.package_identification:_identify(cmake-build/ament_uncrustify) by extension 'cmake'
[0.312s] Level 1:colcon.colcon_core.package_identification:_identify(cmake-build/ament_uncrustify) by extension 'python'
[0.312s] Level 1:colcon.colcon_core.package_identification:_identify(cmake-build/ament_uncrustify) by extensions ['python_setup_py']
[0.312s] Level 1:colcon.colcon_core.package_identification:_identify(cmake-build/ament_uncrustify) by extension 'python_setup_py'
[0.312s] Level 1:colcon.colcon_core.package_identification:_identify(cmake-build/ament_xmllint) by extensions ['ignore', 'ignore_ament_install']
[0.312s] Level 1:colcon.colcon_core.package_identification:_identify(cmake-build/ament_xmllint) by extension 'ignore'
[0.312s] Level 1:colcon.colcon_core.package_identification:_identify(cmake-build/ament_xmllint) by extension 'ignore_ament_install'
[0.312s] Level 1:colcon.colcon_core.package_identification:_identify(cmake-build/ament_xmllint) by extensions ['colcon_pkg']
[0.312s] Level 1:colcon.colcon_core.package_identification:_identify(cmake-build/ament_xmllint) by extension 'colcon_pkg'
[0.312s] Level 1:colcon.colcon_core.package_identification:_identify(cmake-build/ament_xmllint) by extensions ['colcon_meta']
[0.312s] Level 1:colcon.colcon_core.package_identification:_identify(cmake-build/ament_xmllint) by extension 'colcon_meta'
[0.313s] Level 1:colcon.colcon_core.package_identification:_identify(cmake-build/ament_xmllint) by extensions ['ros']
[0.313s] Level 1:colcon.colcon_core.package_identification:_identify(cmake-build/ament_xmllint) by extension 'ros'
[0.313s] Level 1:colcon.colcon_core.package_identification:_identify(cmake-build/ament_xmllint) by extensions ['cmake', 'python']
[0.313s] Level 1:colcon.colcon_core.package_identification:_identify(cmake-build/ament_xmllint) by extension 'cmake'
[0.313s] Level 1:colcon.colcon_core.package_identification:_identify(cmake-build/ament_xmllint) by extension 'python'
[0.313s] Level 1:colcon.colcon_core.package_identification:_identify(cmake-build/ament_xmllint) by extensions ['python_setup_py']
[0.313s] Level 1:colcon.colcon_core.package_identification:_identify(cmake-build/ament_xmllint) by extension 'python_setup_py'
[0.313s] Level 1:colcon.colcon_core.package_identification:_identify(cmake-build/log) by extensions ['ignore', 'ignore_ament_install']
[0.313s] Level 1:colcon.colcon_core.package_identification:_identify(cmake-build/log) by extension 'ignore'
[0.313s] Level 1:colcon.colcon_core.package_identification:_identify(cmake-build/log) ignored
[0.313s] Level 1:colcon.colcon_core.package_identification:_identify(install) by extensions ['ignore', 'ignore_ament_install']
[0.314s] Level 1:colcon.colcon_core.package_identification:_identify(install) by extension 'ignore'
[0.314s] Level 1:colcon.colcon_core.package_identification:_identify(install) ignored
[0.314s] Level 1:colcon.colcon_core.package_identification:_identify(log) by extensions ['ignore', 'ignore_ament_install']
[0.314s] Level 1:colcon.colcon_core.package_identification:_identify(log) by extension 'ignore'
[0.314s] Level 1:colcon.colcon_core.package_identification:_identify(log) ignored
[0.314s] Level 1:colcon.colcon_core.package_identification:_identify(src) by extensions ['ignore', 'ignore_ament_install']
[0.314s] Level 1:colcon.colcon_core.package_identification:_identify(src) by extension 'ignore'
[0.314s] Level 1:colcon.colcon_core.package_identification:_identify(src) by extension 'ignore_ament_install'
[0.314s] Level 1:colcon.colcon_core.package_identification:_identify(src) by extensions ['colcon_pkg']
[0.314s] Level 1:colcon.colcon_core.package_identification:_identify(src) by extension 'colcon_pkg'
[0.314s] Level 1:colcon.colcon_core.package_identification:_identify(src) by extensions ['colcon_meta']
[0.314s] Level 1:colcon.colcon_core.package_identification:_identify(src) by extension 'colcon_meta'
[0.314s] Level 1:colcon.colcon_core.package_identification:_identify(src) by extensions ['ros']
[0.314s] Level 1:colcon.colcon_core.package_identification:_identify(src) by extension 'ros'
[0.314s] Level 1:colcon.colcon_core.package_identification:_identify(src) by extensions ['cmake', 'python']
[0.314s] Level 1:colcon.colcon_core.package_identification:_identify(src) by extension 'cmake'
[0.315s] Level 1:colcon.colcon_core.package_identification:_identify(src) by extension 'python'
[0.315s] Level 1:colcon.colcon_core.package_identification:_identify(src) by extensions ['python_setup_py']
[0.315s] Level 1:colcon.colcon_core.package_identification:_identify(src) by extension 'python_setup_py'
[0.315s] Level 1:colcon.colcon_core.package_identification:_identify(src/base_interfaces_demo) by extensions ['ignore', 'ignore_ament_install']
[0.315s] Level 1:colcon.colcon_core.package_identification:_identify(src/base_interfaces_demo) by extension 'ignore'
[0.315s] Level 1:colcon.colcon_core.package_identification:_identify(src/base_interfaces_demo) by extension 'ignore_ament_install'
[0.315s] Level 1:colcon.colcon_core.package_identification:_identify(src/base_interfaces_demo) by extensions ['colcon_pkg']
[0.315s] Level 1:colcon.colcon_core.package_identification:_identify(src/base_interfaces_demo) by extension 'colcon_pkg'
[0.315s] Level 1:colcon.colcon_core.package_identification:_identify(src/base_interfaces_demo) by extensions ['colcon_meta']
[0.315s] Level 1:colcon.colcon_core.package_identification:_identify(src/base_interfaces_demo) by extension 'colcon_meta'
[0.315s] Level 1:colcon.colcon_core.package_identification:_identify(src/base_interfaces_demo) by extensions ['ros']
[0.315s] Level 1:colcon.colcon_core.package_identification:_identify(src/base_interfaces_demo) by extension 'ros'
[0.317s] DEBUG:colcon.colcon_core.package_identification:Package 'src/base_interfaces_demo' with type 'ros.ament_cmake' and name 'base_interfaces_demo'
[0.317s] Level 1:colcon.colcon_core.package_identification:_identify(src/cpp01_topic) by extensions ['ignore', 'ignore_ament_install']
[0.317s] Level 1:colcon.colcon_core.package_identification:_identify(src/cpp01_topic) by extension 'ignore'
[0.317s] Level 1:colcon.colcon_core.package_identification:_identify(src/cpp01_topic) by extension 'ignore_ament_install'
[0.318s] Level 1:colcon.colcon_core.package_identification:_identify(src/cpp01_topic) by extensions ['colcon_pkg']
[0.318s] Level 1:colcon.colcon_core.package_identification:_identify(src/cpp01_topic) by extension 'colcon_pkg'
[0.318s] Level 1:colcon.colcon_core.package_identification:_identify(src/cpp01_topic) by extensions ['colcon_meta']
[0.318s] Level 1:colcon.colcon_core.package_identification:_identify(src/cpp01_topic) by extension 'colcon_meta'
[0.318s] Level 1:colcon.colcon_core.package_identification:_identify(src/cpp01_topic) by extensions ['ros']
[0.318s] Level 1:colcon.colcon_core.package_identification:_identify(src/cpp01_topic) by extension 'ros'
[0.318s] DEBUG:colcon.colcon_core.package_identification:Package 'src/cpp01_topic' with type 'ros.ament_cmake' and name 'cpp01_topic'
[0.318s] Level 1:colcon.colcon_core.package_identification:_identify(src/cpp02_service) by extensions ['ignore', 'ignore_ament_install']
[0.319s] Level 1:colcon.colcon_core.package_identification:_identify(src/cpp02_service) by extension 'ignore'
[0.319s] Level 1:colcon.colcon_core.package_identification:_identify(src/cpp02_service) by extension 'ignore_ament_install'
[0.319s] Level 1:colcon.colcon_core.package_identification:_identify(src/cpp02_service) by extensions ['colcon_pkg']
[0.319s] Level 1:colcon.colcon_core.package_identification:_identify(src/cpp02_service) by extension 'colcon_pkg'
[0.319s] Level 1:colcon.colcon_core.package_identification:_identify(src/cpp02_service) by extensions ['colcon_meta']
[0.319s] Level 1:colcon.colcon_core.package_identification:_identify(src/cpp02_service) by extension 'colcon_meta'
[0.319s] Level 1:colcon.colcon_core.package_identification:_identify(src/cpp02_service) by extensions ['ros']
[0.319s] Level 1:colcon.colcon_core.package_identification:_identify(src/cpp02_service) by extension 'ros'
[0.319s] DEBUG:colcon.colcon_core.package_identification:Package 'src/cpp02_service' with type 'ros.ament_cmake' and name 'cpp02_service'
[0.319s] Level 1:colcon.colcon_core.package_identification:_identify(src/py02_service) by extensions ['ignore', 'ignore_ament_install']
[0.320s] Level 1:colcon.colcon_core.package_identification:_identify(src/py02_service) by extension 'ignore'
[0.320s] Level 1:colcon.colcon_core.package_identification:_identify(src/py02_service) by extension 'ignore_ament_install'
[0.320s] Level 1:colcon.colcon_core.package_identification:_identify(src/py02_service) by extensions ['colcon_pkg']
[0.320s] Level 1:colcon.colcon_core.package_identification:_identify(src/py02_service) by extension 'colcon_pkg'
[0.320s] Level 1:colcon.colcon_core.package_identification:_identify(src/py02_service) by extensions ['colcon_meta']
[0.320s] Level 1:colcon.colcon_core.package_identification:_identify(src/py02_service) by extension 'colcon_meta'
[0.320s] Level 1:colcon.colcon_core.package_identification:_identify(src/py02_service) by extensions ['ros']
[0.320s] Level 1:colcon.colcon_core.package_identification:_identify(src/py02_service) by extension 'ros'
[0.321s] DEBUG:colcon.colcon_core.package_identification:Package 'src/py02_service' with type 'ros.ament_python' and name 'py02_service'
[0.321s] Level 1:colcon.colcon_core.package_discovery:discover_packages(recursive) using defaults
[0.321s] Level 1:colcon.colcon_core.package_discovery:discover_packages(ignore) discover
[0.321s] Level 1:colcon.colcon_core.package_discovery:discover_packages(ignore) using defaults
[0.321s] Level 1:colcon.colcon_core.package_discovery:discover_packages(path) discover
[0.321s] Level 1:colcon.colcon_core.package_discovery:discover_packages(path) using defaults
[0.339s] INFO:colcon.colcon_core.package_selection:Skipping not selected package 'base_interfaces_demo' in 'src/base_interfaces_demo'
[0.339s] INFO:colcon.colcon_core.package_selection:Skipping not selected package 'cpp01_topic' in 'src/cpp01_topic'
[0.339s] INFO:colcon.colcon_core.package_selection:Skipping not selected package 'py02_service' in 'src/py02_service'
[0.339s] Level 1:colcon.colcon_core.package_discovery:discover_packages(prefix_path) check parameters
[0.339s] Level 1:colcon.colcon_core.package_discovery:discover_packages(prefix_path) discover
[0.340s] DEBUG:colcon.colcon_installed_package_information.package_discovery:Found 2 installed packages in /home/cl/CLionProjects/ws01_plumbing/install
[0.341s] DEBUG:colcon.colcon_installed_package_information.package_discovery:Found 273 installed packages in /opt/ros/humble
[0.350s] Level 1:colcon.colcon_core.package_discovery:discover_packages(prefix_path) using defaults
[0.402s] Level 5:colcon.colcon_core.verb:set package 'cpp02_service' build argument 'cmake_args' from command line to 'None'
[0.402s] Level 5:colcon.colcon_core.verb:set package 'cpp02_service' build argument 'cmake_target' from command line to 'None'
[0.402s] Level 5:colcon.colcon_core.verb:set package 'cpp02_service' build argument 'cmake_target_skip_unavailable' from command line to 'False'
[0.402s] Level 5:colcon.colcon_core.verb:set package 'cpp02_service' build argument 'cmake_clean_cache' from command line to 'False'
[0.402s] Level 5:colcon.colcon_core.verb:set package 'cpp02_service' build argument 'cmake_clean_first' from command line to 'False'
[0.402s] Level 5:colcon.colcon_core.verb:set package 'cpp02_service' build argument 'cmake_force_configure' from command line to 'False'
[0.402s] Level 5:colcon.colcon_core.verb:set package 'cpp02_service' build argument 'ament_cmake_args' from command line to 'None'
[0.402s] Level 5:colcon.colcon_core.verb:set package 'cpp02_service' build argument 'catkin_cmake_args' from command line to 'None'
[0.402s] Level 5:colcon.colcon_core.verb:set package 'cpp02_service' build argument 'catkin_skip_building_tests' from command line to 'False'
[0.402s] DEBUG:colcon.colcon_core.verb:Building package 'cpp02_service' with the following arguments: {'ament_cmake_args': None, 'build_base': '/home/cl/CLionProjects/ws01_plumbing/build/cpp02_service', 'catkin_cmake_args': None, 'catkin_skip_building_tests': False, 'cmake_args': None, 'cmake_clean_cache': False, 'cmake_clean_first': False, 'cmake_force_configure': False, 'cmake_target': None, 'cmake_target_skip_unavailable': False, 'install_base': '/home/cl/CLionProjects/ws01_plumbing/install/cpp02_service', 'merge_install': False, 'path': '/home/cl/CLionProjects/ws01_plumbing/src/cpp02_service', 'symlink_install': False, 'test_result_base': None}
[0.402s] INFO:colcon.colcon_core.executor:Executing jobs using 'parallel' executor
[0.403s] DEBUG:colcon.colcon_parallel_executor.executor.parallel:run_until_complete
[0.403s] INFO:colcon.colcon_ros.task.ament_cmake.build:Building ROS package in '/home/cl/CLionProjects/ws01_plumbing/src/cpp02_service' with build type 'ament_cmake'
[0.403s] INFO:colcon.colcon_cmake.task.cmake.build:Building CMake package in '/home/cl/CLionProjects/ws01_plumbing/src/cpp02_service'
[0.405s] INFO:colcon.colcon_core.plugin_system:Skipping extension 'colcon_core.shell.bat': Not used on non-Windows systems
[0.405s] INFO:colcon.colcon_core.shell:Skip shell extension 'powershell' for command environment: Not usable outside of PowerShell
[0.405s] DEBUG:colcon.colcon_core.shell:Skip shell extension 'dsv' for command environment
[0.413s] DEBUG:colcon.colcon_core.event_handler.log_command:Invoking command in '/home/cl/CLionProjects/ws01_plumbing/build/cpp02_service': CMAKE_PREFIX_PATH=/home/cl/CLionProjects/ws01_plumbing/install/base_interfaces_demo:/home/cl/CLionProjects/ws01_plumbing/install/cpp02_service:/opt/ros/humble /usr/bin/cmake --build /home/cl/CLionProjects/ws01_plumbing/build/cpp02_service -- -j8 -l8
[0.442s] DEBUG:colcon.colcon_core.event_handler.log_command:Invoked command in '/home/cl/CLionProjects/ws01_plumbing/build/cpp02_service' returned '2': CMAKE_PREFIX_PATH=/home/cl/CLionProjects/ws01_plumbing/install/base_interfaces_demo:/home/cl/CLionProjects/ws01_plumbing/install/cpp02_service:/opt/ros/humble /usr/bin/cmake --build /home/cl/CLionProjects/ws01_plumbing/build/cpp02_service -- -j8 -l8
[0.442s] Level 1:colcon.colcon_core.environment:create_environment_scripts_only(cpp02_service)
[0.444s] Level 1:colcon.colcon_core.environment:checking '/home/cl/CLionProjects/ws01_plumbing/install/cpp02_service' for CMake module files
[0.445s] Level 1:colcon.colcon_core.environment:checking '/home/cl/CLionProjects/ws01_plumbing/install/cpp02_service' for CMake config files
[0.445s] Level 1:colcon.colcon_core.shell:create_environment_hook('cpp02_service', 'cmake_prefix_path')
[0.445s] INFO:colcon.colcon_core.shell:Creating environment hook '/home/cl/CLionProjects/ws01_plumbing/install/cpp02_service/share/cpp02_service/hook/cmake_prefix_path.ps1'
[0.446s] INFO:colcon.colcon_core.shell:Creating environment descriptor '/home/cl/CLionProjects/ws01_plumbing/install/cpp02_service/share/cpp02_service/hook/cmake_prefix_path.dsv'
[0.446s] INFO:colcon.colcon_core.shell:Creating environment hook '/home/cl/CLionProjects/ws01_plumbing/install/cpp02_service/share/cpp02_service/hook/cmake_prefix_path.sh'
[0.447s] Level 1:colcon.colcon_core.environment:checking '/home/cl/CLionProjects/ws01_plumbing/install/cpp02_service/lib'
[0.447s] Level 1:colcon.colcon_core.environment:checking '/home/cl/CLionProjects/ws01_plumbing/install/cpp02_service/bin'
[0.447s] Level 1:colcon.colcon_core.environment:checking '/home/cl/CLionProjects/ws01_plumbing/install/cpp02_service/lib/pkgconfig/cpp02_service.pc'
[0.447s] Level 1:colcon.colcon_core.environment:checking '/home/cl/CLionProjects/ws01_plumbing/install/cpp02_service/lib/python3.10/site-packages'
[0.447s] Level 1:colcon.colcon_core.environment:checking '/home/cl/CLionProjects/ws01_plumbing/install/cpp02_service/bin'
[0.447s] INFO:colcon.colcon_core.shell:Creating package script '/home/cl/CLionProjects/ws01_plumbing/install/cpp02_service/share/cpp02_service/package.ps1'
[0.448s] INFO:colcon.colcon_core.shell:Creating package descriptor '/home/cl/CLionProjects/ws01_plumbing/install/cpp02_service/share/cpp02_service/package.dsv'
[0.449s] INFO:colcon.colcon_core.shell:Creating package script '/home/cl/CLionProjects/ws01_plumbing/install/cpp02_service/share/cpp02_service/package.sh'
[0.449s] INFO:colcon.colcon_core.shell:Creating package script '/home/cl/CLionProjects/ws01_plumbing/install/cpp02_service/share/cpp02_service/package.bash'
[0.450s] INFO:colcon.colcon_core.shell:Creating package script '/home/cl/CLionProjects/ws01_plumbing/install/cpp02_service/share/cpp02_service/package.zsh'
[0.450s] Level 1:colcon.colcon_core.environment:create_file_with_runtime_dependencies(/home/cl/CLionProjects/ws01_plumbing/install/cpp02_service/share/colcon-core/packages/cpp02_service)
[0.461s] DEBUG:colcon.colcon_parallel_executor.executor.parallel:closing loop
[0.461s] DEBUG:colcon.colcon_parallel_executor.executor.parallel:loop closed
[0.461s] DEBUG:colcon.colcon_parallel_executor.executor.parallel:run_until_complete finished with '2'
[0.461s] DEBUG:colcon.colcon_core.event_reactor:joining thread
[0.465s] INFO:colcon.colcon_core.plugin_system:Skipping extension 'colcon_notification.desktop_notification.terminal_notifier': Not used on non-Darwin systems
[0.465s] INFO:colcon.colcon_core.plugin_system:Skipping extension 'colcon_notification.desktop_notification.win32': Not used on non-Windows systems
[0.466s] INFO:colcon.colcon_notification.desktop_notification:Sending desktop notification using 'notify2'
[0.475s] DEBUG:colcon.colcon_core.event_reactor:joined thread
[0.475s] INFO:colcon.colcon_core.shell:Creating prefix script '/home/cl/CLionProjects/ws01_plumbing/install/local_setup.ps1'
[0.476s] INFO:colcon.colcon_core.shell:Creating prefix util module '/home/cl/CLionProjects/ws01_plumbing/install/_local_setup_util_ps1.py'
[0.477s] INFO:colcon.colcon_core.shell:Creating prefix chain script '/home/cl/CLionProjects/ws01_plumbing/install/setup.ps1'
[0.478s] INFO:colcon.colcon_core.shell:Creating prefix script '/home/cl/CLionProjects/ws01_plumbing/install/local_setup.sh'
[0.478s] INFO:colcon.colcon_core.shell:Creating prefix util module '/home/cl/CLionProjects/ws01_plumbing/install/_local_setup_util_sh.py'
[0.479s] INFO:colcon.colcon_core.shell:Creating prefix chain script '/home/cl/CLionProjects/ws01_plumbing/install/setup.sh'
[0.480s] INFO:colcon.colcon_core.shell:Creating prefix script '/home/cl/CLionProjects/ws01_plumbing/install/local_setup.bash'
[0.480s] INFO:colcon.colcon_core.shell:Creating prefix chain script '/home/cl/CLionProjects/ws01_plumbing/install/setup.bash'
[0.481s] INFO:colcon.colcon_core.shell:Creating prefix script '/home/cl/CLionProjects/ws01_plumbing/install/local_setup.zsh'
[0.482s] INFO:colcon.colcon_core.shell:Creating prefix chain script '/home/cl/CLionProjects/ws01_plumbing/install/setup.zsh'
