[0.011s] Invoking command in '/home/cl/CLionProjects/ws01_plumbing/build/tutorails_plumbing': CMAKE_PREFIX_PATH=/home/cl/CLionProjects/ws01_plumbing/install/cpp03_action:/home/cl/CLionProjects/ws01_plumbing/install/cpp02_service:/home/cl/CLionProjects/ws01_plumbing/install/cpp01_topic:/home/cl/CLionProjects/ws01_plumbing/install/cpp04_param:/home/cl/CLionProjects/ws01_plumbing/install/base_interfaces_demo:/opt/ros/humble /usr/bin/cmake /home/cl/CLionProjects/ws01_plumbing/src/tutorails_plumbing -DCMAKE_INSTALL_PREFIX=/home/cl/CLionProjects/ws01_plumbing/install/tutorails_plumbing
[0.052s] -- The C compiler identification is GNU 11.4.0
[0.097s] -- The CXX compiler identification is GNU 11.4.0
[0.103s] -- Detecting C compiler ABI info
[0.155s] -- Detecting C compiler ABI info - done
[0.162s] -- Check for working C compiler: /usr/bin/cc - skipped
[0.162s] -- Detecting C compile features
[0.162s] -- Detecting C compile features - done
[0.165s] -- Detecting CXX compiler ABI info
[0.227s] -- Detecting CXX compiler ABI info - done
[0.234s] -- Check for working CXX compiler: /usr/bin/c++ - skipped
[0.234s] -- Detecting CXX compile features
[0.234s] -- Detecting CXX compile features - done
[0.236s] -- Found ament_cmake: 1.3.11 (/opt/ros/humble/share/ament_cmake/cmake)
[0.363s] -- Found Python3: /usr/bin/python3 (found version "3.10.12") found components: Interpreter 
[0.440s] -- Found ament_lint_auto: 0.12.11 (/opt/ros/humble/share/ament_lint_auto/cmake)
[0.495s] -- Configuring done
[0.497s] -- Generating done
[0.498s] -- Build files have been written to: /home/cl/CLionProjects/ws01_plumbing/build/tutorails_plumbing
[0.502s] Invoked command in '/home/cl/CLionProjects/ws01_plumbing/build/tutorails_plumbing' returned '0': CMAKE_PREFIX_PATH=/home/cl/CLionProjects/ws01_plumbing/install/cpp03_action:/home/cl/CLionProjects/ws01_plumbing/install/cpp02_service:/home/cl/CLionProjects/ws01_plumbing/install/cpp01_topic:/home/cl/CLionProjects/ws01_plumbing/install/cpp04_param:/home/cl/CLionProjects/ws01_plumbing/install/base_interfaces_demo:/opt/ros/humble /usr/bin/cmake /home/cl/CLionProjects/ws01_plumbing/src/tutorails_plumbing -DCMAKE_INSTALL_PREFIX=/home/cl/CLionProjects/ws01_plumbing/install/tutorails_plumbing
[0.504s] Invoking command in '/home/cl/CLionProjects/ws01_plumbing/build/tutorails_plumbing': CMAKE_PREFIX_PATH=/home/cl/CLionProjects/ws01_plumbing/install/cpp03_action:/home/cl/CLionProjects/ws01_plumbing/install/cpp02_service:/home/cl/CLionProjects/ws01_plumbing/install/cpp01_topic:/home/cl/CLionProjects/ws01_plumbing/install/cpp04_param:/home/cl/CLionProjects/ws01_plumbing/install/base_interfaces_demo:/opt/ros/humble /usr/bin/cmake --build /home/cl/CLionProjects/ws01_plumbing/build/tutorails_plumbing -- -j8 -l8
[0.535s] Invoked command in '/home/cl/CLionProjects/ws01_plumbing/build/tutorails_plumbing' returned '0': CMAKE_PREFIX_PATH=/home/cl/CLionProjects/ws01_plumbing/install/cpp03_action:/home/cl/CLionProjects/ws01_plumbing/install/cpp02_service:/home/cl/CLionProjects/ws01_plumbing/install/cpp01_topic:/home/cl/CLionProjects/ws01_plumbing/install/cpp04_param:/home/cl/CLionProjects/ws01_plumbing/install/base_interfaces_demo:/opt/ros/humble /usr/bin/cmake --build /home/cl/CLionProjects/ws01_plumbing/build/tutorails_plumbing -- -j8 -l8
[0.543s] Invoking command in '/home/cl/CLionProjects/ws01_plumbing/build/tutorails_plumbing': CMAKE_PREFIX_PATH=/home/cl/CLionProjects/ws01_plumbing/install/cpp03_action:/home/cl/CLionProjects/ws01_plumbing/install/cpp02_service:/home/cl/CLionProjects/ws01_plumbing/install/cpp01_topic:/home/cl/CLionProjects/ws01_plumbing/install/cpp04_param:/home/cl/CLionProjects/ws01_plumbing/install/base_interfaces_demo:/opt/ros/humble /usr/bin/cmake --install /home/cl/CLionProjects/ws01_plumbing/build/tutorails_plumbing
[0.549s] -- Install configuration: ""
[0.549s] -- Installing: /home/cl/CLionProjects/ws01_plumbing/install/tutorails_plumbing/share/ament_index/resource_index/package_run_dependencies/tutorails_plumbing
[0.549s] -- Installing: /home/cl/CLionProjects/ws01_plumbing/install/tutorails_plumbing/share/ament_index/resource_index/parent_prefix_path/tutorails_plumbing
[0.549s] -- Installing: /home/cl/CLionProjects/ws01_plumbing/install/tutorails_plumbing/share/tutorails_plumbing/environment/ament_prefix_path.sh
[0.549s] -- Installing: /home/cl/CLionProjects/ws01_plumbing/install/tutorails_plumbing/share/tutorails_plumbing/environment/ament_prefix_path.dsv
[0.549s] -- Installing: /home/cl/CLionProjects/ws01_plumbing/install/tutorails_plumbing/share/tutorails_plumbing/environment/path.sh
[0.549s] -- Installing: /home/cl/CLionProjects/ws01_plumbing/install/tutorails_plumbing/share/tutorails_plumbing/environment/path.dsv
[0.549s] -- Installing: /home/cl/CLionProjects/ws01_plumbing/install/tutorails_plumbing/share/tutorails_plumbing/local_setup.bash
[0.549s] -- Installing: /home/cl/CLionProjects/ws01_plumbing/install/tutorails_plumbing/share/tutorails_plumbing/local_setup.sh
[0.549s] -- Installing: /home/cl/CLionProjects/ws01_plumbing/install/tutorails_plumbing/share/tutorails_plumbing/local_setup.zsh
[0.550s] -- Installing: /home/cl/CLionProjects/ws01_plumbing/install/tutorails_plumbing/share/tutorails_plumbing/local_setup.dsv
[0.550s] -- Installing: /home/cl/CLionProjects/ws01_plumbing/install/tutorails_plumbing/share/tutorails_plumbing/package.dsv
[0.550s] -- Installing: /home/cl/CLionProjects/ws01_plumbing/install/tutorails_plumbing/share/ament_index/resource_index/packages/tutorails_plumbing
[0.550s] -- Installing: /home/cl/CLionProjects/ws01_plumbing/install/tutorails_plumbing/share/tutorails_plumbing/cmake/tutorails_plumbingConfig.cmake
[0.550s] -- Installing: /home/cl/CLionProjects/ws01_plumbing/install/tutorails_plumbing/share/tutorails_plumbing/cmake/tutorails_plumbingConfig-version.cmake
[0.550s] -- Installing: /home/cl/CLionProjects/ws01_plumbing/install/tutorails_plumbing/share/tutorails_plumbing/package.xml
[0.552s] Invoked command in '/home/cl/CLionProjects/ws01_plumbing/build/tutorails_plumbing' returned '0': CMAKE_PREFIX_PATH=/home/cl/CLionProjects/ws01_plumbing/install/cpp03_action:/home/cl/CLionProjects/ws01_plumbing/install/cpp02_service:/home/cl/CLionProjects/ws01_plumbing/install/cpp01_topic:/home/cl/CLionProjects/ws01_plumbing/install/cpp04_param:/home/cl/CLionProjects/ws01_plumbing/install/base_interfaces_demo:/opt/ros/humble /usr/bin/cmake --install /home/cl/CLionProjects/ws01_plumbing/build/tutorails_plumbing
