[0.112s] Invoking command in '/home/cl/CLionProjects/ws01_plumbing/build/cpp04_param': CMAKE_PREFIX_PATH=${CMAKE_PREFIX_PATH}:/opt/ros/humble /usr/bin/cmake --build /home/cl/CLionProjects/ws01_plumbing/build/cpp04_param -- -j8 -l8
[0.368s] [35m[1mConsolidate compiler generated dependencies of target demo00_param[0m
[0.509s] [ 50%] [32mBuilding CXX object CMakeFiles/demo00_param.dir/src/demo00_param.cpp.o[0m
[22.933s] [100%] [32m[1mLinking CXX executable demo00_param[0m
[23.870s] [100%] Built target demo00_param
[23.958s] Invoked command in '/home/cl/CLionProjects/ws01_plumbing/build/cpp04_param' returned '0': CMAKE_PREFIX_PATH=${CMAKE_PREFIX_PATH}:/opt/ros/humble /usr/bin/cmake --build /home/cl/CLionProjects/ws01_plumbing/build/cpp04_param -- -j8 -l8
[24.035s] Invoking command in '/home/cl/CLionProjects/ws01_plumbing/build/cpp04_param': CMAKE_PREFIX_PATH=${CMAKE_PREFIX_PATH}:/opt/ros/humble /usr/bin/cmake --install /home/cl/CLionProjects/ws01_plumbing/build/cpp04_param
[24.094s] -- Install configuration: ""
[24.095s] -- Installing: /home/cl/CLionProjects/ws01_plumbing/install/cpp04_param/lib/cpp04_param/demo00_param
[24.099s] -- Set runtime path of "/home/cl/CLionProjects/ws01_plumbing/install/cpp04_param/lib/cpp04_param/demo00_param" to ""
[24.101s] -- Up-to-date: /home/cl/CLionProjects/ws01_plumbing/install/cpp04_param/share/ament_index/resource_index/package_run_dependencies/cpp04_param
[24.102s] -- Up-to-date: /home/cl/CLionProjects/ws01_plumbing/install/cpp04_param/share/ament_index/resource_index/parent_prefix_path/cpp04_param
[24.103s] -- Up-to-date: /home/cl/CLionProjects/ws01_plumbing/install/cpp04_param/share/cpp04_param/environment/ament_prefix_path.sh
[24.104s] -- Up-to-date: /home/cl/CLionProjects/ws01_plumbing/install/cpp04_param/share/cpp04_param/environment/ament_prefix_path.dsv
[24.105s] -- Up-to-date: /home/cl/CLionProjects/ws01_plumbing/install/cpp04_param/share/cpp04_param/environment/path.sh
[24.107s] -- Up-to-date: /home/cl/CLionProjects/ws01_plumbing/install/cpp04_param/share/cpp04_param/environment/path.dsv
[24.107s] -- Up-to-date: /home/cl/CLionProjects/ws01_plumbing/install/cpp04_param/share/cpp04_param/local_setup.bash
[24.108s] -- Up-to-date: /home/cl/CLionProjects/ws01_plumbing/install/cpp04_param/share/cpp04_param/local_setup.sh
[24.108s] -- Up-to-date: /home/cl/CLionProjects/ws01_plumbing/install/cpp04_param/share/cpp04_param/local_setup.zsh
[24.109s] -- Up-to-date: /home/cl/CLionProjects/ws01_plumbing/install/cpp04_param/share/cpp04_param/local_setup.dsv
[24.110s] -- Installing: /home/cl/CLionProjects/ws01_plumbing/install/cpp04_param/share/cpp04_param/package.dsv
[24.110s] -- Up-to-date: /home/cl/CLionProjects/ws01_plumbing/install/cpp04_param/share/ament_index/resource_index/packages/cpp04_param
[24.111s] -- Up-to-date: /home/cl/CLionProjects/ws01_plumbing/install/cpp04_param/share/cpp04_param/cmake/cpp04_paramConfig.cmake
[24.111s] -- Up-to-date: /home/cl/CLionProjects/ws01_plumbing/install/cpp04_param/share/cpp04_param/cmake/cpp04_paramConfig-version.cmake
[24.112s] -- Up-to-date: /home/cl/CLionProjects/ws01_plumbing/install/cpp04_param/share/cpp04_param/package.xml
[24.120s] Invoked command in '/home/cl/CLionProjects/ws01_plumbing/build/cpp04_param' returned '0': CMAKE_PREFIX_PATH=${CMAKE_PREFIX_PATH}:/opt/ros/humble /usr/bin/cmake --install /home/cl/CLionProjects/ws01_plumbing/build/cpp04_param
