[0.015s] Invoking command in '/home/cl/CLionProjects/ws01_plumbing/build/cpp04_param': CMAKE_PREFIX_PATH=${CMAKE_PREFIX_PATH}:/opt/ros/humble /usr/bin/cmake --build /home/cl/CLionProjects/ws01_plumbing/build/cpp04_param -- -j8 -l8
[0.042s] -- Found ament_cmake: 1.3.11 (/opt/ros/humble/share/ament_cmake/cmake)
[0.217s] -- Found rclcpp: 16.0.11 (/opt/ros/humble/share/rclcpp/cmake)
[0.250s] -- Found rosidl_generator_c: 3.1.6 (/opt/ros/humble/share/rosidl_generator_c/cmake)
[0.253s] -- Found rosidl_adapter: 3.1.6 (/opt/ros/humble/share/rosidl_adapter/cmake)
[0.259s] -- Found rosidl_generator_cpp: 3.1.6 (/opt/ros/humble/share/rosidl_generator_cpp/cmake)
[0.270s] -- Using all available rosidl_typesupport_c: rosidl_typesupport_fastrtps_c;rosidl_typesupport_introspection_c
[0.283s] -- Using all available rosidl_typesupport_cpp: rosidl_typesupport_fastrtps_cpp;rosidl_typesupport_introspection_cpp
[0.323s] -- Found rmw_implementation_cmake: 6.1.2 (/opt/ros/humble/share/rmw_implementation_cmake/cmake)
[0.325s] -- Found rmw_fastrtps_cpp: 6.2.7 (/opt/ros/humble/share/rmw_fastrtps_cpp/cmake)
[0.528s] -- Using RMW implementation 'rmw_fastrtps_cpp' as default
[0.664s] -- Found ament_lint_auto: 0.12.11 (/opt/ros/humble/share/ament_lint_auto/cmake)
[0.769s] -- Added test 'cppcheck' to perform static code analysis on C / C++ code
[0.769s] -- Configured cppcheck include dirs: $<BUILD_INTERFACE:/home/cl/CLionProjects/ws01_plumbing/src/cpp04_param/include>
[0.769s] -- Configured cppcheck exclude dirs and/or files: 
[0.770s] -- Added test 'lint_cmake' to check CMake code style
[0.771s] -- Added test 'uncrustify' to check C / C++ code style
[0.771s] -- Configured uncrustify additional arguments: 
[0.771s] -- Added test 'xmllint' to check XML markup files
[0.772s] -- Configuring done
[0.789s] -- Generating done
[0.796s] -- Build files have been written to: /home/cl/CLionProjects/ws01_plumbing/build/cpp04_param
[0.829s] [35m[1mConsolidate compiler generated dependencies of target demo00_param[0m
[0.829s] [35m[1mConsolidate compiler generated dependencies of target demo01_param_server[0m
[0.830s] [35m[1mConsolidate compiler generated dependencies of target demo02_param_client[0m
[0.854s] [ 50%] [32mBuilding CXX object CMakeFiles/demo01_param_server.dir/src/demo01_param_server.cpp.o[0m
[0.854s] [ 50%] [32mBuilding CXX object CMakeFiles/demo02_param_client.dir/src/demo02_param_client.cpp.o[0m
[0.854s] [ 66%] Built target demo00_param
[9.749s] [ 83%] [32m[1mLinking CXX executable demo01_param_server[0m
[10.014s] [100%] [32m[1mLinking CXX executable demo02_param_client[0m
[10.047s] [100%] Built target demo01_param_server
[10.257s] [100%] Built target demo02_param_client
[10.275s] Invoked command in '/home/cl/CLionProjects/ws01_plumbing/build/cpp04_param' returned '0': CMAKE_PREFIX_PATH=${CMAKE_PREFIX_PATH}:/opt/ros/humble /usr/bin/cmake --build /home/cl/CLionProjects/ws01_plumbing/build/cpp04_param -- -j8 -l8
[10.290s] Invoking command in '/home/cl/CLionProjects/ws01_plumbing/build/cpp04_param': CMAKE_PREFIX_PATH=${CMAKE_PREFIX_PATH}:/opt/ros/humble /usr/bin/cmake --install /home/cl/CLionProjects/ws01_plumbing/build/cpp04_param
[10.303s] -- Install configuration: ""
[10.304s] -- Up-to-date: /home/cl/CLionProjects/ws01_plumbing/install/cpp04_param/lib/cpp04_param/demo00_param
[10.304s] -- Installing: /home/cl/CLionProjects/ws01_plumbing/install/cpp04_param/lib/cpp04_param/demo01_param_server
[10.305s] -- Set runtime path of "/home/cl/CLionProjects/ws01_plumbing/install/cpp04_param/lib/cpp04_param/demo01_param_server" to ""
[10.305s] -- Installing: /home/cl/CLionProjects/ws01_plumbing/install/cpp04_param/lib/cpp04_param/demo02_param_client
[10.306s] -- Set runtime path of "/home/cl/CLionProjects/ws01_plumbing/install/cpp04_param/lib/cpp04_param/demo02_param_client" to ""
[10.306s] -- Up-to-date: /home/cl/CLionProjects/ws01_plumbing/install/cpp04_param/share/ament_index/resource_index/package_run_dependencies/cpp04_param
[10.306s] -- Up-to-date: /home/cl/CLionProjects/ws01_plumbing/install/cpp04_param/share/ament_index/resource_index/parent_prefix_path/cpp04_param
[10.306s] -- Up-to-date: /home/cl/CLionProjects/ws01_plumbing/install/cpp04_param/share/cpp04_param/environment/ament_prefix_path.sh
[10.306s] -- Installing: /home/cl/CLionProjects/ws01_plumbing/install/cpp04_param/share/cpp04_param/environment/ament_prefix_path.dsv
[10.307s] -- Up-to-date: /home/cl/CLionProjects/ws01_plumbing/install/cpp04_param/share/cpp04_param/environment/path.sh
[10.307s] -- Installing: /home/cl/CLionProjects/ws01_plumbing/install/cpp04_param/share/cpp04_param/environment/path.dsv
[10.307s] -- Up-to-date: /home/cl/CLionProjects/ws01_plumbing/install/cpp04_param/share/cpp04_param/local_setup.bash
[10.307s] -- Up-to-date: /home/cl/CLionProjects/ws01_plumbing/install/cpp04_param/share/cpp04_param/local_setup.sh
[10.307s] -- Up-to-date: /home/cl/CLionProjects/ws01_plumbing/install/cpp04_param/share/cpp04_param/local_setup.zsh
[10.307s] -- Installing: /home/cl/CLionProjects/ws01_plumbing/install/cpp04_param/share/cpp04_param/local_setup.dsv
[10.307s] -- Installing: /home/cl/CLionProjects/ws01_plumbing/install/cpp04_param/share/cpp04_param/package.dsv
[10.308s] -- Up-to-date: /home/cl/CLionProjects/ws01_plumbing/install/cpp04_param/share/ament_index/resource_index/packages/cpp04_param
[10.308s] -- Up-to-date: /home/cl/CLionProjects/ws01_plumbing/install/cpp04_param/share/cpp04_param/cmake/cpp04_paramConfig.cmake
[10.308s] -- Up-to-date: /home/cl/CLionProjects/ws01_plumbing/install/cpp04_param/share/cpp04_param/cmake/cpp04_paramConfig-version.cmake
[10.308s] -- Up-to-date: /home/cl/CLionProjects/ws01_plumbing/install/cpp04_param/share/cpp04_param/package.xml
[10.311s] Invoked command in '/home/cl/CLionProjects/ws01_plumbing/build/cpp04_param' returned '0': CMAKE_PREFIX_PATH=${CMAKE_PREFIX_PATH}:/opt/ros/humble /usr/bin/cmake --install /home/cl/CLionProjects/ws01_plumbing/build/cpp04_param
