[0.006s] Invoking command in '/home/cl/CLionProjects/ws01_plumbing/build/cpp05_names': CMAKE_PREFIX_PATH=/opt/ros/humble CONDA_PROMPT_MODIFIER=(base) /usr/bin/cmake /home/cl/CLionProjects/ws01_plumbing/src/cpp05_names -DCMAKE_INSTALL_PREFIX=/home/cl/CLionProjects/ws01_plumbing/install/cpp05_names
[0.047s] -- The C compiler identification is GNU 11.4.0
[0.088s] -- The CXX compiler identification is GNU 11.4.0
[0.094s] -- Detecting C compiler ABI info
[0.143s] -- Detecting C compiler ABI info - done
[0.149s] -- Check for working C compiler: /usr/bin/cc - skipped
[0.149s] -- Detecting C compile features
[0.150s] -- Detecting C compile features - done
[0.152s] -- Detecting CXX compiler ABI info
[0.209s] -- Detecting CXX compiler ABI info - done
[0.216s] -- Check for working CXX compiler: /usr/bin/c++ - skipped
[0.216s] -- Detecting CXX compile features
[0.216s] -- Detecting CXX compile features - done
[0.218s] -- Found ament_cmake: 1.3.11 (/opt/ros/humble/share/ament_cmake/cmake)
[0.543s] -- Found Python3: /home/cl/miniconda3/bin/python3 (found version "3.12.4") found components: Interpreter 
[0.619s] -- Found rclcpp: 16.0.11 (/opt/ros/humble/share/rclcpp/cmake)
[0.648s] -- Found rosidl_generator_c: 3.1.6 (/opt/ros/humble/share/rosidl_generator_c/cmake)
[0.651s] -- Found rosidl_adapter: 3.1.6 (/opt/ros/humble/share/rosidl_adapter/cmake)
[0.657s] -- Found rosidl_generator_cpp: 3.1.6 (/opt/ros/humble/share/rosidl_generator_cpp/cmake)
[0.666s] -- Using all available rosidl_typesupport_c: rosidl_typesupport_fastrtps_c;rosidl_typesupport_introspection_c
[0.678s] -- Using all available rosidl_typesupport_cpp: rosidl_typesupport_fastrtps_cpp;rosidl_typesupport_introspection_cpp
[0.711s] -- Found rmw_implementation_cmake: 6.1.2 (/opt/ros/humble/share/rmw_implementation_cmake/cmake)
[0.713s] -- Found rmw_fastrtps_cpp: 6.2.7 (/opt/ros/humble/share/rmw_fastrtps_cpp/cmake)
[0.792s] -- Found OpenSSL: /usr/lib/x86_64-linux-gnu/libcrypto.so (found version "3.0.2")  
[0.813s] -- Found FastRTPS: /opt/ros/humble/include  
[0.843s] -- Using RMW implementation 'rmw_fastrtps_cpp' as default
[0.849s] -- Looking for pthread.h
[0.901s] -- Looking for pthread.h - found
[0.902s] -- Performing Test CMAKE_HAVE_LIBC_PTHREAD
[0.953s] -- Performing Test CMAKE_HAVE_LIBC_PTHREAD - Success
[0.954s] -- Found Threads: TRUE  
[0.997s] -- Found ament_lint_auto: 0.12.11 (/opt/ros/humble/share/ament_lint_auto/cmake)
[1.015s] Traceback (most recent call last):
[1.015s]   File "/opt/ros/humble/share/ament_cmake_core/cmake/core/package_xml_2_cmake.py", line 22, in <module>
[1.015s]     from catkin_pkg.package import parse_package_string
[1.015s] ModuleNotFoundError: No module named 'catkin_pkg'
[1.018s] [31mCMake Error at /opt/ros/humble/share/ament_cmake_core/cmake/core/ament_package_xml.cmake:95 (message):
[1.018s]   execute_process(/home/cl/miniconda3/bin/python3
[1.019s]   /opt/ros/humble/share/ament_cmake_core/cmake/core/package_xml_2_cmake.py
[1.019s]   /home/cl/CLionProjects/ws01_plumbing/src/cpp05_names/package.xml
[1.019s]   /home/cl/CLionProjects/ws01_plumbing/build/cpp05_names/ament_cmake_core/package.cmake)
[1.019s]   returned error code 1
[1.019s] Call Stack (most recent call first):
[1.019s]   /opt/ros/humble/share/ament_cmake_core/cmake/core/ament_package_xml.cmake:49 (_ament_package_xml)
[1.019s]   /opt/ros/humble/share/ament_lint_auto/cmake/ament_lint_auto_find_test_dependencies.cmake:31 (ament_package_xml)
[1.019s]   CMakeLists.txt:34 (ament_lint_auto_find_test_dependencies)
[1.019s] 
[1.019s] [0m
[1.019s] -- Configuring incomplete, errors occurred!
[1.019s] See also "/home/cl/CLionProjects/ws01_plumbing/build/cpp05_names/CMakeFiles/CMakeOutput.log".
[1.026s] Invoked command in '/home/cl/CLionProjects/ws01_plumbing/build/cpp05_names' returned '1': CMAKE_PREFIX_PATH=/opt/ros/humble CONDA_PROMPT_MODIFIER=(base) /usr/bin/cmake /home/cl/CLionProjects/ws01_plumbing/src/cpp05_names -DCMAKE_INSTALL_PREFIX=/home/cl/CLionProjects/ws01_plumbing/install/cpp05_names
