[0.009s] Invoking command in '/home/cl/CLionProjects/ws01_plumbing/build/cpp05_names': CMAKE_PREFIX_PATH=${CMAKE_PREFIX_PATH}:/home/cl/CLionProjects/ws01_plumbing/install/py05_names:/opt/ros/humble CONDA_PROMPT_MODIFIER=(base) /usr/bin/cmake --build /home/cl/CLionProjects/ws01_plumbing/build/cpp05_names -- -j8 -l8
[0.038s] [35m[1mConsolidate compiler generated dependencies of target demo01_names[0m
[0.050s] [ 50%] [32mBuilding CXX object CMakeFiles/demo01_names.dir/src/demo01_names.cpp.o[0m
[3.154s] [100%] [32m[1mLinking CXX executable demo01_names[0m
[3.276s] [100%] Built target demo01_names
[3.288s] Invoked command in '/home/cl/CLionProjects/ws01_plumbing/build/cpp05_names' returned '0': CMAKE_PREFIX_PATH=${CMAKE_PREFIX_PATH}:/home/cl/CLionProjects/ws01_plumbing/install/py05_names:/opt/ros/humble CONDA_PROMPT_MODIFIER=(base) /usr/bin/cmake --build /home/cl/CLionProjects/ws01_plumbing/build/cpp05_names -- -j8 -l8
[3.295s] Invoking command in '/home/cl/CLionProjects/ws01_plumbing/build/cpp05_names': CMAKE_PREFIX_PATH=${CMAKE_PREFIX_PATH}:/home/cl/CLionProjects/ws01_plumbing/install/py05_names:/opt/ros/humble CONDA_PROMPT_MODIFIER=(base) /usr/bin/cmake --install /home/cl/CLionProjects/ws01_plumbing/build/cpp05_names
[3.301s] -- Install configuration: ""
[3.301s] -- Installing: /home/cl/CLionProjects/ws01_plumbing/install/cpp05_names/lib/cpp05_names/demo01_names
[3.302s] -- Set runtime path of "/home/cl/CLionProjects/ws01_plumbing/install/cpp05_names/lib/cpp05_names/demo01_names" to ""
[3.302s] -- Up-to-date: /home/cl/CLionProjects/ws01_plumbing/install/cpp05_names/share/cpp05_names/launch
[3.302s] -- Up-to-date: /home/cl/CLionProjects/ws01_plumbing/install/cpp05_names/share/cpp05_names/launch/demo03_names_launch.yaml
[3.302s] -- Up-to-date: /home/cl/CLionProjects/ws01_plumbing/install/cpp05_names/share/cpp05_names/launch/demo02_names_launch.xml
[3.302s] -- Up-to-date: /home/cl/CLionProjects/ws01_plumbing/install/cpp05_names/share/cpp05_names/launch/demo01_names_launch.py
[3.302s] -- Up-to-date: /home/cl/CLionProjects/ws01_plumbing/install/cpp05_names/share/ament_index/resource_index/package_run_dependencies/cpp05_names
[3.302s] -- Up-to-date: /home/cl/CLionProjects/ws01_plumbing/install/cpp05_names/share/ament_index/resource_index/parent_prefix_path/cpp05_names
[3.302s] -- Up-to-date: /home/cl/CLionProjects/ws01_plumbing/install/cpp05_names/share/cpp05_names/environment/ament_prefix_path.sh
[3.302s] -- Up-to-date: /home/cl/CLionProjects/ws01_plumbing/install/cpp05_names/share/cpp05_names/environment/ament_prefix_path.dsv
[3.302s] -- Up-to-date: /home/cl/CLionProjects/ws01_plumbing/install/cpp05_names/share/cpp05_names/environment/path.sh
[3.302s] -- Up-to-date: /home/cl/CLionProjects/ws01_plumbing/install/cpp05_names/share/cpp05_names/environment/path.dsv
[3.302s] -- Up-to-date: /home/cl/CLionProjects/ws01_plumbing/install/cpp05_names/share/cpp05_names/local_setup.bash
[3.302s] -- Up-to-date: /home/cl/CLionProjects/ws01_plumbing/install/cpp05_names/share/cpp05_names/local_setup.sh
[3.302s] -- Up-to-date: /home/cl/CLionProjects/ws01_plumbing/install/cpp05_names/share/cpp05_names/local_setup.zsh
[3.302s] -- Up-to-date: /home/cl/CLionProjects/ws01_plumbing/install/cpp05_names/share/cpp05_names/local_setup.dsv
[3.303s] -- Installing: /home/cl/CLionProjects/ws01_plumbing/install/cpp05_names/share/cpp05_names/package.dsv
[3.303s] -- Up-to-date: /home/cl/CLionProjects/ws01_plumbing/install/cpp05_names/share/ament_index/resource_index/packages/cpp05_names
[3.303s] -- Up-to-date: /home/cl/CLionProjects/ws01_plumbing/install/cpp05_names/share/cpp05_names/cmake/cpp05_namesConfig.cmake
[3.303s] -- Up-to-date: /home/cl/CLionProjects/ws01_plumbing/install/cpp05_names/share/cpp05_names/cmake/cpp05_namesConfig-version.cmake
[3.303s] -- Up-to-date: /home/cl/CLionProjects/ws01_plumbing/install/cpp05_names/share/cpp05_names/package.xml
[3.304s] Invoked command in '/home/cl/CLionProjects/ws01_plumbing/build/cpp05_names' returned '0': CMAKE_PREFIX_PATH=${CMAKE_PREFIX_PATH}:/home/cl/CLionProjects/ws01_plumbing/install/py05_names:/opt/ros/humble CONDA_PROMPT_MODIFIER=(base) /usr/bin/cmake --install /home/cl/CLionProjects/ws01_plumbing/build/cpp05_names
