[0.088s] DEBUG:colcon:Command line arguments: ['/usr/bin/colcon', 'build', '--packages-select', 'base_interfaces_demo']
[0.088s] DEBUG:colcon:Parsed command line arguments: Namespace(log_base=None, log_level=None, verb_name='build', build_base='build', install_base='install', merge_install=False, symlink_install=False, test_result_base=None, continue_on_error=False, executor='parallel', parallel_workers=8, event_handlers=None, ignore_user_meta=False, metas=['./colcon.meta'], base_paths=['.'], packages_ignore=None, packages_ignore_regex=None, paths=None, packages_up_to=None, packages_up_to_regex=None, packages_above=None, packages_above_and_dependencies=None, packages_above_depth=None, packages_select_by_dep=None, packages_skip_by_dep=None, packages_skip_up_to=None, packages_select_build_failed=False, packages_skip_build_finished=False, packages_select_test_failures=False, packages_skip_test_passed=False, packages_select=['base_interfaces_demo'], packages_skip=None, packages_select_regex=None, packages_skip_regex=None, packages_start=None, packages_end=None, allow_overriding=[], cmake_args=None, cmake_target=None, cmake_target_skip_unavailable=False, cmake_clean_cache=False, cmake_clean_first=False, cmake_force_configure=False, ament_cmake_args=None, catkin_cmake_args=None, catkin_skip_building_tests=False, verb_parser=<colcon_defaults.argument_parser.defaults.DefaultArgumentsDecorator object at 0x7ccb64233070>, verb_extension=<colcon_core.verb.build.BuildVerb object at 0x7ccb6437c460>, main=<bound method BuildVerb.main of <colcon_core.verb.build.BuildVerb object at 0x7ccb6437c460>>)
[0.223s] Level 1:colcon.colcon_core.package_discovery:discover_packages(colcon_meta) check parameters
[0.223s] Level 1:colcon.colcon_core.package_discovery:discover_packages(recursive) check parameters
[0.223s] Level 1:colcon.colcon_core.package_discovery:discover_packages(ignore) check parameters
[0.223s] Level 1:colcon.colcon_core.package_discovery:discover_packages(path) check parameters
[0.223s] Level 1:colcon.colcon_core.package_discovery:discover_packages(colcon_meta) discover
[0.223s] Level 1:colcon.colcon_core.package_discovery:discover_packages(recursive) discover
[0.223s] INFO:colcon.colcon_core.package_discovery:Crawling recursively for packages in '/home/cl/CLionProjects/ws01_plumbing'
[0.224s] Level 1:colcon.colcon_core.package_identification:_identify(.) by extensions ['ignore', 'ignore_ament_install']
[0.224s] Level 1:colcon.colcon_core.package_identification:_identify(.) by extension 'ignore'
[0.224s] Level 1:colcon.colcon_core.package_identification:_identify(.) by extension 'ignore_ament_install'
[0.224s] Level 1:colcon.colcon_core.package_identification:_identify(.) by extensions ['colcon_pkg']
[0.224s] Level 1:colcon.colcon_core.package_identification:_identify(.) by extension 'colcon_pkg'
[0.224s] Level 1:colcon.colcon_core.package_identification:_identify(.) by extensions ['colcon_meta']
[0.224s] Level 1:colcon.colcon_core.package_identification:_identify(.) by extension 'colcon_meta'
[0.224s] Level 1:colcon.colcon_core.package_identification:_identify(.) by extensions ['ros']
[0.224s] Level 1:colcon.colcon_core.package_identification:_identify(.) by extension 'ros'
[0.233s] Level 1:colcon.colcon_core.package_identification:_identify(.) by extensions ['cmake', 'python']
[0.233s] Level 1:colcon.colcon_core.package_identification:_identify(.) by extension 'cmake'
[0.236s] ERROR:colcon.colcon_core.package_identification:Exception in package identification extension 'cmake' in '.': Failed to extract project name from 'CMakeLists.txt'
Traceback (most recent call last):
  File "/usr/lib/python3/dist-packages/colcon_core/package_identification/__init__.py", line 144, in _identify
    retval = extension.identify(_reused_descriptor_instance)
  File "/usr/lib/python3/dist-packages/colcon_cmake/package_identification/cmake.py", line 36, in identify
    raise RuntimeError(
RuntimeError: Failed to extract project name from 'CMakeLists.txt'

[0.236s] Level 1:colcon.colcon_core.package_identification:_identify(.) by extension 'python'
[0.236s] Level 1:colcon.colcon_core.package_identification:_identify(.) by extensions ['python_setup_py']
[0.236s] Level 1:colcon.colcon_core.package_identification:_identify(.) by extension 'python_setup_py'
[0.237s] Level 1:colcon.colcon_core.package_identification:_identify(build) by extensions ['ignore', 'ignore_ament_install']
[0.237s] Level 1:colcon.colcon_core.package_identification:_identify(build) by extension 'ignore'
[0.237s] Level 1:colcon.colcon_core.package_identification:_identify(build) ignored
[0.237s] Level 1:colcon.colcon_core.package_identification:_identify(cmake-build) by extensions ['ignore', 'ignore_ament_install']
[0.237s] Level 1:colcon.colcon_core.package_identification:_identify(cmake-build) by extension 'ignore'
[0.237s] Level 1:colcon.colcon_core.package_identification:_identify(cmake-build) by extension 'ignore_ament_install'
[0.237s] Level 1:colcon.colcon_core.package_identification:_identify(cmake-build) by extensions ['colcon_pkg']
[0.237s] Level 1:colcon.colcon_core.package_identification:_identify(cmake-build) by extension 'colcon_pkg'
[0.237s] Level 1:colcon.colcon_core.package_identification:_identify(cmake-build) by extensions ['colcon_meta']
[0.237s] Level 1:colcon.colcon_core.package_identification:_identify(cmake-build) by extension 'colcon_meta'
[0.237s] Level 1:colcon.colcon_core.package_identification:_identify(cmake-build) by extensions ['ros']
[0.237s] Level 1:colcon.colcon_core.package_identification:_identify(cmake-build) by extension 'ros'
[0.237s] Level 1:colcon.colcon_core.package_identification:_identify(cmake-build) by extensions ['cmake', 'python']
[0.237s] Level 1:colcon.colcon_core.package_identification:_identify(cmake-build) by extension 'cmake'
[0.237s] Level 1:colcon.colcon_core.package_identification:_identify(cmake-build) by extension 'python'
[0.237s] Level 1:colcon.colcon_core.package_identification:_identify(cmake-build) by extensions ['python_setup_py']
[0.237s] Level 1:colcon.colcon_core.package_identification:_identify(cmake-build) by extension 'python_setup_py'
[0.238s] Level 1:colcon.colcon_core.package_identification:_identify(cmake-build/CMakeFiles) by extensions ['ignore', 'ignore_ament_install']
[0.238s] Level 1:colcon.colcon_core.package_identification:_identify(cmake-build/CMakeFiles) by extension 'ignore'
[0.238s] Level 1:colcon.colcon_core.package_identification:_identify(cmake-build/CMakeFiles) by extension 'ignore_ament_install'
[0.238s] Level 1:colcon.colcon_core.package_identification:_identify(cmake-build/CMakeFiles) by extensions ['colcon_pkg']
[0.238s] Level 1:colcon.colcon_core.package_identification:_identify(cmake-build/CMakeFiles) by extension 'colcon_pkg'
[0.238s] Level 1:colcon.colcon_core.package_identification:_identify(cmake-build/CMakeFiles) by extensions ['colcon_meta']
[0.238s] Level 1:colcon.colcon_core.package_identification:_identify(cmake-build/CMakeFiles) by extension 'colcon_meta'
[0.238s] Level 1:colcon.colcon_core.package_identification:_identify(cmake-build/CMakeFiles) by extensions ['ros']
[0.238s] Level 1:colcon.colcon_core.package_identification:_identify(cmake-build/CMakeFiles) by extension 'ros'
[0.238s] Level 1:colcon.colcon_core.package_identification:_identify(cmake-build/CMakeFiles) by extensions ['cmake', 'python']
[0.238s] Level 1:colcon.colcon_core.package_identification:_identify(cmake-build/CMakeFiles) by extension 'cmake'
[0.238s] Level 1:colcon.colcon_core.package_identification:_identify(cmake-build/CMakeFiles) by extension 'python'
[0.238s] Level 1:colcon.colcon_core.package_identification:_identify(cmake-build/CMakeFiles) by extensions ['python_setup_py']
[0.238s] Level 1:colcon.colcon_core.package_identification:_identify(cmake-build/CMakeFiles) by extension 'python_setup_py'
[0.238s] Level 1:colcon.colcon_core.package_identification:_identify(cmake-build/CMakeFiles/3.30.5) by extensions ['ignore', 'ignore_ament_install']
[0.238s] Level 1:colcon.colcon_core.package_identification:_identify(cmake-build/CMakeFiles/3.30.5) by extension 'ignore'
[0.238s] Level 1:colcon.colcon_core.package_identification:_identify(cmake-build/CMakeFiles/3.30.5) by extension 'ignore_ament_install'
[0.238s] Level 1:colcon.colcon_core.package_identification:_identify(cmake-build/CMakeFiles/3.30.5) by extensions ['colcon_pkg']
[0.238s] Level 1:colcon.colcon_core.package_identification:_identify(cmake-build/CMakeFiles/3.30.5) by extension 'colcon_pkg'
[0.238s] Level 1:colcon.colcon_core.package_identification:_identify(cmake-build/CMakeFiles/3.30.5) by extensions ['colcon_meta']
[0.239s] Level 1:colcon.colcon_core.package_identification:_identify(cmake-build/CMakeFiles/3.30.5) by extension 'colcon_meta'
[0.239s] Level 1:colcon.colcon_core.package_identification:_identify(cmake-build/CMakeFiles/3.30.5) by extensions ['ros']
[0.239s] Level 1:colcon.colcon_core.package_identification:_identify(cmake-build/CMakeFiles/3.30.5) by extension 'ros'
[0.239s] Level 1:colcon.colcon_core.package_identification:_identify(cmake-build/CMakeFiles/3.30.5) by extensions ['cmake', 'python']
[0.239s] Level 1:colcon.colcon_core.package_identification:_identify(cmake-build/CMakeFiles/3.30.5) by extension 'cmake'
[0.239s] Level 1:colcon.colcon_core.package_identification:_identify(cmake-build/CMakeFiles/3.30.5) by extension 'python'
[0.239s] Level 1:colcon.colcon_core.package_identification:_identify(cmake-build/CMakeFiles/3.30.5) by extensions ['python_setup_py']
[0.239s] Level 1:colcon.colcon_core.package_identification:_identify(cmake-build/CMakeFiles/3.30.5) by extension 'python_setup_py'
[0.239s] Level 1:colcon.colcon_core.package_identification:_identify(cmake-build/CMakeFiles/3.30.5/CompilerIdC) by extensions ['ignore', 'ignore_ament_install']
[0.239s] Level 1:colcon.colcon_core.package_identification:_identify(cmake-build/CMakeFiles/3.30.5/CompilerIdC) by extension 'ignore'
[0.239s] Level 1:colcon.colcon_core.package_identification:_identify(cmake-build/CMakeFiles/3.30.5/CompilerIdC) by extension 'ignore_ament_install'
[0.239s] Level 1:colcon.colcon_core.package_identification:_identify(cmake-build/CMakeFiles/3.30.5/CompilerIdC) by extensions ['colcon_pkg']
[0.239s] Level 1:colcon.colcon_core.package_identification:_identify(cmake-build/CMakeFiles/3.30.5/CompilerIdC) by extension 'colcon_pkg'
[0.239s] Level 1:colcon.colcon_core.package_identification:_identify(cmake-build/CMakeFiles/3.30.5/CompilerIdC) by extensions ['colcon_meta']
[0.239s] Level 1:colcon.colcon_core.package_identification:_identify(cmake-build/CMakeFiles/3.30.5/CompilerIdC) by extension 'colcon_meta'
[0.239s] Level 1:colcon.colcon_core.package_identification:_identify(cmake-build/CMakeFiles/3.30.5/CompilerIdC) by extensions ['ros']
[0.239s] Level 1:colcon.colcon_core.package_identification:_identify(cmake-build/CMakeFiles/3.30.5/CompilerIdC) by extension 'ros'
[0.239s] Level 1:colcon.colcon_core.package_identification:_identify(cmake-build/CMakeFiles/3.30.5/CompilerIdC) by extensions ['cmake', 'python']
[0.239s] Level 1:colcon.colcon_core.package_identification:_identify(cmake-build/CMakeFiles/3.30.5/CompilerIdC) by extension 'cmake'
[0.240s] Level 1:colcon.colcon_core.package_identification:_identify(cmake-build/CMakeFiles/3.30.5/CompilerIdC) by extension 'python'
[0.240s] Level 1:colcon.colcon_core.package_identification:_identify(cmake-build/CMakeFiles/3.30.5/CompilerIdC) by extensions ['python_setup_py']
[0.240s] Level 1:colcon.colcon_core.package_identification:_identify(cmake-build/CMakeFiles/3.30.5/CompilerIdC) by extension 'python_setup_py'
[0.240s] Level 1:colcon.colcon_core.package_identification:_identify(cmake-build/CMakeFiles/3.30.5/CompilerIdC/tmp) by extensions ['ignore', 'ignore_ament_install']
[0.240s] Level 1:colcon.colcon_core.package_identification:_identify(cmake-build/CMakeFiles/3.30.5/CompilerIdC/tmp) by extension 'ignore'
[0.240s] Level 1:colcon.colcon_core.package_identification:_identify(cmake-build/CMakeFiles/3.30.5/CompilerIdC/tmp) by extension 'ignore_ament_install'
[0.240s] Level 1:colcon.colcon_core.package_identification:_identify(cmake-build/CMakeFiles/3.30.5/CompilerIdC/tmp) by extensions ['colcon_pkg']
[0.240s] Level 1:colcon.colcon_core.package_identification:_identify(cmake-build/CMakeFiles/3.30.5/CompilerIdC/tmp) by extension 'colcon_pkg'
[0.240s] Level 1:colcon.colcon_core.package_identification:_identify(cmake-build/CMakeFiles/3.30.5/CompilerIdC/tmp) by extensions ['colcon_meta']
[0.240s] Level 1:colcon.colcon_core.package_identification:_identify(cmake-build/CMakeFiles/3.30.5/CompilerIdC/tmp) by extension 'colcon_meta'
[0.240s] Level 1:colcon.colcon_core.package_identification:_identify(cmake-build/CMakeFiles/3.30.5/CompilerIdC/tmp) by extensions ['ros']
[0.240s] Level 1:colcon.colcon_core.package_identification:_identify(cmake-build/CMakeFiles/3.30.5/CompilerIdC/tmp) by extension 'ros'
[0.240s] Level 1:colcon.colcon_core.package_identification:_identify(cmake-build/CMakeFiles/3.30.5/CompilerIdC/tmp) by extensions ['cmake', 'python']
[0.240s] Level 1:colcon.colcon_core.package_identification:_identify(cmake-build/CMakeFiles/3.30.5/CompilerIdC/tmp) by extension 'cmake'
[0.240s] Level 1:colcon.colcon_core.package_identification:_identify(cmake-build/CMakeFiles/3.30.5/CompilerIdC/tmp) by extension 'python'
[0.240s] Level 1:colcon.colcon_core.package_identification:_identify(cmake-build/CMakeFiles/3.30.5/CompilerIdC/tmp) by extensions ['python_setup_py']
[0.240s] Level 1:colcon.colcon_core.package_identification:_identify(cmake-build/CMakeFiles/3.30.5/CompilerIdC/tmp) by extension 'python_setup_py'
[0.240s] Level 1:colcon.colcon_core.package_identification:_identify(cmake-build/CMakeFiles/3.30.5/CompilerIdCXX) by extensions ['ignore', 'ignore_ament_install']
[0.240s] Level 1:colcon.colcon_core.package_identification:_identify(cmake-build/CMakeFiles/3.30.5/CompilerIdCXX) by extension 'ignore'
[0.240s] Level 1:colcon.colcon_core.package_identification:_identify(cmake-build/CMakeFiles/3.30.5/CompilerIdCXX) by extension 'ignore_ament_install'
[0.241s] Level 1:colcon.colcon_core.package_identification:_identify(cmake-build/CMakeFiles/3.30.5/CompilerIdCXX) by extensions ['colcon_pkg']
[0.241s] Level 1:colcon.colcon_core.package_identification:_identify(cmake-build/CMakeFiles/3.30.5/CompilerIdCXX) by extension 'colcon_pkg'
[0.241s] Level 1:colcon.colcon_core.package_identification:_identify(cmake-build/CMakeFiles/3.30.5/CompilerIdCXX) by extensions ['colcon_meta']
[0.241s] Level 1:colcon.colcon_core.package_identification:_identify(cmake-build/CMakeFiles/3.30.5/CompilerIdCXX) by extension 'colcon_meta'
[0.241s] Level 1:colcon.colcon_core.package_identification:_identify(cmake-build/CMakeFiles/3.30.5/CompilerIdCXX) by extensions ['ros']
[0.241s] Level 1:colcon.colcon_core.package_identification:_identify(cmake-build/CMakeFiles/3.30.5/CompilerIdCXX) by extension 'ros'
[0.241s] Level 1:colcon.colcon_core.package_identification:_identify(cmake-build/CMakeFiles/3.30.5/CompilerIdCXX) by extensions ['cmake', 'python']
[0.241s] Level 1:colcon.colcon_core.package_identification:_identify(cmake-build/CMakeFiles/3.30.5/CompilerIdCXX) by extension 'cmake'
[0.241s] Level 1:colcon.colcon_core.package_identification:_identify(cmake-build/CMakeFiles/3.30.5/CompilerIdCXX) by extension 'python'
[0.241s] Level 1:colcon.colcon_core.package_identification:_identify(cmake-build/CMakeFiles/3.30.5/CompilerIdCXX) by extensions ['python_setup_py']
[0.241s] Level 1:colcon.colcon_core.package_identification:_identify(cmake-build/CMakeFiles/3.30.5/CompilerIdCXX) by extension 'python_setup_py'
[0.241s] Level 1:colcon.colcon_core.package_identification:_identify(cmake-build/CMakeFiles/3.30.5/CompilerIdCXX/tmp) by extensions ['ignore', 'ignore_ament_install']
[0.241s] Level 1:colcon.colcon_core.package_identification:_identify(cmake-build/CMakeFiles/3.30.5/CompilerIdCXX/tmp) by extension 'ignore'
[0.241s] Level 1:colcon.colcon_core.package_identification:_identify(cmake-build/CMakeFiles/3.30.5/CompilerIdCXX/tmp) by extension 'ignore_ament_install'
[0.241s] Level 1:colcon.colcon_core.package_identification:_identify(cmake-build/CMakeFiles/3.30.5/CompilerIdCXX/tmp) by extensions ['colcon_pkg']
[0.241s] Level 1:colcon.colcon_core.package_identification:_identify(cmake-build/CMakeFiles/3.30.5/CompilerIdCXX/tmp) by extension 'colcon_pkg'
[0.241s] Level 1:colcon.colcon_core.package_identification:_identify(cmake-build/CMakeFiles/3.30.5/CompilerIdCXX/tmp) by extensions ['colcon_meta']
[0.241s] Level 1:colcon.colcon_core.package_identification:_identify(cmake-build/CMakeFiles/3.30.5/CompilerIdCXX/tmp) by extension 'colcon_meta'
[0.241s] Level 1:colcon.colcon_core.package_identification:_identify(cmake-build/CMakeFiles/3.30.5/CompilerIdCXX/tmp) by extensions ['ros']
[0.241s] Level 1:colcon.colcon_core.package_identification:_identify(cmake-build/CMakeFiles/3.30.5/CompilerIdCXX/tmp) by extension 'ros'
[0.241s] Level 1:colcon.colcon_core.package_identification:_identify(cmake-build/CMakeFiles/3.30.5/CompilerIdCXX/tmp) by extensions ['cmake', 'python']
[0.241s] Level 1:colcon.colcon_core.package_identification:_identify(cmake-build/CMakeFiles/3.30.5/CompilerIdCXX/tmp) by extension 'cmake'
[0.242s] Level 1:colcon.colcon_core.package_identification:_identify(cmake-build/CMakeFiles/3.30.5/CompilerIdCXX/tmp) by extension 'python'
[0.242s] Level 1:colcon.colcon_core.package_identification:_identify(cmake-build/CMakeFiles/3.30.5/CompilerIdCXX/tmp) by extensions ['python_setup_py']
[0.242s] Level 1:colcon.colcon_core.package_identification:_identify(cmake-build/CMakeFiles/3.30.5/CompilerIdCXX/tmp) by extension 'python_setup_py'
[0.242s] Level 1:colcon.colcon_core.package_identification:_identify(cmake-build/CMakeFiles/CMakeScratch) by extensions ['ignore', 'ignore_ament_install']
[0.242s] Level 1:colcon.colcon_core.package_identification:_identify(cmake-build/CMakeFiles/CMakeScratch) by extension 'ignore'
[0.242s] Level 1:colcon.colcon_core.package_identification:_identify(cmake-build/CMakeFiles/CMakeScratch) by extension 'ignore_ament_install'
[0.242s] Level 1:colcon.colcon_core.package_identification:_identify(cmake-build/CMakeFiles/CMakeScratch) by extensions ['colcon_pkg']
[0.242s] Level 1:colcon.colcon_core.package_identification:_identify(cmake-build/CMakeFiles/CMakeScratch) by extension 'colcon_pkg'
[0.242s] Level 1:colcon.colcon_core.package_identification:_identify(cmake-build/CMakeFiles/CMakeScratch) by extensions ['colcon_meta']
[0.242s] Level 1:colcon.colcon_core.package_identification:_identify(cmake-build/CMakeFiles/CMakeScratch) by extension 'colcon_meta'
[0.242s] Level 1:colcon.colcon_core.package_identification:_identify(cmake-build/CMakeFiles/CMakeScratch) by extensions ['ros']
[0.242s] Level 1:colcon.colcon_core.package_identification:_identify(cmake-build/CMakeFiles/CMakeScratch) by extension 'ros'
[0.242s] Level 1:colcon.colcon_core.package_identification:_identify(cmake-build/CMakeFiles/CMakeScratch) by extensions ['cmake', 'python']
[0.242s] Level 1:colcon.colcon_core.package_identification:_identify(cmake-build/CMakeFiles/CMakeScratch) by extension 'cmake'
[0.242s] Level 1:colcon.colcon_core.package_identification:_identify(cmake-build/CMakeFiles/CMakeScratch) by extension 'python'
[0.242s] Level 1:colcon.colcon_core.package_identification:_identify(cmake-build/CMakeFiles/CMakeScratch) by extensions ['python_setup_py']
[0.242s] Level 1:colcon.colcon_core.package_identification:_identify(cmake-build/CMakeFiles/CMakeScratch) by extension 'python_setup_py'
[0.242s] Level 1:colcon.colcon_core.package_identification:_identify(cmake-build/CMakeFiles/pkgRedirects) by extensions ['ignore', 'ignore_ament_install']
[0.242s] Level 1:colcon.colcon_core.package_identification:_identify(cmake-build/CMakeFiles/pkgRedirects) by extension 'ignore'
[0.242s] Level 1:colcon.colcon_core.package_identification:_identify(cmake-build/CMakeFiles/pkgRedirects) by extension 'ignore_ament_install'
[0.242s] Level 1:colcon.colcon_core.package_identification:_identify(cmake-build/CMakeFiles/pkgRedirects) by extensions ['colcon_pkg']
[0.243s] Level 1:colcon.colcon_core.package_identification:_identify(cmake-build/CMakeFiles/pkgRedirects) by extension 'colcon_pkg'
[0.243s] Level 1:colcon.colcon_core.package_identification:_identify(cmake-build/CMakeFiles/pkgRedirects) by extensions ['colcon_meta']
[0.243s] Level 1:colcon.colcon_core.package_identification:_identify(cmake-build/CMakeFiles/pkgRedirects) by extension 'colcon_meta'
[0.243s] Level 1:colcon.colcon_core.package_identification:_identify(cmake-build/CMakeFiles/pkgRedirects) by extensions ['ros']
[0.243s] Level 1:colcon.colcon_core.package_identification:_identify(cmake-build/CMakeFiles/pkgRedirects) by extension 'ros'
[0.243s] Level 1:colcon.colcon_core.package_identification:_identify(cmake-build/CMakeFiles/pkgRedirects) by extensions ['cmake', 'python']
[0.243s] Level 1:colcon.colcon_core.package_identification:_identify(cmake-build/CMakeFiles/pkgRedirects) by extension 'cmake'
[0.243s] Level 1:colcon.colcon_core.package_identification:_identify(cmake-build/CMakeFiles/pkgRedirects) by extension 'python'
[0.243s] Level 1:colcon.colcon_core.package_identification:_identify(cmake-build/CMakeFiles/pkgRedirects) by extensions ['python_setup_py']
[0.243s] Level 1:colcon.colcon_core.package_identification:_identify(cmake-build/CMakeFiles/pkgRedirects) by extension 'python_setup_py'
[0.243s] Level 1:colcon.colcon_core.package_identification:_identify(install) by extensions ['ignore', 'ignore_ament_install']
[0.243s] Level 1:colcon.colcon_core.package_identification:_identify(install) by extension 'ignore'
[0.243s] Level 1:colcon.colcon_core.package_identification:_identify(install) ignored
[0.243s] Level 1:colcon.colcon_core.package_identification:_identify(log) by extensions ['ignore', 'ignore_ament_install']
[0.243s] Level 1:colcon.colcon_core.package_identification:_identify(log) by extension 'ignore'
[0.243s] Level 1:colcon.colcon_core.package_identification:_identify(log) ignored
[0.243s] Level 1:colcon.colcon_core.package_identification:_identify(src) by extensions ['ignore', 'ignore_ament_install']
[0.243s] Level 1:colcon.colcon_core.package_identification:_identify(src) by extension 'ignore'
[0.243s] Level 1:colcon.colcon_core.package_identification:_identify(src) by extension 'ignore_ament_install'
[0.244s] Level 1:colcon.colcon_core.package_identification:_identify(src) by extensions ['colcon_pkg']
[0.244s] Level 1:colcon.colcon_core.package_identification:_identify(src) by extension 'colcon_pkg'
[0.244s] Level 1:colcon.colcon_core.package_identification:_identify(src) by extensions ['colcon_meta']
[0.244s] Level 1:colcon.colcon_core.package_identification:_identify(src) by extension 'colcon_meta'
[0.244s] Level 1:colcon.colcon_core.package_identification:_identify(src) by extensions ['ros']
[0.244s] Level 1:colcon.colcon_core.package_identification:_identify(src) by extension 'ros'
[0.244s] Level 1:colcon.colcon_core.package_identification:_identify(src) by extensions ['cmake', 'python']
[0.244s] Level 1:colcon.colcon_core.package_identification:_identify(src) by extension 'cmake'
[0.244s] Level 1:colcon.colcon_core.package_identification:_identify(src) by extension 'python'
[0.244s] Level 1:colcon.colcon_core.package_identification:_identify(src) by extensions ['python_setup_py']
[0.244s] Level 1:colcon.colcon_core.package_identification:_identify(src) by extension 'python_setup_py'
[0.244s] Level 1:colcon.colcon_core.package_identification:_identify(src/base_interfaces_demo) by extensions ['ignore', 'ignore_ament_install']
[0.244s] Level 1:colcon.colcon_core.package_identification:_identify(src/base_interfaces_demo) by extension 'ignore'
[0.244s] Level 1:colcon.colcon_core.package_identification:_identify(src/base_interfaces_demo) by extension 'ignore_ament_install'
[0.244s] Level 1:colcon.colcon_core.package_identification:_identify(src/base_interfaces_demo) by extensions ['colcon_pkg']
[0.244s] Level 1:colcon.colcon_core.package_identification:_identify(src/base_interfaces_demo) by extension 'colcon_pkg'
[0.244s] Level 1:colcon.colcon_core.package_identification:_identify(src/base_interfaces_demo) by extensions ['colcon_meta']
[0.244s] Level 1:colcon.colcon_core.package_identification:_identify(src/base_interfaces_demo) by extension 'colcon_meta'
[0.244s] Level 1:colcon.colcon_core.package_identification:_identify(src/base_interfaces_demo) by extensions ['ros']
[0.244s] Level 1:colcon.colcon_core.package_identification:_identify(src/base_interfaces_demo) by extension 'ros'
[0.246s] DEBUG:colcon.colcon_core.package_identification:Package 'src/base_interfaces_demo' with type 'ros.ament_cmake' and name 'base_interfaces_demo'
[0.247s] Level 1:colcon.colcon_core.package_identification:_identify(src/cpp01_topic) by extensions ['ignore', 'ignore_ament_install']
[0.247s] Level 1:colcon.colcon_core.package_identification:_identify(src/cpp01_topic) by extension 'ignore'
[0.247s] Level 1:colcon.colcon_core.package_identification:_identify(src/cpp01_topic) by extension 'ignore_ament_install'
[0.247s] Level 1:colcon.colcon_core.package_identification:_identify(src/cpp01_topic) by extensions ['colcon_pkg']
[0.247s] Level 1:colcon.colcon_core.package_identification:_identify(src/cpp01_topic) by extension 'colcon_pkg'
[0.247s] Level 1:colcon.colcon_core.package_identification:_identify(src/cpp01_topic) by extensions ['colcon_meta']
[0.247s] Level 1:colcon.colcon_core.package_identification:_identify(src/cpp01_topic) by extension 'colcon_meta'
[0.247s] Level 1:colcon.colcon_core.package_identification:_identify(src/cpp01_topic) by extensions ['ros']
[0.247s] Level 1:colcon.colcon_core.package_identification:_identify(src/cpp01_topic) by extension 'ros'
[0.248s] DEBUG:colcon.colcon_core.package_identification:Package 'src/cpp01_topic' with type 'ros.ament_cmake' and name 'cpp01_topic'
[0.248s] Level 1:colcon.colcon_core.package_discovery:discover_packages(recursive) using defaults
[0.248s] Level 1:colcon.colcon_core.package_discovery:discover_packages(ignore) discover
[0.248s] Level 1:colcon.colcon_core.package_discovery:discover_packages(ignore) using defaults
[0.248s] Level 1:colcon.colcon_core.package_discovery:discover_packages(path) discover
[0.248s] Level 1:colcon.colcon_core.package_discovery:discover_packages(path) using defaults
[0.264s] INFO:colcon.colcon_core.package_selection:Skipping not selected package 'cpp01_topic' in 'src/cpp01_topic'
[0.264s] Level 1:colcon.colcon_core.package_discovery:discover_packages(prefix_path) check parameters
[0.264s] Level 1:colcon.colcon_core.package_discovery:discover_packages(prefix_path) discover
[0.265s] WARNING:colcon.colcon_ros.prefix_path.ament:The path '/home/cl/CLionProjects/ws01_plumbing/install/cpp01_topic' in the environment variable AMENT_PREFIX_PATH doesn't exist
[0.265s] WARNING:colcon.colcon_ros.prefix_path.ament:The path '/home/cl/CLionProjects/ws01_plumbing/install/base_interfaces_demo' in the environment variable AMENT_PREFIX_PATH doesn't exist
[0.265s] WARNING:colcon.colcon_ros.prefix_path.catkin:The path '/home/cl/CLionProjects/ws01_plumbing/install/cpp01_topic' in the environment variable CMAKE_PREFIX_PATH doesn't exist
[0.265s] WARNING:colcon.colcon_ros.prefix_path.catkin:The path '/home/cl/CLionProjects/ws01_plumbing/install/base_interfaces_demo' in the environment variable CMAKE_PREFIX_PATH doesn't exist
[0.266s] DEBUG:colcon.colcon_installed_package_information.package_discovery:Found 0 installed packages in /home/cl/CLionProjects/ws01_plumbing/install
[0.267s] DEBUG:colcon.colcon_installed_package_information.package_discovery:Found 273 installed packages in /opt/ros/humble
[0.278s] Level 1:colcon.colcon_core.package_discovery:discover_packages(prefix_path) using defaults
[0.311s] Level 5:colcon.colcon_core.verb:set package 'base_interfaces_demo' build argument 'cmake_args' from command line to 'None'
[0.312s] Level 5:colcon.colcon_core.verb:set package 'base_interfaces_demo' build argument 'cmake_target' from command line to 'None'
[0.312s] Level 5:colcon.colcon_core.verb:set package 'base_interfaces_demo' build argument 'cmake_target_skip_unavailable' from command line to 'False'
[0.312s] Level 5:colcon.colcon_core.verb:set package 'base_interfaces_demo' build argument 'cmake_clean_cache' from command line to 'False'
[0.312s] Level 5:colcon.colcon_core.verb:set package 'base_interfaces_demo' build argument 'cmake_clean_first' from command line to 'False'
[0.312s] Level 5:colcon.colcon_core.verb:set package 'base_interfaces_demo' build argument 'cmake_force_configure' from command line to 'False'
[0.312s] Level 5:colcon.colcon_core.verb:set package 'base_interfaces_demo' build argument 'ament_cmake_args' from command line to 'None'
[0.312s] Level 5:colcon.colcon_core.verb:set package 'base_interfaces_demo' build argument 'catkin_cmake_args' from command line to 'None'
[0.312s] Level 5:colcon.colcon_core.verb:set package 'base_interfaces_demo' build argument 'catkin_skip_building_tests' from command line to 'False'
[0.312s] DEBUG:colcon.colcon_core.verb:Building package 'base_interfaces_demo' with the following arguments: {'ament_cmake_args': None, 'build_base': '/home/cl/CLionProjects/ws01_plumbing/build/base_interfaces_demo', 'catkin_cmake_args': None, 'catkin_skip_building_tests': False, 'cmake_args': None, 'cmake_clean_cache': False, 'cmake_clean_first': False, 'cmake_force_configure': False, 'cmake_target': None, 'cmake_target_skip_unavailable': False, 'install_base': '/home/cl/CLionProjects/ws01_plumbing/install/base_interfaces_demo', 'merge_install': False, 'path': '/home/cl/CLionProjects/ws01_plumbing/src/base_interfaces_demo', 'symlink_install': False, 'test_result_base': None}
[0.312s] INFO:colcon.colcon_core.executor:Executing jobs using 'parallel' executor
[0.314s] DEBUG:colcon.colcon_parallel_executor.executor.parallel:run_until_complete
[0.314s] INFO:colcon.colcon_ros.task.ament_cmake.build:Building ROS package in '/home/cl/CLionProjects/ws01_plumbing/src/base_interfaces_demo' with build type 'ament_cmake'
[0.314s] INFO:colcon.colcon_cmake.task.cmake.build:Building CMake package in '/home/cl/CLionProjects/ws01_plumbing/src/base_interfaces_demo'
[0.316s] INFO:colcon.colcon_core.plugin_system:Skipping extension 'colcon_core.shell.bat': Not used on non-Windows systems
[0.317s] INFO:colcon.colcon_core.shell:Skip shell extension 'powershell' for command environment: Not usable outside of PowerShell
[0.317s] DEBUG:colcon.colcon_core.shell:Skip shell extension 'dsv' for command environment
[0.325s] DEBUG:colcon.colcon_core.event_handler.log_command:Invoking command in '/home/cl/CLionProjects/ws01_plumbing/build/base_interfaces_demo': CMAKE_PREFIX_PATH=${CMAKE_PREFIX_PATH}:/opt/ros/humble /usr/bin/cmake /home/cl/CLionProjects/ws01_plumbing/src/base_interfaces_demo -DCMAKE_INSTALL_PREFIX=/home/cl/CLionProjects/ws01_plumbing/install/base_interfaces_demo
[1.517s] DEBUG:colcon.colcon_core.event_handler.log_command:Invoked command in '/home/cl/CLionProjects/ws01_plumbing/build/base_interfaces_demo' returned '0': CMAKE_PREFIX_PATH=${CMAKE_PREFIX_PATH}:/opt/ros/humble /usr/bin/cmake /home/cl/CLionProjects/ws01_plumbing/src/base_interfaces_demo -DCMAKE_INSTALL_PREFIX=/home/cl/CLionProjects/ws01_plumbing/install/base_interfaces_demo
[1.519s] DEBUG:colcon.colcon_core.event_handler.log_command:Invoking command in '/home/cl/CLionProjects/ws01_plumbing/build/base_interfaces_demo': CMAKE_PREFIX_PATH=${CMAKE_PREFIX_PATH}:/opt/ros/humble /usr/bin/cmake --build /home/cl/CLionProjects/ws01_plumbing/build/base_interfaces_demo -- -j8 -l8
[3.237s] DEBUG:colcon.colcon_core.event_handler.log_command:Invoked command in '/home/cl/CLionProjects/ws01_plumbing/build/base_interfaces_demo' returned '0': CMAKE_PREFIX_PATH=${CMAKE_PREFIX_PATH}:/opt/ros/humble /usr/bin/cmake --build /home/cl/CLionProjects/ws01_plumbing/build/base_interfaces_demo -- -j8 -l8
[3.244s] DEBUG:colcon.colcon_core.event_handler.log_command:Invoking command in '/home/cl/CLionProjects/ws01_plumbing/build/base_interfaces_demo': CMAKE_PREFIX_PATH=${CMAKE_PREFIX_PATH}:/opt/ros/humble /usr/bin/cmake --install /home/cl/CLionProjects/ws01_plumbing/build/base_interfaces_demo
[3.293s] Level 1:colcon.colcon_core.environment:create_environment_scripts_only(base_interfaces_demo)
[3.293s] DEBUG:colcon.colcon_core.event_handler.log_command:Invoked command in '/home/cl/CLionProjects/ws01_plumbing/build/base_interfaces_demo' returned '0': CMAKE_PREFIX_PATH=${CMAKE_PREFIX_PATH}:/opt/ros/humble /usr/bin/cmake --install /home/cl/CLionProjects/ws01_plumbing/build/base_interfaces_demo
[3.295s] Level 1:colcon.colcon_core.environment:checking '/home/cl/CLionProjects/ws01_plumbing/install/base_interfaces_demo' for CMake module files
[3.295s] Level 1:colcon.colcon_core.environment:checking '/home/cl/CLionProjects/ws01_plumbing/install/base_interfaces_demo' for CMake config files
[3.295s] Level 1:colcon.colcon_core.shell:create_environment_hook('base_interfaces_demo', 'cmake_prefix_path')
[3.296s] INFO:colcon.colcon_core.shell:Creating environment hook '/home/cl/CLionProjects/ws01_plumbing/install/base_interfaces_demo/share/base_interfaces_demo/hook/cmake_prefix_path.ps1'
[3.296s] INFO:colcon.colcon_core.shell:Creating environment descriptor '/home/cl/CLionProjects/ws01_plumbing/install/base_interfaces_demo/share/base_interfaces_demo/hook/cmake_prefix_path.dsv'
[3.296s] INFO:colcon.colcon_core.shell:Creating environment hook '/home/cl/CLionProjects/ws01_plumbing/install/base_interfaces_demo/share/base_interfaces_demo/hook/cmake_prefix_path.sh'
[3.297s] Level 1:colcon.colcon_core.environment:checking '/home/cl/CLionProjects/ws01_plumbing/install/base_interfaces_demo/lib'
[3.297s] Level 1:colcon.colcon_core.shell:create_environment_hook('base_interfaces_demo', 'ld_library_path_lib')
[3.297s] INFO:colcon.colcon_core.shell:Creating environment hook '/home/cl/CLionProjects/ws01_plumbing/install/base_interfaces_demo/share/base_interfaces_demo/hook/ld_library_path_lib.ps1'
[3.298s] INFO:colcon.colcon_core.shell:Creating environment descriptor '/home/cl/CLionProjects/ws01_plumbing/install/base_interfaces_demo/share/base_interfaces_demo/hook/ld_library_path_lib.dsv'
[3.298s] INFO:colcon.colcon_core.shell:Creating environment hook '/home/cl/CLionProjects/ws01_plumbing/install/base_interfaces_demo/share/base_interfaces_demo/hook/ld_library_path_lib.sh'
[3.298s] Level 1:colcon.colcon_core.environment:checking '/home/cl/CLionProjects/ws01_plumbing/install/base_interfaces_demo/bin'
[3.298s] Level 1:colcon.colcon_core.environment:checking '/home/cl/CLionProjects/ws01_plumbing/install/base_interfaces_demo/lib/pkgconfig/base_interfaces_demo.pc'
[3.298s] Level 1:colcon.colcon_core.environment:checking '/home/cl/CLionProjects/ws01_plumbing/install/base_interfaces_demo/lib/python3.10/site-packages'
[3.299s] Level 1:colcon.colcon_core.environment:checking '/home/cl/CLionProjects/ws01_plumbing/install/base_interfaces_demo/bin'
[3.299s] INFO:colcon.colcon_core.shell:Creating package script '/home/cl/CLionProjects/ws01_plumbing/install/base_interfaces_demo/share/base_interfaces_demo/package.ps1'
[3.299s] INFO:colcon.colcon_core.shell:Creating package descriptor '/home/cl/CLionProjects/ws01_plumbing/install/base_interfaces_demo/share/base_interfaces_demo/package.dsv'
[3.300s] INFO:colcon.colcon_core.shell:Creating package script '/home/cl/CLionProjects/ws01_plumbing/install/base_interfaces_demo/share/base_interfaces_demo/package.sh'
[3.300s] INFO:colcon.colcon_core.shell:Creating package script '/home/cl/CLionProjects/ws01_plumbing/install/base_interfaces_demo/share/base_interfaces_demo/package.bash'
[3.301s] INFO:colcon.colcon_core.shell:Creating package script '/home/cl/CLionProjects/ws01_plumbing/install/base_interfaces_demo/share/base_interfaces_demo/package.zsh'
[3.302s] Level 1:colcon.colcon_core.environment:create_file_with_runtime_dependencies(/home/cl/CLionProjects/ws01_plumbing/install/base_interfaces_demo/share/colcon-core/packages/base_interfaces_demo)
[3.302s] Level 1:colcon.colcon_core.environment:create_environment_scripts_only(base_interfaces_demo)
[3.302s] Level 1:colcon.colcon_core.environment:checking '/home/cl/CLionProjects/ws01_plumbing/install/base_interfaces_demo' for CMake module files
[3.303s] Level 1:colcon.colcon_core.environment:checking '/home/cl/CLionProjects/ws01_plumbing/install/base_interfaces_demo' for CMake config files
[3.303s] Level 1:colcon.colcon_core.shell:create_environment_hook('base_interfaces_demo', 'cmake_prefix_path')
[3.303s] INFO:colcon.colcon_core.shell:Creating environment hook '/home/cl/CLionProjects/ws01_plumbing/install/base_interfaces_demo/share/base_interfaces_demo/hook/cmake_prefix_path.ps1'
[3.303s] INFO:colcon.colcon_core.shell:Creating environment descriptor '/home/cl/CLionProjects/ws01_plumbing/install/base_interfaces_demo/share/base_interfaces_demo/hook/cmake_prefix_path.dsv'
[3.304s] INFO:colcon.colcon_core.shell:Creating environment hook '/home/cl/CLionProjects/ws01_plumbing/install/base_interfaces_demo/share/base_interfaces_demo/hook/cmake_prefix_path.sh'
[3.304s] Level 1:colcon.colcon_core.environment:checking '/home/cl/CLionProjects/ws01_plumbing/install/base_interfaces_demo/lib'
[3.304s] Level 1:colcon.colcon_core.shell:create_environment_hook('base_interfaces_demo', 'ld_library_path_lib')
[3.304s] INFO:colcon.colcon_core.shell:Creating environment hook '/home/cl/CLionProjects/ws01_plumbing/install/base_interfaces_demo/share/base_interfaces_demo/hook/ld_library_path_lib.ps1'
[3.305s] INFO:colcon.colcon_core.shell:Creating environment descriptor '/home/cl/CLionProjects/ws01_plumbing/install/base_interfaces_demo/share/base_interfaces_demo/hook/ld_library_path_lib.dsv'
[3.305s] INFO:colcon.colcon_core.shell:Creating environment hook '/home/cl/CLionProjects/ws01_plumbing/install/base_interfaces_demo/share/base_interfaces_demo/hook/ld_library_path_lib.sh'
[3.305s] Level 1:colcon.colcon_core.environment:checking '/home/cl/CLionProjects/ws01_plumbing/install/base_interfaces_demo/bin'
[3.305s] Level 1:colcon.colcon_core.environment:checking '/home/cl/CLionProjects/ws01_plumbing/install/base_interfaces_demo/lib/pkgconfig/base_interfaces_demo.pc'
[3.305s] Level 1:colcon.colcon_core.environment:checking '/home/cl/CLionProjects/ws01_plumbing/install/base_interfaces_demo/lib/python3.10/site-packages'
[3.306s] Level 1:colcon.colcon_core.environment:checking '/home/cl/CLionProjects/ws01_plumbing/install/base_interfaces_demo/bin'
[3.306s] INFO:colcon.colcon_core.shell:Creating package script '/home/cl/CLionProjects/ws01_plumbing/install/base_interfaces_demo/share/base_interfaces_demo/package.ps1'
[3.306s] INFO:colcon.colcon_core.shell:Creating package descriptor '/home/cl/CLionProjects/ws01_plumbing/install/base_interfaces_demo/share/base_interfaces_demo/package.dsv'
[3.307s] INFO:colcon.colcon_core.shell:Creating package script '/home/cl/CLionProjects/ws01_plumbing/install/base_interfaces_demo/share/base_interfaces_demo/package.sh'
[3.307s] INFO:colcon.colcon_core.shell:Creating package script '/home/cl/CLionProjects/ws01_plumbing/install/base_interfaces_demo/share/base_interfaces_demo/package.bash'
[3.307s] INFO:colcon.colcon_core.shell:Creating package script '/home/cl/CLionProjects/ws01_plumbing/install/base_interfaces_demo/share/base_interfaces_demo/package.zsh'
[3.308s] Level 1:colcon.colcon_core.environment:create_file_with_runtime_dependencies(/home/cl/CLionProjects/ws01_plumbing/install/base_interfaces_demo/share/colcon-core/packages/base_interfaces_demo)
[3.308s] DEBUG:colcon.colcon_parallel_executor.executor.parallel:closing loop
[3.308s] DEBUG:colcon.colcon_parallel_executor.executor.parallel:loop closed
[3.308s] DEBUG:colcon.colcon_parallel_executor.executor.parallel:run_until_complete finished with '0'
[3.308s] DEBUG:colcon.colcon_core.event_reactor:joining thread
[3.313s] INFO:colcon.colcon_core.plugin_system:Skipping extension 'colcon_notification.desktop_notification.terminal_notifier': Not used on non-Darwin systems
[3.313s] INFO:colcon.colcon_core.plugin_system:Skipping extension 'colcon_notification.desktop_notification.win32': Not used on non-Windows systems
[3.313s] INFO:colcon.colcon_notification.desktop_notification:Sending desktop notification using 'notify2'
[3.322s] DEBUG:colcon.colcon_core.event_reactor:joined thread
[3.322s] INFO:colcon.colcon_core.shell:Creating prefix script '/home/cl/CLionProjects/ws01_plumbing/install/local_setup.ps1'
[3.323s] INFO:colcon.colcon_core.shell:Creating prefix util module '/home/cl/CLionProjects/ws01_plumbing/install/_local_setup_util_ps1.py'
[3.324s] INFO:colcon.colcon_core.shell:Creating prefix chain script '/home/cl/CLionProjects/ws01_plumbing/install/setup.ps1'
[3.325s] INFO:colcon.colcon_core.shell:Creating prefix script '/home/cl/CLionProjects/ws01_plumbing/install/local_setup.sh'
[3.325s] INFO:colcon.colcon_core.shell:Creating prefix util module '/home/cl/CLionProjects/ws01_plumbing/install/_local_setup_util_sh.py'
[3.326s] INFO:colcon.colcon_core.shell:Creating prefix chain script '/home/cl/CLionProjects/ws01_plumbing/install/setup.sh'
[3.327s] INFO:colcon.colcon_core.shell:Creating prefix script '/home/cl/CLionProjects/ws01_plumbing/install/local_setup.bash'
[3.327s] INFO:colcon.colcon_core.shell:Creating prefix chain script '/home/cl/CLionProjects/ws01_plumbing/install/setup.bash'
[3.328s] INFO:colcon.colcon_core.shell:Creating prefix script '/home/cl/CLionProjects/ws01_plumbing/install/local_setup.zsh'
[3.328s] INFO:colcon.colcon_core.shell:Creating prefix chain script '/home/cl/CLionProjects/ws01_plumbing/install/setup.zsh'
