[0.092s] DEBUG:colcon:Command line arguments: ['/usr/bin/colcon', 'list', '--paths-only', '--base-paths', '/home/cl/CLionProjects/ws01_plumbing/src/', '--topological-order']
[0.092s] DEBUG:colcon:Parsed command line arguments: Namespace(log_base=None, log_level=None, verb_name='list', build_base='build', ignore_user_meta=False, metas=['./colcon.meta'], base_paths=['/home/cl/CLionProjects/ws01_plumbing/src/'], packages_ignore=None, packages_ignore_regex=None, paths=None, packages_up_to=None, packages_up_to_regex=None, packages_above=None, packages_above_and_dependencies=None, packages_above_depth=None, packages_select_by_dep=None, packages_skip_by_dep=None, packages_skip_up_to=None, packages_select_build_failed=False, packages_skip_build_finished=False, packages_select_test_failures=False, packages_skip_test_passed=False, packages_select=None, packages_skip=None, packages_select_regex=None, packages_skip_regex=None, packages_start=None, packages_end=None, allow_overriding=[], topological_order=True, names_only=False, paths_only=True, topological_graph=False, topological_graph_dot=False, topological_graph_density=False, topological_graph_legend=False, topological_graph_dot_cluster=False, topological_graph_dot_include_skipped=False, verb_parser=<colcon_defaults.argument_parser.defaults.DefaultArgumentsDecorator object at 0x76e07fd1b670>, verb_extension=<colcon_package_information.verb.list.ListVerb object at 0x76e07fec84f0>, main=<bound method ListVerb.main of <colcon_package_information.verb.list.ListVerb object at 0x76e07fec84f0>>)
[0.290s] Level 1:colcon.colcon_core.package_discovery:discover_packages(colcon_meta) check parameters
[0.290s] Level 1:colcon.colcon_core.package_discovery:discover_packages(recursive) check parameters
[0.290s] Level 1:colcon.colcon_core.package_discovery:discover_packages(ignore) check parameters
[0.290s] Level 1:colcon.colcon_core.package_discovery:discover_packages(path) check parameters
[0.290s] Level 1:colcon.colcon_core.package_discovery:discover_packages(recursive) discover
[0.290s] INFO:colcon.colcon_core.package_discovery:Crawling recursively for packages in '/home/cl/CLionProjects/ws01_plumbing/src'
[0.290s] Level 1:colcon.colcon_core.package_identification:_identify(/home/cl/CLionProjects/ws01_plumbing/src) by extensions ['ignore', 'ignore_ament_install']
[0.291s] Level 1:colcon.colcon_core.package_identification:_identify(/home/cl/CLionProjects/ws01_plumbing/src) by extension 'ignore'
[0.291s] Level 1:colcon.colcon_core.package_identification:_identify(/home/cl/CLionProjects/ws01_plumbing/src) by extension 'ignore_ament_install'
[0.291s] Level 1:colcon.colcon_core.package_identification:_identify(/home/cl/CLionProjects/ws01_plumbing/src) by extensions ['colcon_pkg']
[0.291s] Level 1:colcon.colcon_core.package_identification:_identify(/home/cl/CLionProjects/ws01_plumbing/src) by extension 'colcon_pkg'
[0.291s] Level 1:colcon.colcon_core.package_identification:_identify(/home/cl/CLionProjects/ws01_plumbing/src) by extensions ['colcon_meta']
[0.291s] Level 1:colcon.colcon_core.package_identification:_identify(/home/cl/CLionProjects/ws01_plumbing/src) by extension 'colcon_meta'
[0.291s] Level 1:colcon.colcon_core.package_identification:_identify(/home/cl/CLionProjects/ws01_plumbing/src) by extensions ['ros']
[0.291s] Level 1:colcon.colcon_core.package_identification:_identify(/home/cl/CLionProjects/ws01_plumbing/src) by extension 'ros'
[0.308s] Level 1:colcon.colcon_core.package_identification:_identify(/home/cl/CLionProjects/ws01_plumbing/src) by extensions ['cmake', 'python']
[0.308s] Level 1:colcon.colcon_core.package_identification:_identify(/home/cl/CLionProjects/ws01_plumbing/src) by extension 'cmake'
[0.309s] Level 1:colcon.colcon_core.package_identification:_identify(/home/cl/CLionProjects/ws01_plumbing/src) by extension 'python'
[0.309s] Level 1:colcon.colcon_core.package_identification:_identify(/home/cl/CLionProjects/ws01_plumbing/src) by extensions ['python_setup_py']
[0.309s] Level 1:colcon.colcon_core.package_identification:_identify(/home/cl/CLionProjects/ws01_plumbing/src) by extension 'python_setup_py'
[0.309s] Level 1:colcon.colcon_core.package_identification:_identify(/home/cl/CLionProjects/ws01_plumbing/src/base_interfaces_demo) by extensions ['ignore', 'ignore_ament_install']
[0.309s] Level 1:colcon.colcon_core.package_identification:_identify(/home/cl/CLionProjects/ws01_plumbing/src/base_interfaces_demo) by extension 'ignore'
[0.309s] Level 1:colcon.colcon_core.package_identification:_identify(/home/cl/CLionProjects/ws01_plumbing/src/base_interfaces_demo) by extension 'ignore_ament_install'
[0.309s] Level 1:colcon.colcon_core.package_identification:_identify(/home/cl/CLionProjects/ws01_plumbing/src/base_interfaces_demo) by extensions ['colcon_pkg']
[0.309s] Level 1:colcon.colcon_core.package_identification:_identify(/home/cl/CLionProjects/ws01_plumbing/src/base_interfaces_demo) by extension 'colcon_pkg'
[0.309s] Level 1:colcon.colcon_core.package_identification:_identify(/home/cl/CLionProjects/ws01_plumbing/src/base_interfaces_demo) by extensions ['colcon_meta']
[0.309s] Level 1:colcon.colcon_core.package_identification:_identify(/home/cl/CLionProjects/ws01_plumbing/src/base_interfaces_demo) by extension 'colcon_meta'
[0.309s] Level 1:colcon.colcon_core.package_identification:_identify(/home/cl/CLionProjects/ws01_plumbing/src/base_interfaces_demo) by extensions ['ros']
[0.309s] Level 1:colcon.colcon_core.package_identification:_identify(/home/cl/CLionProjects/ws01_plumbing/src/base_interfaces_demo) by extension 'ros'
[0.313s] DEBUG:colcon.colcon_core.package_identification:Package '/home/cl/CLionProjects/ws01_plumbing/src/base_interfaces_demo' with type 'ros.ament_cmake' and name 'base_interfaces_demo'
[0.313s] Level 1:colcon.colcon_core.package_identification:_identify(/home/cl/CLionProjects/ws01_plumbing/src/cpp01_topic) by extensions ['ignore', 'ignore_ament_install']
[0.313s] Level 1:colcon.colcon_core.package_identification:_identify(/home/cl/CLionProjects/ws01_plumbing/src/cpp01_topic) by extension 'ignore'
[0.313s] Level 1:colcon.colcon_core.package_identification:_identify(/home/cl/CLionProjects/ws01_plumbing/src/cpp01_topic) by extension 'ignore_ament_install'
[0.313s] Level 1:colcon.colcon_core.package_identification:_identify(/home/cl/CLionProjects/ws01_plumbing/src/cpp01_topic) by extensions ['colcon_pkg']
[0.313s] Level 1:colcon.colcon_core.package_identification:_identify(/home/cl/CLionProjects/ws01_plumbing/src/cpp01_topic) by extension 'colcon_pkg'
[0.313s] Level 1:colcon.colcon_core.package_identification:_identify(/home/cl/CLionProjects/ws01_plumbing/src/cpp01_topic) by extensions ['colcon_meta']
[0.313s] Level 1:colcon.colcon_core.package_identification:_identify(/home/cl/CLionProjects/ws01_plumbing/src/cpp01_topic) by extension 'colcon_meta'
[0.313s] Level 1:colcon.colcon_core.package_identification:_identify(/home/cl/CLionProjects/ws01_plumbing/src/cpp01_topic) by extensions ['ros']
[0.314s] Level 1:colcon.colcon_core.package_identification:_identify(/home/cl/CLionProjects/ws01_plumbing/src/cpp01_topic) by extension 'ros'
[0.315s] DEBUG:colcon.colcon_core.package_identification:Package '/home/cl/CLionProjects/ws01_plumbing/src/cpp01_topic' with type 'ros.ament_cmake' and name 'cpp01_topic'
[0.315s] Level 1:colcon.colcon_core.package_identification:_identify(/home/cl/CLionProjects/ws01_plumbing/src/cpp02_service) by extensions ['ignore', 'ignore_ament_install']
[0.315s] Level 1:colcon.colcon_core.package_identification:_identify(/home/cl/CLionProjects/ws01_plumbing/src/cpp02_service) by extension 'ignore'
[0.315s] Level 1:colcon.colcon_core.package_identification:_identify(/home/cl/CLionProjects/ws01_plumbing/src/cpp02_service) by extension 'ignore_ament_install'
[0.316s] Level 1:colcon.colcon_core.package_identification:_identify(/home/cl/CLionProjects/ws01_plumbing/src/cpp02_service) by extensions ['colcon_pkg']
[0.316s] Level 1:colcon.colcon_core.package_identification:_identify(/home/cl/CLionProjects/ws01_plumbing/src/cpp02_service) by extension 'colcon_pkg'
[0.316s] Level 1:colcon.colcon_core.package_identification:_identify(/home/cl/CLionProjects/ws01_plumbing/src/cpp02_service) by extensions ['colcon_meta']
[0.316s] Level 1:colcon.colcon_core.package_identification:_identify(/home/cl/CLionProjects/ws01_plumbing/src/cpp02_service) by extension 'colcon_meta'
[0.316s] Level 1:colcon.colcon_core.package_identification:_identify(/home/cl/CLionProjects/ws01_plumbing/src/cpp02_service) by extensions ['ros']
[0.316s] Level 1:colcon.colcon_core.package_identification:_identify(/home/cl/CLionProjects/ws01_plumbing/src/cpp02_service) by extension 'ros'
[0.317s] DEBUG:colcon.colcon_core.package_identification:Package '/home/cl/CLionProjects/ws01_plumbing/src/cpp02_service' with type 'ros.ament_cmake' and name 'cpp02_service'
[0.317s] Level 1:colcon.colcon_core.package_identification:_identify(/home/cl/CLionProjects/ws01_plumbing/src/py02_service) by extensions ['ignore', 'ignore_ament_install']
[0.317s] Level 1:colcon.colcon_core.package_identification:_identify(/home/cl/CLionProjects/ws01_plumbing/src/py02_service) by extension 'ignore'
[0.317s] Level 1:colcon.colcon_core.package_identification:_identify(/home/cl/CLionProjects/ws01_plumbing/src/py02_service) by extension 'ignore_ament_install'
[0.317s] Level 1:colcon.colcon_core.package_identification:_identify(/home/cl/CLionProjects/ws01_plumbing/src/py02_service) by extensions ['colcon_pkg']
[0.317s] Level 1:colcon.colcon_core.package_identification:_identify(/home/cl/CLionProjects/ws01_plumbing/src/py02_service) by extension 'colcon_pkg'
[0.317s] Level 1:colcon.colcon_core.package_identification:_identify(/home/cl/CLionProjects/ws01_plumbing/src/py02_service) by extensions ['colcon_meta']
[0.317s] Level 1:colcon.colcon_core.package_identification:_identify(/home/cl/CLionProjects/ws01_plumbing/src/py02_service) by extension 'colcon_meta'
[0.318s] Level 1:colcon.colcon_core.package_identification:_identify(/home/cl/CLionProjects/ws01_plumbing/src/py02_service) by extensions ['ros']
[0.318s] Level 1:colcon.colcon_core.package_identification:_identify(/home/cl/CLionProjects/ws01_plumbing/src/py02_service) by extension 'ros'
[0.318s] DEBUG:colcon.colcon_core.package_identification:Package '/home/cl/CLionProjects/ws01_plumbing/src/py02_service' with type 'ros.ament_python' and name 'py02_service'
[0.319s] Level 1:colcon.colcon_core.package_discovery:discover_packages(recursive) using defaults
