[0.012s] Invoking command in '/home/cl/CLionProjects/ws01_plumbing/build/cpp07_exercise': AMENT_PREFIX_PATH=/home/cl/CLionProjects/ws01_plumbing/install/base_interfaces_demo:${AMENT_PREFIX_PATH} CMAKE_PREFIX_PATH=/home/cl/CLionProjects/ws01_plumbing/install/base_interfaces_demo:/opt/ros/humble CONDA_PROMPT_MODIFIER=(base) LD_LIBRARY_PATH=/home/cl/CLionProjects/ws01_plumbing/install/base_interfaces_demo/lib:${LD_LIBRARY_PATH} PYTHONPATH=/home/cl/CLionProjects/ws01_plumbing/install/base_interfaces_demo/local/lib/python3.10/dist-packages:${PYTHONPATH} /usr/bin/cmake /home/cl/CLionProjects/ws01_plumbing/src/cpp07_exercise -DCMAKE_INSTALL_PREFIX=/home/cl/CLionProjects/ws01_plumbing/install/cpp07_exercise
[0.105s] -- The C compiler identification is GNU 11.4.0
[0.165s] -- The CXX compiler identification is GNU 11.4.0
[0.173s] -- Detecting C compiler ABI info
[0.224s] -- Detecting C compiler ABI info - done
[0.230s] -- Check for working C compiler: /usr/bin/cc - skipped
[0.230s] -- Detecting C compile features
[0.231s] -- Detecting C compile features - done
[0.234s] -- Detecting CXX compiler ABI info
[0.291s] -- Detecting CXX compiler ABI info - done
[0.298s] -- Check for working CXX compiler: /usr/bin/c++ - skipped
[0.298s] -- Detecting CXX compile features
[0.298s] -- Detecting CXX compile features - done
[0.301s] -- Found ament_cmake: 1.3.11 (/opt/ros/humble/share/ament_cmake/cmake)
[0.613s] -- Found Python3: /home/cl/miniconda3/bin/python3 (found version "3.12.4") found components: Interpreter 
[0.691s] -- Found rclcpp: 16.0.11 (/opt/ros/humble/share/rclcpp/cmake)
[0.720s] -- Found rosidl_generator_c: 3.1.6 (/opt/ros/humble/share/rosidl_generator_c/cmake)
[0.724s] -- Found rosidl_adapter: 3.1.6 (/opt/ros/humble/share/rosidl_adapter/cmake)
[0.730s] -- Found rosidl_generator_cpp: 3.1.6 (/opt/ros/humble/share/rosidl_generator_cpp/cmake)
[0.739s] -- Using all available rosidl_typesupport_c: rosidl_typesupport_fastrtps_c;rosidl_typesupport_introspection_c
[0.751s] -- Using all available rosidl_typesupport_cpp: rosidl_typesupport_fastrtps_cpp;rosidl_typesupport_introspection_cpp
[0.784s] -- Found rmw_implementation_cmake: 6.1.2 (/opt/ros/humble/share/rmw_implementation_cmake/cmake)
[0.786s] -- Found rmw_fastrtps_cpp: 6.2.7 (/opt/ros/humble/share/rmw_fastrtps_cpp/cmake)
[0.847s] -- Found OpenSSL: /usr/lib/x86_64-linux-gnu/libcrypto.so (found version "3.0.2")  
[0.866s] -- Found FastRTPS: /opt/ros/humble/include  
[0.895s] -- Using RMW implementation 'rmw_fastrtps_cpp' as default
[0.902s] -- Looking for pthread.h
[0.957s] -- Looking for pthread.h - found
[0.957s] -- Performing Test CMAKE_HAVE_LIBC_PTHREAD
[1.012s] -- Performing Test CMAKE_HAVE_LIBC_PTHREAD - Success
[1.013s] -- Found Threads: TRUE  
[1.057s] -- Found turtlesim: 1.4.2 (/opt/ros/humble/share/turtlesim/cmake)
[1.091s] -- Found base_interfaces_demo: 0.0.0 (/home/cl/CLionProjects/ws01_plumbing/install/base_interfaces_demo/share/base_interfaces_demo/cmake)
[1.105s] -- Found geometry_msgs: 4.2.4 (/opt/ros/humble/share/geometry_msgs/cmake)
[1.116s] -- Found rclcpp_action: 16.0.11 (/opt/ros/humble/share/rclcpp_action/cmake)
[1.126s] -- Found ament_lint_auto: 0.12.11 (/opt/ros/humble/share/ament_lint_auto/cmake)
[1.205s] -- Added test 'cppcheck' to perform static code analysis on C / C++ code
[1.205s] -- Configured cppcheck include dirs: $<BUILD_INTERFACE:/home/cl/CLionProjects/ws01_plumbing/src/cpp07_exercise/include>
[1.205s] -- Configured cppcheck exclude dirs and/or files: 
[1.206s] -- Added test 'flake8' to check Python code syntax and style conventions
[1.206s] -- Added test 'lint_cmake' to check CMake code style
[1.207s] -- Added test 'pep257' to check Python code against some of the docstring style conventions in PEP 257
[1.207s] -- Added test 'uncrustify' to check C / C++ code style
[1.207s] -- Configured uncrustify additional arguments: 
[1.208s] -- Added test 'xmllint' to check XML markup files
[1.208s] -- Configuring done
[1.217s] -- Generating done
[1.221s] -- Build files have been written to: /home/cl/CLionProjects/ws01_plumbing/build/cpp07_exercise
[1.228s] Invoked command in '/home/cl/CLionProjects/ws01_plumbing/build/cpp07_exercise' returned '0': AMENT_PREFIX_PATH=/home/cl/CLionProjects/ws01_plumbing/install/base_interfaces_demo:${AMENT_PREFIX_PATH} CMAKE_PREFIX_PATH=/home/cl/CLionProjects/ws01_plumbing/install/base_interfaces_demo:/opt/ros/humble CONDA_PROMPT_MODIFIER=(base) LD_LIBRARY_PATH=/home/cl/CLionProjects/ws01_plumbing/install/base_interfaces_demo/lib:${LD_LIBRARY_PATH} PYTHONPATH=/home/cl/CLionProjects/ws01_plumbing/install/base_interfaces_demo/local/lib/python3.10/dist-packages:${PYTHONPATH} /usr/bin/cmake /home/cl/CLionProjects/ws01_plumbing/src/cpp07_exercise -DCMAKE_INSTALL_PREFIX=/home/cl/CLionProjects/ws01_plumbing/install/cpp07_exercise
[1.230s] Invoking command in '/home/cl/CLionProjects/ws01_plumbing/build/cpp07_exercise': AMENT_PREFIX_PATH=/home/cl/CLionProjects/ws01_plumbing/install/base_interfaces_demo:${AMENT_PREFIX_PATH} CMAKE_PREFIX_PATH=/home/cl/CLionProjects/ws01_plumbing/install/base_interfaces_demo:/opt/ros/humble CONDA_PROMPT_MODIFIER=(base) LD_LIBRARY_PATH=/home/cl/CLionProjects/ws01_plumbing/install/base_interfaces_demo/lib:${LD_LIBRARY_PATH} PYTHONPATH=/home/cl/CLionProjects/ws01_plumbing/install/base_interfaces_demo/local/lib/python3.10/dist-packages:${PYTHONPATH} /usr/bin/cmake --build /home/cl/CLionProjects/ws01_plumbing/build/cpp07_exercise -- -j8 -l8
[1.265s] [ 50%] [32mBuilding CXX object CMakeFiles/exer01_pub_sub.dir/src/exer01_pub_sub.cpp.o[0m
[3.631s] [100%] [32m[1mLinking CXX executable exer01_pub_sub[0m
[3.729s] [100%] Built target exer01_pub_sub
[3.737s] Invoked command in '/home/cl/CLionProjects/ws01_plumbing/build/cpp07_exercise' returned '0': AMENT_PREFIX_PATH=/home/cl/CLionProjects/ws01_plumbing/install/base_interfaces_demo:${AMENT_PREFIX_PATH} CMAKE_PREFIX_PATH=/home/cl/CLionProjects/ws01_plumbing/install/base_interfaces_demo:/opt/ros/humble CONDA_PROMPT_MODIFIER=(base) LD_LIBRARY_PATH=/home/cl/CLionProjects/ws01_plumbing/install/base_interfaces_demo/lib:${LD_LIBRARY_PATH} PYTHONPATH=/home/cl/CLionProjects/ws01_plumbing/install/base_interfaces_demo/local/lib/python3.10/dist-packages:${PYTHONPATH} /usr/bin/cmake --build /home/cl/CLionProjects/ws01_plumbing/build/cpp07_exercise -- -j8 -l8
[3.744s] Invoking command in '/home/cl/CLionProjects/ws01_plumbing/build/cpp07_exercise': AMENT_PREFIX_PATH=/home/cl/CLionProjects/ws01_plumbing/install/base_interfaces_demo:${AMENT_PREFIX_PATH} CMAKE_PREFIX_PATH=/home/cl/CLionProjects/ws01_plumbing/install/base_interfaces_demo:/opt/ros/humble CONDA_PROMPT_MODIFIER=(base) LD_LIBRARY_PATH=/home/cl/CLionProjects/ws01_plumbing/install/base_interfaces_demo/lib:${LD_LIBRARY_PATH} PYTHONPATH=/home/cl/CLionProjects/ws01_plumbing/install/base_interfaces_demo/local/lib/python3.10/dist-packages:${PYTHONPATH} /usr/bin/cmake --install /home/cl/CLionProjects/ws01_plumbing/build/cpp07_exercise
[3.749s] -- Install configuration: ""
[3.749s] -- Installing: /home/cl/CLionProjects/ws01_plumbing/install/cpp07_exercise/lib/cpp07_exercise/exer01_pub_sub
[3.749s] -- Set runtime path of "/home/cl/CLionProjects/ws01_plumbing/install/cpp07_exercise/lib/cpp07_exercise/exer01_pub_sub" to ""
[3.749s] -- Installing: /home/cl/CLionProjects/ws01_plumbing/install/cpp07_exercise/share/ament_index/resource_index/package_run_dependencies/cpp07_exercise
[3.750s] -- Installing: /home/cl/CLionProjects/ws01_plumbing/install/cpp07_exercise/share/ament_index/resource_index/parent_prefix_path/cpp07_exercise
[3.750s] -- Installing: /home/cl/CLionProjects/ws01_plumbing/install/cpp07_exercise/share/cpp07_exercise/environment/ament_prefix_path.sh
[3.750s] -- Installing: /home/cl/CLionProjects/ws01_plumbing/install/cpp07_exercise/share/cpp07_exercise/environment/ament_prefix_path.dsv
[3.750s] -- Installing: /home/cl/CLionProjects/ws01_plumbing/install/cpp07_exercise/share/cpp07_exercise/environment/path.sh
[3.750s] -- Installing: /home/cl/CLionProjects/ws01_plumbing/install/cpp07_exercise/share/cpp07_exercise/environment/path.dsv
[3.750s] -- Installing: /home/cl/CLionProjects/ws01_plumbing/install/cpp07_exercise/share/cpp07_exercise/local_setup.bash
[3.750s] -- Installing: /home/cl/CLionProjects/ws01_plumbing/install/cpp07_exercise/share/cpp07_exercise/local_setup.sh
[3.750s] -- Installing: /home/cl/CLionProjects/ws01_plumbing/install/cpp07_exercise/share/cpp07_exercise/local_setup.zsh
[3.750s] -- Installing: /home/cl/CLionProjects/ws01_plumbing/install/cpp07_exercise/share/cpp07_exercise/local_setup.dsv
[3.750s] -- Installing: /home/cl/CLionProjects/ws01_plumbing/install/cpp07_exercise/share/cpp07_exercise/package.dsv
[3.750s] -- Installing: /home/cl/CLionProjects/ws01_plumbing/install/cpp07_exercise/share/ament_index/resource_index/packages/cpp07_exercise
[3.750s] -- Installing: /home/cl/CLionProjects/ws01_plumbing/install/cpp07_exercise/share/cpp07_exercise/cmake/cpp07_exerciseConfig.cmake
[3.750s] -- Installing: /home/cl/CLionProjects/ws01_plumbing/install/cpp07_exercise/share/cpp07_exercise/cmake/cpp07_exerciseConfig-version.cmake
[3.751s] -- Installing: /home/cl/CLionProjects/ws01_plumbing/install/cpp07_exercise/share/cpp07_exercise/package.xml
[3.752s] Invoked command in '/home/cl/CLionProjects/ws01_plumbing/build/cpp07_exercise' returned '0': AMENT_PREFIX_PATH=/home/cl/CLionProjects/ws01_plumbing/install/base_interfaces_demo:${AMENT_PREFIX_PATH} CMAKE_PREFIX_PATH=/home/cl/CLionProjects/ws01_plumbing/install/base_interfaces_demo:/opt/ros/humble CONDA_PROMPT_MODIFIER=(base) LD_LIBRARY_PATH=/home/cl/CLionProjects/ws01_plumbing/install/base_interfaces_demo/lib:${LD_LIBRARY_PATH} PYTHONPATH=/home/cl/CLionProjects/ws01_plumbing/install/base_interfaces_demo/local/lib/python3.10/dist-packages:${PYTHONPATH} /usr/bin/cmake --install /home/cl/CLionProjects/ws01_plumbing/build/cpp07_exercise
