[0.010s] Invoking command in '/home/cl/CLionProjects/ws01_plumbing/build/cpp07_exercise': CMAKE_PREFIX_PATH=/home/cl/CLionProjects/ws01_plumbing/install/base_interfaces_demo:/home/cl/CLionProjects/ws01_plumbing/install/cpp07_exercise:/opt/ros/humble CONDA_PROMPT_MODIFIER=(base) /usr/bin/cmake --build /home/cl/CLionProjects/ws01_plumbing/build/cpp07_exercise -- -j8 -l8
[0.042s] [35m[1mConsolidate compiler generated dependencies of target exer04_action_server[0m
[0.045s] [35m[1mConsolidate compiler generated dependencies of target exer05_action_client[0m
[0.051s] [ 20%] Built target exer03_client
[0.052s] [ 40%] Built target exer02_server
[0.055s] [ 60%] Built target exer04_action_server
[0.056s] [ 80%] Built target exer01_pub_sub
[0.058s] [ 90%] [32mBuilding CXX object CMakeFiles/exer05_action_client.dir/src/exer05_action_client.cpp.o[0m
[3.301s] [100%] [32m[1mLinking CXX executable exer05_action_client[0m
[3.434s] [100%] Built target exer05_action_client
[3.451s] Invoked command in '/home/cl/CLionProjects/ws01_plumbing/build/cpp07_exercise' returned '0': CMAKE_PREFIX_PATH=/home/cl/CLionProjects/ws01_plumbing/install/base_interfaces_demo:/home/cl/CLionProjects/ws01_plumbing/install/cpp07_exercise:/opt/ros/humble CONDA_PROMPT_MODIFIER=(base) /usr/bin/cmake --build /home/cl/CLionProjects/ws01_plumbing/build/cpp07_exercise -- -j8 -l8
[3.471s] Invoking command in '/home/cl/CLionProjects/ws01_plumbing/build/cpp07_exercise': CMAKE_PREFIX_PATH=/home/cl/CLionProjects/ws01_plumbing/install/base_interfaces_demo:/home/cl/CLionProjects/ws01_plumbing/install/cpp07_exercise:/opt/ros/humble CONDA_PROMPT_MODIFIER=(base) /usr/bin/cmake --install /home/cl/CLionProjects/ws01_plumbing/build/cpp07_exercise
[3.480s] -- Install configuration: ""
[3.480s] -- Up-to-date: /home/cl/CLionProjects/ws01_plumbing/install/cpp07_exercise/lib/cpp07_exercise/exer01_pub_sub
[3.481s] -- Up-to-date: /home/cl/CLionProjects/ws01_plumbing/install/cpp07_exercise/lib/cpp07_exercise/exer02_server
[3.481s] -- Up-to-date: /home/cl/CLionProjects/ws01_plumbing/install/cpp07_exercise/lib/cpp07_exercise/exer03_client
[3.481s] -- Up-to-date: /home/cl/CLionProjects/ws01_plumbing/install/cpp07_exercise/lib/cpp07_exercise/exer04_action_server
[3.481s] -- Installing: /home/cl/CLionProjects/ws01_plumbing/install/cpp07_exercise/lib/cpp07_exercise/exer05_action_client
[3.483s] -- Set runtime path of "/home/cl/CLionProjects/ws01_plumbing/install/cpp07_exercise/lib/cpp07_exercise/exer05_action_client" to ""
[3.483s] -- Up-to-date: /home/cl/CLionProjects/ws01_plumbing/install/cpp07_exercise/share/cpp07_exercise/launch
[3.483s] -- Up-to-date: /home/cl/CLionProjects/ws01_plumbing/install/cpp07_exercise/share/cpp07_exercise/launch/exer02_server_launch.py
[3.483s] -- Up-to-date: /home/cl/CLionProjects/ws01_plumbing/install/cpp07_exercise/share/cpp07_exercise/launch/exer03_client_launch.py
[3.483s] -- Up-to-date: /home/cl/CLionProjects/ws01_plumbing/install/cpp07_exercise/share/cpp07_exercise/launch/exer01_pub_sub_launch.py
[3.483s] -- Up-to-date: /home/cl/CLionProjects/ws01_plumbing/install/cpp07_exercise/share/cpp07_exercise/launch/exer04_server_launch.py
[3.483s] -- Up-to-date: /home/cl/CLionProjects/ws01_plumbing/install/cpp07_exercise/share/cpp07_exercise/launch/exer05_client_launch.py
[3.483s] -- Up-to-date: /home/cl/CLionProjects/ws01_plumbing/install/cpp07_exercise/share/ament_index/resource_index/package_run_dependencies/cpp07_exercise
[3.483s] -- Up-to-date: /home/cl/CLionProjects/ws01_plumbing/install/cpp07_exercise/share/ament_index/resource_index/parent_prefix_path/cpp07_exercise
[3.484s] -- Up-to-date: /home/cl/CLionProjects/ws01_plumbing/install/cpp07_exercise/share/cpp07_exercise/environment/ament_prefix_path.sh
[3.484s] -- Up-to-date: /home/cl/CLionProjects/ws01_plumbing/install/cpp07_exercise/share/cpp07_exercise/environment/ament_prefix_path.dsv
[3.484s] -- Up-to-date: /home/cl/CLionProjects/ws01_plumbing/install/cpp07_exercise/share/cpp07_exercise/environment/path.sh
[3.484s] -- Up-to-date: /home/cl/CLionProjects/ws01_plumbing/install/cpp07_exercise/share/cpp07_exercise/environment/path.dsv
[3.484s] -- Up-to-date: /home/cl/CLionProjects/ws01_plumbing/install/cpp07_exercise/share/cpp07_exercise/local_setup.bash
[3.484s] -- Up-to-date: /home/cl/CLionProjects/ws01_plumbing/install/cpp07_exercise/share/cpp07_exercise/local_setup.sh
[3.484s] -- Up-to-date: /home/cl/CLionProjects/ws01_plumbing/install/cpp07_exercise/share/cpp07_exercise/local_setup.zsh
[3.484s] -- Up-to-date: /home/cl/CLionProjects/ws01_plumbing/install/cpp07_exercise/share/cpp07_exercise/local_setup.dsv
[3.484s] -- Installing: /home/cl/CLionProjects/ws01_plumbing/install/cpp07_exercise/share/cpp07_exercise/package.dsv
[3.484s] -- Up-to-date: /home/cl/CLionProjects/ws01_plumbing/install/cpp07_exercise/share/ament_index/resource_index/packages/cpp07_exercise
[3.484s] -- Up-to-date: /home/cl/CLionProjects/ws01_plumbing/install/cpp07_exercise/share/cpp07_exercise/cmake/cpp07_exerciseConfig.cmake
[3.484s] -- Up-to-date: /home/cl/CLionProjects/ws01_plumbing/install/cpp07_exercise/share/cpp07_exercise/cmake/cpp07_exerciseConfig-version.cmake
[3.484s] -- Up-to-date: /home/cl/CLionProjects/ws01_plumbing/install/cpp07_exercise/share/cpp07_exercise/package.xml
[3.485s] Invoked command in '/home/cl/CLionProjects/ws01_plumbing/build/cpp07_exercise' returned '0': CMAKE_PREFIX_PATH=/home/cl/CLionProjects/ws01_plumbing/install/base_interfaces_demo:/home/cl/CLionProjects/ws01_plumbing/install/cpp07_exercise:/opt/ros/humble CONDA_PROMPT_MODIFIER=(base) /usr/bin/cmake --install /home/cl/CLionProjects/ws01_plumbing/build/cpp07_exercise
