[0.110s] Invoking command in '/home/cl/CLionProjects/ws01_plumbing/build/cpp04_param': CMAKE_PREFIX_PATH=${CMAKE_PREFIX_PATH}:/opt/ros/humble /usr/bin/cmake --build /home/cl/CLionProjects/ws01_plumbing/build/cpp04_param -- -j8 -l8
[0.332s] -- Found ament_cmake: 1.3.11 (/opt/ros/humble/share/ament_cmake/cmake)
[1.657s] -- Found rclcpp: 16.0.11 (/opt/ros/humble/share/rclcpp/cmake)
[1.924s] -- Found rosidl_generator_c: 3.1.6 (/opt/ros/humble/share/rosidl_generator_c/cmake)
[1.955s] -- Found rosidl_adapter: 3.1.6 (/opt/ros/humble/share/rosidl_adapter/cmake)
[2.015s] -- Found rosidl_generator_cpp: 3.1.6 (/opt/ros/humble/share/rosidl_generator_cpp/cmake)
[2.101s] -- Using all available rosidl_typesupport_c: rosidl_typesupport_fastrtps_c;rosidl_typesupport_introspection_c
[2.200s] -- Using all available rosidl_typesupport_cpp: rosidl_typesupport_fastrtps_cpp;rosidl_typesupport_introspection_cpp
[2.499s] -- Found rmw_implementation_cmake: 6.1.2 (/opt/ros/humble/share/rmw_implementation_cmake/cmake)
[2.513s] -- Found rmw_fastrtps_cpp: 6.2.7 (/opt/ros/humble/share/rmw_fastrtps_cpp/cmake)
[3.278s] -- Using RMW implementation 'rmw_fastrtps_cpp' as default
[3.740s] -- Found ament_lint_auto: 0.12.11 (/opt/ros/humble/share/ament_lint_auto/cmake)
[4.529s] -- Added test 'cppcheck' to perform static code analysis on C / C++ code
[4.531s] -- Configured cppcheck include dirs: $<BUILD_INTERFACE:/home/cl/CLionProjects/ws01_plumbing/src/cpp04_param/include>
[4.533s] -- Configured cppcheck exclude dirs and/or files: 
[4.537s] -- Added test 'lint_cmake' to check CMake code style
[4.545s] -- Added test 'uncrustify' to check C / C++ code style
[4.546s] -- Configured uncrustify additional arguments: 
[4.550s] -- Added test 'xmllint' to check XML markup files
[4.557s] -- Configuring done
[4.687s] -- Generating done
[4.745s] -- Build files have been written to: /home/cl/CLionProjects/ws01_plumbing/build/cpp04_param
[4.969s] [35m[1mConsolidate compiler generated dependencies of target demo00_param[0m
[5.125s] [ 33%] Built target demo00_param
[5.214s] [35m[1mConsolidate compiler generated dependencies of target demo02_param_client[0m
[5.325s] [ 66%] Built target demo02_param_client
[5.395s] [35m[1mConsolidate compiler generated dependencies of target demo01_param_server[0m
[5.527s] [ 83%] [32mBuilding CXX object CMakeFiles/demo01_param_server.dir/src/demo01_param_server.cpp.o[0m
[36.243s] [100%] [32m[1mLinking CXX executable demo01_param_server[0m
[37.225s] [100%] Built target demo01_param_server
[37.264s] Invoked command in '/home/cl/CLionProjects/ws01_plumbing/build/cpp04_param' returned '0': CMAKE_PREFIX_PATH=${CMAKE_PREFIX_PATH}:/opt/ros/humble /usr/bin/cmake --build /home/cl/CLionProjects/ws01_plumbing/build/cpp04_param -- -j8 -l8
[37.303s] Invoking command in '/home/cl/CLionProjects/ws01_plumbing/build/cpp04_param': CMAKE_PREFIX_PATH=${CMAKE_PREFIX_PATH}:/opt/ros/humble /usr/bin/cmake --install /home/cl/CLionProjects/ws01_plumbing/build/cpp04_param
[37.337s] -- Install configuration: ""
[37.337s] -- Up-to-date: /home/cl/CLionProjects/ws01_plumbing/install/cpp04_param/lib/cpp04_param/demo00_param
[37.339s] -- Installing: /home/cl/CLionProjects/ws01_plumbing/install/cpp04_param/lib/cpp04_param/demo01_param_server
[37.340s] -- Set runtime path of "/home/cl/CLionProjects/ws01_plumbing/install/cpp04_param/lib/cpp04_param/demo01_param_server" to ""
[37.341s] -- Up-to-date: /home/cl/CLionProjects/ws01_plumbing/install/cpp04_param/lib/cpp04_param/demo02_param_client
[37.343s] -- Up-to-date: /home/cl/CLionProjects/ws01_plumbing/install/cpp04_param/share/ament_index/resource_index/package_run_dependencies/cpp04_param
[37.343s] -- Up-to-date: /home/cl/CLionProjects/ws01_plumbing/install/cpp04_param/share/ament_index/resource_index/parent_prefix_path/cpp04_param
[37.343s] -- Up-to-date: /home/cl/CLionProjects/ws01_plumbing/install/cpp04_param/share/cpp04_param/environment/ament_prefix_path.sh
[37.344s] -- Installing: /home/cl/CLionProjects/ws01_plumbing/install/cpp04_param/share/cpp04_param/environment/ament_prefix_path.dsv
[37.345s] -- Up-to-date: /home/cl/CLionProjects/ws01_plumbing/install/cpp04_param/share/cpp04_param/environment/path.sh
[37.345s] -- Installing: /home/cl/CLionProjects/ws01_plumbing/install/cpp04_param/share/cpp04_param/environment/path.dsv
[37.347s] -- Up-to-date: /home/cl/CLionProjects/ws01_plumbing/install/cpp04_param/share/cpp04_param/local_setup.bash
[37.347s] -- Up-to-date: /home/cl/CLionProjects/ws01_plumbing/install/cpp04_param/share/cpp04_param/local_setup.sh
[37.348s] -- Up-to-date: /home/cl/CLionProjects/ws01_plumbing/install/cpp04_param/share/cpp04_param/local_setup.zsh
[37.348s] -- Installing: /home/cl/CLionProjects/ws01_plumbing/install/cpp04_param/share/cpp04_param/local_setup.dsv
[37.349s] -- Installing: /home/cl/CLionProjects/ws01_plumbing/install/cpp04_param/share/cpp04_param/package.dsv
[37.349s] -- Up-to-date: /home/cl/CLionProjects/ws01_plumbing/install/cpp04_param/share/ament_index/resource_index/packages/cpp04_param
[37.349s] -- Up-to-date: /home/cl/CLionProjects/ws01_plumbing/install/cpp04_param/share/cpp04_param/cmake/cpp04_paramConfig.cmake
[37.350s] -- Up-to-date: /home/cl/CLionProjects/ws01_plumbing/install/cpp04_param/share/cpp04_param/cmake/cpp04_paramConfig-version.cmake
[37.350s] -- Up-to-date: /home/cl/CLionProjects/ws01_plumbing/install/cpp04_param/share/cpp04_param/package.xml
[37.358s] Invoked command in '/home/cl/CLionProjects/ws01_plumbing/build/cpp04_param' returned '0': CMAKE_PREFIX_PATH=${CMAKE_PREFIX_PATH}:/opt/ros/humble /usr/bin/cmake --install /home/cl/CLionProjects/ws01_plumbing/build/cpp04_param
