[0.009s] Invoking command in '/home/cl/CLionProjects/ws01_plumbing/build/cpp07_exercise': CMAKE_PREFIX_PATH=${CMAKE_PREFIX_PATH}:/opt/ros/humble CONDA_PROMPT_MODIFIER=(base) /usr/bin/cmake --build /home/cl/CLionProjects/ws01_plumbing/build/cpp07_exercise -- -j8 -l8
[0.027s] -- Found ament_cmake: 1.3.11 (/opt/ros/humble/share/ament_cmake/cmake)
[0.140s] -- Found rclcpp: 16.0.11 (/opt/ros/humble/share/rclcpp/cmake)
[0.163s] -- Found rosidl_generator_c: 3.1.6 (/opt/ros/humble/share/rosidl_generator_c/cmake)
[0.165s] -- Found rosidl_adapter: 3.1.6 (/opt/ros/humble/share/rosidl_adapter/cmake)
[0.170s] -- Found rosidl_generator_cpp: 3.1.6 (/opt/ros/humble/share/rosidl_generator_cpp/cmake)
[0.178s] -- Using all available rosidl_typesupport_c: rosidl_typesupport_fastrtps_c;rosidl_typesupport_introspection_c
[0.188s] -- Using all available rosidl_typesupport_cpp: rosidl_typesupport_fastrtps_cpp;rosidl_typesupport_introspection_cpp
[0.216s] -- Found rmw_implementation_cmake: 6.1.2 (/opt/ros/humble/share/rmw_implementation_cmake/cmake)
[0.217s] -- Found rmw_fastrtps_cpp: 6.2.7 (/opt/ros/humble/share/rmw_fastrtps_cpp/cmake)
[0.292s] -- Using RMW implementation 'rmw_fastrtps_cpp' as default
[0.334s] -- Found turtlesim: 1.4.2 (/opt/ros/humble/share/turtlesim/cmake)
[0.365s] -- Found base_interfaces_demo: 0.0.0 (/home/cl/CLionProjects/ws01_plumbing/install/base_interfaces_demo/share/base_interfaces_demo/cmake)
[0.376s] -- Found geometry_msgs: 4.2.4 (/opt/ros/humble/share/geometry_msgs/cmake)
[0.387s] -- Found rclcpp_action: 16.0.11 (/opt/ros/humble/share/rclcpp_action/cmake)
[0.398s] -- Found ament_lint_auto: 0.12.11 (/opt/ros/humble/share/ament_lint_auto/cmake)
[0.473s] -- Added test 'cppcheck' to perform static code analysis on C / C++ code
[0.473s] -- Configured cppcheck include dirs: $<BUILD_INTERFACE:/home/cl/CLionProjects/ws01_plumbing/src/cpp07_exercise/include>
[0.473s] -- Configured cppcheck exclude dirs and/or files: 
[0.473s] -- Added test 'flake8' to check Python code syntax and style conventions
[0.474s] -- Added test 'lint_cmake' to check CMake code style
[0.474s] -- Added test 'pep257' to check Python code against some of the docstring style conventions in PEP 257
[0.474s] -- Added test 'uncrustify' to check C / C++ code style
[0.474s] -- Configured uncrustify additional arguments: 
[0.475s] -- Added test 'xmllint' to check XML markup files
[0.475s] -- Configuring done
[0.489s] -- Generating done
[0.495s] -- Build files have been written to: /home/cl/CLionProjects/ws01_plumbing/build/cpp07_exercise
[0.515s] [35m[1mConsolidate compiler generated dependencies of target exer02_server[0m
[0.515s] [35m[1mConsolidate compiler generated dependencies of target exer03_client[0m
[0.515s] [35m[1mConsolidate compiler generated dependencies of target exer01_pub_sub[0m
[0.527s] [ 83%] Built target exer03_client
[0.528s] [ 83%] [32mBuilding CXX object CMakeFiles/exer02_server.dir/src/exer02_server.cpp.o[0m
[0.528s] [ 83%] Built target exer01_pub_sub
[7.799s] [100%] [32m[1mLinking CXX executable exer02_server[0m
[8.140s] [100%] Built target exer02_server
[8.148s] Invoked command in '/home/cl/CLionProjects/ws01_plumbing/build/cpp07_exercise' returned '0': CMAKE_PREFIX_PATH=${CMAKE_PREFIX_PATH}:/opt/ros/humble CONDA_PROMPT_MODIFIER=(base) /usr/bin/cmake --build /home/cl/CLionProjects/ws01_plumbing/build/cpp07_exercise -- -j8 -l8
[8.156s] Invoking command in '/home/cl/CLionProjects/ws01_plumbing/build/cpp07_exercise': CMAKE_PREFIX_PATH=${CMAKE_PREFIX_PATH}:/opt/ros/humble CONDA_PROMPT_MODIFIER=(base) /usr/bin/cmake --install /home/cl/CLionProjects/ws01_plumbing/build/cpp07_exercise
[8.161s] -- Install configuration: ""
[8.161s] -- Up-to-date: /home/cl/CLionProjects/ws01_plumbing/install/cpp07_exercise/lib/cpp07_exercise/exer01_pub_sub
[8.161s] -- Installing: /home/cl/CLionProjects/ws01_plumbing/install/cpp07_exercise/lib/cpp07_exercise/exer02_server
[8.164s] -- Set runtime path of "/home/cl/CLionProjects/ws01_plumbing/install/cpp07_exercise/lib/cpp07_exercise/exer02_server" to ""
[8.164s] -- Up-to-date: /home/cl/CLionProjects/ws01_plumbing/install/cpp07_exercise/lib/cpp07_exercise/exer03_client
[8.164s] -- Up-to-date: /home/cl/CLionProjects/ws01_plumbing/install/cpp07_exercise/share/cpp07_exercise/launch
[8.165s] -- Up-to-date: /home/cl/CLionProjects/ws01_plumbing/install/cpp07_exercise/share/cpp07_exercise/launch/exer02_server_launch.py
[8.165s] -- Up-to-date: /home/cl/CLionProjects/ws01_plumbing/install/cpp07_exercise/share/cpp07_exercise/launch/exer03_client_launch.py
[8.165s] -- Up-to-date: /home/cl/CLionProjects/ws01_plumbing/install/cpp07_exercise/share/cpp07_exercise/launch/exer01_pub_sub_launch.py
[8.165s] -- Up-to-date: /home/cl/CLionProjects/ws01_plumbing/install/cpp07_exercise/share/ament_index/resource_index/package_run_dependencies/cpp07_exercise
[8.165s] -- Up-to-date: /home/cl/CLionProjects/ws01_plumbing/install/cpp07_exercise/share/ament_index/resource_index/parent_prefix_path/cpp07_exercise
[8.165s] -- Up-to-date: /home/cl/CLionProjects/ws01_plumbing/install/cpp07_exercise/share/cpp07_exercise/environment/ament_prefix_path.sh
[8.165s] -- Installing: /home/cl/CLionProjects/ws01_plumbing/install/cpp07_exercise/share/cpp07_exercise/environment/ament_prefix_path.dsv
[8.165s] -- Up-to-date: /home/cl/CLionProjects/ws01_plumbing/install/cpp07_exercise/share/cpp07_exercise/environment/path.sh
[8.165s] -- Installing: /home/cl/CLionProjects/ws01_plumbing/install/cpp07_exercise/share/cpp07_exercise/environment/path.dsv
[8.165s] -- Up-to-date: /home/cl/CLionProjects/ws01_plumbing/install/cpp07_exercise/share/cpp07_exercise/local_setup.bash
[8.165s] -- Up-to-date: /home/cl/CLionProjects/ws01_plumbing/install/cpp07_exercise/share/cpp07_exercise/local_setup.sh
[8.165s] -- Up-to-date: /home/cl/CLionProjects/ws01_plumbing/install/cpp07_exercise/share/cpp07_exercise/local_setup.zsh
[8.165s] -- Installing: /home/cl/CLionProjects/ws01_plumbing/install/cpp07_exercise/share/cpp07_exercise/local_setup.dsv
[8.165s] -- Installing: /home/cl/CLionProjects/ws01_plumbing/install/cpp07_exercise/share/cpp07_exercise/package.dsv
[8.165s] -- Up-to-date: /home/cl/CLionProjects/ws01_plumbing/install/cpp07_exercise/share/ament_index/resource_index/packages/cpp07_exercise
[8.165s] -- Up-to-date: /home/cl/CLionProjects/ws01_plumbing/install/cpp07_exercise/share/cpp07_exercise/cmake/cpp07_exerciseConfig.cmake
[8.165s] -- Up-to-date: /home/cl/CLionProjects/ws01_plumbing/install/cpp07_exercise/share/cpp07_exercise/cmake/cpp07_exerciseConfig-version.cmake
[8.166s] -- Up-to-date: /home/cl/CLionProjects/ws01_plumbing/install/cpp07_exercise/share/cpp07_exercise/package.xml
[8.167s] Invoked command in '/home/cl/CLionProjects/ws01_plumbing/build/cpp07_exercise' returned '0': CMAKE_PREFIX_PATH=${CMAKE_PREFIX_PATH}:/opt/ros/humble CONDA_PROMPT_MODIFIER=(base) /usr/bin/cmake --install /home/cl/CLionProjects/ws01_plumbing/build/cpp07_exercise
