[0.008s] Invoking command in '/home/cl/CLionProjects/ws01_plumbing/build/base_interfaces_demo': CMAKE_PREFIX_PATH=${CMAKE_PREFIX_PATH}:/opt/ros/humble CONDA_PROMPT_MODIFIER=(base) /usr/bin/cmake --build /home/cl/CLionProjects/ws01_plumbing/build/base_interfaces_demo -- -j8 -l8
[0.027s] -- Found ament_cmake: 1.3.11 (/opt/ros/humble/share/ament_cmake/cmake)
[0.127s] -- Found rosidl_default_generators: 1.2.0 (/opt/ros/humble/share/rosidl_default_generators/cmake)
[0.128s] -- Using all available rosidl_typesupport_c: rosidl_typesupport_fastrtps_c;rosidl_typesupport_introspection_c
[0.130s] -- Found rosidl_adapter: 3.1.6 (/opt/ros/humble/share/rosidl_adapter/cmake)
[0.154s] -- Using all available rosidl_typesupport_cpp: rosidl_typesupport_fastrtps_cpp;rosidl_typesupport_introspection_cpp
[0.433s] -- Found ament_cmake_ros: 0.10.0 (/opt/ros/humble/share/ament_cmake_ros/cmake)
[0.579s] -- Using all available rosidl_typesupport_c: rosidl_typesupport_fastrtps_c;rosidl_typesupport_introspection_c
[0.776s] -- Using all available rosidl_typesupport_cpp: rosidl_typesupport_fastrtps_cpp;rosidl_typesupport_introspection_cpp
[0.794s] -- Found python_cmake_module: 0.10.0 (/opt/ros/humble/share/python_cmake_module/cmake)
[0.812s] -- Using PYTHON_EXECUTABLE: /usr/bin/python3
[0.812s] -- Using PYTHON_INCLUDE_DIRS: /usr/include/python3.10
[0.812s] -- Using PYTHON_LIBRARIES: /usr/lib/x86_64-linux-gnu/libpython3.10.so
[0.828s] -- Found ament_lint_auto: 0.12.11 (/opt/ros/humble/share/ament_lint_auto/cmake)
[0.832s] -- Configuring done
[0.863s] -- Generating done
[0.875s] -- Build files have been written to: /home/cl/CLionProjects/ws01_plumbing/build/base_interfaces_demo
[0.893s] [  1%] [34m[1mGenerating C code for ROS interfaces[0m
[0.900s] [  3%] [34m[1mGenerating C++ code for ROS interfaces[0m
[0.908s] [  3%] Built target ament_cmake_python_copy_base_interfaces_demo
[1.104s] running egg_info
[1.105s] writing base_interfaces_demo.egg-info/PKG-INFO
[1.105s] writing dependency_links to base_interfaces_demo.egg-info/dependency_links.txt
[1.105s] writing top-level names to base_interfaces_demo.egg-info/top_level.txt
[1.107s] reading manifest file 'base_interfaces_demo.egg-info/SOURCES.txt'
[1.108s] writing manifest file 'base_interfaces_demo.egg-info/SOURCES.txt'
[1.132s] [  3%] Built target ament_cmake_python_build_base_interfaces_demo_egg
[1.712s] [35m[1mConsolidate compiler generated dependencies of target base_interfaces_demo__rosidl_generator_c[0m
[1.725s] [  4%] [32mBuilding C object CMakeFiles/base_interfaces_demo__rosidl_generator_c.dir/rosidl_generator_c/base_interfaces_demo/msg/detail/student__functions.c.o[0m
[1.725s] [  6%] [32mBuilding C object CMakeFiles/base_interfaces_demo__rosidl_generator_c.dir/rosidl_generator_c/base_interfaces_demo/action/detail/nav__functions.c.o[0m
[1.725s] [  7%] [32mBuilding C object CMakeFiles/base_interfaces_demo__rosidl_generator_c.dir/rosidl_generator_c/base_interfaces_demo/srv/detail/distance__functions.c.o[0m
[1.726s] [  9%] [32mBuilding C object CMakeFiles/base_interfaces_demo__rosidl_generator_c.dir/rosidl_generator_c/base_interfaces_demo/srv/detail/addints__functions.c.o[0m
[1.726s] [ 11%] [32mBuilding C object CMakeFiles/base_interfaces_demo__rosidl_generator_c.dir/rosidl_generator_c/base_interfaces_demo/action/detail/progress__functions.c.o[0m
[1.735s] [ 11%] Built target base_interfaces_demo__cpp
[1.748s] [ 14%] [34m[1mGenerating C++ type support dispatch for ROS interfaces[0m
[1.749s] [ 14%] [34m[1mGenerating C++ type support for eProsima Fast-RTPS[0m
[1.751s] [ 15%] [34m[1mGenerating C++ introspection for ROS interfaces[0m
[1.891s] [ 17%] [32m[1mLinking C shared library libbase_interfaces_demo__rosidl_generator_c.so[0m
[1.923s] [ 17%] Built target base_interfaces_demo__rosidl_generator_c
[1.932s] [ 19%] [34m[1mGenerating C type support for eProsima Fast-RTPS[0m
[1.935s] [ 22%] [34m[1mGenerating C type support dispatch for ROS interfaces[0m
[1.935s] [ 22%] [34m[1mGenerating C introspection for ROS interfaces[0m
[2.395s] [35m[1mConsolidate compiler generated dependencies of target base_interfaces_demo__rosidl_typesupport_introspection_cpp[0m
[2.411s] [ 26%] [32mBuilding CXX object CMakeFiles/base_interfaces_demo__rosidl_typesupport_introspection_cpp.dir/rosidl_typesupport_introspection_cpp/base_interfaces_demo/msg/detail/student__type_support.cpp.o[0m
[2.412s] [ 26%] [32mBuilding CXX object CMakeFiles/base_interfaces_demo__rosidl_typesupport_introspection_cpp.dir/rosidl_typesupport_introspection_cpp/base_interfaces_demo/srv/detail/distance__type_support.cpp.o[0m
[2.412s] [ 26%] [32mBuilding CXX object CMakeFiles/base_interfaces_demo__rosidl_typesupport_introspection_cpp.dir/rosidl_typesupport_introspection_cpp/base_interfaces_demo/srv/detail/addints__type_support.cpp.o[0m
[2.535s] [35m[1mConsolidate compiler generated dependencies of target base_interfaces_demo__rosidl_typesupport_cpp[0m
[2.557s] [ 28%] [32mBuilding CXX object CMakeFiles/base_interfaces_demo__rosidl_typesupport_cpp.dir/rosidl_typesupport_cpp/base_interfaces_demo/msg/student__type_support.cpp.o[0m
[2.718s] [35m[1mConsolidate compiler generated dependencies of target base_interfaces_demo__rosidl_typesupport_fastrtps_cpp[0m
[2.747s] [ 30%] [32mBuilding CXX object CMakeFiles/base_interfaces_demo__rosidl_typesupport_fastrtps_cpp.dir/rosidl_typesupport_fastrtps_cpp/base_interfaces_demo/msg/detail/dds_fastrtps/student__type_support.cpp.o[0m
[2.755s] [35m[1mConsolidate compiler generated dependencies of target base_interfaces_demo__rosidl_typesupport_c[0m
[2.772s] [ 31%] [32mBuilding CXX object CMakeFiles/base_interfaces_demo__rosidl_typesupport_c.dir/rosidl_typesupport_c/base_interfaces_demo/msg/student__type_support.cpp.o[0m
[2.819s] [ 33%] [32mBuilding CXX object CMakeFiles/base_interfaces_demo__rosidl_typesupport_c.dir/rosidl_typesupport_c/base_interfaces_demo/srv/addints__type_support.cpp.o[0m
[2.866s] [ 34%] [32mBuilding CXX object CMakeFiles/base_interfaces_demo__rosidl_typesupport_c.dir/rosidl_typesupport_c/base_interfaces_demo/srv/distance__type_support.cpp.o[0m
[2.911s] [ 36%] [32mBuilding CXX object CMakeFiles/base_interfaces_demo__rosidl_typesupport_c.dir/rosidl_typesupport_c/base_interfaces_demo/action/progress__type_support.cpp.o[0m
[2.960s] [ 38%] [32mBuilding CXX object CMakeFiles/base_interfaces_demo__rosidl_typesupport_cpp.dir/rosidl_typesupport_cpp/base_interfaces_demo/srv/addints__type_support.cpp.o[0m
[2.980s] [ 39%] [32mBuilding CXX object CMakeFiles/base_interfaces_demo__rosidl_typesupport_c.dir/rosidl_typesupport_c/base_interfaces_demo/action/nav__type_support.cpp.o[0m
[3.021s] [ 41%] [32mBuilding CXX object CMakeFiles/base_interfaces_demo__rosidl_typesupport_introspection_cpp.dir/rosidl_typesupport_introspection_cpp/base_interfaces_demo/action/detail/progress__type_support.cpp.o[0m
[3.032s] [ 42%] [32mBuilding CXX object CMakeFiles/base_interfaces_demo__rosidl_typesupport_cpp.dir/rosidl_typesupport_cpp/base_interfaces_demo/srv/distance__type_support.cpp.o[0m
[3.036s] [ 44%] [32mBuilding CXX object CMakeFiles/base_interfaces_demo__rosidl_typesupport_cpp.dir/rosidl_typesupport_cpp/base_interfaces_demo/action/progress__type_support.cpp.o[0m
[3.049s] [ 46%] [32m[1mLinking CXX shared library libbase_interfaces_demo__rosidl_typesupport_c.so[0m
[3.110s] [ 46%] Built target base_interfaces_demo__rosidl_typesupport_c
[3.123s] [ 47%] [32mBuilding CXX object CMakeFiles/base_interfaces_demo__rosidl_typesupport_fastrtps_cpp.dir/rosidl_typesupport_fastrtps_cpp/base_interfaces_demo/srv/detail/dds_fastrtps/addints__type_support.cpp.o[0m
[3.236s] [35m[1mConsolidate compiler generated dependencies of target base_interfaces_demo__rosidl_typesupport_introspection_c[0m
[3.250s] [ 49%] [32mBuilding C object CMakeFiles/base_interfaces_demo__rosidl_typesupport_introspection_c.dir/rosidl_typesupport_introspection_c/base_interfaces_demo/msg/detail/student__type_support.c.o[0m
[3.297s] [ 50%] [32mBuilding C object CMakeFiles/base_interfaces_demo__rosidl_typesupport_introspection_c.dir/rosidl_typesupport_introspection_c/base_interfaces_demo/srv/detail/addints__type_support.c.o[0m
[3.333s] [35m[1mConsolidate compiler generated dependencies of target base_interfaces_demo__rosidl_typesupport_fastrtps_c[0m
[3.353s] [ 52%] [32mBuilding CXX object CMakeFiles/base_interfaces_demo__rosidl_typesupport_fastrtps_c.dir/rosidl_typesupport_fastrtps_c/base_interfaces_demo/msg/detail/student__type_support_c.cpp.o[0m
[3.354s] [ 53%] [32mBuilding C object CMakeFiles/base_interfaces_demo__rosidl_typesupport_introspection_c.dir/rosidl_typesupport_introspection_c/base_interfaces_demo/srv/detail/distance__type_support.c.o[0m
[3.385s] [ 55%] [32mBuilding CXX object CMakeFiles/base_interfaces_demo__rosidl_typesupport_introspection_cpp.dir/rosidl_typesupport_introspection_cpp/base_interfaces_demo/action/detail/nav__type_support.cpp.o[0m
[3.390s] [ 57%] [32mBuilding CXX object CMakeFiles/base_interfaces_demo__rosidl_typesupport_cpp.dir/rosidl_typesupport_cpp/base_interfaces_demo/action/nav__type_support.cpp.o[0m
[3.399s] [ 58%] [32mBuilding C object CMakeFiles/base_interfaces_demo__rosidl_typesupport_introspection_c.dir/rosidl_typesupport_introspection_c/base_interfaces_demo/action/detail/progress__type_support.c.o[0m
[3.461s] [ 60%] [32mBuilding C object CMakeFiles/base_interfaces_demo__rosidl_typesupport_introspection_c.dir/rosidl_typesupport_introspection_c/base_interfaces_demo/action/detail/nav__type_support.c.o[0m
[3.475s] [ 61%] [32mBuilding CXX object CMakeFiles/base_interfaces_demo__rosidl_typesupport_fastrtps_cpp.dir/rosidl_typesupport_fastrtps_cpp/base_interfaces_demo/srv/detail/dds_fastrtps/distance__type_support.cpp.o[0m
[3.532s] [ 63%] [32m[1mLinking C shared library libbase_interfaces_demo__rosidl_typesupport_introspection_c.so[0m
[3.574s] [ 63%] Built target base_interfaces_demo__rosidl_typesupport_introspection_c
[3.587s] [ 65%] [32mBuilding CXX object CMakeFiles/base_interfaces_demo__rosidl_typesupport_fastrtps_c.dir/rosidl_typesupport_fastrtps_c/base_interfaces_demo/srv/detail/addints__type_support_c.cpp.o[0m
[3.769s] [ 66%] [32mBuilding CXX object CMakeFiles/base_interfaces_demo__rosidl_typesupport_fastrtps_c.dir/rosidl_typesupport_fastrtps_c/base_interfaces_demo/srv/detail/distance__type_support_c.cpp.o[0m
[3.796s] [ 68%] [32mBuilding CXX object CMakeFiles/base_interfaces_demo__rosidl_typesupport_fastrtps_c.dir/rosidl_typesupport_fastrtps_c/base_interfaces_demo/action/detail/progress__type_support_c.cpp.o[0m
[3.890s] [ 69%] [32mBuilding CXX object CMakeFiles/base_interfaces_demo__rosidl_typesupport_fastrtps_cpp.dir/rosidl_typesupport_fastrtps_cpp/base_interfaces_demo/action/detail/dds_fastrtps/progress__type_support.cpp.o[0m
[3.951s] [ 71%] [32mBuilding CXX object CMakeFiles/base_interfaces_demo__rosidl_typesupport_fastrtps_cpp.dir/rosidl_typesupport_fastrtps_cpp/base_interfaces_demo/action/detail/dds_fastrtps/nav__type_support.cpp.o[0m
[4.113s] [ 73%] [32m[1mLinking CXX shared library libbase_interfaces_demo__rosidl_typesupport_cpp.so[0m
[4.120s] [ 74%] [32mBuilding CXX object CMakeFiles/base_interfaces_demo__rosidl_typesupport_fastrtps_c.dir/rosidl_typesupport_fastrtps_c/base_interfaces_demo/action/detail/nav__type_support_c.cpp.o[0m
[4.214s] [ 74%] Built target base_interfaces_demo__rosidl_typesupport_cpp
[4.310s] [ 76%] [32m[1mLinking CXX shared library libbase_interfaces_demo__rosidl_typesupport_introspection_cpp.so[0m
[4.429s] [ 76%] Built target base_interfaces_demo__rosidl_typesupport_introspection_cpp
[4.600s] [ 77%] [32m[1mLinking CXX shared library libbase_interfaces_demo__rosidl_typesupport_fastrtps_c.so[0m
[4.703s] [ 77%] Built target base_interfaces_demo__rosidl_typesupport_fastrtps_c
[4.717s] [ 79%] [32m[1mLinking CXX shared library libbase_interfaces_demo__rosidl_typesupport_fastrtps_cpp.so[0m
[4.781s] [ 79%] Built target base_interfaces_demo__rosidl_typesupport_fastrtps_cpp
[4.795s] [ 79%] Built target base_interfaces_demo
[4.811s] [ 80%] [34m[1mGenerating Python code for ROS interfaces[0m
[6.182s] [ 80%] Built target base_interfaces_demo__py
[6.190s] [35m[1mConsolidate compiler generated dependencies of target base_interfaces_demo__rosidl_generator_py[0m
[6.200s] [ 82%] [32mBuilding C object CMakeFiles/base_interfaces_demo__rosidl_generator_py.dir/rosidl_generator_py/base_interfaces_demo/msg/_student_s.c.o[0m
[6.201s] [ 85%] [32mBuilding C object CMakeFiles/base_interfaces_demo__rosidl_generator_py.dir/rosidl_generator_py/base_interfaces_demo/action/_nav_s.c.o[0m
[6.201s] [ 85%] [32mBuilding C object CMakeFiles/base_interfaces_demo__rosidl_generator_py.dir/rosidl_generator_py/base_interfaces_demo/action/_progress_s.c.o[0m
[6.202s] [ 87%] [32mBuilding C object CMakeFiles/base_interfaces_demo__rosidl_generator_py.dir/rosidl_generator_py/base_interfaces_demo/srv/_addints_s.c.o[0m
[6.203s] [ 88%] [32mBuilding C object CMakeFiles/base_interfaces_demo__rosidl_generator_py.dir/rosidl_generator_py/base_interfaces_demo/srv/_distance_s.c.o[0m
[6.341s] [ 90%] [32m[1mLinking C shared library rosidl_generator_py/base_interfaces_demo/libbase_interfaces_demo__rosidl_generator_py.so[0m
[6.371s] [ 90%] Built target base_interfaces_demo__rosidl_generator_py
[6.379s] [35m[1mConsolidate compiler generated dependencies of target base_interfaces_demo__rosidl_typesupport_c__pyext[0m
[6.379s] [35m[1mConsolidate compiler generated dependencies of target base_interfaces_demo__rosidl_typesupport_fastrtps_c__pyext[0m
[6.379s] [35m[1mConsolidate compiler generated dependencies of target base_interfaces_demo__rosidl_typesupport_introspection_c__pyext[0m
[6.388s] [ 95%] [32mBuilding C object CMakeFiles/base_interfaces_demo__rosidl_typesupport_introspection_c__pyext.dir/rosidl_generator_py/base_interfaces_demo/_base_interfaces_demo_s.ep.rosidl_typesupport_introspection_c.c.o[0m
[6.388s] [ 95%] [32mBuilding C object CMakeFiles/base_interfaces_demo__rosidl_typesupport_c__pyext.dir/rosidl_generator_py/base_interfaces_demo/_base_interfaces_demo_s.ep.rosidl_typesupport_c.c.o[0m
[6.388s] [ 95%] [32mBuilding C object CMakeFiles/base_interfaces_demo__rosidl_typesupport_fastrtps_c__pyext.dir/rosidl_generator_py/base_interfaces_demo/_base_interfaces_demo_s.ep.rosidl_typesupport_fastrtps_c.c.o[0m
[6.519s] [100%] [32m[1mLinking C shared library rosidl_generator_py/base_interfaces_demo/base_interfaces_demo_s__rosidl_typesupport_c.cpython-310-x86_64-linux-gnu.so[0m
[6.519s] [100%] [32m[1mLinking C shared library rosidl_generator_py/base_interfaces_demo/base_interfaces_demo_s__rosidl_typesupport_fastrtps_c.cpython-310-x86_64-linux-gnu.so[0m
[6.519s] [100%] [32m[1mLinking C shared library rosidl_generator_py/base_interfaces_demo/base_interfaces_demo_s__rosidl_typesupport_introspection_c.cpython-310-x86_64-linux-gnu.so[0m
[6.551s] [100%] Built target base_interfaces_demo__rosidl_typesupport_introspection_c__pyext
[6.552s] [100%] Built target base_interfaces_demo__rosidl_typesupport_c__pyext
[6.552s] [100%] Built target base_interfaces_demo__rosidl_typesupport_fastrtps_c__pyext
[6.560s] Invoked command in '/home/cl/CLionProjects/ws01_plumbing/build/base_interfaces_demo' returned '0': CMAKE_PREFIX_PATH=${CMAKE_PREFIX_PATH}:/opt/ros/humble CONDA_PROMPT_MODIFIER=(base) /usr/bin/cmake --build /home/cl/CLionProjects/ws01_plumbing/build/base_interfaces_demo -- -j8 -l8
[6.567s] Invoking command in '/home/cl/CLionProjects/ws01_plumbing/build/base_interfaces_demo': CMAKE_PREFIX_PATH=${CMAKE_PREFIX_PATH}:/opt/ros/humble CONDA_PROMPT_MODIFIER=(base) /usr/bin/cmake --install /home/cl/CLionProjects/ws01_plumbing/build/base_interfaces_demo
[6.573s] -- Install configuration: ""
[6.573s] -- Installing: /home/cl/CLionProjects/ws01_plumbing/install/base_interfaces_demo/share/ament_index/resource_index/rosidl_interfaces/base_interfaces_demo
[6.574s] -- Up-to-date: /home/cl/CLionProjects/ws01_plumbing/install/base_interfaces_demo/include/base_interfaces_demo/base_interfaces_demo
[6.574s] -- Up-to-date: /home/cl/CLionProjects/ws01_plumbing/install/base_interfaces_demo/include/base_interfaces_demo/base_interfaces_demo/srv
[6.574s] -- Up-to-date: /home/cl/CLionProjects/ws01_plumbing/install/base_interfaces_demo/include/base_interfaces_demo/base_interfaces_demo/srv/detail
[6.574s] -- Installing: /home/cl/CLionProjects/ws01_plumbing/install/base_interfaces_demo/include/base_interfaces_demo/base_interfaces_demo/srv/detail/addints__struct.h
[6.574s] -- Installing: /home/cl/CLionProjects/ws01_plumbing/install/base_interfaces_demo/include/base_interfaces_demo/base_interfaces_demo/srv/detail/addints__functions.c
[6.574s] -- Installing: /home/cl/CLionProjects/ws01_plumbing/install/base_interfaces_demo/include/base_interfaces_demo/base_interfaces_demo/srv/detail/distance__functions.h
[6.574s] -- Installing: /home/cl/CLionProjects/ws01_plumbing/install/base_interfaces_demo/include/base_interfaces_demo/base_interfaces_demo/srv/detail/distance__struct.h
[6.574s] -- Installing: /home/cl/CLionProjects/ws01_plumbing/install/base_interfaces_demo/include/base_interfaces_demo/base_interfaces_demo/srv/detail/addints__functions.h
[6.574s] -- Installing: /home/cl/CLionProjects/ws01_plumbing/install/base_interfaces_demo/include/base_interfaces_demo/base_interfaces_demo/srv/detail/distance__type_support.h
[6.575s] -- Installing: /home/cl/CLionProjects/ws01_plumbing/install/base_interfaces_demo/include/base_interfaces_demo/base_interfaces_demo/srv/detail/addints__type_support.h
[6.575s] -- Installing: /home/cl/CLionProjects/ws01_plumbing/install/base_interfaces_demo/include/base_interfaces_demo/base_interfaces_demo/srv/detail/distance__functions.c
[6.575s] -- Installing: /home/cl/CLionProjects/ws01_plumbing/install/base_interfaces_demo/include/base_interfaces_demo/base_interfaces_demo/srv/addints.h
[6.575s] -- Installing: /home/cl/CLionProjects/ws01_plumbing/install/base_interfaces_demo/include/base_interfaces_demo/base_interfaces_demo/srv/distance.h
[6.575s] -- Up-to-date: /home/cl/CLionProjects/ws01_plumbing/install/base_interfaces_demo/include/base_interfaces_demo/base_interfaces_demo/action
[6.575s] -- Up-to-date: /home/cl/CLionProjects/ws01_plumbing/install/base_interfaces_demo/include/base_interfaces_demo/base_interfaces_demo/action/detail
[6.575s] -- Installing: /home/cl/CLionProjects/ws01_plumbing/install/base_interfaces_demo/include/base_interfaces_demo/base_interfaces_demo/action/detail/nav__struct.h
[6.575s] -- Installing: /home/cl/CLionProjects/ws01_plumbing/install/base_interfaces_demo/include/base_interfaces_demo/base_interfaces_demo/action/detail/progress__struct.h
[6.575s] -- Installing: /home/cl/CLionProjects/ws01_plumbing/install/base_interfaces_demo/include/base_interfaces_demo/base_interfaces_demo/action/detail/progress__type_support.h
[6.575s] -- Installing: /home/cl/CLionProjects/ws01_plumbing/install/base_interfaces_demo/include/base_interfaces_demo/base_interfaces_demo/action/detail/nav__functions.c
[6.576s] -- Installing: /home/cl/CLionProjects/ws01_plumbing/install/base_interfaces_demo/include/base_interfaces_demo/base_interfaces_demo/action/detail/progress__functions.h
[6.576s] -- Installing: /home/cl/CLionProjects/ws01_plumbing/install/base_interfaces_demo/include/base_interfaces_demo/base_interfaces_demo/action/detail/nav__functions.h
[6.576s] -- Installing: /home/cl/CLionProjects/ws01_plumbing/install/base_interfaces_demo/include/base_interfaces_demo/base_interfaces_demo/action/detail/nav__type_support.h
[6.576s] -- Installing: /home/cl/CLionProjects/ws01_plumbing/install/base_interfaces_demo/include/base_interfaces_demo/base_interfaces_demo/action/detail/progress__functions.c
[6.576s] -- Installing: /home/cl/CLionProjects/ws01_plumbing/install/base_interfaces_demo/include/base_interfaces_demo/base_interfaces_demo/action/progress.h
[6.576s] -- Installing: /home/cl/CLionProjects/ws01_plumbing/install/base_interfaces_demo/include/base_interfaces_demo/base_interfaces_demo/action/nav.h
[6.577s] -- Up-to-date: /home/cl/CLionProjects/ws01_plumbing/install/base_interfaces_demo/include/base_interfaces_demo/base_interfaces_demo/msg
[6.577s] -- Up-to-date: /home/cl/CLionProjects/ws01_plumbing/install/base_interfaces_demo/include/base_interfaces_demo/base_interfaces_demo/msg/detail
[6.577s] -- Installing: /home/cl/CLionProjects/ws01_plumbing/install/base_interfaces_demo/include/base_interfaces_demo/base_interfaces_demo/msg/detail/student__functions.c
[6.577s] -- Installing: /home/cl/CLionProjects/ws01_plumbing/install/base_interfaces_demo/include/base_interfaces_demo/base_interfaces_demo/msg/detail/student__type_support.h
[6.577s] -- Installing: /home/cl/CLionProjects/ws01_plumbing/install/base_interfaces_demo/include/base_interfaces_demo/base_interfaces_demo/msg/detail/student__functions.h
[6.577s] -- Installing: /home/cl/CLionProjects/ws01_plumbing/install/base_interfaces_demo/include/base_interfaces_demo/base_interfaces_demo/msg/detail/student__struct.h
[6.577s] -- Installing: /home/cl/CLionProjects/ws01_plumbing/install/base_interfaces_demo/include/base_interfaces_demo/base_interfaces_demo/msg/student.h
[6.577s] -- Up-to-date: /home/cl/CLionProjects/ws01_plumbing/install/base_interfaces_demo/include/base_interfaces_demo/base_interfaces_demo/msg/rosidl_generator_c__visibility_control.h
[6.577s] -- Up-to-date: /home/cl/CLionProjects/ws01_plumbing/install/base_interfaces_demo/share/base_interfaces_demo/environment/library_path.sh
[6.577s] -- Installing: /home/cl/CLionProjects/ws01_plumbing/install/base_interfaces_demo/share/base_interfaces_demo/environment/library_path.dsv
[6.578s] -- Installing: /home/cl/CLionProjects/ws01_plumbing/install/base_interfaces_demo/lib/libbase_interfaces_demo__rosidl_generator_c.so
[6.578s] -- Set runtime path of "/home/cl/CLionProjects/ws01_plumbing/install/base_interfaces_demo/lib/libbase_interfaces_demo__rosidl_generator_c.so" to ""
[6.578s] -- Up-to-date: /home/cl/CLionProjects/ws01_plumbing/install/base_interfaces_demo/include/base_interfaces_demo/base_interfaces_demo
[6.578s] -- Up-to-date: /home/cl/CLionProjects/ws01_plumbing/install/base_interfaces_demo/include/base_interfaces_demo/base_interfaces_demo/srv
[6.578s] -- Up-to-date: /home/cl/CLionProjects/ws01_plumbing/install/base_interfaces_demo/include/base_interfaces_demo/base_interfaces_demo/srv/detail
[6.578s] -- Installing: /home/cl/CLionProjects/ws01_plumbing/install/base_interfaces_demo/include/base_interfaces_demo/base_interfaces_demo/srv/detail/addints__rosidl_typesupport_fastrtps_c.h
[6.579s] -- Installing: /home/cl/CLionProjects/ws01_plumbing/install/base_interfaces_demo/include/base_interfaces_demo/base_interfaces_demo/srv/detail/distance__rosidl_typesupport_fastrtps_c.h
[6.579s] -- Up-to-date: /home/cl/CLionProjects/ws01_plumbing/install/base_interfaces_demo/include/base_interfaces_demo/base_interfaces_demo/action
[6.579s] -- Up-to-date: /home/cl/CLionProjects/ws01_plumbing/install/base_interfaces_demo/include/base_interfaces_demo/base_interfaces_demo/action/detail
[6.579s] -- Installing: /home/cl/CLionProjects/ws01_plumbing/install/base_interfaces_demo/include/base_interfaces_demo/base_interfaces_demo/action/detail/progress__rosidl_typesupport_fastrtps_c.h
[6.579s] -- Installing: /home/cl/CLionProjects/ws01_plumbing/install/base_interfaces_demo/include/base_interfaces_demo/base_interfaces_demo/action/detail/nav__rosidl_typesupport_fastrtps_c.h
[6.579s] -- Up-to-date: /home/cl/CLionProjects/ws01_plumbing/install/base_interfaces_demo/include/base_interfaces_demo/base_interfaces_demo/msg
[6.579s] -- Up-to-date: /home/cl/CLionProjects/ws01_plumbing/install/base_interfaces_demo/include/base_interfaces_demo/base_interfaces_demo/msg/detail
[6.579s] -- Installing: /home/cl/CLionProjects/ws01_plumbing/install/base_interfaces_demo/include/base_interfaces_demo/base_interfaces_demo/msg/detail/student__rosidl_typesupport_fastrtps_c.h
[6.579s] -- Up-to-date: /home/cl/CLionProjects/ws01_plumbing/install/base_interfaces_demo/include/base_interfaces_demo/base_interfaces_demo/msg/rosidl_typesupport_fastrtps_c__visibility_control.h
[6.580s] -- Installing: /home/cl/CLionProjects/ws01_plumbing/install/base_interfaces_demo/lib/libbase_interfaces_demo__rosidl_typesupport_fastrtps_c.so
[6.580s] -- Set runtime path of "/home/cl/CLionProjects/ws01_plumbing/install/base_interfaces_demo/lib/libbase_interfaces_demo__rosidl_typesupport_fastrtps_c.so" to ""
[6.580s] -- Up-to-date: /home/cl/CLionProjects/ws01_plumbing/install/base_interfaces_demo/include/base_interfaces_demo/base_interfaces_demo
[6.580s] -- Up-to-date: /home/cl/CLionProjects/ws01_plumbing/install/base_interfaces_demo/include/base_interfaces_demo/base_interfaces_demo/srv
[6.580s] -- Up-to-date: /home/cl/CLionProjects/ws01_plumbing/install/base_interfaces_demo/include/base_interfaces_demo/base_interfaces_demo/srv/detail
[6.580s] -- Installing: /home/cl/CLionProjects/ws01_plumbing/install/base_interfaces_demo/include/base_interfaces_demo/base_interfaces_demo/srv/detail/distance__type_support.c
[6.580s] -- Installing: /home/cl/CLionProjects/ws01_plumbing/install/base_interfaces_demo/include/base_interfaces_demo/base_interfaces_demo/srv/detail/distance__rosidl_typesupport_introspection_c.h
[6.580s] -- Installing: /home/cl/CLionProjects/ws01_plumbing/install/base_interfaces_demo/include/base_interfaces_demo/base_interfaces_demo/srv/detail/addints__rosidl_typesupport_introspection_c.h
[6.580s] -- Installing: /home/cl/CLionProjects/ws01_plumbing/install/base_interfaces_demo/include/base_interfaces_demo/base_interfaces_demo/srv/detail/addints__type_support.c
[6.581s] -- Up-to-date: /home/cl/CLionProjects/ws01_plumbing/install/base_interfaces_demo/include/base_interfaces_demo/base_interfaces_demo/action
[6.581s] -- Up-to-date: /home/cl/CLionProjects/ws01_plumbing/install/base_interfaces_demo/include/base_interfaces_demo/base_interfaces_demo/action/detail
[6.581s] -- Installing: /home/cl/CLionProjects/ws01_plumbing/install/base_interfaces_demo/include/base_interfaces_demo/base_interfaces_demo/action/detail/nav__type_support.c
[6.581s] -- Installing: /home/cl/CLionProjects/ws01_plumbing/install/base_interfaces_demo/include/base_interfaces_demo/base_interfaces_demo/action/detail/progress__type_support.c
[6.581s] -- Installing: /home/cl/CLionProjects/ws01_plumbing/install/base_interfaces_demo/include/base_interfaces_demo/base_interfaces_demo/action/detail/progress__rosidl_typesupport_introspection_c.h
[6.581s] -- Installing: /home/cl/CLionProjects/ws01_plumbing/install/base_interfaces_demo/include/base_interfaces_demo/base_interfaces_demo/action/detail/nav__rosidl_typesupport_introspection_c.h
[6.581s] -- Up-to-date: /home/cl/CLionProjects/ws01_plumbing/install/base_interfaces_demo/include/base_interfaces_demo/base_interfaces_demo/msg
[6.581s] -- Up-to-date: /home/cl/CLionProjects/ws01_plumbing/install/base_interfaces_demo/include/base_interfaces_demo/base_interfaces_demo/msg/detail
[6.581s] -- Installing: /home/cl/CLionProjects/ws01_plumbing/install/base_interfaces_demo/include/base_interfaces_demo/base_interfaces_demo/msg/detail/student__rosidl_typesupport_introspection_c.h
[6.582s] -- Installing: /home/cl/CLionProjects/ws01_plumbing/install/base_interfaces_demo/include/base_interfaces_demo/base_interfaces_demo/msg/detail/student__type_support.c
[6.582s] -- Up-to-date: /home/cl/CLionProjects/ws01_plumbing/install/base_interfaces_demo/include/base_interfaces_demo/base_interfaces_demo/msg/rosidl_typesupport_introspection_c__visibility_control.h
[6.582s] -- Installing: /home/cl/CLionProjects/ws01_plumbing/install/base_interfaces_demo/lib/libbase_interfaces_demo__rosidl_typesupport_introspection_c.so
[6.582s] -- Set runtime path of "/home/cl/CLionProjects/ws01_plumbing/install/base_interfaces_demo/lib/libbase_interfaces_demo__rosidl_typesupport_introspection_c.so" to ""
[6.582s] -- Installing: /home/cl/CLionProjects/ws01_plumbing/install/base_interfaces_demo/lib/libbase_interfaces_demo__rosidl_typesupport_c.so
[6.583s] -- Set runtime path of "/home/cl/CLionProjects/ws01_plumbing/install/base_interfaces_demo/lib/libbase_interfaces_demo__rosidl_typesupport_c.so" to ""
[6.583s] -- Up-to-date: /home/cl/CLionProjects/ws01_plumbing/install/base_interfaces_demo/include/base_interfaces_demo/base_interfaces_demo
[6.583s] -- Up-to-date: /home/cl/CLionProjects/ws01_plumbing/install/base_interfaces_demo/include/base_interfaces_demo/base_interfaces_demo/srv
[6.583s] -- Up-to-date: /home/cl/CLionProjects/ws01_plumbing/install/base_interfaces_demo/include/base_interfaces_demo/base_interfaces_demo/srv/detail
[6.583s] -- Installing: /home/cl/CLionProjects/ws01_plumbing/install/base_interfaces_demo/include/base_interfaces_demo/base_interfaces_demo/srv/detail/addints__builder.hpp
[6.583s] -- Installing: /home/cl/CLionProjects/ws01_plumbing/install/base_interfaces_demo/include/base_interfaces_demo/base_interfaces_demo/srv/detail/distance__traits.hpp
[6.583s] -- Installing: /home/cl/CLionProjects/ws01_plumbing/install/base_interfaces_demo/include/base_interfaces_demo/base_interfaces_demo/srv/detail/addints__struct.hpp
[6.583s] -- Installing: /home/cl/CLionProjects/ws01_plumbing/install/base_interfaces_demo/include/base_interfaces_demo/base_interfaces_demo/srv/detail/addints__traits.hpp
[6.583s] -- Installing: /home/cl/CLionProjects/ws01_plumbing/install/base_interfaces_demo/include/base_interfaces_demo/base_interfaces_demo/srv/detail/distance__struct.hpp
[6.584s] -- Installing: /home/cl/CLionProjects/ws01_plumbing/install/base_interfaces_demo/include/base_interfaces_demo/base_interfaces_demo/srv/detail/addints__type_support.hpp
[6.584s] -- Installing: /home/cl/CLionProjects/ws01_plumbing/install/base_interfaces_demo/include/base_interfaces_demo/base_interfaces_demo/srv/detail/distance__builder.hpp
[6.584s] -- Installing: /home/cl/CLionProjects/ws01_plumbing/install/base_interfaces_demo/include/base_interfaces_demo/base_interfaces_demo/srv/detail/distance__type_support.hpp
[6.584s] -- Installing: /home/cl/CLionProjects/ws01_plumbing/install/base_interfaces_demo/include/base_interfaces_demo/base_interfaces_demo/srv/distance.hpp
[6.584s] -- Installing: /home/cl/CLionProjects/ws01_plumbing/install/base_interfaces_demo/include/base_interfaces_demo/base_interfaces_demo/srv/addints.hpp
[6.584s] -- Up-to-date: /home/cl/CLionProjects/ws01_plumbing/install/base_interfaces_demo/include/base_interfaces_demo/base_interfaces_demo/action
[6.584s] -- Up-to-date: /home/cl/CLionProjects/ws01_plumbing/install/base_interfaces_demo/include/base_interfaces_demo/base_interfaces_demo/action/detail
[6.584s] -- Installing: /home/cl/CLionProjects/ws01_plumbing/install/base_interfaces_demo/include/base_interfaces_demo/base_interfaces_demo/action/detail/progress__traits.hpp
[6.584s] -- Installing: /home/cl/CLionProjects/ws01_plumbing/install/base_interfaces_demo/include/base_interfaces_demo/base_interfaces_demo/action/detail/progress__builder.hpp
[6.584s] -- Installing: /home/cl/CLionProjects/ws01_plumbing/install/base_interfaces_demo/include/base_interfaces_demo/base_interfaces_demo/action/detail/nav__struct.hpp
[6.584s] -- Installing: /home/cl/CLionProjects/ws01_plumbing/install/base_interfaces_demo/include/base_interfaces_demo/base_interfaces_demo/action/detail/nav__builder.hpp
[6.585s] -- Installing: /home/cl/CLionProjects/ws01_plumbing/install/base_interfaces_demo/include/base_interfaces_demo/base_interfaces_demo/action/detail/nav__traits.hpp
[6.585s] -- Installing: /home/cl/CLionProjects/ws01_plumbing/install/base_interfaces_demo/include/base_interfaces_demo/base_interfaces_demo/action/detail/progress__type_support.hpp
[6.585s] -- Installing: /home/cl/CLionProjects/ws01_plumbing/install/base_interfaces_demo/include/base_interfaces_demo/base_interfaces_demo/action/detail/nav__type_support.hpp
[6.585s] -- Installing: /home/cl/CLionProjects/ws01_plumbing/install/base_interfaces_demo/include/base_interfaces_demo/base_interfaces_demo/action/detail/progress__struct.hpp
[6.585s] -- Installing: /home/cl/CLionProjects/ws01_plumbing/install/base_interfaces_demo/include/base_interfaces_demo/base_interfaces_demo/action/progress.hpp
[6.585s] -- Installing: /home/cl/CLionProjects/ws01_plumbing/install/base_interfaces_demo/include/base_interfaces_demo/base_interfaces_demo/action/nav.hpp
[6.585s] -- Up-to-date: /home/cl/CLionProjects/ws01_plumbing/install/base_interfaces_demo/include/base_interfaces_demo/base_interfaces_demo/msg
[6.585s] -- Up-to-date: /home/cl/CLionProjects/ws01_plumbing/install/base_interfaces_demo/include/base_interfaces_demo/base_interfaces_demo/msg/detail
[6.585s] -- Installing: /home/cl/CLionProjects/ws01_plumbing/install/base_interfaces_demo/include/base_interfaces_demo/base_interfaces_demo/msg/detail/student__traits.hpp
[6.585s] -- Installing: /home/cl/CLionProjects/ws01_plumbing/install/base_interfaces_demo/include/base_interfaces_demo/base_interfaces_demo/msg/detail/student__type_support.hpp
[6.585s] -- Installing: /home/cl/CLionProjects/ws01_plumbing/install/base_interfaces_demo/include/base_interfaces_demo/base_interfaces_demo/msg/detail/student__builder.hpp
[6.585s] -- Installing: /home/cl/CLionProjects/ws01_plumbing/install/base_interfaces_demo/include/base_interfaces_demo/base_interfaces_demo/msg/detail/student__struct.hpp
[6.585s] -- Installing: /home/cl/CLionProjects/ws01_plumbing/install/base_interfaces_demo/include/base_interfaces_demo/base_interfaces_demo/msg/student.hpp
[6.586s] -- Up-to-date: /home/cl/CLionProjects/ws01_plumbing/install/base_interfaces_demo/include/base_interfaces_demo/base_interfaces_demo/msg/rosidl_generator_cpp__visibility_control.hpp
[6.586s] -- Up-to-date: /home/cl/CLionProjects/ws01_plumbing/install/base_interfaces_demo/include/base_interfaces_demo/base_interfaces_demo
[6.586s] -- Up-to-date: /home/cl/CLionProjects/ws01_plumbing/install/base_interfaces_demo/include/base_interfaces_demo/base_interfaces_demo/srv
[6.586s] -- Up-to-date: /home/cl/CLionProjects/ws01_plumbing/install/base_interfaces_demo/include/base_interfaces_demo/base_interfaces_demo/srv/detail
[6.586s] -- Installing: /home/cl/CLionProjects/ws01_plumbing/install/base_interfaces_demo/include/base_interfaces_demo/base_interfaces_demo/srv/detail/addints__rosidl_typesupport_fastrtps_cpp.hpp
[6.586s] -- Up-to-date: /home/cl/CLionProjects/ws01_plumbing/install/base_interfaces_demo/include/base_interfaces_demo/base_interfaces_demo/srv/detail/dds_fastrtps
[6.586s] -- Installing: /home/cl/CLionProjects/ws01_plumbing/install/base_interfaces_demo/include/base_interfaces_demo/base_interfaces_demo/srv/detail/distance__rosidl_typesupport_fastrtps_cpp.hpp
[6.586s] -- Up-to-date: /home/cl/CLionProjects/ws01_plumbing/install/base_interfaces_demo/include/base_interfaces_demo/base_interfaces_demo/action
[6.586s] -- Up-to-date: /home/cl/CLionProjects/ws01_plumbing/install/base_interfaces_demo/include/base_interfaces_demo/base_interfaces_demo/action/detail
[6.586s] -- Installing: /home/cl/CLionProjects/ws01_plumbing/install/base_interfaces_demo/include/base_interfaces_demo/base_interfaces_demo/action/detail/progress__rosidl_typesupport_fastrtps_cpp.hpp
[6.586s] -- Installing: /home/cl/CLionProjects/ws01_plumbing/install/base_interfaces_demo/include/base_interfaces_demo/base_interfaces_demo/action/detail/nav__rosidl_typesupport_fastrtps_cpp.hpp
[6.586s] -- Up-to-date: /home/cl/CLionProjects/ws01_plumbing/install/base_interfaces_demo/include/base_interfaces_demo/base_interfaces_demo/action/detail/dds_fastrtps
[6.586s] -- Up-to-date: /home/cl/CLionProjects/ws01_plumbing/install/base_interfaces_demo/include/base_interfaces_demo/base_interfaces_demo/msg
[6.586s] -- Up-to-date: /home/cl/CLionProjects/ws01_plumbing/install/base_interfaces_demo/include/base_interfaces_demo/base_interfaces_demo/msg/detail
[6.586s] -- Installing: /home/cl/CLionProjects/ws01_plumbing/install/base_interfaces_demo/include/base_interfaces_demo/base_interfaces_demo/msg/detail/student__rosidl_typesupport_fastrtps_cpp.hpp
[6.587s] -- Up-to-date: /home/cl/CLionProjects/ws01_plumbing/install/base_interfaces_demo/include/base_interfaces_demo/base_interfaces_demo/msg/detail/dds_fastrtps
[6.587s] -- Up-to-date: /home/cl/CLionProjects/ws01_plumbing/install/base_interfaces_demo/include/base_interfaces_demo/base_interfaces_demo/msg/rosidl_typesupport_fastrtps_cpp__visibility_control.h
[6.587s] -- Installing: /home/cl/CLionProjects/ws01_plumbing/install/base_interfaces_demo/lib/libbase_interfaces_demo__rosidl_typesupport_fastrtps_cpp.so
[6.587s] -- Set runtime path of "/home/cl/CLionProjects/ws01_plumbing/install/base_interfaces_demo/lib/libbase_interfaces_demo__rosidl_typesupport_fastrtps_cpp.so" to ""
[6.587s] -- Up-to-date: /home/cl/CLionProjects/ws01_plumbing/install/base_interfaces_demo/include/base_interfaces_demo/base_interfaces_demo
[6.587s] -- Up-to-date: /home/cl/CLionProjects/ws01_plumbing/install/base_interfaces_demo/include/base_interfaces_demo/base_interfaces_demo/srv
[6.587s] -- Up-to-date: /home/cl/CLionProjects/ws01_plumbing/install/base_interfaces_demo/include/base_interfaces_demo/base_interfaces_demo/srv/detail
[6.587s] -- Installing: /home/cl/CLionProjects/ws01_plumbing/install/base_interfaces_demo/include/base_interfaces_demo/base_interfaces_demo/srv/detail/addints__rosidl_typesupport_introspection_cpp.hpp
[6.587s] -- Installing: /home/cl/CLionProjects/ws01_plumbing/install/base_interfaces_demo/include/base_interfaces_demo/base_interfaces_demo/srv/detail/distance__type_support.cpp
[6.587s] -- Installing: /home/cl/CLionProjects/ws01_plumbing/install/base_interfaces_demo/include/base_interfaces_demo/base_interfaces_demo/srv/detail/distance__rosidl_typesupport_introspection_cpp.hpp
[6.587s] -- Installing: /home/cl/CLionProjects/ws01_plumbing/install/base_interfaces_demo/include/base_interfaces_demo/base_interfaces_demo/srv/detail/addints__type_support.cpp
[6.587s] -- Up-to-date: /home/cl/CLionProjects/ws01_plumbing/install/base_interfaces_demo/include/base_interfaces_demo/base_interfaces_demo/action
[6.587s] -- Up-to-date: /home/cl/CLionProjects/ws01_plumbing/install/base_interfaces_demo/include/base_interfaces_demo/base_interfaces_demo/action/detail
[6.587s] -- Installing: /home/cl/CLionProjects/ws01_plumbing/install/base_interfaces_demo/include/base_interfaces_demo/base_interfaces_demo/action/detail/progress__type_support.cpp
[6.587s] -- Installing: /home/cl/CLionProjects/ws01_plumbing/install/base_interfaces_demo/include/base_interfaces_demo/base_interfaces_demo/action/detail/progress__rosidl_typesupport_introspection_cpp.hpp
[6.587s] -- Installing: /home/cl/CLionProjects/ws01_plumbing/install/base_interfaces_demo/include/base_interfaces_demo/base_interfaces_demo/action/detail/nav__type_support.cpp
[6.587s] -- Installing: /home/cl/CLionProjects/ws01_plumbing/install/base_interfaces_demo/include/base_interfaces_demo/base_interfaces_demo/action/detail/nav__rosidl_typesupport_introspection_cpp.hpp
[6.588s] -- Up-to-date: /home/cl/CLionProjects/ws01_plumbing/install/base_interfaces_demo/include/base_interfaces_demo/base_interfaces_demo/msg
[6.588s] -- Up-to-date: /home/cl/CLionProjects/ws01_plumbing/install/base_interfaces_demo/include/base_interfaces_demo/base_interfaces_demo/msg/detail
[6.588s] -- Installing: /home/cl/CLionProjects/ws01_plumbing/install/base_interfaces_demo/include/base_interfaces_demo/base_interfaces_demo/msg/detail/student__rosidl_typesupport_introspection_cpp.hpp
[6.588s] -- Installing: /home/cl/CLionProjects/ws01_plumbing/install/base_interfaces_demo/include/base_interfaces_demo/base_interfaces_demo/msg/detail/student__type_support.cpp
[6.588s] -- Installing: /home/cl/CLionProjects/ws01_plumbing/install/base_interfaces_demo/lib/libbase_interfaces_demo__rosidl_typesupport_introspection_cpp.so
[6.588s] -- Set runtime path of "/home/cl/CLionProjects/ws01_plumbing/install/base_interfaces_demo/lib/libbase_interfaces_demo__rosidl_typesupport_introspection_cpp.so" to ""
[6.588s] -- Installing: /home/cl/CLionProjects/ws01_plumbing/install/base_interfaces_demo/lib/libbase_interfaces_demo__rosidl_typesupport_cpp.so
[6.589s] -- Set runtime path of "/home/cl/CLionProjects/ws01_plumbing/install/base_interfaces_demo/lib/libbase_interfaces_demo__rosidl_typesupport_cpp.so" to ""
[6.589s] -- Up-to-date: /home/cl/CLionProjects/ws01_plumbing/install/base_interfaces_demo/share/base_interfaces_demo/environment/pythonpath.sh
[6.589s] -- Installing: /home/cl/CLionProjects/ws01_plumbing/install/base_interfaces_demo/share/base_interfaces_demo/environment/pythonpath.dsv
[6.589s] -- Up-to-date: /home/cl/CLionProjects/ws01_plumbing/install/base_interfaces_demo/local/lib/python3.10/dist-packages/base_interfaces_demo-0.0.0-py3.10.egg-info
[6.589s] -- Installing: /home/cl/CLionProjects/ws01_plumbing/install/base_interfaces_demo/local/lib/python3.10/dist-packages/base_interfaces_demo-0.0.0-py3.10.egg-info/top_level.txt
[6.589s] -- Installing: /home/cl/CLionProjects/ws01_plumbing/install/base_interfaces_demo/local/lib/python3.10/dist-packages/base_interfaces_demo-0.0.0-py3.10.egg-info/dependency_links.txt
[6.589s] -- Installing: /home/cl/CLionProjects/ws01_plumbing/install/base_interfaces_demo/local/lib/python3.10/dist-packages/base_interfaces_demo-0.0.0-py3.10.egg-info/SOURCES.txt
[6.589s] -- Installing: /home/cl/CLionProjects/ws01_plumbing/install/base_interfaces_demo/local/lib/python3.10/dist-packages/base_interfaces_demo-0.0.0-py3.10.egg-info/PKG-INFO
[6.589s] -- Up-to-date: /home/cl/CLionProjects/ws01_plumbing/install/base_interfaces_demo/local/lib/python3.10/dist-packages/base_interfaces_demo
[6.589s] -- Installing: /home/cl/CLionProjects/ws01_plumbing/install/base_interfaces_demo/local/lib/python3.10/dist-packages/base_interfaces_demo/__init__.py
[6.589s] -- Installing: /home/cl/CLionProjects/ws01_plumbing/install/base_interfaces_demo/local/lib/python3.10/dist-packages/base_interfaces_demo/base_interfaces_demo_s__rosidl_typesupport_fastrtps_c.cpython-310-x86_64-linux-gnu.so
[6.589s] -- Up-to-date: /home/cl/CLionProjects/ws01_plumbing/install/base_interfaces_demo/local/lib/python3.10/dist-packages/base_interfaces_demo/srv
[6.589s] -- Installing: /home/cl/CLionProjects/ws01_plumbing/install/base_interfaces_demo/local/lib/python3.10/dist-packages/base_interfaces_demo/srv/_addints.py
[6.589s] -- Installing: /home/cl/CLionProjects/ws01_plumbing/install/base_interfaces_demo/local/lib/python3.10/dist-packages/base_interfaces_demo/srv/__init__.py
[6.590s] -- Installing: /home/cl/CLionProjects/ws01_plumbing/install/base_interfaces_demo/local/lib/python3.10/dist-packages/base_interfaces_demo/srv/_distance_s.c
[6.590s] -- Installing: /home/cl/CLionProjects/ws01_plumbing/install/base_interfaces_demo/local/lib/python3.10/dist-packages/base_interfaces_demo/srv/_distance.py
[6.590s] -- Installing: /home/cl/CLionProjects/ws01_plumbing/install/base_interfaces_demo/local/lib/python3.10/dist-packages/base_interfaces_demo/srv/_addints_s.c
[6.590s] -- Installing: /home/cl/CLionProjects/ws01_plumbing/install/base_interfaces_demo/local/lib/python3.10/dist-packages/base_interfaces_demo/base_interfaces_demo_s__rosidl_typesupport_c.cpython-310-x86_64-linux-gnu.so
[6.590s] -- Up-to-date: /home/cl/CLionProjects/ws01_plumbing/install/base_interfaces_demo/local/lib/python3.10/dist-packages/base_interfaces_demo/action
[6.590s] -- Installing: /home/cl/CLionProjects/ws01_plumbing/install/base_interfaces_demo/local/lib/python3.10/dist-packages/base_interfaces_demo/action/__init__.py
[6.590s] -- Installing: /home/cl/CLionProjects/ws01_plumbing/install/base_interfaces_demo/local/lib/python3.10/dist-packages/base_interfaces_demo/action/_nav.py
[6.590s] -- Installing: /home/cl/CLionProjects/ws01_plumbing/install/base_interfaces_demo/local/lib/python3.10/dist-packages/base_interfaces_demo/action/_progress.py
[6.590s] -- Installing: /home/cl/CLionProjects/ws01_plumbing/install/base_interfaces_demo/local/lib/python3.10/dist-packages/base_interfaces_demo/action/_nav_s.c
[6.590s] -- Installing: /home/cl/CLionProjects/ws01_plumbing/install/base_interfaces_demo/local/lib/python3.10/dist-packages/base_interfaces_demo/action/_progress_s.c
[6.590s] -- Installing: /home/cl/CLionProjects/ws01_plumbing/install/base_interfaces_demo/local/lib/python3.10/dist-packages/base_interfaces_demo/_base_interfaces_demo_s.ep.rosidl_typesupport_fastrtps_c.c
[6.591s] -- Up-to-date: /home/cl/CLionProjects/ws01_plumbing/install/base_interfaces_demo/local/lib/python3.10/dist-packages/base_interfaces_demo/msg
[6.591s] -- Installing: /home/cl/CLionProjects/ws01_plumbing/install/base_interfaces_demo/local/lib/python3.10/dist-packages/base_interfaces_demo/msg/__init__.py
[6.591s] -- Installing: /home/cl/CLionProjects/ws01_plumbing/install/base_interfaces_demo/local/lib/python3.10/dist-packages/base_interfaces_demo/msg/_student_s.c
[6.591s] -- Installing: /home/cl/CLionProjects/ws01_plumbing/install/base_interfaces_demo/local/lib/python3.10/dist-packages/base_interfaces_demo/msg/_student.py
[6.591s] -- Installing: /home/cl/CLionProjects/ws01_plumbing/install/base_interfaces_demo/local/lib/python3.10/dist-packages/base_interfaces_demo/_base_interfaces_demo_s.ep.rosidl_typesupport_c.c
[6.591s] -- Installing: /home/cl/CLionProjects/ws01_plumbing/install/base_interfaces_demo/local/lib/python3.10/dist-packages/base_interfaces_demo/libbase_interfaces_demo__rosidl_generator_py.so
[6.591s] -- Installing: /home/cl/CLionProjects/ws01_plumbing/install/base_interfaces_demo/local/lib/python3.10/dist-packages/base_interfaces_demo/base_interfaces_demo_s__rosidl_typesupport_introspection_c.cpython-310-x86_64-linux-gnu.so
[6.591s] -- Installing: /home/cl/CLionProjects/ws01_plumbing/install/base_interfaces_demo/local/lib/python3.10/dist-packages/base_interfaces_demo/_base_interfaces_demo_s.ep.rosidl_typesupport_introspection_c.c
[6.633s] Listing '/home/cl/CLionProjects/ws01_plumbing/install/base_interfaces_demo/local/lib/python3.10/dist-packages/base_interfaces_demo'...
[6.633s] Compiling '/home/cl/CLionProjects/ws01_plumbing/install/base_interfaces_demo/local/lib/python3.10/dist-packages/base_interfaces_demo/__init__.py'...
[6.633s] Listing '/home/cl/CLionProjects/ws01_plumbing/install/base_interfaces_demo/local/lib/python3.10/dist-packages/base_interfaces_demo/action'...
[6.633s] Compiling '/home/cl/CLionProjects/ws01_plumbing/install/base_interfaces_demo/local/lib/python3.10/dist-packages/base_interfaces_demo/action/__init__.py'...
[6.633s] Compiling '/home/cl/CLionProjects/ws01_plumbing/install/base_interfaces_demo/local/lib/python3.10/dist-packages/base_interfaces_demo/action/_nav.py'...
[6.634s] Compiling '/home/cl/CLionProjects/ws01_plumbing/install/base_interfaces_demo/local/lib/python3.10/dist-packages/base_interfaces_demo/action/_progress.py'...
[6.634s] Listing '/home/cl/CLionProjects/ws01_plumbing/install/base_interfaces_demo/local/lib/python3.10/dist-packages/base_interfaces_demo/msg'...
[6.634s] Compiling '/home/cl/CLionProjects/ws01_plumbing/install/base_interfaces_demo/local/lib/python3.10/dist-packages/base_interfaces_demo/msg/__init__.py'...
[6.634s] Compiling '/home/cl/CLionProjects/ws01_plumbing/install/base_interfaces_demo/local/lib/python3.10/dist-packages/base_interfaces_demo/msg/_student.py'...
[6.634s] Listing '/home/cl/CLionProjects/ws01_plumbing/install/base_interfaces_demo/local/lib/python3.10/dist-packages/base_interfaces_demo/srv'...
[6.634s] Compiling '/home/cl/CLionProjects/ws01_plumbing/install/base_interfaces_demo/local/lib/python3.10/dist-packages/base_interfaces_demo/srv/__init__.py'...
[6.634s] Compiling '/home/cl/CLionProjects/ws01_plumbing/install/base_interfaces_demo/local/lib/python3.10/dist-packages/base_interfaces_demo/srv/_addints.py'...
[6.634s] Compiling '/home/cl/CLionProjects/ws01_plumbing/install/base_interfaces_demo/local/lib/python3.10/dist-packages/base_interfaces_demo/srv/_distance.py'...
[6.638s] -- Installing: /home/cl/CLionProjects/ws01_plumbing/install/base_interfaces_demo/local/lib/python3.10/dist-packages/base_interfaces_demo/base_interfaces_demo_s__rosidl_typesupport_fastrtps_c.cpython-310-x86_64-linux-gnu.so
[6.638s] -- Set runtime path of "/home/cl/CLionProjects/ws01_plumbing/install/base_interfaces_demo/local/lib/python3.10/dist-packages/base_interfaces_demo/base_interfaces_demo_s__rosidl_typesupport_fastrtps_c.cpython-310-x86_64-linux-gnu.so" to ""
[6.638s] -- Installing: /home/cl/CLionProjects/ws01_plumbing/install/base_interfaces_demo/local/lib/python3.10/dist-packages/base_interfaces_demo/base_interfaces_demo_s__rosidl_typesupport_introspection_c.cpython-310-x86_64-linux-gnu.so
[6.639s] -- Set runtime path of "/home/cl/CLionProjects/ws01_plumbing/install/base_interfaces_demo/local/lib/python3.10/dist-packages/base_interfaces_demo/base_interfaces_demo_s__rosidl_typesupport_introspection_c.cpython-310-x86_64-linux-gnu.so" to ""
[6.639s] -- Installing: /home/cl/CLionProjects/ws01_plumbing/install/base_interfaces_demo/local/lib/python3.10/dist-packages/base_interfaces_demo/base_interfaces_demo_s__rosidl_typesupport_c.cpython-310-x86_64-linux-gnu.so
[6.639s] -- Set runtime path of "/home/cl/CLionProjects/ws01_plumbing/install/base_interfaces_demo/local/lib/python3.10/dist-packages/base_interfaces_demo/base_interfaces_demo_s__rosidl_typesupport_c.cpython-310-x86_64-linux-gnu.so" to ""
[6.639s] -- Installing: /home/cl/CLionProjects/ws01_plumbing/install/base_interfaces_demo/lib/libbase_interfaces_demo__rosidl_generator_py.so
[6.639s] -- Set runtime path of "/home/cl/CLionProjects/ws01_plumbing/install/base_interfaces_demo/lib/libbase_interfaces_demo__rosidl_generator_py.so" to ""
[6.639s] -- Up-to-date: /home/cl/CLionProjects/ws01_plumbing/install/base_interfaces_demo/share/base_interfaces_demo/msg/Student.idl
[6.639s] -- Up-to-date: /home/cl/CLionProjects/ws01_plumbing/install/base_interfaces_demo/share/base_interfaces_demo/srv/Addints.idl
[6.640s] -- Up-to-date: /home/cl/CLionProjects/ws01_plumbing/install/base_interfaces_demo/share/base_interfaces_demo/srv/Distance.idl
[6.640s] -- Up-to-date: /home/cl/CLionProjects/ws01_plumbing/install/base_interfaces_demo/share/base_interfaces_demo/action/Progress.idl
[6.640s] -- Installing: /home/cl/CLionProjects/ws01_plumbing/install/base_interfaces_demo/share/base_interfaces_demo/action/Nav.idl
[6.640s] -- Up-to-date: /home/cl/CLionProjects/ws01_plumbing/install/base_interfaces_demo/share/base_interfaces_demo/msg/Student.msg
[6.640s] -- Up-to-date: /home/cl/CLionProjects/ws01_plumbing/install/base_interfaces_demo/share/base_interfaces_demo/srv/Addints.srv
[6.640s] -- Up-to-date: /home/cl/CLionProjects/ws01_plumbing/install/base_interfaces_demo/share/base_interfaces_demo/srv/Addints_Request.msg
[6.640s] -- Up-to-date: /home/cl/CLionProjects/ws01_plumbing/install/base_interfaces_demo/share/base_interfaces_demo/srv/Addints_Response.msg
[6.640s] -- Up-to-date: /home/cl/CLionProjects/ws01_plumbing/install/base_interfaces_demo/share/base_interfaces_demo/srv/Distance.srv
[6.640s] -- Up-to-date: /home/cl/CLionProjects/ws01_plumbing/install/base_interfaces_demo/share/base_interfaces_demo/srv/Distance_Request.msg
[6.640s] -- Up-to-date: /home/cl/CLionProjects/ws01_plumbing/install/base_interfaces_demo/share/base_interfaces_demo/srv/Distance_Response.msg
[6.640s] -- Up-to-date: /home/cl/CLionProjects/ws01_plumbing/install/base_interfaces_demo/share/base_interfaces_demo/action/Progress.action
[6.640s] -- Installing: /home/cl/CLionProjects/ws01_plumbing/install/base_interfaces_demo/share/base_interfaces_demo/action/Nav.action
[6.640s] -- Up-to-date: /home/cl/CLionProjects/ws01_plumbing/install/base_interfaces_demo/share/ament_index/resource_index/package_run_dependencies/base_interfaces_demo
[6.640s] -- Installing: /home/cl/CLionProjects/ws01_plumbing/install/base_interfaces_demo/share/ament_index/resource_index/parent_prefix_path/base_interfaces_demo
[6.640s] -- Up-to-date: /home/cl/CLionProjects/ws01_plumbing/install/base_interfaces_demo/share/base_interfaces_demo/environment/ament_prefix_path.sh
[6.640s] -- Installing: /home/cl/CLionProjects/ws01_plumbing/install/base_interfaces_demo/share/base_interfaces_demo/environment/ament_prefix_path.dsv
[6.641s] -- Up-to-date: /home/cl/CLionProjects/ws01_plumbing/install/base_interfaces_demo/share/base_interfaces_demo/environment/path.sh
[6.641s] -- Installing: /home/cl/CLionProjects/ws01_plumbing/install/base_interfaces_demo/share/base_interfaces_demo/environment/path.dsv
[6.641s] -- Up-to-date: /home/cl/CLionProjects/ws01_plumbing/install/base_interfaces_demo/share/base_interfaces_demo/local_setup.bash
[6.641s] -- Up-to-date: /home/cl/CLionProjects/ws01_plumbing/install/base_interfaces_demo/share/base_interfaces_demo/local_setup.sh
[6.641s] -- Up-to-date: /home/cl/CLionProjects/ws01_plumbing/install/base_interfaces_demo/share/base_interfaces_demo/local_setup.zsh
[6.641s] -- Installing: /home/cl/CLionProjects/ws01_plumbing/install/base_interfaces_demo/share/base_interfaces_demo/local_setup.dsv
[6.641s] -- Installing: /home/cl/CLionProjects/ws01_plumbing/install/base_interfaces_demo/share/base_interfaces_demo/package.dsv
[6.641s] -- Up-to-date: /home/cl/CLionProjects/ws01_plumbing/install/base_interfaces_demo/share/ament_index/resource_index/packages/base_interfaces_demo
[6.641s] -- Up-to-date: /home/cl/CLionProjects/ws01_plumbing/install/base_interfaces_demo/share/base_interfaces_demo/cmake/export_base_interfaces_demo__rosidl_generator_cExport.cmake
[6.641s] -- Up-to-date: /home/cl/CLionProjects/ws01_plumbing/install/base_interfaces_demo/share/base_interfaces_demo/cmake/export_base_interfaces_demo__rosidl_generator_cExport-noconfig.cmake
[6.641s] -- Up-to-date: /home/cl/CLionProjects/ws01_plumbing/install/base_interfaces_demo/share/base_interfaces_demo/cmake/export_base_interfaces_demo__rosidl_typesupport_fastrtps_cExport.cmake
[6.641s] -- Up-to-date: /home/cl/CLionProjects/ws01_plumbing/install/base_interfaces_demo/share/base_interfaces_demo/cmake/export_base_interfaces_demo__rosidl_typesupport_fastrtps_cExport-noconfig.cmake
[6.641s] -- Up-to-date: /home/cl/CLionProjects/ws01_plumbing/install/base_interfaces_demo/share/base_interfaces_demo/cmake/base_interfaces_demo__rosidl_typesupport_introspection_cExport.cmake
[6.641s] -- Up-to-date: /home/cl/CLionProjects/ws01_plumbing/install/base_interfaces_demo/share/base_interfaces_demo/cmake/base_interfaces_demo__rosidl_typesupport_introspection_cExport-noconfig.cmake
[6.641s] -- Up-to-date: /home/cl/CLionProjects/ws01_plumbing/install/base_interfaces_demo/share/base_interfaces_demo/cmake/base_interfaces_demo__rosidl_typesupport_cExport.cmake
[6.641s] -- Up-to-date: /home/cl/CLionProjects/ws01_plumbing/install/base_interfaces_demo/share/base_interfaces_demo/cmake/base_interfaces_demo__rosidl_typesupport_cExport-noconfig.cmake
[6.641s] -- Up-to-date: /home/cl/CLionProjects/ws01_plumbing/install/base_interfaces_demo/share/base_interfaces_demo/cmake/export_base_interfaces_demo__rosidl_generator_cppExport.cmake
[6.642s] -- Up-to-date: /home/cl/CLionProjects/ws01_plumbing/install/base_interfaces_demo/share/base_interfaces_demo/cmake/export_base_interfaces_demo__rosidl_typesupport_fastrtps_cppExport.cmake
[6.642s] -- Up-to-date: /home/cl/CLionProjects/ws01_plumbing/install/base_interfaces_demo/share/base_interfaces_demo/cmake/export_base_interfaces_demo__rosidl_typesupport_fastrtps_cppExport-noconfig.cmake
[6.642s] -- Up-to-date: /home/cl/CLionProjects/ws01_plumbing/install/base_interfaces_demo/share/base_interfaces_demo/cmake/base_interfaces_demo__rosidl_typesupport_introspection_cppExport.cmake
[6.642s] -- Up-to-date: /home/cl/CLionProjects/ws01_plumbing/install/base_interfaces_demo/share/base_interfaces_demo/cmake/base_interfaces_demo__rosidl_typesupport_introspection_cppExport-noconfig.cmake
[6.642s] -- Up-to-date: /home/cl/CLionProjects/ws01_plumbing/install/base_interfaces_demo/share/base_interfaces_demo/cmake/base_interfaces_demo__rosidl_typesupport_cppExport.cmake
[6.642s] -- Up-to-date: /home/cl/CLionProjects/ws01_plumbing/install/base_interfaces_demo/share/base_interfaces_demo/cmake/base_interfaces_demo__rosidl_typesupport_cppExport-noconfig.cmake
[6.642s] -- Up-to-date: /home/cl/CLionProjects/ws01_plumbing/install/base_interfaces_demo/share/base_interfaces_demo/cmake/export_base_interfaces_demo__rosidl_generator_pyExport.cmake
[6.642s] -- Up-to-date: /home/cl/CLionProjects/ws01_plumbing/install/base_interfaces_demo/share/base_interfaces_demo/cmake/export_base_interfaces_demo__rosidl_generator_pyExport-noconfig.cmake
[6.642s] -- Installing: /home/cl/CLionProjects/ws01_plumbing/install/base_interfaces_demo/share/base_interfaces_demo/cmake/rosidl_cmake-extras.cmake
[6.642s] -- Up-to-date: /home/cl/CLionProjects/ws01_plumbing/install/base_interfaces_demo/share/base_interfaces_demo/cmake/ament_cmake_export_dependencies-extras.cmake
[6.642s] -- Up-to-date: /home/cl/CLionProjects/ws01_plumbing/install/base_interfaces_demo/share/base_interfaces_demo/cmake/ament_cmake_export_include_directories-extras.cmake
[6.642s] -- Up-to-date: /home/cl/CLionProjects/ws01_plumbing/install/base_interfaces_demo/share/base_interfaces_demo/cmake/ament_cmake_export_libraries-extras.cmake
[6.642s] -- Up-to-date: /home/cl/CLionProjects/ws01_plumbing/install/base_interfaces_demo/share/base_interfaces_demo/cmake/ament_cmake_export_targets-extras.cmake
[6.642s] -- Up-to-date: /home/cl/CLionProjects/ws01_plumbing/install/base_interfaces_demo/share/base_interfaces_demo/cmake/rosidl_cmake_export_typesupport_targets-extras.cmake
[6.642s] -- Up-to-date: /home/cl/CLionProjects/ws01_plumbing/install/base_interfaces_demo/share/base_interfaces_demo/cmake/rosidl_cmake_export_typesupport_libraries-extras.cmake
[6.642s] -- Up-to-date: /home/cl/CLionProjects/ws01_plumbing/install/base_interfaces_demo/share/base_interfaces_demo/cmake/base_interfaces_demoConfig.cmake
[6.642s] -- Up-to-date: /home/cl/CLionProjects/ws01_plumbing/install/base_interfaces_demo/share/base_interfaces_demo/cmake/base_interfaces_demoConfig-version.cmake
[6.642s] -- Up-to-date: /home/cl/CLionProjects/ws01_plumbing/install/base_interfaces_demo/share/base_interfaces_demo/package.xml
[6.644s] Invoked command in '/home/cl/CLionProjects/ws01_plumbing/build/base_interfaces_demo' returned '0': CMAKE_PREFIX_PATH=${CMAKE_PREFIX_PATH}:/opt/ros/humble CONDA_PROMPT_MODIFIER=(base) /usr/bin/cmake --install /home/cl/CLionProjects/ws01_plumbing/build/base_interfaces_demo
