[0.275s] DEBUG:colcon:Command line arguments: ['/usr/bin/colcon', 'build', '--packages-select', 'cpp04_param']
[0.276s] DEBUG:colcon:Parsed command line arguments: Namespace(log_base=None, log_level=None, verb_name='build', build_base='build', install_base='install', merge_install=False, symlink_install=False, test_result_base=None, continue_on_error=False, executor='parallel', parallel_workers=8, event_handlers=None, ignore_user_meta=False, metas=['./colcon.meta'], base_paths=['.'], packages_ignore=None, packages_ignore_regex=None, paths=None, packages_up_to=None, packages_up_to_regex=None, packages_above=None, packages_above_and_dependencies=None, packages_above_depth=None, packages_select_by_dep=None, packages_skip_by_dep=None, packages_skip_up_to=None, packages_select_build_failed=False, packages_skip_build_finished=False, packages_select_test_failures=False, packages_skip_test_passed=False, packages_select=['cpp04_param'], packages_skip=None, packages_select_regex=None, packages_skip_regex=None, packages_start=None, packages_end=None, allow_overriding=[], cmake_args=None, cmake_target=None, cmake_target_skip_unavailable=False, cmake_clean_cache=False, cmake_clean_first=False, cmake_force_configure=False, ament_cmake_args=None, catkin_cmake_args=None, catkin_skip_building_tests=False, verb_parser=<colcon_defaults.argument_parser.defaults.DefaultArgumentsDecorator object at 0x79458dddba30>, verb_extension=<colcon_core.verb.build.BuildVerb object at 0x79458df8c7c0>, main=<bound method BuildVerb.main of <colcon_core.verb.build.BuildVerb object at 0x79458df8c7c0>>)
[0.710s] Level 1:colcon.colcon_core.package_discovery:discover_packages(colcon_meta) check parameters
[0.710s] Level 1:colcon.colcon_core.package_discovery:discover_packages(recursive) check parameters
[0.710s] Level 1:colcon.colcon_core.package_discovery:discover_packages(ignore) check parameters
[0.710s] Level 1:colcon.colcon_core.package_discovery:discover_packages(path) check parameters
[0.710s] Level 1:colcon.colcon_core.package_discovery:discover_packages(colcon_meta) discover
[0.710s] Level 1:colcon.colcon_core.package_discovery:discover_packages(recursive) discover
[0.710s] INFO:colcon.colcon_core.package_discovery:Crawling recursively for packages in '/home/cl/CLionProjects/ws01_plumbing'
[0.711s] Level 1:colcon.colcon_core.package_identification:_identify(.) by extensions ['ignore', 'ignore_ament_install']
[0.711s] Level 1:colcon.colcon_core.package_identification:_identify(.) by extension 'ignore'
[0.711s] Level 1:colcon.colcon_core.package_identification:_identify(.) by extension 'ignore_ament_install'
[0.712s] Level 1:colcon.colcon_core.package_identification:_identify(.) by extensions ['colcon_pkg']
[0.712s] Level 1:colcon.colcon_core.package_identification:_identify(.) by extension 'colcon_pkg'
[0.712s] Level 1:colcon.colcon_core.package_identification:_identify(.) by extensions ['colcon_meta']
[0.712s] Level 1:colcon.colcon_core.package_identification:_identify(.) by extension 'colcon_meta'
[0.712s] Level 1:colcon.colcon_core.package_identification:_identify(.) by extensions ['ros']
[0.712s] Level 1:colcon.colcon_core.package_identification:_identify(.) by extension 'ros'
[0.741s] Level 1:colcon.colcon_core.package_identification:_identify(.) by extensions ['cmake', 'python']
[0.741s] Level 1:colcon.colcon_core.package_identification:_identify(.) by extension 'cmake'
[0.742s] Level 1:colcon.colcon_core.package_identification:_identify(.) by extension 'python'
[0.742s] Level 1:colcon.colcon_core.package_identification:_identify(.) by extensions ['python_setup_py']
[0.742s] Level 1:colcon.colcon_core.package_identification:_identify(.) by extension 'python_setup_py'
[0.742s] Level 1:colcon.colcon_core.package_identification:_identify(build) by extensions ['ignore', 'ignore_ament_install']
[0.742s] Level 1:colcon.colcon_core.package_identification:_identify(build) by extension 'ignore'
[0.742s] Level 1:colcon.colcon_core.package_identification:_identify(build) ignored
[0.743s] Level 1:colcon.colcon_core.package_identification:_identify(cmake-build-debug) by extensions ['ignore', 'ignore_ament_install']
[0.743s] Level 1:colcon.colcon_core.package_identification:_identify(cmake-build-debug) by extension 'ignore'
[0.743s] Level 1:colcon.colcon_core.package_identification:_identify(cmake-build-debug) by extension 'ignore_ament_install'
[0.743s] Level 1:colcon.colcon_core.package_identification:_identify(cmake-build-debug) by extensions ['colcon_pkg']
[0.743s] Level 1:colcon.colcon_core.package_identification:_identify(cmake-build-debug) by extension 'colcon_pkg'
[0.744s] Level 1:colcon.colcon_core.package_identification:_identify(cmake-build-debug) by extensions ['colcon_meta']
[0.744s] Level 1:colcon.colcon_core.package_identification:_identify(cmake-build-debug) by extension 'colcon_meta'
[0.744s] Level 1:colcon.colcon_core.package_identification:_identify(cmake-build-debug) by extensions ['ros']
[0.744s] Level 1:colcon.colcon_core.package_identification:_identify(cmake-build-debug) by extension 'ros'
[0.744s] Level 1:colcon.colcon_core.package_identification:_identify(cmake-build-debug) by extensions ['cmake', 'python']
[0.744s] Level 1:colcon.colcon_core.package_identification:_identify(cmake-build-debug) by extension 'cmake'
[0.744s] Level 1:colcon.colcon_core.package_identification:_identify(cmake-build-debug) by extension 'python'
[0.744s] Level 1:colcon.colcon_core.package_identification:_identify(cmake-build-debug) by extensions ['python_setup_py']
[0.744s] Level 1:colcon.colcon_core.package_identification:_identify(cmake-build-debug) by extension 'python_setup_py'
[0.745s] Level 1:colcon.colcon_core.package_identification:_identify(cmake-build-debug/CMakeFiles) by extensions ['ignore', 'ignore_ament_install']
[0.745s] Level 1:colcon.colcon_core.package_identification:_identify(cmake-build-debug/CMakeFiles) by extension 'ignore'
[0.745s] Level 1:colcon.colcon_core.package_identification:_identify(cmake-build-debug/CMakeFiles) by extension 'ignore_ament_install'
[0.745s] Level 1:colcon.colcon_core.package_identification:_identify(cmake-build-debug/CMakeFiles) by extensions ['colcon_pkg']
[0.745s] Level 1:colcon.colcon_core.package_identification:_identify(cmake-build-debug/CMakeFiles) by extension 'colcon_pkg'
[0.746s] Level 1:colcon.colcon_core.package_identification:_identify(cmake-build-debug/CMakeFiles) by extensions ['colcon_meta']
[0.746s] Level 1:colcon.colcon_core.package_identification:_identify(cmake-build-debug/CMakeFiles) by extension 'colcon_meta'
[0.746s] Level 1:colcon.colcon_core.package_identification:_identify(cmake-build-debug/CMakeFiles) by extensions ['ros']
[0.746s] Level 1:colcon.colcon_core.package_identification:_identify(cmake-build-debug/CMakeFiles) by extension 'ros'
[0.746s] Level 1:colcon.colcon_core.package_identification:_identify(cmake-build-debug/CMakeFiles) by extensions ['cmake', 'python']
[0.746s] Level 1:colcon.colcon_core.package_identification:_identify(cmake-build-debug/CMakeFiles) by extension 'cmake'
[0.746s] Level 1:colcon.colcon_core.package_identification:_identify(cmake-build-debug/CMakeFiles) by extension 'python'
[0.747s] Level 1:colcon.colcon_core.package_identification:_identify(cmake-build-debug/CMakeFiles) by extensions ['python_setup_py']
[0.747s] Level 1:colcon.colcon_core.package_identification:_identify(cmake-build-debug/CMakeFiles) by extension 'python_setup_py'
[0.747s] Level 1:colcon.colcon_core.package_identification:_identify(cmake-build-debug/CMakeFiles/3.30.5) by extensions ['ignore', 'ignore_ament_install']
[0.747s] Level 1:colcon.colcon_core.package_identification:_identify(cmake-build-debug/CMakeFiles/3.30.5) by extension 'ignore'
[0.747s] Level 1:colcon.colcon_core.package_identification:_identify(cmake-build-debug/CMakeFiles/3.30.5) by extension 'ignore_ament_install'
[0.747s] Level 1:colcon.colcon_core.package_identification:_identify(cmake-build-debug/CMakeFiles/3.30.5) by extensions ['colcon_pkg']
[0.748s] Level 1:colcon.colcon_core.package_identification:_identify(cmake-build-debug/CMakeFiles/3.30.5) by extension 'colcon_pkg'
[0.748s] Level 1:colcon.colcon_core.package_identification:_identify(cmake-build-debug/CMakeFiles/3.30.5) by extensions ['colcon_meta']
[0.748s] Level 1:colcon.colcon_core.package_identification:_identify(cmake-build-debug/CMakeFiles/3.30.5) by extension 'colcon_meta'
[0.748s] Level 1:colcon.colcon_core.package_identification:_identify(cmake-build-debug/CMakeFiles/3.30.5) by extensions ['ros']
[0.748s] Level 1:colcon.colcon_core.package_identification:_identify(cmake-build-debug/CMakeFiles/3.30.5) by extension 'ros'
[0.748s] Level 1:colcon.colcon_core.package_identification:_identify(cmake-build-debug/CMakeFiles/3.30.5) by extensions ['cmake', 'python']
[0.748s] Level 1:colcon.colcon_core.package_identification:_identify(cmake-build-debug/CMakeFiles/3.30.5) by extension 'cmake'
[0.748s] Level 1:colcon.colcon_core.package_identification:_identify(cmake-build-debug/CMakeFiles/3.30.5) by extension 'python'
[0.749s] Level 1:colcon.colcon_core.package_identification:_identify(cmake-build-debug/CMakeFiles/3.30.5) by extensions ['python_setup_py']
[0.749s] Level 1:colcon.colcon_core.package_identification:_identify(cmake-build-debug/CMakeFiles/3.30.5) by extension 'python_setup_py'
[0.749s] Level 1:colcon.colcon_core.package_identification:_identify(cmake-build-debug/CMakeFiles/3.30.5/CompilerIdC) by extensions ['ignore', 'ignore_ament_install']
[0.749s] Level 1:colcon.colcon_core.package_identification:_identify(cmake-build-debug/CMakeFiles/3.30.5/CompilerIdC) by extension 'ignore'
[0.749s] Level 1:colcon.colcon_core.package_identification:_identify(cmake-build-debug/CMakeFiles/3.30.5/CompilerIdC) by extension 'ignore_ament_install'
[0.749s] Level 1:colcon.colcon_core.package_identification:_identify(cmake-build-debug/CMakeFiles/3.30.5/CompilerIdC) by extensions ['colcon_pkg']
[0.750s] Level 1:colcon.colcon_core.package_identification:_identify(cmake-build-debug/CMakeFiles/3.30.5/CompilerIdC) by extension 'colcon_pkg'
[0.750s] Level 1:colcon.colcon_core.package_identification:_identify(cmake-build-debug/CMakeFiles/3.30.5/CompilerIdC) by extensions ['colcon_meta']
[0.750s] Level 1:colcon.colcon_core.package_identification:_identify(cmake-build-debug/CMakeFiles/3.30.5/CompilerIdC) by extension 'colcon_meta'
[0.750s] Level 1:colcon.colcon_core.package_identification:_identify(cmake-build-debug/CMakeFiles/3.30.5/CompilerIdC) by extensions ['ros']
[0.750s] Level 1:colcon.colcon_core.package_identification:_identify(cmake-build-debug/CMakeFiles/3.30.5/CompilerIdC) by extension 'ros'
[0.750s] Level 1:colcon.colcon_core.package_identification:_identify(cmake-build-debug/CMakeFiles/3.30.5/CompilerIdC) by extensions ['cmake', 'python']
[0.750s] Level 1:colcon.colcon_core.package_identification:_identify(cmake-build-debug/CMakeFiles/3.30.5/CompilerIdC) by extension 'cmake'
[0.750s] Level 1:colcon.colcon_core.package_identification:_identify(cmake-build-debug/CMakeFiles/3.30.5/CompilerIdC) by extension 'python'
[0.751s] Level 1:colcon.colcon_core.package_identification:_identify(cmake-build-debug/CMakeFiles/3.30.5/CompilerIdC) by extensions ['python_setup_py']
[0.751s] Level 1:colcon.colcon_core.package_identification:_identify(cmake-build-debug/CMakeFiles/3.30.5/CompilerIdC) by extension 'python_setup_py'
[0.751s] Level 1:colcon.colcon_core.package_identification:_identify(cmake-build-debug/CMakeFiles/3.30.5/CompilerIdC/tmp) by extensions ['ignore', 'ignore_ament_install']
[0.751s] Level 1:colcon.colcon_core.package_identification:_identify(cmake-build-debug/CMakeFiles/3.30.5/CompilerIdC/tmp) by extension 'ignore'
[0.751s] Level 1:colcon.colcon_core.package_identification:_identify(cmake-build-debug/CMakeFiles/3.30.5/CompilerIdC/tmp) by extension 'ignore_ament_install'
[0.752s] Level 1:colcon.colcon_core.package_identification:_identify(cmake-build-debug/CMakeFiles/3.30.5/CompilerIdC/tmp) by extensions ['colcon_pkg']
[0.752s] Level 1:colcon.colcon_core.package_identification:_identify(cmake-build-debug/CMakeFiles/3.30.5/CompilerIdC/tmp) by extension 'colcon_pkg'
[0.752s] Level 1:colcon.colcon_core.package_identification:_identify(cmake-build-debug/CMakeFiles/3.30.5/CompilerIdC/tmp) by extensions ['colcon_meta']
[0.752s] Level 1:colcon.colcon_core.package_identification:_identify(cmake-build-debug/CMakeFiles/3.30.5/CompilerIdC/tmp) by extension 'colcon_meta'
[0.752s] Level 1:colcon.colcon_core.package_identification:_identify(cmake-build-debug/CMakeFiles/3.30.5/CompilerIdC/tmp) by extensions ['ros']
[0.752s] Level 1:colcon.colcon_core.package_identification:_identify(cmake-build-debug/CMakeFiles/3.30.5/CompilerIdC/tmp) by extension 'ros'
[0.752s] Level 1:colcon.colcon_core.package_identification:_identify(cmake-build-debug/CMakeFiles/3.30.5/CompilerIdC/tmp) by extensions ['cmake', 'python']
[0.753s] Level 1:colcon.colcon_core.package_identification:_identify(cmake-build-debug/CMakeFiles/3.30.5/CompilerIdC/tmp) by extension 'cmake'
[0.753s] Level 1:colcon.colcon_core.package_identification:_identify(cmake-build-debug/CMakeFiles/3.30.5/CompilerIdC/tmp) by extension 'python'
[0.753s] Level 1:colcon.colcon_core.package_identification:_identify(cmake-build-debug/CMakeFiles/3.30.5/CompilerIdC/tmp) by extensions ['python_setup_py']
[0.753s] Level 1:colcon.colcon_core.package_identification:_identify(cmake-build-debug/CMakeFiles/3.30.5/CompilerIdC/tmp) by extension 'python_setup_py'
[0.753s] Level 1:colcon.colcon_core.package_identification:_identify(cmake-build-debug/CMakeFiles/3.30.5/CompilerIdCXX) by extensions ['ignore', 'ignore_ament_install']
[0.753s] Level 1:colcon.colcon_core.package_identification:_identify(cmake-build-debug/CMakeFiles/3.30.5/CompilerIdCXX) by extension 'ignore'
[0.754s] Level 1:colcon.colcon_core.package_identification:_identify(cmake-build-debug/CMakeFiles/3.30.5/CompilerIdCXX) by extension 'ignore_ament_install'
[0.754s] Level 1:colcon.colcon_core.package_identification:_identify(cmake-build-debug/CMakeFiles/3.30.5/CompilerIdCXX) by extensions ['colcon_pkg']
[0.754s] Level 1:colcon.colcon_core.package_identification:_identify(cmake-build-debug/CMakeFiles/3.30.5/CompilerIdCXX) by extension 'colcon_pkg'
[0.754s] Level 1:colcon.colcon_core.package_identification:_identify(cmake-build-debug/CMakeFiles/3.30.5/CompilerIdCXX) by extensions ['colcon_meta']
[0.754s] Level 1:colcon.colcon_core.package_identification:_identify(cmake-build-debug/CMakeFiles/3.30.5/CompilerIdCXX) by extension 'colcon_meta'
[0.754s] Level 1:colcon.colcon_core.package_identification:_identify(cmake-build-debug/CMakeFiles/3.30.5/CompilerIdCXX) by extensions ['ros']
[0.754s] Level 1:colcon.colcon_core.package_identification:_identify(cmake-build-debug/CMakeFiles/3.30.5/CompilerIdCXX) by extension 'ros'
[0.755s] Level 1:colcon.colcon_core.package_identification:_identify(cmake-build-debug/CMakeFiles/3.30.5/CompilerIdCXX) by extensions ['cmake', 'python']
[0.755s] Level 1:colcon.colcon_core.package_identification:_identify(cmake-build-debug/CMakeFiles/3.30.5/CompilerIdCXX) by extension 'cmake'
[0.755s] Level 1:colcon.colcon_core.package_identification:_identify(cmake-build-debug/CMakeFiles/3.30.5/CompilerIdCXX) by extension 'python'
[0.755s] Level 1:colcon.colcon_core.package_identification:_identify(cmake-build-debug/CMakeFiles/3.30.5/CompilerIdCXX) by extensions ['python_setup_py']
[0.755s] Level 1:colcon.colcon_core.package_identification:_identify(cmake-build-debug/CMakeFiles/3.30.5/CompilerIdCXX) by extension 'python_setup_py'
[0.755s] Level 1:colcon.colcon_core.package_identification:_identify(cmake-build-debug/CMakeFiles/3.30.5/CompilerIdCXX/tmp) by extensions ['ignore', 'ignore_ament_install']
[0.756s] Level 1:colcon.colcon_core.package_identification:_identify(cmake-build-debug/CMakeFiles/3.30.5/CompilerIdCXX/tmp) by extension 'ignore'
[0.756s] Level 1:colcon.colcon_core.package_identification:_identify(cmake-build-debug/CMakeFiles/3.30.5/CompilerIdCXX/tmp) by extension 'ignore_ament_install'
[0.756s] Level 1:colcon.colcon_core.package_identification:_identify(cmake-build-debug/CMakeFiles/3.30.5/CompilerIdCXX/tmp) by extensions ['colcon_pkg']
[0.756s] Level 1:colcon.colcon_core.package_identification:_identify(cmake-build-debug/CMakeFiles/3.30.5/CompilerIdCXX/tmp) by extension 'colcon_pkg'
[0.756s] Level 1:colcon.colcon_core.package_identification:_identify(cmake-build-debug/CMakeFiles/3.30.5/CompilerIdCXX/tmp) by extensions ['colcon_meta']
[0.756s] Level 1:colcon.colcon_core.package_identification:_identify(cmake-build-debug/CMakeFiles/3.30.5/CompilerIdCXX/tmp) by extension 'colcon_meta'
[0.756s] Level 1:colcon.colcon_core.package_identification:_identify(cmake-build-debug/CMakeFiles/3.30.5/CompilerIdCXX/tmp) by extensions ['ros']
[0.756s] Level 1:colcon.colcon_core.package_identification:_identify(cmake-build-debug/CMakeFiles/3.30.5/CompilerIdCXX/tmp) by extension 'ros'
[0.757s] Level 1:colcon.colcon_core.package_identification:_identify(cmake-build-debug/CMakeFiles/3.30.5/CompilerIdCXX/tmp) by extensions ['cmake', 'python']
[0.757s] Level 1:colcon.colcon_core.package_identification:_identify(cmake-build-debug/CMakeFiles/3.30.5/CompilerIdCXX/tmp) by extension 'cmake'
[0.757s] Level 1:colcon.colcon_core.package_identification:_identify(cmake-build-debug/CMakeFiles/3.30.5/CompilerIdCXX/tmp) by extension 'python'
[0.757s] Level 1:colcon.colcon_core.package_identification:_identify(cmake-build-debug/CMakeFiles/3.30.5/CompilerIdCXX/tmp) by extensions ['python_setup_py']
[0.757s] Level 1:colcon.colcon_core.package_identification:_identify(cmake-build-debug/CMakeFiles/3.30.5/CompilerIdCXX/tmp) by extension 'python_setup_py'
[0.757s] Level 1:colcon.colcon_core.package_identification:_identify(cmake-build-debug/CMakeFiles/pkgRedirects) by extensions ['ignore', 'ignore_ament_install']
[0.758s] Level 1:colcon.colcon_core.package_identification:_identify(cmake-build-debug/CMakeFiles/pkgRedirects) by extension 'ignore'
[0.758s] Level 1:colcon.colcon_core.package_identification:_identify(cmake-build-debug/CMakeFiles/pkgRedirects) by extension 'ignore_ament_install'
[0.758s] Level 1:colcon.colcon_core.package_identification:_identify(cmake-build-debug/CMakeFiles/pkgRedirects) by extensions ['colcon_pkg']
[0.758s] Level 1:colcon.colcon_core.package_identification:_identify(cmake-build-debug/CMakeFiles/pkgRedirects) by extension 'colcon_pkg'
[0.758s] Level 1:colcon.colcon_core.package_identification:_identify(cmake-build-debug/CMakeFiles/pkgRedirects) by extensions ['colcon_meta']
[0.758s] Level 1:colcon.colcon_core.package_identification:_identify(cmake-build-debug/CMakeFiles/pkgRedirects) by extension 'colcon_meta'
[0.758s] Level 1:colcon.colcon_core.package_identification:_identify(cmake-build-debug/CMakeFiles/pkgRedirects) by extensions ['ros']
[0.759s] Level 1:colcon.colcon_core.package_identification:_identify(cmake-build-debug/CMakeFiles/pkgRedirects) by extension 'ros'
[0.759s] Level 1:colcon.colcon_core.package_identification:_identify(cmake-build-debug/CMakeFiles/pkgRedirects) by extensions ['cmake', 'python']
[0.759s] Level 1:colcon.colcon_core.package_identification:_identify(cmake-build-debug/CMakeFiles/pkgRedirects) by extension 'cmake'
[0.759s] Level 1:colcon.colcon_core.package_identification:_identify(cmake-build-debug/CMakeFiles/pkgRedirects) by extension 'python'
[0.759s] Level 1:colcon.colcon_core.package_identification:_identify(cmake-build-debug/CMakeFiles/pkgRedirects) by extensions ['python_setup_py']
[0.759s] Level 1:colcon.colcon_core.package_identification:_identify(cmake-build-debug/CMakeFiles/pkgRedirects) by extension 'python_setup_py'
[0.760s] Level 1:colcon.colcon_core.package_identification:_identify(cmake-build-debug/Testing) by extensions ['ignore', 'ignore_ament_install']
[0.760s] Level 1:colcon.colcon_core.package_identification:_identify(cmake-build-debug/Testing) by extension 'ignore'
[0.760s] Level 1:colcon.colcon_core.package_identification:_identify(cmake-build-debug/Testing) by extension 'ignore_ament_install'
[0.760s] Level 1:colcon.colcon_core.package_identification:_identify(cmake-build-debug/Testing) by extensions ['colcon_pkg']
[0.760s] Level 1:colcon.colcon_core.package_identification:_identify(cmake-build-debug/Testing) by extension 'colcon_pkg'
[0.760s] Level 1:colcon.colcon_core.package_identification:_identify(cmake-build-debug/Testing) by extensions ['colcon_meta']
[0.760s] Level 1:colcon.colcon_core.package_identification:_identify(cmake-build-debug/Testing) by extension 'colcon_meta'
[0.761s] Level 1:colcon.colcon_core.package_identification:_identify(cmake-build-debug/Testing) by extensions ['ros']
[0.761s] Level 1:colcon.colcon_core.package_identification:_identify(cmake-build-debug/Testing) by extension 'ros'
[0.761s] Level 1:colcon.colcon_core.package_identification:_identify(cmake-build-debug/Testing) by extensions ['cmake', 'python']
[0.761s] Level 1:colcon.colcon_core.package_identification:_identify(cmake-build-debug/Testing) by extension 'cmake'
[0.761s] Level 1:colcon.colcon_core.package_identification:_identify(cmake-build-debug/Testing) by extension 'python'
[0.761s] Level 1:colcon.colcon_core.package_identification:_identify(cmake-build-debug/Testing) by extensions ['python_setup_py']
[0.761s] Level 1:colcon.colcon_core.package_identification:_identify(cmake-build-debug/Testing) by extension 'python_setup_py'
[0.762s] Level 1:colcon.colcon_core.package_identification:_identify(cmake-build-debug/Testing/Temporary) by extensions ['ignore', 'ignore_ament_install']
[0.762s] Level 1:colcon.colcon_core.package_identification:_identify(cmake-build-debug/Testing/Temporary) by extension 'ignore'
[0.762s] Level 1:colcon.colcon_core.package_identification:_identify(cmake-build-debug/Testing/Temporary) by extension 'ignore_ament_install'
[0.762s] Level 1:colcon.colcon_core.package_identification:_identify(cmake-build-debug/Testing/Temporary) by extensions ['colcon_pkg']
[0.762s] Level 1:colcon.colcon_core.package_identification:_identify(cmake-build-debug/Testing/Temporary) by extension 'colcon_pkg'
[0.762s] Level 1:colcon.colcon_core.package_identification:_identify(cmake-build-debug/Testing/Temporary) by extensions ['colcon_meta']
[0.762s] Level 1:colcon.colcon_core.package_identification:_identify(cmake-build-debug/Testing/Temporary) by extension 'colcon_meta'
[0.763s] Level 1:colcon.colcon_core.package_identification:_identify(cmake-build-debug/Testing/Temporary) by extensions ['ros']
[0.763s] Level 1:colcon.colcon_core.package_identification:_identify(cmake-build-debug/Testing/Temporary) by extension 'ros'
[0.763s] Level 1:colcon.colcon_core.package_identification:_identify(cmake-build-debug/Testing/Temporary) by extensions ['cmake', 'python']
[0.763s] Level 1:colcon.colcon_core.package_identification:_identify(cmake-build-debug/Testing/Temporary) by extension 'cmake'
[0.763s] Level 1:colcon.colcon_core.package_identification:_identify(cmake-build-debug/Testing/Temporary) by extension 'python'
[0.763s] Level 1:colcon.colcon_core.package_identification:_identify(cmake-build-debug/Testing/Temporary) by extensions ['python_setup_py']
[0.763s] Level 1:colcon.colcon_core.package_identification:_identify(cmake-build-debug/Testing/Temporary) by extension 'python_setup_py'
[0.764s] Level 1:colcon.colcon_core.package_identification:_identify(cmake-build-debug/ament_cmake_environment_hooks) by extensions ['ignore', 'ignore_ament_install']
[0.764s] Level 1:colcon.colcon_core.package_identification:_identify(cmake-build-debug/ament_cmake_environment_hooks) by extension 'ignore'
[0.764s] Level 1:colcon.colcon_core.package_identification:_identify(cmake-build-debug/ament_cmake_environment_hooks) by extension 'ignore_ament_install'
[0.764s] Level 1:colcon.colcon_core.package_identification:_identify(cmake-build-debug/ament_cmake_environment_hooks) by extensions ['colcon_pkg']
[0.764s] Level 1:colcon.colcon_core.package_identification:_identify(cmake-build-debug/ament_cmake_environment_hooks) by extension 'colcon_pkg'
[0.764s] Level 1:colcon.colcon_core.package_identification:_identify(cmake-build-debug/ament_cmake_environment_hooks) by extensions ['colcon_meta']
[0.764s] Level 1:colcon.colcon_core.package_identification:_identify(cmake-build-debug/ament_cmake_environment_hooks) by extension 'colcon_meta'
[0.765s] Level 1:colcon.colcon_core.package_identification:_identify(cmake-build-debug/ament_cmake_environment_hooks) by extensions ['ros']
[0.765s] Level 1:colcon.colcon_core.package_identification:_identify(cmake-build-debug/ament_cmake_environment_hooks) by extension 'ros'
[0.765s] Level 1:colcon.colcon_core.package_identification:_identify(cmake-build-debug/ament_cmake_environment_hooks) by extensions ['cmake', 'python']
[0.765s] Level 1:colcon.colcon_core.package_identification:_identify(cmake-build-debug/ament_cmake_environment_hooks) by extension 'cmake'
[0.765s] Level 1:colcon.colcon_core.package_identification:_identify(cmake-build-debug/ament_cmake_environment_hooks) by extension 'python'
[0.765s] Level 1:colcon.colcon_core.package_identification:_identify(cmake-build-debug/ament_cmake_environment_hooks) by extensions ['python_setup_py']
[0.765s] Level 1:colcon.colcon_core.package_identification:_identify(cmake-build-debug/ament_cmake_environment_hooks) by extension 'python_setup_py'
[0.766s] Level 1:colcon.colcon_core.package_identification:_identify(cmake-build-debug/ament_cmake_index) by extensions ['ignore', 'ignore_ament_install']
[0.766s] Level 1:colcon.colcon_core.package_identification:_identify(cmake-build-debug/ament_cmake_index) by extension 'ignore'
[0.766s] Level 1:colcon.colcon_core.package_identification:_identify(cmake-build-debug/ament_cmake_index) by extension 'ignore_ament_install'
[0.766s] Level 1:colcon.colcon_core.package_identification:_identify(cmake-build-debug/ament_cmake_index) by extensions ['colcon_pkg']
[0.766s] Level 1:colcon.colcon_core.package_identification:_identify(cmake-build-debug/ament_cmake_index) by extension 'colcon_pkg'
[0.766s] Level 1:colcon.colcon_core.package_identification:_identify(cmake-build-debug/ament_cmake_index) by extensions ['colcon_meta']
[0.766s] Level 1:colcon.colcon_core.package_identification:_identify(cmake-build-debug/ament_cmake_index) by extension 'colcon_meta'
[0.767s] Level 1:colcon.colcon_core.package_identification:_identify(cmake-build-debug/ament_cmake_index) by extensions ['ros']
[0.767s] Level 1:colcon.colcon_core.package_identification:_identify(cmake-build-debug/ament_cmake_index) by extension 'ros'
[0.767s] Level 1:colcon.colcon_core.package_identification:_identify(cmake-build-debug/ament_cmake_index) by extensions ['cmake', 'python']
[0.767s] Level 1:colcon.colcon_core.package_identification:_identify(cmake-build-debug/ament_cmake_index) by extension 'cmake'
[0.767s] Level 1:colcon.colcon_core.package_identification:_identify(cmake-build-debug/ament_cmake_index) by extension 'python'
[0.767s] Level 1:colcon.colcon_core.package_identification:_identify(cmake-build-debug/ament_cmake_index) by extensions ['python_setup_py']
[0.767s] Level 1:colcon.colcon_core.package_identification:_identify(cmake-build-debug/ament_cmake_index) by extension 'python_setup_py'
[0.768s] Level 1:colcon.colcon_core.package_identification:_identify(cmake-build-debug/ament_cmake_index/share) by extensions ['ignore', 'ignore_ament_install']
[0.768s] Level 1:colcon.colcon_core.package_identification:_identify(cmake-build-debug/ament_cmake_index/share) by extension 'ignore'
[0.768s] Level 1:colcon.colcon_core.package_identification:_identify(cmake-build-debug/ament_cmake_index/share) by extension 'ignore_ament_install'
[0.768s] Level 1:colcon.colcon_core.package_identification:_identify(cmake-build-debug/ament_cmake_index/share) by extensions ['colcon_pkg']
[0.768s] Level 1:colcon.colcon_core.package_identification:_identify(cmake-build-debug/ament_cmake_index/share) by extension 'colcon_pkg'
[0.768s] Level 1:colcon.colcon_core.package_identification:_identify(cmake-build-debug/ament_cmake_index/share) by extensions ['colcon_meta']
[0.768s] Level 1:colcon.colcon_core.package_identification:_identify(cmake-build-debug/ament_cmake_index/share) by extension 'colcon_meta'
[0.769s] Level 1:colcon.colcon_core.package_identification:_identify(cmake-build-debug/ament_cmake_index/share) by extensions ['ros']
[0.769s] Level 1:colcon.colcon_core.package_identification:_identify(cmake-build-debug/ament_cmake_index/share) by extension 'ros'
[0.769s] Level 1:colcon.colcon_core.package_identification:_identify(cmake-build-debug/ament_cmake_index/share) by extensions ['cmake', 'python']
[0.769s] Level 1:colcon.colcon_core.package_identification:_identify(cmake-build-debug/ament_cmake_index/share) by extension 'cmake'
[0.769s] Level 1:colcon.colcon_core.package_identification:_identify(cmake-build-debug/ament_cmake_index/share) by extension 'python'
[0.769s] Level 1:colcon.colcon_core.package_identification:_identify(cmake-build-debug/ament_cmake_index/share) by extensions ['python_setup_py']
[0.769s] Level 1:colcon.colcon_core.package_identification:_identify(cmake-build-debug/ament_cmake_index/share) by extension 'python_setup_py'
[0.770s] Level 1:colcon.colcon_core.package_identification:_identify(cmake-build-debug/ament_cmake_index/share/ament_index) by extensions ['ignore', 'ignore_ament_install']
[0.770s] Level 1:colcon.colcon_core.package_identification:_identify(cmake-build-debug/ament_cmake_index/share/ament_index) by extension 'ignore'
[0.770s] Level 1:colcon.colcon_core.package_identification:_identify(cmake-build-debug/ament_cmake_index/share/ament_index) by extension 'ignore_ament_install'
[0.770s] Level 1:colcon.colcon_core.package_identification:_identify(cmake-build-debug/ament_cmake_index/share/ament_index) by extensions ['colcon_pkg']
[0.770s] Level 1:colcon.colcon_core.package_identification:_identify(cmake-build-debug/ament_cmake_index/share/ament_index) by extension 'colcon_pkg'
[0.770s] Level 1:colcon.colcon_core.package_identification:_identify(cmake-build-debug/ament_cmake_index/share/ament_index) by extensions ['colcon_meta']
[0.771s] Level 1:colcon.colcon_core.package_identification:_identify(cmake-build-debug/ament_cmake_index/share/ament_index) by extension 'colcon_meta'
[0.771s] Level 1:colcon.colcon_core.package_identification:_identify(cmake-build-debug/ament_cmake_index/share/ament_index) by extensions ['ros']
[0.771s] Level 1:colcon.colcon_core.package_identification:_identify(cmake-build-debug/ament_cmake_index/share/ament_index) by extension 'ros'
[0.771s] Level 1:colcon.colcon_core.package_identification:_identify(cmake-build-debug/ament_cmake_index/share/ament_index) by extensions ['cmake', 'python']
[0.771s] Level 1:colcon.colcon_core.package_identification:_identify(cmake-build-debug/ament_cmake_index/share/ament_index) by extension 'cmake'
[0.771s] Level 1:colcon.colcon_core.package_identification:_identify(cmake-build-debug/ament_cmake_index/share/ament_index) by extension 'python'
[0.771s] Level 1:colcon.colcon_core.package_identification:_identify(cmake-build-debug/ament_cmake_index/share/ament_index) by extensions ['python_setup_py']
[0.772s] Level 1:colcon.colcon_core.package_identification:_identify(cmake-build-debug/ament_cmake_index/share/ament_index) by extension 'python_setup_py'
[0.772s] Level 1:colcon.colcon_core.package_identification:_identify(cmake-build-debug/ament_cmake_index/share/ament_index/resource_index) by extensions ['ignore', 'ignore_ament_install']
[0.772s] Level 1:colcon.colcon_core.package_identification:_identify(cmake-build-debug/ament_cmake_index/share/ament_index/resource_index) by extension 'ignore'
[0.772s] Level 1:colcon.colcon_core.package_identification:_identify(cmake-build-debug/ament_cmake_index/share/ament_index/resource_index) by extension 'ignore_ament_install'
[0.772s] Level 1:colcon.colcon_core.package_identification:_identify(cmake-build-debug/ament_cmake_index/share/ament_index/resource_index) by extensions ['colcon_pkg']
[0.772s] Level 1:colcon.colcon_core.package_identification:_identify(cmake-build-debug/ament_cmake_index/share/ament_index/resource_index) by extension 'colcon_pkg'
[0.773s] Level 1:colcon.colcon_core.package_identification:_identify(cmake-build-debug/ament_cmake_index/share/ament_index/resource_index) by extensions ['colcon_meta']
[0.773s] Level 1:colcon.colcon_core.package_identification:_identify(cmake-build-debug/ament_cmake_index/share/ament_index/resource_index) by extension 'colcon_meta'
[0.773s] Level 1:colcon.colcon_core.package_identification:_identify(cmake-build-debug/ament_cmake_index/share/ament_index/resource_index) by extensions ['ros']
[0.773s] Level 1:colcon.colcon_core.package_identification:_identify(cmake-build-debug/ament_cmake_index/share/ament_index/resource_index) by extension 'ros'
[0.773s] Level 1:colcon.colcon_core.package_identification:_identify(cmake-build-debug/ament_cmake_index/share/ament_index/resource_index) by extensions ['cmake', 'python']
[0.773s] Level 1:colcon.colcon_core.package_identification:_identify(cmake-build-debug/ament_cmake_index/share/ament_index/resource_index) by extension 'cmake'
[0.773s] Level 1:colcon.colcon_core.package_identification:_identify(cmake-build-debug/ament_cmake_index/share/ament_index/resource_index) by extension 'python'
[0.774s] Level 1:colcon.colcon_core.package_identification:_identify(cmake-build-debug/ament_cmake_index/share/ament_index/resource_index) by extensions ['python_setup_py']
[0.774s] Level 1:colcon.colcon_core.package_identification:_identify(cmake-build-debug/ament_cmake_index/share/ament_index/resource_index) by extension 'python_setup_py'
[0.774s] Level 1:colcon.colcon_core.package_identification:_identify(cmake-build-debug/ament_cmake_index/share/ament_index/resource_index/package_run_dependencies) by extensions ['ignore', 'ignore_ament_install']
[0.774s] Level 1:colcon.colcon_core.package_identification:_identify(cmake-build-debug/ament_cmake_index/share/ament_index/resource_index/package_run_dependencies) by extension 'ignore'
[0.774s] Level 1:colcon.colcon_core.package_identification:_identify(cmake-build-debug/ament_cmake_index/share/ament_index/resource_index/package_run_dependencies) by extension 'ignore_ament_install'
[0.774s] Level 1:colcon.colcon_core.package_identification:_identify(cmake-build-debug/ament_cmake_index/share/ament_index/resource_index/package_run_dependencies) by extensions ['colcon_pkg']
[0.775s] Level 1:colcon.colcon_core.package_identification:_identify(cmake-build-debug/ament_cmake_index/share/ament_index/resource_index/package_run_dependencies) by extension 'colcon_pkg'
[0.775s] Level 1:colcon.colcon_core.package_identification:_identify(cmake-build-debug/ament_cmake_index/share/ament_index/resource_index/package_run_dependencies) by extensions ['colcon_meta']
[0.775s] Level 1:colcon.colcon_core.package_identification:_identify(cmake-build-debug/ament_cmake_index/share/ament_index/resource_index/package_run_dependencies) by extension 'colcon_meta'
[0.775s] Level 1:colcon.colcon_core.package_identification:_identify(cmake-build-debug/ament_cmake_index/share/ament_index/resource_index/package_run_dependencies) by extensions ['ros']
[0.775s] Level 1:colcon.colcon_core.package_identification:_identify(cmake-build-debug/ament_cmake_index/share/ament_index/resource_index/package_run_dependencies) by extension 'ros'
[0.775s] Level 1:colcon.colcon_core.package_identification:_identify(cmake-build-debug/ament_cmake_index/share/ament_index/resource_index/package_run_dependencies) by extensions ['cmake', 'python']
[0.775s] Level 1:colcon.colcon_core.package_identification:_identify(cmake-build-debug/ament_cmake_index/share/ament_index/resource_index/package_run_dependencies) by extension 'cmake'
[0.775s] Level 1:colcon.colcon_core.package_identification:_identify(cmake-build-debug/ament_cmake_index/share/ament_index/resource_index/package_run_dependencies) by extension 'python'
[0.776s] Level 1:colcon.colcon_core.package_identification:_identify(cmake-build-debug/ament_cmake_index/share/ament_index/resource_index/package_run_dependencies) by extensions ['python_setup_py']
[0.776s] Level 1:colcon.colcon_core.package_identification:_identify(cmake-build-debug/ament_cmake_index/share/ament_index/resource_index/package_run_dependencies) by extension 'python_setup_py'
[0.776s] Level 1:colcon.colcon_core.package_identification:_identify(cmake-build-debug/ament_cmake_index/share/ament_index/resource_index/packages) by extensions ['ignore', 'ignore_ament_install']
[0.776s] Level 1:colcon.colcon_core.package_identification:_identify(cmake-build-debug/ament_cmake_index/share/ament_index/resource_index/packages) by extension 'ignore'
[0.776s] Level 1:colcon.colcon_core.package_identification:_identify(cmake-build-debug/ament_cmake_index/share/ament_index/resource_index/packages) by extension 'ignore_ament_install'
[0.776s] Level 1:colcon.colcon_core.package_identification:_identify(cmake-build-debug/ament_cmake_index/share/ament_index/resource_index/packages) by extensions ['colcon_pkg']
[0.777s] Level 1:colcon.colcon_core.package_identification:_identify(cmake-build-debug/ament_cmake_index/share/ament_index/resource_index/packages) by extension 'colcon_pkg'
[0.777s] Level 1:colcon.colcon_core.package_identification:_identify(cmake-build-debug/ament_cmake_index/share/ament_index/resource_index/packages) by extensions ['colcon_meta']
[0.777s] Level 1:colcon.colcon_core.package_identification:_identify(cmake-build-debug/ament_cmake_index/share/ament_index/resource_index/packages) by extension 'colcon_meta'
[0.777s] Level 1:colcon.colcon_core.package_identification:_identify(cmake-build-debug/ament_cmake_index/share/ament_index/resource_index/packages) by extensions ['ros']
[0.777s] Level 1:colcon.colcon_core.package_identification:_identify(cmake-build-debug/ament_cmake_index/share/ament_index/resource_index/packages) by extension 'ros'
[0.777s] Level 1:colcon.colcon_core.package_identification:_identify(cmake-build-debug/ament_cmake_index/share/ament_index/resource_index/packages) by extensions ['cmake', 'python']
[0.777s] Level 1:colcon.colcon_core.package_identification:_identify(cmake-build-debug/ament_cmake_index/share/ament_index/resource_index/packages) by extension 'cmake'
[0.777s] Level 1:colcon.colcon_core.package_identification:_identify(cmake-build-debug/ament_cmake_index/share/ament_index/resource_index/packages) by extension 'python'
[0.778s] Level 1:colcon.colcon_core.package_identification:_identify(cmake-build-debug/ament_cmake_index/share/ament_index/resource_index/packages) by extensions ['python_setup_py']
[0.778s] Level 1:colcon.colcon_core.package_identification:_identify(cmake-build-debug/ament_cmake_index/share/ament_index/resource_index/packages) by extension 'python_setup_py'
[0.778s] Level 1:colcon.colcon_core.package_identification:_identify(cmake-build-debug/ament_cmake_index/share/ament_index/resource_index/parent_prefix_path) by extensions ['ignore', 'ignore_ament_install']
[0.778s] Level 1:colcon.colcon_core.package_identification:_identify(cmake-build-debug/ament_cmake_index/share/ament_index/resource_index/parent_prefix_path) by extension 'ignore'
[0.778s] Level 1:colcon.colcon_core.package_identification:_identify(cmake-build-debug/ament_cmake_index/share/ament_index/resource_index/parent_prefix_path) by extension 'ignore_ament_install'
[0.778s] Level 1:colcon.colcon_core.package_identification:_identify(cmake-build-debug/ament_cmake_index/share/ament_index/resource_index/parent_prefix_path) by extensions ['colcon_pkg']
[0.779s] Level 1:colcon.colcon_core.package_identification:_identify(cmake-build-debug/ament_cmake_index/share/ament_index/resource_index/parent_prefix_path) by extension 'colcon_pkg'
[0.779s] Level 1:colcon.colcon_core.package_identification:_identify(cmake-build-debug/ament_cmake_index/share/ament_index/resource_index/parent_prefix_path) by extensions ['colcon_meta']
[0.779s] Level 1:colcon.colcon_core.package_identification:_identify(cmake-build-debug/ament_cmake_index/share/ament_index/resource_index/parent_prefix_path) by extension 'colcon_meta'
[0.779s] Level 1:colcon.colcon_core.package_identification:_identify(cmake-build-debug/ament_cmake_index/share/ament_index/resource_index/parent_prefix_path) by extensions ['ros']
[0.779s] Level 1:colcon.colcon_core.package_identification:_identify(cmake-build-debug/ament_cmake_index/share/ament_index/resource_index/parent_prefix_path) by extension 'ros'
[0.779s] Level 1:colcon.colcon_core.package_identification:_identify(cmake-build-debug/ament_cmake_index/share/ament_index/resource_index/parent_prefix_path) by extensions ['cmake', 'python']
[0.779s] Level 1:colcon.colcon_core.package_identification:_identify(cmake-build-debug/ament_cmake_index/share/ament_index/resource_index/parent_prefix_path) by extension 'cmake'
[0.780s] Level 1:colcon.colcon_core.package_identification:_identify(cmake-build-debug/ament_cmake_index/share/ament_index/resource_index/parent_prefix_path) by extension 'python'
[0.780s] Level 1:colcon.colcon_core.package_identification:_identify(cmake-build-debug/ament_cmake_index/share/ament_index/resource_index/parent_prefix_path) by extensions ['python_setup_py']
[0.780s] Level 1:colcon.colcon_core.package_identification:_identify(cmake-build-debug/ament_cmake_index/share/ament_index/resource_index/parent_prefix_path) by extension 'python_setup_py'
[0.780s] Level 1:colcon.colcon_core.package_identification:_identify(cmake-build-debug/ament_cmake_index/share/ament_index/resource_index/rosidl_interfaces) by extensions ['ignore', 'ignore_ament_install']
[0.780s] Level 1:colcon.colcon_core.package_identification:_identify(cmake-build-debug/ament_cmake_index/share/ament_index/resource_index/rosidl_interfaces) by extension 'ignore'
[0.780s] Level 1:colcon.colcon_core.package_identification:_identify(cmake-build-debug/ament_cmake_index/share/ament_index/resource_index/rosidl_interfaces) by extension 'ignore_ament_install'
[0.781s] Level 1:colcon.colcon_core.package_identification:_identify(cmake-build-debug/ament_cmake_index/share/ament_index/resource_index/rosidl_interfaces) by extensions ['colcon_pkg']
[0.781s] Level 1:colcon.colcon_core.package_identification:_identify(cmake-build-debug/ament_cmake_index/share/ament_index/resource_index/rosidl_interfaces) by extension 'colcon_pkg'
[0.781s] Level 1:colcon.colcon_core.package_identification:_identify(cmake-build-debug/ament_cmake_index/share/ament_index/resource_index/rosidl_interfaces) by extensions ['colcon_meta']
[0.781s] Level 1:colcon.colcon_core.package_identification:_identify(cmake-build-debug/ament_cmake_index/share/ament_index/resource_index/rosidl_interfaces) by extension 'colcon_meta'
[0.781s] Level 1:colcon.colcon_core.package_identification:_identify(cmake-build-debug/ament_cmake_index/share/ament_index/resource_index/rosidl_interfaces) by extensions ['ros']
[0.781s] Level 1:colcon.colcon_core.package_identification:_identify(cmake-build-debug/ament_cmake_index/share/ament_index/resource_index/rosidl_interfaces) by extension 'ros'
[0.781s] Level 1:colcon.colcon_core.package_identification:_identify(cmake-build-debug/ament_cmake_index/share/ament_index/resource_index/rosidl_interfaces) by extensions ['cmake', 'python']
[0.781s] Level 1:colcon.colcon_core.package_identification:_identify(cmake-build-debug/ament_cmake_index/share/ament_index/resource_index/rosidl_interfaces) by extension 'cmake'
[0.782s] Level 1:colcon.colcon_core.package_identification:_identify(cmake-build-debug/ament_cmake_index/share/ament_index/resource_index/rosidl_interfaces) by extension 'python'
[0.782s] Level 1:colcon.colcon_core.package_identification:_identify(cmake-build-debug/ament_cmake_index/share/ament_index/resource_index/rosidl_interfaces) by extensions ['python_setup_py']
[0.782s] Level 1:colcon.colcon_core.package_identification:_identify(cmake-build-debug/ament_cmake_index/share/ament_index/resource_index/rosidl_interfaces) by extension 'python_setup_py'
[0.782s] Level 1:colcon.colcon_core.package_identification:_identify(cmake-build-debug/ament_cppcheck) by extensions ['ignore', 'ignore_ament_install']
[0.782s] Level 1:colcon.colcon_core.package_identification:_identify(cmake-build-debug/ament_cppcheck) by extension 'ignore'
[0.782s] Level 1:colcon.colcon_core.package_identification:_identify(cmake-build-debug/ament_cppcheck) by extension 'ignore_ament_install'
[0.783s] Level 1:colcon.colcon_core.package_identification:_identify(cmake-build-debug/ament_cppcheck) by extensions ['colcon_pkg']
[0.783s] Level 1:colcon.colcon_core.package_identification:_identify(cmake-build-debug/ament_cppcheck) by extension 'colcon_pkg'
[0.783s] Level 1:colcon.colcon_core.package_identification:_identify(cmake-build-debug/ament_cppcheck) by extensions ['colcon_meta']
[0.783s] Level 1:colcon.colcon_core.package_identification:_identify(cmake-build-debug/ament_cppcheck) by extension 'colcon_meta'
[0.783s] Level 1:colcon.colcon_core.package_identification:_identify(cmake-build-debug/ament_cppcheck) by extensions ['ros']
[0.783s] Level 1:colcon.colcon_core.package_identification:_identify(cmake-build-debug/ament_cppcheck) by extension 'ros'
[0.783s] Level 1:colcon.colcon_core.package_identification:_identify(cmake-build-debug/ament_cppcheck) by extensions ['cmake', 'python']
[0.783s] Level 1:colcon.colcon_core.package_identification:_identify(cmake-build-debug/ament_cppcheck) by extension 'cmake'
[0.784s] Level 1:colcon.colcon_core.package_identification:_identify(cmake-build-debug/ament_cppcheck) by extension 'python'
[0.784s] Level 1:colcon.colcon_core.package_identification:_identify(cmake-build-debug/ament_cppcheck) by extensions ['python_setup_py']
[0.784s] Level 1:colcon.colcon_core.package_identification:_identify(cmake-build-debug/ament_cppcheck) by extension 'python_setup_py'
[0.784s] Level 1:colcon.colcon_core.package_identification:_identify(cmake-build-debug/ament_lint_cmake) by extensions ['ignore', 'ignore_ament_install']
[0.784s] Level 1:colcon.colcon_core.package_identification:_identify(cmake-build-debug/ament_lint_cmake) by extension 'ignore'
[0.784s] Level 1:colcon.colcon_core.package_identification:_identify(cmake-build-debug/ament_lint_cmake) by extension 'ignore_ament_install'
[0.785s] Level 1:colcon.colcon_core.package_identification:_identify(cmake-build-debug/ament_lint_cmake) by extensions ['colcon_pkg']
[0.785s] Level 1:colcon.colcon_core.package_identification:_identify(cmake-build-debug/ament_lint_cmake) by extension 'colcon_pkg'
[0.785s] Level 1:colcon.colcon_core.package_identification:_identify(cmake-build-debug/ament_lint_cmake) by extensions ['colcon_meta']
[0.785s] Level 1:colcon.colcon_core.package_identification:_identify(cmake-build-debug/ament_lint_cmake) by extension 'colcon_meta'
[0.785s] Level 1:colcon.colcon_core.package_identification:_identify(cmake-build-debug/ament_lint_cmake) by extensions ['ros']
[0.785s] Level 1:colcon.colcon_core.package_identification:_identify(cmake-build-debug/ament_lint_cmake) by extension 'ros'
[0.785s] Level 1:colcon.colcon_core.package_identification:_identify(cmake-build-debug/ament_lint_cmake) by extensions ['cmake', 'python']
[0.785s] Level 1:colcon.colcon_core.package_identification:_identify(cmake-build-debug/ament_lint_cmake) by extension 'cmake'
[0.786s] Level 1:colcon.colcon_core.package_identification:_identify(cmake-build-debug/ament_lint_cmake) by extension 'python'
[0.786s] Level 1:colcon.colcon_core.package_identification:_identify(cmake-build-debug/ament_lint_cmake) by extensions ['python_setup_py']
[0.786s] Level 1:colcon.colcon_core.package_identification:_identify(cmake-build-debug/ament_lint_cmake) by extension 'python_setup_py'
[0.786s] Level 1:colcon.colcon_core.package_identification:_identify(cmake-build-debug/ament_uncrustify) by extensions ['ignore', 'ignore_ament_install']
[0.786s] Level 1:colcon.colcon_core.package_identification:_identify(cmake-build-debug/ament_uncrustify) by extension 'ignore'
[0.787s] Level 1:colcon.colcon_core.package_identification:_identify(cmake-build-debug/ament_uncrustify) by extension 'ignore_ament_install'
[0.787s] Level 1:colcon.colcon_core.package_identification:_identify(cmake-build-debug/ament_uncrustify) by extensions ['colcon_pkg']
[0.787s] Level 1:colcon.colcon_core.package_identification:_identify(cmake-build-debug/ament_uncrustify) by extension 'colcon_pkg'
[0.787s] Level 1:colcon.colcon_core.package_identification:_identify(cmake-build-debug/ament_uncrustify) by extensions ['colcon_meta']
[0.787s] Level 1:colcon.colcon_core.package_identification:_identify(cmake-build-debug/ament_uncrustify) by extension 'colcon_meta'
[0.787s] Level 1:colcon.colcon_core.package_identification:_identify(cmake-build-debug/ament_uncrustify) by extensions ['ros']
[0.787s] Level 1:colcon.colcon_core.package_identification:_identify(cmake-build-debug/ament_uncrustify) by extension 'ros'
[0.787s] Level 1:colcon.colcon_core.package_identification:_identify(cmake-build-debug/ament_uncrustify) by extensions ['cmake', 'python']
[0.787s] Level 1:colcon.colcon_core.package_identification:_identify(cmake-build-debug/ament_uncrustify) by extension 'cmake'
[0.788s] Level 1:colcon.colcon_core.package_identification:_identify(cmake-build-debug/ament_uncrustify) by extension 'python'
[0.788s] Level 1:colcon.colcon_core.package_identification:_identify(cmake-build-debug/ament_uncrustify) by extensions ['python_setup_py']
[0.788s] Level 1:colcon.colcon_core.package_identification:_identify(cmake-build-debug/ament_uncrustify) by extension 'python_setup_py'
[0.788s] Level 1:colcon.colcon_core.package_identification:_identify(cmake-build-debug/ament_xmllint) by extensions ['ignore', 'ignore_ament_install']
[0.788s] Level 1:colcon.colcon_core.package_identification:_identify(cmake-build-debug/ament_xmllint) by extension 'ignore'
[0.788s] Level 1:colcon.colcon_core.package_identification:_identify(cmake-build-debug/ament_xmllint) by extension 'ignore_ament_install'
[0.789s] Level 1:colcon.colcon_core.package_identification:_identify(cmake-build-debug/ament_xmllint) by extensions ['colcon_pkg']
[0.789s] Level 1:colcon.colcon_core.package_identification:_identify(cmake-build-debug/ament_xmllint) by extension 'colcon_pkg'
[0.789s] Level 1:colcon.colcon_core.package_identification:_identify(cmake-build-debug/ament_xmllint) by extensions ['colcon_meta']
[0.789s] Level 1:colcon.colcon_core.package_identification:_identify(cmake-build-debug/ament_xmllint) by extension 'colcon_meta'
[0.789s] Level 1:colcon.colcon_core.package_identification:_identify(cmake-build-debug/ament_xmllint) by extensions ['ros']
[0.789s] Level 1:colcon.colcon_core.package_identification:_identify(cmake-build-debug/ament_xmllint) by extension 'ros'
[0.789s] Level 1:colcon.colcon_core.package_identification:_identify(cmake-build-debug/ament_xmllint) by extensions ['cmake', 'python']
[0.790s] Level 1:colcon.colcon_core.package_identification:_identify(cmake-build-debug/ament_xmllint) by extension 'cmake'
[0.790s] Level 1:colcon.colcon_core.package_identification:_identify(cmake-build-debug/ament_xmllint) by extension 'python'
[0.790s] Level 1:colcon.colcon_core.package_identification:_identify(cmake-build-debug/ament_xmllint) by extensions ['python_setup_py']
[0.790s] Level 1:colcon.colcon_core.package_identification:_identify(cmake-build-debug/ament_xmllint) by extension 'python_setup_py'
[0.790s] Level 1:colcon.colcon_core.package_identification:_identify(cmake-build-debug/log) by extensions ['ignore', 'ignore_ament_install']
[0.790s] Level 1:colcon.colcon_core.package_identification:_identify(cmake-build-debug/log) by extension 'ignore'
[0.791s] Level 1:colcon.colcon_core.package_identification:_identify(cmake-build-debug/log) ignored
[0.791s] Level 1:colcon.colcon_core.package_identification:_identify(install) by extensions ['ignore', 'ignore_ament_install']
[0.791s] Level 1:colcon.colcon_core.package_identification:_identify(install) by extension 'ignore'
[0.791s] Level 1:colcon.colcon_core.package_identification:_identify(install) ignored
[0.792s] Level 1:colcon.colcon_core.package_identification:_identify(log) by extensions ['ignore', 'ignore_ament_install']
[0.792s] Level 1:colcon.colcon_core.package_identification:_identify(log) by extension 'ignore'
[0.792s] Level 1:colcon.colcon_core.package_identification:_identify(log) ignored
[0.792s] Level 1:colcon.colcon_core.package_identification:_identify(src) by extensions ['ignore', 'ignore_ament_install']
[0.792s] Level 1:colcon.colcon_core.package_identification:_identify(src) by extension 'ignore'
[0.793s] Level 1:colcon.colcon_core.package_identification:_identify(src) by extension 'ignore_ament_install'
[0.793s] Level 1:colcon.colcon_core.package_identification:_identify(src) by extensions ['colcon_pkg']
[0.793s] Level 1:colcon.colcon_core.package_identification:_identify(src) by extension 'colcon_pkg'
[0.793s] Level 1:colcon.colcon_core.package_identification:_identify(src) by extensions ['colcon_meta']
[0.793s] Level 1:colcon.colcon_core.package_identification:_identify(src) by extension 'colcon_meta'
[0.793s] Level 1:colcon.colcon_core.package_identification:_identify(src) by extensions ['ros']
[0.793s] Level 1:colcon.colcon_core.package_identification:_identify(src) by extension 'ros'
[0.793s] Level 1:colcon.colcon_core.package_identification:_identify(src) by extensions ['cmake', 'python']
[0.794s] Level 1:colcon.colcon_core.package_identification:_identify(src) by extension 'cmake'
[0.794s] Level 1:colcon.colcon_core.package_identification:_identify(src) by extension 'python'
[0.794s] Level 1:colcon.colcon_core.package_identification:_identify(src) by extensions ['python_setup_py']
[0.794s] Level 1:colcon.colcon_core.package_identification:_identify(src) by extension 'python_setup_py'
[0.794s] Level 1:colcon.colcon_core.package_identification:_identify(src/base_interfaces_demo) by extensions ['ignore', 'ignore_ament_install']
[0.794s] Level 1:colcon.colcon_core.package_identification:_identify(src/base_interfaces_demo) by extension 'ignore'
[0.795s] Level 1:colcon.colcon_core.package_identification:_identify(src/base_interfaces_demo) by extension 'ignore_ament_install'
[0.795s] Level 1:colcon.colcon_core.package_identification:_identify(src/base_interfaces_demo) by extensions ['colcon_pkg']
[0.795s] Level 1:colcon.colcon_core.package_identification:_identify(src/base_interfaces_demo) by extension 'colcon_pkg'
[0.795s] Level 1:colcon.colcon_core.package_identification:_identify(src/base_interfaces_demo) by extensions ['colcon_meta']
[0.795s] Level 1:colcon.colcon_core.package_identification:_identify(src/base_interfaces_demo) by extension 'colcon_meta'
[0.795s] Level 1:colcon.colcon_core.package_identification:_identify(src/base_interfaces_demo) by extensions ['ros']
[0.796s] Level 1:colcon.colcon_core.package_identification:_identify(src/base_interfaces_demo) by extension 'ros'
[0.802s] DEBUG:colcon.colcon_core.package_identification:Package 'src/base_interfaces_demo' with type 'ros.ament_cmake' and name 'base_interfaces_demo'
[0.802s] Level 1:colcon.colcon_core.package_identification:_identify(src/cpp01_topic) by extensions ['ignore', 'ignore_ament_install']
[0.803s] Level 1:colcon.colcon_core.package_identification:_identify(src/cpp01_topic) by extension 'ignore'
[0.803s] Level 1:colcon.colcon_core.package_identification:_identify(src/cpp01_topic) by extension 'ignore_ament_install'
[0.803s] Level 1:colcon.colcon_core.package_identification:_identify(src/cpp01_topic) by extensions ['colcon_pkg']
[0.803s] Level 1:colcon.colcon_core.package_identification:_identify(src/cpp01_topic) by extension 'colcon_pkg'
[0.803s] Level 1:colcon.colcon_core.package_identification:_identify(src/cpp01_topic) by extensions ['colcon_meta']
[0.803s] Level 1:colcon.colcon_core.package_identification:_identify(src/cpp01_topic) by extension 'colcon_meta'
[0.804s] Level 1:colcon.colcon_core.package_identification:_identify(src/cpp01_topic) by extensions ['ros']
[0.804s] Level 1:colcon.colcon_core.package_identification:_identify(src/cpp01_topic) by extension 'ros'
[0.806s] DEBUG:colcon.colcon_core.package_identification:Package 'src/cpp01_topic' with type 'ros.ament_cmake' and name 'cpp01_topic'
[0.806s] Level 1:colcon.colcon_core.package_identification:_identify(src/cpp02_service) by extensions ['ignore', 'ignore_ament_install']
[0.807s] Level 1:colcon.colcon_core.package_identification:_identify(src/cpp02_service) by extension 'ignore'
[0.807s] Level 1:colcon.colcon_core.package_identification:_identify(src/cpp02_service) by extension 'ignore_ament_install'
[0.807s] Level 1:colcon.colcon_core.package_identification:_identify(src/cpp02_service) by extensions ['colcon_pkg']
[0.807s] Level 1:colcon.colcon_core.package_identification:_identify(src/cpp02_service) by extension 'colcon_pkg'
[0.807s] Level 1:colcon.colcon_core.package_identification:_identify(src/cpp02_service) by extensions ['colcon_meta']
[0.807s] Level 1:colcon.colcon_core.package_identification:_identify(src/cpp02_service) by extension 'colcon_meta'
[0.807s] Level 1:colcon.colcon_core.package_identification:_identify(src/cpp02_service) by extensions ['ros']
[0.807s] Level 1:colcon.colcon_core.package_identification:_identify(src/cpp02_service) by extension 'ros'
[0.809s] DEBUG:colcon.colcon_core.package_identification:Package 'src/cpp02_service' with type 'ros.ament_cmake' and name 'cpp02_service'
[0.810s] Level 1:colcon.colcon_core.package_identification:_identify(src/cpp03_action) by extensions ['ignore', 'ignore_ament_install']
[0.810s] Level 1:colcon.colcon_core.package_identification:_identify(src/cpp03_action) by extension 'ignore'
[0.810s] Level 1:colcon.colcon_core.package_identification:_identify(src/cpp03_action) by extension 'ignore_ament_install'
[0.810s] Level 1:colcon.colcon_core.package_identification:_identify(src/cpp03_action) by extensions ['colcon_pkg']
[0.810s] Level 1:colcon.colcon_core.package_identification:_identify(src/cpp03_action) by extension 'colcon_pkg'
[0.810s] Level 1:colcon.colcon_core.package_identification:_identify(src/cpp03_action) by extensions ['colcon_meta']
[0.811s] Level 1:colcon.colcon_core.package_identification:_identify(src/cpp03_action) by extension 'colcon_meta'
[0.811s] Level 1:colcon.colcon_core.package_identification:_identify(src/cpp03_action) by extensions ['ros']
[0.811s] Level 1:colcon.colcon_core.package_identification:_identify(src/cpp03_action) by extension 'ros'
[0.813s] DEBUG:colcon.colcon_core.package_identification:Package 'src/cpp03_action' with type 'ros.ament_cmake' and name 'cpp03_action'
[0.813s] Level 1:colcon.colcon_core.package_identification:_identify(src/cpp04_param) by extensions ['ignore', 'ignore_ament_install']
[0.813s] Level 1:colcon.colcon_core.package_identification:_identify(src/cpp04_param) by extension 'ignore'
[0.813s] Level 1:colcon.colcon_core.package_identification:_identify(src/cpp04_param) by extension 'ignore_ament_install'
[0.814s] Level 1:colcon.colcon_core.package_identification:_identify(src/cpp04_param) by extensions ['colcon_pkg']
[0.814s] Level 1:colcon.colcon_core.package_identification:_identify(src/cpp04_param) by extension 'colcon_pkg'
[0.814s] Level 1:colcon.colcon_core.package_identification:_identify(src/cpp04_param) by extensions ['colcon_meta']
[0.814s] Level 1:colcon.colcon_core.package_identification:_identify(src/cpp04_param) by extension 'colcon_meta'
[0.814s] Level 1:colcon.colcon_core.package_identification:_identify(src/cpp04_param) by extensions ['ros']
[0.814s] Level 1:colcon.colcon_core.package_identification:_identify(src/cpp04_param) by extension 'ros'
[0.816s] DEBUG:colcon.colcon_core.package_identification:Package 'src/cpp04_param' with type 'ros.ament_cmake' and name 'cpp04_param'
[0.816s] Level 1:colcon.colcon_core.package_identification:_identify(src/py02_service) by extensions ['ignore', 'ignore_ament_install']
[0.817s] Level 1:colcon.colcon_core.package_identification:_identify(src/py02_service) by extension 'ignore'
[0.817s] Level 1:colcon.colcon_core.package_identification:_identify(src/py02_service) by extension 'ignore_ament_install'
[0.817s] Level 1:colcon.colcon_core.package_identification:_identify(src/py02_service) by extensions ['colcon_pkg']
[0.817s] Level 1:colcon.colcon_core.package_identification:_identify(src/py02_service) by extension 'colcon_pkg'
[0.817s] Level 1:colcon.colcon_core.package_identification:_identify(src/py02_service) by extensions ['colcon_meta']
[0.818s] Level 1:colcon.colcon_core.package_identification:_identify(src/py02_service) by extension 'colcon_meta'
[0.818s] Level 1:colcon.colcon_core.package_identification:_identify(src/py02_service) by extensions ['ros']
[0.818s] Level 1:colcon.colcon_core.package_identification:_identify(src/py02_service) by extension 'ros'
[0.820s] DEBUG:colcon.colcon_core.package_identification:Package 'src/py02_service' with type 'ros.ament_python' and name 'py02_service'
[0.820s] Level 1:colcon.colcon_core.package_identification:_identify(src/py03_action) by extensions ['ignore', 'ignore_ament_install']
[0.820s] Level 1:colcon.colcon_core.package_identification:_identify(src/py03_action) by extension 'ignore'
[0.820s] Level 1:colcon.colcon_core.package_identification:_identify(src/py03_action) by extension 'ignore_ament_install'
[0.821s] Level 1:colcon.colcon_core.package_identification:_identify(src/py03_action) by extensions ['colcon_pkg']
[0.821s] Level 1:colcon.colcon_core.package_identification:_identify(src/py03_action) by extension 'colcon_pkg'
[0.821s] Level 1:colcon.colcon_core.package_identification:_identify(src/py03_action) by extensions ['colcon_meta']
[0.821s] Level 1:colcon.colcon_core.package_identification:_identify(src/py03_action) by extension 'colcon_meta'
[0.821s] Level 1:colcon.colcon_core.package_identification:_identify(src/py03_action) by extensions ['ros']
[0.821s] Level 1:colcon.colcon_core.package_identification:_identify(src/py03_action) by extension 'ros'
[0.823s] DEBUG:colcon.colcon_core.package_identification:Package 'src/py03_action' with type 'ros.ament_python' and name 'py03_action'
[0.823s] Level 1:colcon.colcon_core.package_identification:_identify(src/py04_param) by extensions ['ignore', 'ignore_ament_install']
[0.823s] Level 1:colcon.colcon_core.package_identification:_identify(src/py04_param) by extension 'ignore'
[0.824s] Level 1:colcon.colcon_core.package_identification:_identify(src/py04_param) by extension 'ignore_ament_install'
[0.824s] Level 1:colcon.colcon_core.package_identification:_identify(src/py04_param) by extensions ['colcon_pkg']
[0.824s] Level 1:colcon.colcon_core.package_identification:_identify(src/py04_param) by extension 'colcon_pkg'
[0.824s] Level 1:colcon.colcon_core.package_identification:_identify(src/py04_param) by extensions ['colcon_meta']
[0.824s] Level 1:colcon.colcon_core.package_identification:_identify(src/py04_param) by extension 'colcon_meta'
[0.824s] Level 1:colcon.colcon_core.package_identification:_identify(src/py04_param) by extensions ['ros']
[0.824s] Level 1:colcon.colcon_core.package_identification:_identify(src/py04_param) by extension 'ros'
[0.826s] DEBUG:colcon.colcon_core.package_identification:Package 'src/py04_param' with type 'ros.ament_python' and name 'py04_param'
[0.826s] Level 1:colcon.colcon_core.package_discovery:discover_packages(recursive) using defaults
[0.826s] Level 1:colcon.colcon_core.package_discovery:discover_packages(ignore) discover
[0.826s] Level 1:colcon.colcon_core.package_discovery:discover_packages(ignore) using defaults
[0.827s] Level 1:colcon.colcon_core.package_discovery:discover_packages(path) discover
[0.827s] Level 1:colcon.colcon_core.package_discovery:discover_packages(path) using defaults
[0.884s] INFO:colcon.colcon_core.package_selection:Skipping not selected package 'base_interfaces_demo' in 'src/base_interfaces_demo'
[0.884s] INFO:colcon.colcon_core.package_selection:Skipping not selected package 'py04_param' in 'src/py04_param'
[0.884s] INFO:colcon.colcon_core.package_selection:Skipping not selected package 'cpp01_topic' in 'src/cpp01_topic'
[0.884s] INFO:colcon.colcon_core.package_selection:Skipping not selected package 'cpp02_service' in 'src/cpp02_service'
[0.885s] INFO:colcon.colcon_core.package_selection:Skipping not selected package 'cpp03_action' in 'src/cpp03_action'
[0.885s] INFO:colcon.colcon_core.package_selection:Skipping not selected package 'py02_service' in 'src/py02_service'
[0.885s] INFO:colcon.colcon_core.package_selection:Skipping not selected package 'py03_action' in 'src/py03_action'
[0.886s] Level 1:colcon.colcon_core.package_discovery:discover_packages(prefix_path) check parameters
[0.886s] Level 1:colcon.colcon_core.package_discovery:discover_packages(prefix_path) discover
[0.891s] DEBUG:colcon.colcon_installed_package_information.package_discovery:Found 3 installed packages in /home/cl/CLionProjects/ws01_plumbing/install
[0.894s] DEBUG:colcon.colcon_installed_package_information.package_discovery:Found 273 installed packages in /opt/ros/humble
[0.918s] Level 1:colcon.colcon_core.package_discovery:discover_packages(prefix_path) using defaults
[1.024s] Level 5:colcon.colcon_core.verb:set package 'cpp04_param' build argument 'cmake_args' from command line to 'None'
[1.025s] Level 5:colcon.colcon_core.verb:set package 'cpp04_param' build argument 'cmake_target' from command line to 'None'
[1.025s] Level 5:colcon.colcon_core.verb:set package 'cpp04_param' build argument 'cmake_target_skip_unavailable' from command line to 'False'
[1.025s] Level 5:colcon.colcon_core.verb:set package 'cpp04_param' build argument 'cmake_clean_cache' from command line to 'False'
[1.025s] Level 5:colcon.colcon_core.verb:set package 'cpp04_param' build argument 'cmake_clean_first' from command line to 'False'
[1.025s] Level 5:colcon.colcon_core.verb:set package 'cpp04_param' build argument 'cmake_force_configure' from command line to 'False'
[1.025s] Level 5:colcon.colcon_core.verb:set package 'cpp04_param' build argument 'ament_cmake_args' from command line to 'None'
[1.025s] Level 5:colcon.colcon_core.verb:set package 'cpp04_param' build argument 'catkin_cmake_args' from command line to 'None'
[1.025s] Level 5:colcon.colcon_core.verb:set package 'cpp04_param' build argument 'catkin_skip_building_tests' from command line to 'False'
[1.025s] DEBUG:colcon.colcon_core.verb:Building package 'cpp04_param' with the following arguments: {'ament_cmake_args': None, 'build_base': '/home/cl/CLionProjects/ws01_plumbing/build/cpp04_param', 'catkin_cmake_args': None, 'catkin_skip_building_tests': False, 'cmake_args': None, 'cmake_clean_cache': False, 'cmake_clean_first': False, 'cmake_force_configure': False, 'cmake_target': None, 'cmake_target_skip_unavailable': False, 'install_base': '/home/cl/CLionProjects/ws01_plumbing/install/cpp04_param', 'merge_install': False, 'path': '/home/cl/CLionProjects/ws01_plumbing/src/cpp04_param', 'symlink_install': False, 'test_result_base': None}
[1.026s] INFO:colcon.colcon_core.executor:Executing jobs using 'parallel' executor
[1.028s] DEBUG:colcon.colcon_parallel_executor.executor.parallel:run_until_complete
[1.029s] INFO:colcon.colcon_ros.task.ament_cmake.build:Building ROS package in '/home/cl/CLionProjects/ws01_plumbing/src/cpp04_param' with build type 'ament_cmake'
[1.029s] INFO:colcon.colcon_cmake.task.cmake.build:Building CMake package in '/home/cl/CLionProjects/ws01_plumbing/src/cpp04_param'
[1.035s] INFO:colcon.colcon_core.plugin_system:Skipping extension 'colcon_core.shell.bat': Not used on non-Windows systems
[1.036s] INFO:colcon.colcon_core.shell:Skip shell extension 'powershell' for command environment: Not usable outside of PowerShell
[1.036s] DEBUG:colcon.colcon_core.shell:Skip shell extension 'dsv' for command environment
[1.058s] DEBUG:colcon.colcon_core.event_handler.log_command:Invoking command in '/home/cl/CLionProjects/ws01_plumbing/build/cpp04_param': CMAKE_PREFIX_PATH=${CMAKE_PREFIX_PATH}:/opt/ros/humble /usr/bin/cmake --build /home/cl/CLionProjects/ws01_plumbing/build/cpp04_param -- -j8 -l8
[20.327s] DEBUG:colcon.colcon_core.event_handler.log_command:Invoked command in '/home/cl/CLionProjects/ws01_plumbing/build/cpp04_param' returned '0': CMAKE_PREFIX_PATH=${CMAKE_PREFIX_PATH}:/opt/ros/humble /usr/bin/cmake --build /home/cl/CLionProjects/ws01_plumbing/build/cpp04_param -- -j8 -l8
[20.374s] DEBUG:colcon.colcon_core.event_handler.log_command:Invoking command in '/home/cl/CLionProjects/ws01_plumbing/build/cpp04_param': CMAKE_PREFIX_PATH=${CMAKE_PREFIX_PATH}:/opt/ros/humble /usr/bin/cmake --install /home/cl/CLionProjects/ws01_plumbing/build/cpp04_param
[20.427s] Level 1:colcon.colcon_core.environment:create_environment_scripts_only(cpp04_param)
[20.429s] DEBUG:colcon.colcon_core.event_handler.log_command:Invoked command in '/home/cl/CLionProjects/ws01_plumbing/build/cpp04_param' returned '0': CMAKE_PREFIX_PATH=${CMAKE_PREFIX_PATH}:/opt/ros/humble /usr/bin/cmake --install /home/cl/CLionProjects/ws01_plumbing/build/cpp04_param
[20.443s] Level 1:colcon.colcon_core.environment:checking '/home/cl/CLionProjects/ws01_plumbing/install/cpp04_param' for CMake module files
[20.445s] Level 1:colcon.colcon_core.environment:checking '/home/cl/CLionProjects/ws01_plumbing/install/cpp04_param' for CMake config files
[20.446s] Level 1:colcon.colcon_core.shell:create_environment_hook('cpp04_param', 'cmake_prefix_path')
[20.447s] INFO:colcon.colcon_core.shell:Creating environment hook '/home/cl/CLionProjects/ws01_plumbing/install/cpp04_param/share/cpp04_param/hook/cmake_prefix_path.ps1'
[20.450s] INFO:colcon.colcon_core.shell:Creating environment descriptor '/home/cl/CLionProjects/ws01_plumbing/install/cpp04_param/share/cpp04_param/hook/cmake_prefix_path.dsv'
[20.452s] INFO:colcon.colcon_core.shell:Creating environment hook '/home/cl/CLionProjects/ws01_plumbing/install/cpp04_param/share/cpp04_param/hook/cmake_prefix_path.sh'
[20.455s] Level 1:colcon.colcon_core.environment:checking '/home/cl/CLionProjects/ws01_plumbing/install/cpp04_param/lib'
[20.456s] Level 1:colcon.colcon_core.environment:checking '/home/cl/CLionProjects/ws01_plumbing/install/cpp04_param/bin'
[20.456s] Level 1:colcon.colcon_core.environment:checking '/home/cl/CLionProjects/ws01_plumbing/install/cpp04_param/lib/pkgconfig/cpp04_param.pc'
[20.458s] Level 1:colcon.colcon_core.environment:checking '/home/cl/CLionProjects/ws01_plumbing/install/cpp04_param/lib/python3.10/site-packages'
[20.459s] Level 1:colcon.colcon_core.environment:checking '/home/cl/CLionProjects/ws01_plumbing/install/cpp04_param/bin'
[20.460s] INFO:colcon.colcon_core.shell:Creating package script '/home/cl/CLionProjects/ws01_plumbing/install/cpp04_param/share/cpp04_param/package.ps1'
[20.463s] INFO:colcon.colcon_core.shell:Creating package descriptor '/home/cl/CLionProjects/ws01_plumbing/install/cpp04_param/share/cpp04_param/package.dsv'
[20.466s] INFO:colcon.colcon_core.shell:Creating package script '/home/cl/CLionProjects/ws01_plumbing/install/cpp04_param/share/cpp04_param/package.sh'
[20.469s] INFO:colcon.colcon_core.shell:Creating package script '/home/cl/CLionProjects/ws01_plumbing/install/cpp04_param/share/cpp04_param/package.bash'
[20.472s] INFO:colcon.colcon_core.shell:Creating package script '/home/cl/CLionProjects/ws01_plumbing/install/cpp04_param/share/cpp04_param/package.zsh'
[20.474s] Level 1:colcon.colcon_core.environment:create_file_with_runtime_dependencies(/home/cl/CLionProjects/ws01_plumbing/install/cpp04_param/share/colcon-core/packages/cpp04_param)
[20.477s] Level 1:colcon.colcon_core.environment:create_environment_scripts_only(cpp04_param)
[20.478s] Level 1:colcon.colcon_core.environment:checking '/home/cl/CLionProjects/ws01_plumbing/install/cpp04_param' for CMake module files
[20.480s] Level 1:colcon.colcon_core.environment:checking '/home/cl/CLionProjects/ws01_plumbing/install/cpp04_param' for CMake config files
[20.481s] Level 1:colcon.colcon_core.shell:create_environment_hook('cpp04_param', 'cmake_prefix_path')
[20.482s] INFO:colcon.colcon_core.shell:Creating environment hook '/home/cl/CLionProjects/ws01_plumbing/install/cpp04_param/share/cpp04_param/hook/cmake_prefix_path.ps1'
[20.484s] INFO:colcon.colcon_core.shell:Creating environment descriptor '/home/cl/CLionProjects/ws01_plumbing/install/cpp04_param/share/cpp04_param/hook/cmake_prefix_path.dsv'
[20.485s] INFO:colcon.colcon_core.shell:Creating environment hook '/home/cl/CLionProjects/ws01_plumbing/install/cpp04_param/share/cpp04_param/hook/cmake_prefix_path.sh'
[20.489s] Level 1:colcon.colcon_core.environment:checking '/home/cl/CLionProjects/ws01_plumbing/install/cpp04_param/lib'
[20.489s] Level 1:colcon.colcon_core.environment:checking '/home/cl/CLionProjects/ws01_plumbing/install/cpp04_param/bin'
[20.489s] Level 1:colcon.colcon_core.environment:checking '/home/cl/CLionProjects/ws01_plumbing/install/cpp04_param/lib/pkgconfig/cpp04_param.pc'
[20.490s] Level 1:colcon.colcon_core.environment:checking '/home/cl/CLionProjects/ws01_plumbing/install/cpp04_param/lib/python3.10/site-packages'
[20.491s] Level 1:colcon.colcon_core.environment:checking '/home/cl/CLionProjects/ws01_plumbing/install/cpp04_param/bin'
[20.493s] INFO:colcon.colcon_core.shell:Creating package script '/home/cl/CLionProjects/ws01_plumbing/install/cpp04_param/share/cpp04_param/package.ps1'
[20.495s] INFO:colcon.colcon_core.shell:Creating package descriptor '/home/cl/CLionProjects/ws01_plumbing/install/cpp04_param/share/cpp04_param/package.dsv'
[20.497s] INFO:colcon.colcon_core.shell:Creating package script '/home/cl/CLionProjects/ws01_plumbing/install/cpp04_param/share/cpp04_param/package.sh'
[20.499s] INFO:colcon.colcon_core.shell:Creating package script '/home/cl/CLionProjects/ws01_plumbing/install/cpp04_param/share/cpp04_param/package.bash'
[20.501s] INFO:colcon.colcon_core.shell:Creating package script '/home/cl/CLionProjects/ws01_plumbing/install/cpp04_param/share/cpp04_param/package.zsh'
[20.502s] Level 1:colcon.colcon_core.environment:create_file_with_runtime_dependencies(/home/cl/CLionProjects/ws01_plumbing/install/cpp04_param/share/colcon-core/packages/cpp04_param)
[20.504s] DEBUG:colcon.colcon_parallel_executor.executor.parallel:closing loop
[20.505s] DEBUG:colcon.colcon_parallel_executor.executor.parallel:loop closed
[20.505s] DEBUG:colcon.colcon_parallel_executor.executor.parallel:run_until_complete finished with '0'
[20.506s] DEBUG:colcon.colcon_core.event_reactor:joining thread
[20.527s] INFO:colcon.colcon_core.plugin_system:Skipping extension 'colcon_notification.desktop_notification.terminal_notifier': Not used on non-Darwin systems
[20.528s] INFO:colcon.colcon_core.plugin_system:Skipping extension 'colcon_notification.desktop_notification.win32': Not used on non-Windows systems
[20.528s] INFO:colcon.colcon_notification.desktop_notification:Sending desktop notification using 'notify2'
[20.559s] DEBUG:colcon.colcon_core.event_reactor:joined thread
[20.560s] INFO:colcon.colcon_core.shell:Creating prefix script '/home/cl/CLionProjects/ws01_plumbing/install/local_setup.ps1'
[20.564s] INFO:colcon.colcon_core.shell:Creating prefix util module '/home/cl/CLionProjects/ws01_plumbing/install/_local_setup_util_ps1.py'
[20.570s] INFO:colcon.colcon_core.shell:Creating prefix chain script '/home/cl/CLionProjects/ws01_plumbing/install/setup.ps1'
[20.574s] INFO:colcon.colcon_core.shell:Creating prefix script '/home/cl/CLionProjects/ws01_plumbing/install/local_setup.sh'
[20.576s] INFO:colcon.colcon_core.shell:Creating prefix util module '/home/cl/CLionProjects/ws01_plumbing/install/_local_setup_util_sh.py'
[20.579s] INFO:colcon.colcon_core.shell:Creating prefix chain script '/home/cl/CLionProjects/ws01_plumbing/install/setup.sh'
[20.583s] INFO:colcon.colcon_core.shell:Creating prefix script '/home/cl/CLionProjects/ws01_plumbing/install/local_setup.bash'
[20.585s] INFO:colcon.colcon_core.shell:Creating prefix chain script '/home/cl/CLionProjects/ws01_plumbing/install/setup.bash'
[20.589s] INFO:colcon.colcon_core.shell:Creating prefix script '/home/cl/CLionProjects/ws01_plumbing/install/local_setup.zsh'
[20.591s] INFO:colcon.colcon_core.shell:Creating prefix chain script '/home/cl/CLionProjects/ws01_plumbing/install/setup.zsh'
