[0.015s] Invoking command in '/home/cl/CLionProjects/ws01_plumbing/build/cpp03_action': AMENT_PREFIX_PATH=/home/cl/CLionProjects/ws01_plumbing/install/base_interfaces_demo:${AMENT_PREFIX_PATH} CMAKE_PREFIX_PATH=/home/cl/CLionProjects/ws01_plumbing/install/base_interfaces_demo:/opt/ros/humble LD_LIBRARY_PATH=/home/cl/CLionProjects/ws01_plumbing/install/base_interfaces_demo/lib:${LD_LIBRARY_PATH} PYTHONPATH=/home/cl/CLionProjects/ws01_plumbing/install/base_interfaces_demo/local/lib/python3.10/dist-packages:${PYTHONPATH} /usr/bin/cmake /home/cl/CLionProjects/ws01_plumbing/src/cpp03_action -DCMAKE_INSTALL_PREFIX=/home/cl/CLionProjects/ws01_plumbing/install/cpp03_action
[0.066s] -- The C compiler identification is GNU 11.4.0
[0.123s] -- The CXX compiler identification is GNU 11.4.0
[0.131s] -- Detecting C compiler ABI info
[0.190s] -- Detecting C compiler ABI info - done
[0.197s] -- Check for working C compiler: /usr/bin/cc - skipped
[0.197s] -- Detecting C compile features
[0.198s] -- Detecting C compile features - done
[0.201s] -- Detecting CXX compiler ABI info
[0.278s] -- Detecting CXX compiler ABI info - done
[0.288s] -- Check for working CXX compiler: /usr/bin/c++ - skipped
[0.288s] -- Detecting CXX compile features
[0.289s] -- Detecting CXX compile features - done
[0.292s] -- Found ament_cmake: 1.3.11 (/opt/ros/humble/share/ament_cmake/cmake)
[0.448s] -- Found Python3: /usr/bin/python3 (found version "3.10.12") found components: Interpreter 
[0.537s] -- Found rclcpp: 16.0.11 (/opt/ros/humble/share/rclcpp/cmake)
[0.593s] -- Found rosidl_generator_c: 3.1.6 (/opt/ros/humble/share/rosidl_generator_c/cmake)
[0.600s] -- Found rosidl_adapter: 3.1.6 (/opt/ros/humble/share/rosidl_adapter/cmake)
[0.616s] -- Found rosidl_generator_cpp: 3.1.6 (/opt/ros/humble/share/rosidl_generator_cpp/cmake)
[0.639s] -- Using all available rosidl_typesupport_c: rosidl_typesupport_fastrtps_c;rosidl_typesupport_introspection_c
[0.668s] -- Using all available rosidl_typesupport_cpp: rosidl_typesupport_fastrtps_cpp;rosidl_typesupport_introspection_cpp
[0.740s] -- Found rmw_implementation_cmake: 6.1.2 (/opt/ros/humble/share/rmw_implementation_cmake/cmake)
[0.744s] -- Found rmw_fastrtps_cpp: 6.2.7 (/opt/ros/humble/share/rmw_fastrtps_cpp/cmake)
[0.853s] -- Found OpenSSL: /usr/lib/x86_64-linux-gnu/libcrypto.so (found version "3.0.2")  
[0.882s] -- Found FastRTPS: /opt/ros/humble/include  
[0.938s] -- Using RMW implementation 'rmw_fastrtps_cpp' as default
[0.960s] -- Looking for pthread.h
[1.040s] -- Looking for pthread.h - found
[1.041s] -- Performing Test CMAKE_HAVE_LIBC_PTHREAD
[1.121s] -- Performing Test CMAKE_HAVE_LIBC_PTHREAD - Success
[1.122s] -- Found Threads: TRUE  
[1.205s] -- Found rclcpp_action: 16.0.11 (/opt/ros/humble/share/rclcpp_action/cmake)
[1.265s] -- Found base_interfaces_demo: 0.0.0 (/home/cl/CLionProjects/ws01_plumbing/install/base_interfaces_demo/share/base_interfaces_demo/cmake)
[1.294s] -- Found ament_lint_auto: 0.12.11 (/opt/ros/humble/share/ament_lint_auto/cmake)
[1.392s] -- Added test 'cppcheck' to perform static code analysis on C / C++ code
[1.392s] -- Configured cppcheck include dirs: $<BUILD_INTERFACE:/home/cl/CLionProjects/ws01_plumbing/src/cpp03_action/include>
[1.392s] -- Configured cppcheck exclude dirs and/or files: 
[1.392s] -- Added test 'lint_cmake' to check CMake code style
[1.394s] -- Added test 'uncrustify' to check C / C++ code style
[1.394s] -- Configured uncrustify additional arguments: 
[1.394s] -- Added test 'xmllint' to check XML markup files
[1.396s] -- Configuring done
[1.413s] -- Generating done
[1.421s] -- Build files have been written to: /home/cl/CLionProjects/ws01_plumbing/build/cpp03_action
[1.431s] Invoked command in '/home/cl/CLionProjects/ws01_plumbing/build/cpp03_action' returned '0': AMENT_PREFIX_PATH=/home/cl/CLionProjects/ws01_plumbing/install/base_interfaces_demo:${AMENT_PREFIX_PATH} CMAKE_PREFIX_PATH=/home/cl/CLionProjects/ws01_plumbing/install/base_interfaces_demo:/opt/ros/humble LD_LIBRARY_PATH=/home/cl/CLionProjects/ws01_plumbing/install/base_interfaces_demo/lib:${LD_LIBRARY_PATH} PYTHONPATH=/home/cl/CLionProjects/ws01_plumbing/install/base_interfaces_demo/local/lib/python3.10/dist-packages:${PYTHONPATH} /usr/bin/cmake /home/cl/CLionProjects/ws01_plumbing/src/cpp03_action -DCMAKE_INSTALL_PREFIX=/home/cl/CLionProjects/ws01_plumbing/install/cpp03_action
[1.433s] Invoking command in '/home/cl/CLionProjects/ws01_plumbing/build/cpp03_action': AMENT_PREFIX_PATH=/home/cl/CLionProjects/ws01_plumbing/install/base_interfaces_demo:${AMENT_PREFIX_PATH} CMAKE_PREFIX_PATH=/home/cl/CLionProjects/ws01_plumbing/install/base_interfaces_demo:/opt/ros/humble LD_LIBRARY_PATH=/home/cl/CLionProjects/ws01_plumbing/install/base_interfaces_demo/lib:${LD_LIBRARY_PATH} PYTHONPATH=/home/cl/CLionProjects/ws01_plumbing/install/base_interfaces_demo/local/lib/python3.10/dist-packages:${PYTHONPATH} /usr/bin/cmake --build /home/cl/CLionProjects/ws01_plumbing/build/cpp03_action -- -j8 -l8
[1.482s] [ 50%] [32mBuilding CXX object CMakeFiles/demo02_action_client.dir/src/demo02_action_client.cpp.o[0m
[1.482s] [ 50%] [32mBuilding CXX object CMakeFiles/demo01_action_server.dir/src/demo01_action_server.cpp.o[0m
[6.453s] [ 75%] [32m[1mLinking CXX executable demo02_action_client[0m
[6.689s] [ 75%] Built target demo02_action_client
[7.923s] [100%] [32m[1mLinking CXX executable demo01_action_server[0m
[8.131s] [100%] Built target demo01_action_server
[8.144s] Invoked command in '/home/cl/CLionProjects/ws01_plumbing/build/cpp03_action' returned '0': AMENT_PREFIX_PATH=/home/cl/CLionProjects/ws01_plumbing/install/base_interfaces_demo:${AMENT_PREFIX_PATH} CMAKE_PREFIX_PATH=/home/cl/CLionProjects/ws01_plumbing/install/base_interfaces_demo:/opt/ros/humble LD_LIBRARY_PATH=/home/cl/CLionProjects/ws01_plumbing/install/base_interfaces_demo/lib:${LD_LIBRARY_PATH} PYTHONPATH=/home/cl/CLionProjects/ws01_plumbing/install/base_interfaces_demo/local/lib/python3.10/dist-packages:${PYTHONPATH} /usr/bin/cmake --build /home/cl/CLionProjects/ws01_plumbing/build/cpp03_action -- -j8 -l8
[8.154s] Invoking command in '/home/cl/CLionProjects/ws01_plumbing/build/cpp03_action': AMENT_PREFIX_PATH=/home/cl/CLionProjects/ws01_plumbing/install/base_interfaces_demo:${AMENT_PREFIX_PATH} CMAKE_PREFIX_PATH=/home/cl/CLionProjects/ws01_plumbing/install/base_interfaces_demo:/opt/ros/humble LD_LIBRARY_PATH=/home/cl/CLionProjects/ws01_plumbing/install/base_interfaces_demo/lib:${LD_LIBRARY_PATH} PYTHONPATH=/home/cl/CLionProjects/ws01_plumbing/install/base_interfaces_demo/local/lib/python3.10/dist-packages:${PYTHONPATH} /usr/bin/cmake --install /home/cl/CLionProjects/ws01_plumbing/build/cpp03_action
[8.162s] -- Install configuration: ""
[8.162s] -- Installing: /home/cl/CLionProjects/ws01_plumbing/install/cpp03_action/lib/cpp03_action/demo01_action_server
[8.164s] -- Set runtime path of "/home/cl/CLionProjects/ws01_plumbing/install/cpp03_action/lib/cpp03_action/demo01_action_server" to ""
[8.164s] -- Installing: /home/cl/CLionProjects/ws01_plumbing/install/cpp03_action/lib/cpp03_action/demo02_action_client
[8.164s] -- Set runtime path of "/home/cl/CLionProjects/ws01_plumbing/install/cpp03_action/lib/cpp03_action/demo02_action_client" to ""
[8.164s] -- Installing: /home/cl/CLionProjects/ws01_plumbing/install/cpp03_action/share/ament_index/resource_index/package_run_dependencies/cpp03_action
[8.165s] -- Installing: /home/cl/CLionProjects/ws01_plumbing/install/cpp03_action/share/ament_index/resource_index/parent_prefix_path/cpp03_action
[8.165s] -- Installing: /home/cl/CLionProjects/ws01_plumbing/install/cpp03_action/share/cpp03_action/environment/ament_prefix_path.sh
[8.165s] -- Installing: /home/cl/CLionProjects/ws01_plumbing/install/cpp03_action/share/cpp03_action/environment/ament_prefix_path.dsv
[8.165s] -- Installing: /home/cl/CLionProjects/ws01_plumbing/install/cpp03_action/share/cpp03_action/environment/path.sh
[8.166s] -- Installing: /home/cl/CLionProjects/ws01_plumbing/install/cpp03_action/share/cpp03_action/environment/path.dsv
[8.166s] -- Installing: /home/cl/CLionProjects/ws01_plumbing/install/cpp03_action/share/cpp03_action/local_setup.bash
[8.166s] -- Installing: /home/cl/CLionProjects/ws01_plumbing/install/cpp03_action/share/cpp03_action/local_setup.sh
[8.166s] -- Installing: /home/cl/CLionProjects/ws01_plumbing/install/cpp03_action/share/cpp03_action/local_setup.zsh
[8.166s] -- Installing: /home/cl/CLionProjects/ws01_plumbing/install/cpp03_action/share/cpp03_action/local_setup.dsv
[8.166s] -- Installing: /home/cl/CLionProjects/ws01_plumbing/install/cpp03_action/share/cpp03_action/package.dsv
[8.167s] -- Installing: /home/cl/CLionProjects/ws01_plumbing/install/cpp03_action/share/ament_index/resource_index/packages/cpp03_action
[8.167s] -- Installing: /home/cl/CLionProjects/ws01_plumbing/install/cpp03_action/share/cpp03_action/cmake/cpp03_actionConfig.cmake
[8.167s] -- Installing: /home/cl/CLionProjects/ws01_plumbing/install/cpp03_action/share/cpp03_action/cmake/cpp03_actionConfig-version.cmake
[8.167s] -- Installing: /home/cl/CLionProjects/ws01_plumbing/install/cpp03_action/share/cpp03_action/package.xml
[8.169s] Invoked command in '/home/cl/CLionProjects/ws01_plumbing/build/cpp03_action' returned '0': AMENT_PREFIX_PATH=/home/cl/CLionProjects/ws01_plumbing/install/base_interfaces_demo:${AMENT_PREFIX_PATH} CMAKE_PREFIX_PATH=/home/cl/CLionProjects/ws01_plumbing/install/base_interfaces_demo:/opt/ros/humble LD_LIBRARY_PATH=/home/cl/CLionProjects/ws01_plumbing/install/base_interfaces_demo/lib:${LD_LIBRARY_PATH} PYTHONPATH=/home/cl/CLionProjects/ws01_plumbing/install/base_interfaces_demo/local/lib/python3.10/dist-packages:${PYTHONPATH} /usr/bin/cmake --install /home/cl/CLionProjects/ws01_plumbing/build/cpp03_action
