[0.009s] Invoking command in '/home/cl/CLionProjects/ws01_plumbing/build/cpp06_time': CMAKE_PREFIX_PATH=${CMAKE_PREFIX_PATH}:/home/cl/CLionProjects/ws01_plumbing/install/py05_names:/opt/ros/humble CONDA_PROMPT_MODIFIER=(base) /usr/bin/cmake --build /home/cl/CLionProjects/ws01_plumbing/build/cpp06_time -- -j8 -l8
[0.036s] [35m[1mConsolidate compiler generated dependencies of target demo01_time[0m
[0.047s] [100%] Built target demo01_time
[0.055s] Invoked command in '/home/cl/CLionProjects/ws01_plumbing/build/cpp06_time' returned '0': CMAKE_PREFIX_PATH=${CMAKE_PREFIX_PATH}:/home/cl/CLionProjects/ws01_plumbing/install/py05_names:/opt/ros/humble CONDA_PROMPT_MODIFIER=(base) /usr/bin/cmake --build /home/cl/CLionProjects/ws01_plumbing/build/cpp06_time -- -j8 -l8
[0.062s] Invoking command in '/home/cl/CLionProjects/ws01_plumbing/build/cpp06_time': CMAKE_PREFIX_PATH=${CMAKE_PREFIX_PATH}:/home/cl/CLionProjects/ws01_plumbing/install/py05_names:/opt/ros/humble CONDA_PROMPT_MODIFIER=(base) /usr/bin/cmake --install /home/cl/CLionProjects/ws01_plumbing/build/cpp06_time
[0.067s] -- Install configuration: ""
[0.067s] -- Up-to-date: /home/cl/CLionProjects/ws01_plumbing/install/cpp06_time/lib/cpp06_time/demo01_time
[0.067s] -- Up-to-date: /home/cl/CLionProjects/ws01_plumbing/install/cpp06_time/share/ament_index/resource_index/package_run_dependencies/cpp06_time
[0.067s] -- Up-to-date: /home/cl/CLionProjects/ws01_plumbing/install/cpp06_time/share/ament_index/resource_index/parent_prefix_path/cpp06_time
[0.067s] -- Up-to-date: /home/cl/CLionProjects/ws01_plumbing/install/cpp06_time/share/cpp06_time/environment/ament_prefix_path.sh
[0.067s] -- Up-to-date: /home/cl/CLionProjects/ws01_plumbing/install/cpp06_time/share/cpp06_time/environment/ament_prefix_path.dsv
[0.067s] -- Up-to-date: /home/cl/CLionProjects/ws01_plumbing/install/cpp06_time/share/cpp06_time/environment/path.sh
[0.067s] -- Up-to-date: /home/cl/CLionProjects/ws01_plumbing/install/cpp06_time/share/cpp06_time/environment/path.dsv
[0.068s] -- Up-to-date: /home/cl/CLionProjects/ws01_plumbing/install/cpp06_time/share/cpp06_time/local_setup.bash
[0.068s] -- Up-to-date: /home/cl/CLionProjects/ws01_plumbing/install/cpp06_time/share/cpp06_time/local_setup.sh
[0.068s] -- Up-to-date: /home/cl/CLionProjects/ws01_plumbing/install/cpp06_time/share/cpp06_time/local_setup.zsh
[0.068s] -- Up-to-date: /home/cl/CLionProjects/ws01_plumbing/install/cpp06_time/share/cpp06_time/local_setup.dsv
[0.068s] -- Installing: /home/cl/CLionProjects/ws01_plumbing/install/cpp06_time/share/cpp06_time/package.dsv
[0.068s] -- Up-to-date: /home/cl/CLionProjects/ws01_plumbing/install/cpp06_time/share/ament_index/resource_index/packages/cpp06_time
[0.068s] -- Up-to-date: /home/cl/CLionProjects/ws01_plumbing/install/cpp06_time/share/cpp06_time/cmake/cpp06_timeConfig.cmake
[0.068s] -- Up-to-date: /home/cl/CLionProjects/ws01_plumbing/install/cpp06_time/share/cpp06_time/cmake/cpp06_timeConfig-version.cmake
[0.068s] -- Up-to-date: /home/cl/CLionProjects/ws01_plumbing/install/cpp06_time/share/cpp06_time/package.xml
[0.069s] Invoked command in '/home/cl/CLionProjects/ws01_plumbing/build/cpp06_time' returned '0': CMAKE_PREFIX_PATH=${CMAKE_PREFIX_PATH}:/home/cl/CLionProjects/ws01_plumbing/install/py05_names:/opt/ros/humble CONDA_PROMPT_MODIFIER=(base) /usr/bin/cmake --install /home/cl/CLionProjects/ws01_plumbing/build/cpp06_time
