[0.009s] Invoking command in '/home/cl/CLionProjects/ws01_plumbing/build/cpp05_names': CMAKE_PREFIX_PATH=/opt/ros/humble CONDA_PROMPT_MODIFIER=(base) /usr/bin/cmake --build /home/cl/CLionProjects/ws01_plumbing/build/cpp05_names -- -j8 -l8
[0.047s] -- Found ament_cmake: 1.3.11 (/opt/ros/humble/share/ament_cmake/cmake)
[0.158s] -- Found rclcpp: 16.0.11 (/opt/ros/humble/share/rclcpp/cmake)
[0.179s] -- Found rosidl_generator_c: 3.1.6 (/opt/ros/humble/share/rosidl_generator_c/cmake)
[0.181s] -- Found rosidl_adapter: 3.1.6 (/opt/ros/humble/share/rosidl_adapter/cmake)
[0.186s] -- Found rosidl_generator_cpp: 3.1.6 (/opt/ros/humble/share/rosidl_generator_cpp/cmake)
[0.194s] -- Using all available rosidl_typesupport_c: rosidl_typesupport_fastrtps_c;rosidl_typesupport_introspection_c
[0.204s] -- Using all available rosidl_typesupport_cpp: rosidl_typesupport_fastrtps_cpp;rosidl_typesupport_introspection_cpp
[0.230s] -- Found rmw_implementation_cmake: 6.1.2 (/opt/ros/humble/share/rmw_implementation_cmake/cmake)
[0.231s] -- Found rmw_fastrtps_cpp: 6.2.7 (/opt/ros/humble/share/rmw_fastrtps_cpp/cmake)
[0.305s] -- Using RMW implementation 'rmw_fastrtps_cpp' as default
[0.349s] -- Found ament_lint_auto: 0.12.11 (/opt/ros/humble/share/ament_lint_auto/cmake)
[0.424s] -- Added test 'cppcheck' to perform static code analysis on C / C++ code
[0.424s] -- Configured cppcheck include dirs: $<BUILD_INTERFACE:/home/cl/CLionProjects/ws01_plumbing/src/cpp05_names/include>
[0.424s] -- Configured cppcheck exclude dirs and/or files: 
[0.424s] -- Added test 'flake8' to check Python code syntax and style conventions
[0.424s] -- Added test 'lint_cmake' to check CMake code style
[0.425s] -- Added test 'pep257' to check Python code against some of the docstring style conventions in PEP 257
[0.425s] -- Added test 'uncrustify' to check C / C++ code style
[0.425s] -- Configured uncrustify additional arguments: 
[0.426s] -- Added test 'xmllint' to check XML markup files
[0.426s] -- Configuring done
[0.434s] -- Generating done
[0.437s] -- Build files have been written to: /home/cl/CLionProjects/ws01_plumbing/build/cpp05_names
[0.457s] [35m[1mConsolidate compiler generated dependencies of target demo01_names[0m
[0.470s] [ 50%] [32mBuilding CXX object CMakeFiles/demo01_names.dir/src/demo01_names.cpp.o[0m
[3.666s] [100%] [32m[1mLinking CXX executable demo01_names[0m
[3.822s] [100%] Built target demo01_names
[3.830s] Invoked command in '/home/cl/CLionProjects/ws01_plumbing/build/cpp05_names' returned '0': CMAKE_PREFIX_PATH=/opt/ros/humble CONDA_PROMPT_MODIFIER=(base) /usr/bin/cmake --build /home/cl/CLionProjects/ws01_plumbing/build/cpp05_names -- -j8 -l8
[3.837s] Invoking command in '/home/cl/CLionProjects/ws01_plumbing/build/cpp05_names': CMAKE_PREFIX_PATH=/opt/ros/humble CONDA_PROMPT_MODIFIER=(base) /usr/bin/cmake --install /home/cl/CLionProjects/ws01_plumbing/build/cpp05_names
[3.842s] -- Install configuration: ""
[3.842s] -- Installing: /home/cl/CLionProjects/ws01_plumbing/install/cpp05_names/lib/cpp05_names/demo01_names
[3.843s] -- Set runtime path of "/home/cl/CLionProjects/ws01_plumbing/install/cpp05_names/lib/cpp05_names/demo01_names" to ""
[3.843s] -- Up-to-date: /home/cl/CLionProjects/ws01_plumbing/install/cpp05_names/share/cpp05_names/launch
[3.843s] -- Up-to-date: /home/cl/CLionProjects/ws01_plumbing/install/cpp05_names/share/cpp05_names/launch/demo03_names_launch.yaml
[3.843s] -- Up-to-date: /home/cl/CLionProjects/ws01_plumbing/install/cpp05_names/share/cpp05_names/launch/demo02_names_launch.xml
[3.844s] -- Installing: /home/cl/CLionProjects/ws01_plumbing/install/cpp05_names/share/cpp05_names/launch/demo01_names_launch.py
[3.844s] -- Installing: /home/cl/CLionProjects/ws01_plumbing/install/cpp05_names/share/ament_index/resource_index/package_run_dependencies/cpp05_names
[3.844s] -- Up-to-date: /home/cl/CLionProjects/ws01_plumbing/install/cpp05_names/share/ament_index/resource_index/parent_prefix_path/cpp05_names
[3.844s] -- Up-to-date: /home/cl/CLionProjects/ws01_plumbing/install/cpp05_names/share/cpp05_names/environment/ament_prefix_path.sh
[3.844s] -- Installing: /home/cl/CLionProjects/ws01_plumbing/install/cpp05_names/share/cpp05_names/environment/ament_prefix_path.dsv
[3.844s] -- Up-to-date: /home/cl/CLionProjects/ws01_plumbing/install/cpp05_names/share/cpp05_names/environment/path.sh
[3.844s] -- Installing: /home/cl/CLionProjects/ws01_plumbing/install/cpp05_names/share/cpp05_names/environment/path.dsv
[3.844s] -- Up-to-date: /home/cl/CLionProjects/ws01_plumbing/install/cpp05_names/share/cpp05_names/local_setup.bash
[3.844s] -- Up-to-date: /home/cl/CLionProjects/ws01_plumbing/install/cpp05_names/share/cpp05_names/local_setup.sh
[3.844s] -- Up-to-date: /home/cl/CLionProjects/ws01_plumbing/install/cpp05_names/share/cpp05_names/local_setup.zsh
[3.844s] -- Installing: /home/cl/CLionProjects/ws01_plumbing/install/cpp05_names/share/cpp05_names/local_setup.dsv
[3.844s] -- Installing: /home/cl/CLionProjects/ws01_plumbing/install/cpp05_names/share/cpp05_names/package.dsv
[3.844s] -- Up-to-date: /home/cl/CLionProjects/ws01_plumbing/install/cpp05_names/share/ament_index/resource_index/packages/cpp05_names
[3.844s] -- Up-to-date: /home/cl/CLionProjects/ws01_plumbing/install/cpp05_names/share/cpp05_names/cmake/cpp05_namesConfig.cmake
[3.844s] -- Up-to-date: /home/cl/CLionProjects/ws01_plumbing/install/cpp05_names/share/cpp05_names/cmake/cpp05_namesConfig-version.cmake
[3.844s] -- Installing: /home/cl/CLionProjects/ws01_plumbing/install/cpp05_names/share/cpp05_names/package.xml
[3.846s] Invoked command in '/home/cl/CLionProjects/ws01_plumbing/build/cpp05_names' returned '0': CMAKE_PREFIX_PATH=/opt/ros/humble CONDA_PROMPT_MODIFIER=(base) /usr/bin/cmake --install /home/cl/CLionProjects/ws01_plumbing/build/cpp05_names
