[100%] Built target demo03_talker_stu
[100%] Built target demo01_talker_str
[100%] Built target demo04_listener_stu
[100%] Built target demo02_listener_str
-- Install configuration: ""
-- Installing: /home/cl/CLionProjects/ws01_plumbing/install/cpp01_topic/lib/cpp01_topic/demo01_talker_str
-- Set runtime path of "/home/cl/CLionProjects/ws01_plumbing/install/cpp01_topic/lib/cpp01_topic/demo01_talker_str" to ""
-- Installing: /home/cl/CLionProjects/ws01_plumbing/install/cpp01_topic/lib/cpp01_topic/demo02_listener_str
-- Set runtime path of "/home/cl/CLionProjects/ws01_plumbing/install/cpp01_topic/lib/cpp01_topic/demo02_listener_str" to ""
-- Installing: /home/cl/CLionProjects/ws01_plumbing/install/cpp01_topic/lib/cpp01_topic/demo04_listener_stu
-- Set runtime path of "/home/cl/CLionProjects/ws01_plumbing/install/cpp01_topic/lib/cpp01_topic/demo04_listener_stu" to ""
-- Installing: /home/cl/CLionProjects/ws01_plumbing/install/cpp01_topic/lib/cpp01_topic/demo03_talker_stu
-- Set runtime path of "/home/cl/CLionProjects/ws01_plumbing/install/cpp01_topic/lib/cpp01_topic/demo03_talker_stu" to ""
-- Installing: /home/cl/CLionProjects/ws01_plumbing/install/cpp01_topic/share/ament_index/resource_index/package_run_dependencies/cpp01_topic
-- Installing: /home/cl/CLionProjects/ws01_plumbing/install/cpp01_topic/share/ament_index/resource_index/parent_prefix_path/cpp01_topic
-- Installing: /home/cl/CLionProjects/ws01_plumbing/install/cpp01_topic/share/cpp01_topic/environment/ament_prefix_path.sh
-- Installing: /home/cl/CLionProjects/ws01_plumbing/install/cpp01_topic/share/cpp01_topic/environment/ament_prefix_path.dsv
-- Installing: /home/cl/CLionProjects/ws01_plumbing/install/cpp01_topic/share/cpp01_topic/environment/path.sh
-- Installing: /home/cl/CLionProjects/ws01_plumbing/install/cpp01_topic/share/cpp01_topic/environment/path.dsv
-- Installing: /home/cl/CLionProjects/ws01_plumbing/install/cpp01_topic/share/cpp01_topic/local_setup.bash
-- Installing: /home/cl/CLionProjects/ws01_plumbing/install/cpp01_topic/share/cpp01_topic/local_setup.sh
-- Installing: /home/cl/CLionProjects/ws01_plumbing/install/cpp01_topic/share/cpp01_topic/local_setup.zsh
-- Installing: /home/cl/CLionProjects/ws01_plumbing/install/cpp01_topic/share/cpp01_topic/local_setup.dsv
-- Installing: /home/cl/CLionProjects/ws01_plumbing/install/cpp01_topic/share/cpp01_topic/package.dsv
-- Installing: /home/cl/CLionProjects/ws01_plumbing/install/cpp01_topic/share/ament_index/resource_index/packages/cpp01_topic
-- Installing: /home/cl/CLionProjects/ws01_plumbing/install/cpp01_topic/share/cpp01_topic/cmake/cpp01_topicConfig.cmake
-- Installing: /home/cl/CLionProjects/ws01_plumbing/install/cpp01_topic/share/cpp01_topic/cmake/cpp01_topicConfig-version.cmake
-- Installing: /home/cl/CLionProjects/ws01_plumbing/install/cpp01_topic/share/cpp01_topic/package.xml
