[0.036s] Invoking command in '/home/cl/CLionProjects/ws01_plumbing/build/cpp04_param': CMAKE_PREFIX_PATH=${CMAKE_PREFIX_PATH}:/opt/ros/humble /usr/bin/cmake --build /home/cl/CLionProjects/ws01_plumbing/build/cpp04_param -- -j8 -l8
[0.160s] [35m[1mConsolidate compiler generated dependencies of target demo02_param_client[0m
[0.207s] [ 33%] Built target demo00_param
[0.213s] [ 66%] Built target demo01_param_server
[0.228s] [ 83%] [32mBuilding CXX object CMakeFiles/demo02_param_client.dir/src/demo02_param_client.cpp.o[0m
[29.483s] [100%] [32m[1mLinking CXX executable demo02_param_client[0m
[30.335s] [100%] Built target demo02_param_client
[30.433s] Invoked command in '/home/cl/CLionProjects/ws01_plumbing/build/cpp04_param' returned '0': CMAKE_PREFIX_PATH=${CMAKE_PREFIX_PATH}:/opt/ros/humble /usr/bin/cmake --build /home/cl/CLionProjects/ws01_plumbing/build/cpp04_param -- -j8 -l8
[30.501s] Invoking command in '/home/cl/CLionProjects/ws01_plumbing/build/cpp04_param': CMAKE_PREFIX_PATH=${CMAKE_PREFIX_PATH}:/opt/ros/humble /usr/bin/cmake --install /home/cl/CLionProjects/ws01_plumbing/build/cpp04_param
[30.545s] -- Install configuration: ""
[30.547s] -- Up-to-date: /home/cl/CLionProjects/ws01_plumbing/install/cpp04_param/lib/cpp04_param/demo00_param
[30.548s] -- Up-to-date: /home/cl/CLionProjects/ws01_plumbing/install/cpp04_param/lib/cpp04_param/demo01_param_server
[30.550s] -- Installing: /home/cl/CLionProjects/ws01_plumbing/install/cpp04_param/lib/cpp04_param/demo02_param_client
[30.555s] -- Set runtime path of "/home/cl/CLionProjects/ws01_plumbing/install/cpp04_param/lib/cpp04_param/demo02_param_client" to ""
[30.557s] -- Up-to-date: /home/cl/CLionProjects/ws01_plumbing/install/cpp04_param/share/ament_index/resource_index/package_run_dependencies/cpp04_param
[30.558s] -- Up-to-date: /home/cl/CLionProjects/ws01_plumbing/install/cpp04_param/share/ament_index/resource_index/parent_prefix_path/cpp04_param
[30.559s] -- Up-to-date: /home/cl/CLionProjects/ws01_plumbing/install/cpp04_param/share/cpp04_param/environment/ament_prefix_path.sh
[30.560s] -- Up-to-date: /home/cl/CLionProjects/ws01_plumbing/install/cpp04_param/share/cpp04_param/environment/ament_prefix_path.dsv
[30.561s] -- Up-to-date: /home/cl/CLionProjects/ws01_plumbing/install/cpp04_param/share/cpp04_param/environment/path.sh
[30.562s] -- Up-to-date: /home/cl/CLionProjects/ws01_plumbing/install/cpp04_param/share/cpp04_param/environment/path.dsv
[30.563s] -- Up-to-date: /home/cl/CLionProjects/ws01_plumbing/install/cpp04_param/share/cpp04_param/local_setup.bash
[30.564s] -- Up-to-date: /home/cl/CLionProjects/ws01_plumbing/install/cpp04_param/share/cpp04_param/local_setup.sh
[30.564s] -- Up-to-date: /home/cl/CLionProjects/ws01_plumbing/install/cpp04_param/share/cpp04_param/local_setup.zsh
[30.565s] -- Up-to-date: /home/cl/CLionProjects/ws01_plumbing/install/cpp04_param/share/cpp04_param/local_setup.dsv
[30.567s] -- Installing: /home/cl/CLionProjects/ws01_plumbing/install/cpp04_param/share/cpp04_param/package.dsv
[30.569s] -- Up-to-date: /home/cl/CLionProjects/ws01_plumbing/install/cpp04_param/share/ament_index/resource_index/packages/cpp04_param
[30.571s] -- Up-to-date: /home/cl/CLionProjects/ws01_plumbing/install/cpp04_param/share/cpp04_param/cmake/cpp04_paramConfig.cmake
[30.574s] -- Up-to-date: /home/cl/CLionProjects/ws01_plumbing/install/cpp04_param/share/cpp04_param/cmake/cpp04_paramConfig-version.cmake
[30.576s] -- Up-to-date: /home/cl/CLionProjects/ws01_plumbing/install/cpp04_param/share/cpp04_param/package.xml
[30.578s] Invoked command in '/home/cl/CLionProjects/ws01_plumbing/build/cpp04_param' returned '0': CMAKE_PREFIX_PATH=${CMAKE_PREFIX_PATH}:/opt/ros/humble /usr/bin/cmake --install /home/cl/CLionProjects/ws01_plumbing/build/cpp04_param
