[0.093s] DEBUG:colcon:Command line arguments: ['/usr/bin/colcon', 'build', '--packages-select', 'tutorails_plumbing']
[0.093s] DEBUG:colcon:Parsed command line arguments: Namespace(log_base=None, log_level=None, verb_name='build', build_base='build', install_base='install', merge_install=False, symlink_install=False, test_result_base=None, continue_on_error=False, executor='parallel', parallel_workers=8, event_handlers=None, ignore_user_meta=False, metas=['./colcon.meta'], base_paths=['.'], packages_ignore=None, packages_ignore_regex=None, paths=None, packages_up_to=None, packages_up_to_regex=None, packages_above=None, packages_above_and_dependencies=None, packages_above_depth=None, packages_select_by_dep=None, packages_skip_by_dep=None, packages_skip_up_to=None, packages_select_build_failed=False, packages_skip_build_finished=False, packages_select_test_failures=False, packages_skip_test_passed=False, packages_select=['tutorails_plumbing'], packages_skip=None, packages_select_regex=None, packages_skip_regex=None, packages_start=None, packages_end=None, allow_overriding=[], cmake_args=None, cmake_target=None, cmake_target_skip_unavailable=False, cmake_clean_cache=False, cmake_clean_first=False, cmake_force_configure=False, ament_cmake_args=None, catkin_cmake_args=None, catkin_skip_building_tests=False, verb_parser=<colcon_defaults.argument_parser.defaults.DefaultArgumentsDecorator object at 0x7535e962ba30>, verb_extension=<colcon_core.verb.build.BuildVerb object at 0x7535e97dc7c0>, main=<bound method BuildVerb.main of <colcon_core.verb.build.BuildVerb object at 0x7535e97dc7c0>>)
[0.236s] Level 1:colcon.colcon_core.package_discovery:discover_packages(colcon_meta) check parameters
[0.237s] Level 1:colcon.colcon_core.package_discovery:discover_packages(recursive) check parameters
[0.237s] Level 1:colcon.colcon_core.package_discovery:discover_packages(ignore) check parameters
[0.237s] Level 1:colcon.colcon_core.package_discovery:discover_packages(path) check parameters
[0.237s] Level 1:colcon.colcon_core.package_discovery:discover_packages(colcon_meta) discover
[0.237s] Level 1:colcon.colcon_core.package_discovery:discover_packages(recursive) discover
[0.237s] INFO:colcon.colcon_core.package_discovery:Crawling recursively for packages in '/home/cl/CLionProjects/ws01_plumbing'
[0.237s] Level 1:colcon.colcon_core.package_identification:_identify(.) by extensions ['ignore', 'ignore_ament_install']
[0.237s] Level 1:colcon.colcon_core.package_identification:_identify(.) by extension 'ignore'
[0.237s] Level 1:colcon.colcon_core.package_identification:_identify(.) by extension 'ignore_ament_install'
[0.237s] Level 1:colcon.colcon_core.package_identification:_identify(.) by extensions ['colcon_pkg']
[0.237s] Level 1:colcon.colcon_core.package_identification:_identify(.) by extension 'colcon_pkg'
[0.237s] Level 1:colcon.colcon_core.package_identification:_identify(.) by extensions ['colcon_meta']
[0.237s] Level 1:colcon.colcon_core.package_identification:_identify(.) by extension 'colcon_meta'
[0.237s] Level 1:colcon.colcon_core.package_identification:_identify(.) by extensions ['ros']
[0.237s] Level 1:colcon.colcon_core.package_identification:_identify(.) by extension 'ros'
[0.247s] Level 1:colcon.colcon_core.package_identification:_identify(.) by extensions ['cmake', 'python']
[0.248s] Level 1:colcon.colcon_core.package_identification:_identify(.) by extension 'cmake'
[0.248s] Level 1:colcon.colcon_core.package_identification:_identify(.) by extension 'python'
[0.248s] Level 1:colcon.colcon_core.package_identification:_identify(.) by extensions ['python_setup_py']
[0.248s] Level 1:colcon.colcon_core.package_identification:_identify(.) by extension 'python_setup_py'
[0.248s] Level 1:colcon.colcon_core.package_identification:_identify(build) by extensions ['ignore', 'ignore_ament_install']
[0.248s] Level 1:colcon.colcon_core.package_identification:_identify(build) by extension 'ignore'
[0.248s] Level 1:colcon.colcon_core.package_identification:_identify(build) ignored
[0.248s] Level 1:colcon.colcon_core.package_identification:_identify(cmake-build-debug) by extensions ['ignore', 'ignore_ament_install']
[0.248s] Level 1:colcon.colcon_core.package_identification:_identify(cmake-build-debug) by extension 'ignore'
[0.248s] Level 1:colcon.colcon_core.package_identification:_identify(cmake-build-debug) by extension 'ignore_ament_install'
[0.248s] Level 1:colcon.colcon_core.package_identification:_identify(cmake-build-debug) by extensions ['colcon_pkg']
[0.248s] Level 1:colcon.colcon_core.package_identification:_identify(cmake-build-debug) by extension 'colcon_pkg'
[0.248s] Level 1:colcon.colcon_core.package_identification:_identify(cmake-build-debug) by extensions ['colcon_meta']
[0.248s] Level 1:colcon.colcon_core.package_identification:_identify(cmake-build-debug) by extension 'colcon_meta'
[0.248s] Level 1:colcon.colcon_core.package_identification:_identify(cmake-build-debug) by extensions ['ros']
[0.248s] Level 1:colcon.colcon_core.package_identification:_identify(cmake-build-debug) by extension 'ros'
[0.248s] Level 1:colcon.colcon_core.package_identification:_identify(cmake-build-debug) by extensions ['cmake', 'python']
[0.248s] Level 1:colcon.colcon_core.package_identification:_identify(cmake-build-debug) by extension 'cmake'
[0.248s] Level 1:colcon.colcon_core.package_identification:_identify(cmake-build-debug) by extension 'python'
[0.248s] Level 1:colcon.colcon_core.package_identification:_identify(cmake-build-debug) by extensions ['python_setup_py']
[0.249s] Level 1:colcon.colcon_core.package_identification:_identify(cmake-build-debug) by extension 'python_setup_py'
[0.249s] Level 1:colcon.colcon_core.package_identification:_identify(cmake-build-debug/CMakeFiles) by extensions ['ignore', 'ignore_ament_install']
[0.249s] Level 1:colcon.colcon_core.package_identification:_identify(cmake-build-debug/CMakeFiles) by extension 'ignore'
[0.249s] Level 1:colcon.colcon_core.package_identification:_identify(cmake-build-debug/CMakeFiles) by extension 'ignore_ament_install'
[0.249s] Level 1:colcon.colcon_core.package_identification:_identify(cmake-build-debug/CMakeFiles) by extensions ['colcon_pkg']
[0.249s] Level 1:colcon.colcon_core.package_identification:_identify(cmake-build-debug/CMakeFiles) by extension 'colcon_pkg'
[0.249s] Level 1:colcon.colcon_core.package_identification:_identify(cmake-build-debug/CMakeFiles) by extensions ['colcon_meta']
[0.249s] Level 1:colcon.colcon_core.package_identification:_identify(cmake-build-debug/CMakeFiles) by extension 'colcon_meta'
[0.249s] Level 1:colcon.colcon_core.package_identification:_identify(cmake-build-debug/CMakeFiles) by extensions ['ros']
[0.249s] Level 1:colcon.colcon_core.package_identification:_identify(cmake-build-debug/CMakeFiles) by extension 'ros'
[0.249s] Level 1:colcon.colcon_core.package_identification:_identify(cmake-build-debug/CMakeFiles) by extensions ['cmake', 'python']
[0.249s] Level 1:colcon.colcon_core.package_identification:_identify(cmake-build-debug/CMakeFiles) by extension 'cmake'
[0.249s] Level 1:colcon.colcon_core.package_identification:_identify(cmake-build-debug/CMakeFiles) by extension 'python'
[0.249s] Level 1:colcon.colcon_core.package_identification:_identify(cmake-build-debug/CMakeFiles) by extensions ['python_setup_py']
[0.249s] Level 1:colcon.colcon_core.package_identification:_identify(cmake-build-debug/CMakeFiles) by extension 'python_setup_py'
[0.249s] Level 1:colcon.colcon_core.package_identification:_identify(cmake-build-debug/CMakeFiles/3.30.5) by extensions ['ignore', 'ignore_ament_install']
[0.249s] Level 1:colcon.colcon_core.package_identification:_identify(cmake-build-debug/CMakeFiles/3.30.5) by extension 'ignore'
[0.249s] Level 1:colcon.colcon_core.package_identification:_identify(cmake-build-debug/CMakeFiles/3.30.5) by extension 'ignore_ament_install'
[0.249s] Level 1:colcon.colcon_core.package_identification:_identify(cmake-build-debug/CMakeFiles/3.30.5) by extensions ['colcon_pkg']
[0.249s] Level 1:colcon.colcon_core.package_identification:_identify(cmake-build-debug/CMakeFiles/3.30.5) by extension 'colcon_pkg'
[0.249s] Level 1:colcon.colcon_core.package_identification:_identify(cmake-build-debug/CMakeFiles/3.30.5) by extensions ['colcon_meta']
[0.249s] Level 1:colcon.colcon_core.package_identification:_identify(cmake-build-debug/CMakeFiles/3.30.5) by extension 'colcon_meta'
[0.249s] Level 1:colcon.colcon_core.package_identification:_identify(cmake-build-debug/CMakeFiles/3.30.5) by extensions ['ros']
[0.250s] Level 1:colcon.colcon_core.package_identification:_identify(cmake-build-debug/CMakeFiles/3.30.5) by extension 'ros'
[0.250s] Level 1:colcon.colcon_core.package_identification:_identify(cmake-build-debug/CMakeFiles/3.30.5) by extensions ['cmake', 'python']
[0.250s] Level 1:colcon.colcon_core.package_identification:_identify(cmake-build-debug/CMakeFiles/3.30.5) by extension 'cmake'
[0.250s] Level 1:colcon.colcon_core.package_identification:_identify(cmake-build-debug/CMakeFiles/3.30.5) by extension 'python'
[0.250s] Level 1:colcon.colcon_core.package_identification:_identify(cmake-build-debug/CMakeFiles/3.30.5) by extensions ['python_setup_py']
[0.250s] Level 1:colcon.colcon_core.package_identification:_identify(cmake-build-debug/CMakeFiles/3.30.5) by extension 'python_setup_py'
[0.250s] Level 1:colcon.colcon_core.package_identification:_identify(cmake-build-debug/CMakeFiles/3.30.5/CompilerIdC) by extensions ['ignore', 'ignore_ament_install']
[0.250s] Level 1:colcon.colcon_core.package_identification:_identify(cmake-build-debug/CMakeFiles/3.30.5/CompilerIdC) by extension 'ignore'
[0.250s] Level 1:colcon.colcon_core.package_identification:_identify(cmake-build-debug/CMakeFiles/3.30.5/CompilerIdC) by extension 'ignore_ament_install'
[0.250s] Level 1:colcon.colcon_core.package_identification:_identify(cmake-build-debug/CMakeFiles/3.30.5/CompilerIdC) by extensions ['colcon_pkg']
[0.250s] Level 1:colcon.colcon_core.package_identification:_identify(cmake-build-debug/CMakeFiles/3.30.5/CompilerIdC) by extension 'colcon_pkg'
[0.250s] Level 1:colcon.colcon_core.package_identification:_identify(cmake-build-debug/CMakeFiles/3.30.5/CompilerIdC) by extensions ['colcon_meta']
[0.250s] Level 1:colcon.colcon_core.package_identification:_identify(cmake-build-debug/CMakeFiles/3.30.5/CompilerIdC) by extension 'colcon_meta'
[0.250s] Level 1:colcon.colcon_core.package_identification:_identify(cmake-build-debug/CMakeFiles/3.30.5/CompilerIdC) by extensions ['ros']
[0.250s] Level 1:colcon.colcon_core.package_identification:_identify(cmake-build-debug/CMakeFiles/3.30.5/CompilerIdC) by extension 'ros'
[0.250s] Level 1:colcon.colcon_core.package_identification:_identify(cmake-build-debug/CMakeFiles/3.30.5/CompilerIdC) by extensions ['cmake', 'python']
[0.250s] Level 1:colcon.colcon_core.package_identification:_identify(cmake-build-debug/CMakeFiles/3.30.5/CompilerIdC) by extension 'cmake'
[0.250s] Level 1:colcon.colcon_core.package_identification:_identify(cmake-build-debug/CMakeFiles/3.30.5/CompilerIdC) by extension 'python'
[0.250s] Level 1:colcon.colcon_core.package_identification:_identify(cmake-build-debug/CMakeFiles/3.30.5/CompilerIdC) by extensions ['python_setup_py']
[0.250s] Level 1:colcon.colcon_core.package_identification:_identify(cmake-build-debug/CMakeFiles/3.30.5/CompilerIdC) by extension 'python_setup_py'
[0.250s] Level 1:colcon.colcon_core.package_identification:_identify(cmake-build-debug/CMakeFiles/3.30.5/CompilerIdC/tmp) by extensions ['ignore', 'ignore_ament_install']
[0.250s] Level 1:colcon.colcon_core.package_identification:_identify(cmake-build-debug/CMakeFiles/3.30.5/CompilerIdC/tmp) by extension 'ignore'
[0.251s] Level 1:colcon.colcon_core.package_identification:_identify(cmake-build-debug/CMakeFiles/3.30.5/CompilerIdC/tmp) by extension 'ignore_ament_install'
[0.251s] Level 1:colcon.colcon_core.package_identification:_identify(cmake-build-debug/CMakeFiles/3.30.5/CompilerIdC/tmp) by extensions ['colcon_pkg']
[0.251s] Level 1:colcon.colcon_core.package_identification:_identify(cmake-build-debug/CMakeFiles/3.30.5/CompilerIdC/tmp) by extension 'colcon_pkg'
[0.251s] Level 1:colcon.colcon_core.package_identification:_identify(cmake-build-debug/CMakeFiles/3.30.5/CompilerIdC/tmp) by extensions ['colcon_meta']
[0.251s] Level 1:colcon.colcon_core.package_identification:_identify(cmake-build-debug/CMakeFiles/3.30.5/CompilerIdC/tmp) by extension 'colcon_meta'
[0.251s] Level 1:colcon.colcon_core.package_identification:_identify(cmake-build-debug/CMakeFiles/3.30.5/CompilerIdC/tmp) by extensions ['ros']
[0.251s] Level 1:colcon.colcon_core.package_identification:_identify(cmake-build-debug/CMakeFiles/3.30.5/CompilerIdC/tmp) by extension 'ros'
[0.251s] Level 1:colcon.colcon_core.package_identification:_identify(cmake-build-debug/CMakeFiles/3.30.5/CompilerIdC/tmp) by extensions ['cmake', 'python']
[0.251s] Level 1:colcon.colcon_core.package_identification:_identify(cmake-build-debug/CMakeFiles/3.30.5/CompilerIdC/tmp) by extension 'cmake'
[0.251s] Level 1:colcon.colcon_core.package_identification:_identify(cmake-build-debug/CMakeFiles/3.30.5/CompilerIdC/tmp) by extension 'python'
[0.251s] Level 1:colcon.colcon_core.package_identification:_identify(cmake-build-debug/CMakeFiles/3.30.5/CompilerIdC/tmp) by extensions ['python_setup_py']
[0.251s] Level 1:colcon.colcon_core.package_identification:_identify(cmake-build-debug/CMakeFiles/3.30.5/CompilerIdC/tmp) by extension 'python_setup_py'
[0.251s] Level 1:colcon.colcon_core.package_identification:_identify(cmake-build-debug/CMakeFiles/3.30.5/CompilerIdCXX) by extensions ['ignore', 'ignore_ament_install']
[0.251s] Level 1:colcon.colcon_core.package_identification:_identify(cmake-build-debug/CMakeFiles/3.30.5/CompilerIdCXX) by extension 'ignore'
[0.251s] Level 1:colcon.colcon_core.package_identification:_identify(cmake-build-debug/CMakeFiles/3.30.5/CompilerIdCXX) by extension 'ignore_ament_install'
[0.251s] Level 1:colcon.colcon_core.package_identification:_identify(cmake-build-debug/CMakeFiles/3.30.5/CompilerIdCXX) by extensions ['colcon_pkg']
[0.251s] Level 1:colcon.colcon_core.package_identification:_identify(cmake-build-debug/CMakeFiles/3.30.5/CompilerIdCXX) by extension 'colcon_pkg'
[0.251s] Level 1:colcon.colcon_core.package_identification:_identify(cmake-build-debug/CMakeFiles/3.30.5/CompilerIdCXX) by extensions ['colcon_meta']
[0.251s] Level 1:colcon.colcon_core.package_identification:_identify(cmake-build-debug/CMakeFiles/3.30.5/CompilerIdCXX) by extension 'colcon_meta'
[0.251s] Level 1:colcon.colcon_core.package_identification:_identify(cmake-build-debug/CMakeFiles/3.30.5/CompilerIdCXX) by extensions ['ros']
[0.251s] Level 1:colcon.colcon_core.package_identification:_identify(cmake-build-debug/CMakeFiles/3.30.5/CompilerIdCXX) by extension 'ros'
[0.251s] Level 1:colcon.colcon_core.package_identification:_identify(cmake-build-debug/CMakeFiles/3.30.5/CompilerIdCXX) by extensions ['cmake', 'python']
[0.251s] Level 1:colcon.colcon_core.package_identification:_identify(cmake-build-debug/CMakeFiles/3.30.5/CompilerIdCXX) by extension 'cmake'
[0.252s] Level 1:colcon.colcon_core.package_identification:_identify(cmake-build-debug/CMakeFiles/3.30.5/CompilerIdCXX) by extension 'python'
[0.252s] Level 1:colcon.colcon_core.package_identification:_identify(cmake-build-debug/CMakeFiles/3.30.5/CompilerIdCXX) by extensions ['python_setup_py']
[0.252s] Level 1:colcon.colcon_core.package_identification:_identify(cmake-build-debug/CMakeFiles/3.30.5/CompilerIdCXX) by extension 'python_setup_py'
[0.252s] Level 1:colcon.colcon_core.package_identification:_identify(cmake-build-debug/CMakeFiles/3.30.5/CompilerIdCXX/tmp) by extensions ['ignore', 'ignore_ament_install']
[0.252s] Level 1:colcon.colcon_core.package_identification:_identify(cmake-build-debug/CMakeFiles/3.30.5/CompilerIdCXX/tmp) by extension 'ignore'
[0.252s] Level 1:colcon.colcon_core.package_identification:_identify(cmake-build-debug/CMakeFiles/3.30.5/CompilerIdCXX/tmp) by extension 'ignore_ament_install'
[0.252s] Level 1:colcon.colcon_core.package_identification:_identify(cmake-build-debug/CMakeFiles/3.30.5/CompilerIdCXX/tmp) by extensions ['colcon_pkg']
[0.252s] Level 1:colcon.colcon_core.package_identification:_identify(cmake-build-debug/CMakeFiles/3.30.5/CompilerIdCXX/tmp) by extension 'colcon_pkg'
[0.252s] Level 1:colcon.colcon_core.package_identification:_identify(cmake-build-debug/CMakeFiles/3.30.5/CompilerIdCXX/tmp) by extensions ['colcon_meta']
[0.252s] Level 1:colcon.colcon_core.package_identification:_identify(cmake-build-debug/CMakeFiles/3.30.5/CompilerIdCXX/tmp) by extension 'colcon_meta'
[0.252s] Level 1:colcon.colcon_core.package_identification:_identify(cmake-build-debug/CMakeFiles/3.30.5/CompilerIdCXX/tmp) by extensions ['ros']
[0.252s] Level 1:colcon.colcon_core.package_identification:_identify(cmake-build-debug/CMakeFiles/3.30.5/CompilerIdCXX/tmp) by extension 'ros'
[0.252s] Level 1:colcon.colcon_core.package_identification:_identify(cmake-build-debug/CMakeFiles/3.30.5/CompilerIdCXX/tmp) by extensions ['cmake', 'python']
[0.252s] Level 1:colcon.colcon_core.package_identification:_identify(cmake-build-debug/CMakeFiles/3.30.5/CompilerIdCXX/tmp) by extension 'cmake'
[0.252s] Level 1:colcon.colcon_core.package_identification:_identify(cmake-build-debug/CMakeFiles/3.30.5/CompilerIdCXX/tmp) by extension 'python'
[0.252s] Level 1:colcon.colcon_core.package_identification:_identify(cmake-build-debug/CMakeFiles/3.30.5/CompilerIdCXX/tmp) by extensions ['python_setup_py']
[0.252s] Level 1:colcon.colcon_core.package_identification:_identify(cmake-build-debug/CMakeFiles/3.30.5/CompilerIdCXX/tmp) by extension 'python_setup_py'
[0.252s] Level 1:colcon.colcon_core.package_identification:_identify(cmake-build-debug/CMakeFiles/pkgRedirects) by extensions ['ignore', 'ignore_ament_install']
[0.252s] Level 1:colcon.colcon_core.package_identification:_identify(cmake-build-debug/CMakeFiles/pkgRedirects) by extension 'ignore'
[0.252s] Level 1:colcon.colcon_core.package_identification:_identify(cmake-build-debug/CMakeFiles/pkgRedirects) by extension 'ignore_ament_install'
[0.253s] Level 1:colcon.colcon_core.package_identification:_identify(cmake-build-debug/CMakeFiles/pkgRedirects) by extensions ['colcon_pkg']
[0.253s] Level 1:colcon.colcon_core.package_identification:_identify(cmake-build-debug/CMakeFiles/pkgRedirects) by extension 'colcon_pkg'
[0.253s] Level 1:colcon.colcon_core.package_identification:_identify(cmake-build-debug/CMakeFiles/pkgRedirects) by extensions ['colcon_meta']
[0.253s] Level 1:colcon.colcon_core.package_identification:_identify(cmake-build-debug/CMakeFiles/pkgRedirects) by extension 'colcon_meta'
[0.253s] Level 1:colcon.colcon_core.package_identification:_identify(cmake-build-debug/CMakeFiles/pkgRedirects) by extensions ['ros']
[0.253s] Level 1:colcon.colcon_core.package_identification:_identify(cmake-build-debug/CMakeFiles/pkgRedirects) by extension 'ros'
[0.253s] Level 1:colcon.colcon_core.package_identification:_identify(cmake-build-debug/CMakeFiles/pkgRedirects) by extensions ['cmake', 'python']
[0.253s] Level 1:colcon.colcon_core.package_identification:_identify(cmake-build-debug/CMakeFiles/pkgRedirects) by extension 'cmake'
[0.253s] Level 1:colcon.colcon_core.package_identification:_identify(cmake-build-debug/CMakeFiles/pkgRedirects) by extension 'python'
[0.253s] Level 1:colcon.colcon_core.package_identification:_identify(cmake-build-debug/CMakeFiles/pkgRedirects) by extensions ['python_setup_py']
[0.253s] Level 1:colcon.colcon_core.package_identification:_identify(cmake-build-debug/CMakeFiles/pkgRedirects) by extension 'python_setup_py'
[0.253s] Level 1:colcon.colcon_core.package_identification:_identify(cmake-build-debug/Testing) by extensions ['ignore', 'ignore_ament_install']
[0.253s] Level 1:colcon.colcon_core.package_identification:_identify(cmake-build-debug/Testing) by extension 'ignore'
[0.253s] Level 1:colcon.colcon_core.package_identification:_identify(cmake-build-debug/Testing) by extension 'ignore_ament_install'
[0.253s] Level 1:colcon.colcon_core.package_identification:_identify(cmake-build-debug/Testing) by extensions ['colcon_pkg']
[0.253s] Level 1:colcon.colcon_core.package_identification:_identify(cmake-build-debug/Testing) by extension 'colcon_pkg'
[0.253s] Level 1:colcon.colcon_core.package_identification:_identify(cmake-build-debug/Testing) by extensions ['colcon_meta']
[0.253s] Level 1:colcon.colcon_core.package_identification:_identify(cmake-build-debug/Testing) by extension 'colcon_meta'
[0.253s] Level 1:colcon.colcon_core.package_identification:_identify(cmake-build-debug/Testing) by extensions ['ros']
[0.253s] Level 1:colcon.colcon_core.package_identification:_identify(cmake-build-debug/Testing) by extension 'ros'
[0.253s] Level 1:colcon.colcon_core.package_identification:_identify(cmake-build-debug/Testing) by extensions ['cmake', 'python']
[0.253s] Level 1:colcon.colcon_core.package_identification:_identify(cmake-build-debug/Testing) by extension 'cmake'
[0.253s] Level 1:colcon.colcon_core.package_identification:_identify(cmake-build-debug/Testing) by extension 'python'
[0.253s] Level 1:colcon.colcon_core.package_identification:_identify(cmake-build-debug/Testing) by extensions ['python_setup_py']
[0.253s] Level 1:colcon.colcon_core.package_identification:_identify(cmake-build-debug/Testing) by extension 'python_setup_py'
[0.254s] Level 1:colcon.colcon_core.package_identification:_identify(cmake-build-debug/Testing/Temporary) by extensions ['ignore', 'ignore_ament_install']
[0.254s] Level 1:colcon.colcon_core.package_identification:_identify(cmake-build-debug/Testing/Temporary) by extension 'ignore'
[0.254s] Level 1:colcon.colcon_core.package_identification:_identify(cmake-build-debug/Testing/Temporary) by extension 'ignore_ament_install'
[0.254s] Level 1:colcon.colcon_core.package_identification:_identify(cmake-build-debug/Testing/Temporary) by extensions ['colcon_pkg']
[0.254s] Level 1:colcon.colcon_core.package_identification:_identify(cmake-build-debug/Testing/Temporary) by extension 'colcon_pkg'
[0.254s] Level 1:colcon.colcon_core.package_identification:_identify(cmake-build-debug/Testing/Temporary) by extensions ['colcon_meta']
[0.254s] Level 1:colcon.colcon_core.package_identification:_identify(cmake-build-debug/Testing/Temporary) by extension 'colcon_meta'
[0.254s] Level 1:colcon.colcon_core.package_identification:_identify(cmake-build-debug/Testing/Temporary) by extensions ['ros']
[0.254s] Level 1:colcon.colcon_core.package_identification:_identify(cmake-build-debug/Testing/Temporary) by extension 'ros'
[0.254s] Level 1:colcon.colcon_core.package_identification:_identify(cmake-build-debug/Testing/Temporary) by extensions ['cmake', 'python']
[0.254s] Level 1:colcon.colcon_core.package_identification:_identify(cmake-build-debug/Testing/Temporary) by extension 'cmake'
[0.254s] Level 1:colcon.colcon_core.package_identification:_identify(cmake-build-debug/Testing/Temporary) by extension 'python'
[0.254s] Level 1:colcon.colcon_core.package_identification:_identify(cmake-build-debug/Testing/Temporary) by extensions ['python_setup_py']
[0.254s] Level 1:colcon.colcon_core.package_identification:_identify(cmake-build-debug/Testing/Temporary) by extension 'python_setup_py'
[0.254s] Level 1:colcon.colcon_core.package_identification:_identify(cmake-build-debug/ament_cmake_environment_hooks) by extensions ['ignore', 'ignore_ament_install']
[0.254s] Level 1:colcon.colcon_core.package_identification:_identify(cmake-build-debug/ament_cmake_environment_hooks) by extension 'ignore'
[0.254s] Level 1:colcon.colcon_core.package_identification:_identify(cmake-build-debug/ament_cmake_environment_hooks) by extension 'ignore_ament_install'
[0.254s] Level 1:colcon.colcon_core.package_identification:_identify(cmake-build-debug/ament_cmake_environment_hooks) by extensions ['colcon_pkg']
[0.254s] Level 1:colcon.colcon_core.package_identification:_identify(cmake-build-debug/ament_cmake_environment_hooks) by extension 'colcon_pkg'
[0.254s] Level 1:colcon.colcon_core.package_identification:_identify(cmake-build-debug/ament_cmake_environment_hooks) by extensions ['colcon_meta']
[0.254s] Level 1:colcon.colcon_core.package_identification:_identify(cmake-build-debug/ament_cmake_environment_hooks) by extension 'colcon_meta'
[0.254s] Level 1:colcon.colcon_core.package_identification:_identify(cmake-build-debug/ament_cmake_environment_hooks) by extensions ['ros']
[0.254s] Level 1:colcon.colcon_core.package_identification:_identify(cmake-build-debug/ament_cmake_environment_hooks) by extension 'ros'
[0.255s] Level 1:colcon.colcon_core.package_identification:_identify(cmake-build-debug/ament_cmake_environment_hooks) by extensions ['cmake', 'python']
[0.255s] Level 1:colcon.colcon_core.package_identification:_identify(cmake-build-debug/ament_cmake_environment_hooks) by extension 'cmake'
[0.255s] Level 1:colcon.colcon_core.package_identification:_identify(cmake-build-debug/ament_cmake_environment_hooks) by extension 'python'
[0.255s] Level 1:colcon.colcon_core.package_identification:_identify(cmake-build-debug/ament_cmake_environment_hooks) by extensions ['python_setup_py']
[0.255s] Level 1:colcon.colcon_core.package_identification:_identify(cmake-build-debug/ament_cmake_environment_hooks) by extension 'python_setup_py'
[0.255s] Level 1:colcon.colcon_core.package_identification:_identify(cmake-build-debug/ament_cmake_index) by extensions ['ignore', 'ignore_ament_install']
[0.255s] Level 1:colcon.colcon_core.package_identification:_identify(cmake-build-debug/ament_cmake_index) by extension 'ignore'
[0.255s] Level 1:colcon.colcon_core.package_identification:_identify(cmake-build-debug/ament_cmake_index) by extension 'ignore_ament_install'
[0.255s] Level 1:colcon.colcon_core.package_identification:_identify(cmake-build-debug/ament_cmake_index) by extensions ['colcon_pkg']
[0.255s] Level 1:colcon.colcon_core.package_identification:_identify(cmake-build-debug/ament_cmake_index) by extension 'colcon_pkg'
[0.255s] Level 1:colcon.colcon_core.package_identification:_identify(cmake-build-debug/ament_cmake_index) by extensions ['colcon_meta']
[0.255s] Level 1:colcon.colcon_core.package_identification:_identify(cmake-build-debug/ament_cmake_index) by extension 'colcon_meta'
[0.255s] Level 1:colcon.colcon_core.package_identification:_identify(cmake-build-debug/ament_cmake_index) by extensions ['ros']
[0.255s] Level 1:colcon.colcon_core.package_identification:_identify(cmake-build-debug/ament_cmake_index) by extension 'ros'
[0.255s] Level 1:colcon.colcon_core.package_identification:_identify(cmake-build-debug/ament_cmake_index) by extensions ['cmake', 'python']
[0.255s] Level 1:colcon.colcon_core.package_identification:_identify(cmake-build-debug/ament_cmake_index) by extension 'cmake'
[0.255s] Level 1:colcon.colcon_core.package_identification:_identify(cmake-build-debug/ament_cmake_index) by extension 'python'
[0.255s] Level 1:colcon.colcon_core.package_identification:_identify(cmake-build-debug/ament_cmake_index) by extensions ['python_setup_py']
[0.255s] Level 1:colcon.colcon_core.package_identification:_identify(cmake-build-debug/ament_cmake_index) by extension 'python_setup_py'
[0.255s] Level 1:colcon.colcon_core.package_identification:_identify(cmake-build-debug/ament_cmake_index/share) by extensions ['ignore', 'ignore_ament_install']
[0.255s] Level 1:colcon.colcon_core.package_identification:_identify(cmake-build-debug/ament_cmake_index/share) by extension 'ignore'
[0.256s] Level 1:colcon.colcon_core.package_identification:_identify(cmake-build-debug/ament_cmake_index/share) by extension 'ignore_ament_install'
[0.256s] Level 1:colcon.colcon_core.package_identification:_identify(cmake-build-debug/ament_cmake_index/share) by extensions ['colcon_pkg']
[0.256s] Level 1:colcon.colcon_core.package_identification:_identify(cmake-build-debug/ament_cmake_index/share) by extension 'colcon_pkg'
[0.256s] Level 1:colcon.colcon_core.package_identification:_identify(cmake-build-debug/ament_cmake_index/share) by extensions ['colcon_meta']
[0.256s] Level 1:colcon.colcon_core.package_identification:_identify(cmake-build-debug/ament_cmake_index/share) by extension 'colcon_meta'
[0.256s] Level 1:colcon.colcon_core.package_identification:_identify(cmake-build-debug/ament_cmake_index/share) by extensions ['ros']
[0.256s] Level 1:colcon.colcon_core.package_identification:_identify(cmake-build-debug/ament_cmake_index/share) by extension 'ros'
[0.256s] Level 1:colcon.colcon_core.package_identification:_identify(cmake-build-debug/ament_cmake_index/share) by extensions ['cmake', 'python']
[0.256s] Level 1:colcon.colcon_core.package_identification:_identify(cmake-build-debug/ament_cmake_index/share) by extension 'cmake'
[0.256s] Level 1:colcon.colcon_core.package_identification:_identify(cmake-build-debug/ament_cmake_index/share) by extension 'python'
[0.256s] Level 1:colcon.colcon_core.package_identification:_identify(cmake-build-debug/ament_cmake_index/share) by extensions ['python_setup_py']
[0.256s] Level 1:colcon.colcon_core.package_identification:_identify(cmake-build-debug/ament_cmake_index/share) by extension 'python_setup_py'
[0.256s] Level 1:colcon.colcon_core.package_identification:_identify(cmake-build-debug/ament_cmake_index/share/ament_index) by extensions ['ignore', 'ignore_ament_install']
[0.256s] Level 1:colcon.colcon_core.package_identification:_identify(cmake-build-debug/ament_cmake_index/share/ament_index) by extension 'ignore'
[0.256s] Level 1:colcon.colcon_core.package_identification:_identify(cmake-build-debug/ament_cmake_index/share/ament_index) by extension 'ignore_ament_install'
[0.256s] Level 1:colcon.colcon_core.package_identification:_identify(cmake-build-debug/ament_cmake_index/share/ament_index) by extensions ['colcon_pkg']
[0.256s] Level 1:colcon.colcon_core.package_identification:_identify(cmake-build-debug/ament_cmake_index/share/ament_index) by extension 'colcon_pkg'
[0.256s] Level 1:colcon.colcon_core.package_identification:_identify(cmake-build-debug/ament_cmake_index/share/ament_index) by extensions ['colcon_meta']
[0.256s] Level 1:colcon.colcon_core.package_identification:_identify(cmake-build-debug/ament_cmake_index/share/ament_index) by extension 'colcon_meta'
[0.256s] Level 1:colcon.colcon_core.package_identification:_identify(cmake-build-debug/ament_cmake_index/share/ament_index) by extensions ['ros']
[0.256s] Level 1:colcon.colcon_core.package_identification:_identify(cmake-build-debug/ament_cmake_index/share/ament_index) by extension 'ros'
[0.256s] Level 1:colcon.colcon_core.package_identification:_identify(cmake-build-debug/ament_cmake_index/share/ament_index) by extensions ['cmake', 'python']
[0.256s] Level 1:colcon.colcon_core.package_identification:_identify(cmake-build-debug/ament_cmake_index/share/ament_index) by extension 'cmake'
[0.256s] Level 1:colcon.colcon_core.package_identification:_identify(cmake-build-debug/ament_cmake_index/share/ament_index) by extension 'python'
[0.257s] Level 1:colcon.colcon_core.package_identification:_identify(cmake-build-debug/ament_cmake_index/share/ament_index) by extensions ['python_setup_py']
[0.257s] Level 1:colcon.colcon_core.package_identification:_identify(cmake-build-debug/ament_cmake_index/share/ament_index) by extension 'python_setup_py'
[0.257s] Level 1:colcon.colcon_core.package_identification:_identify(cmake-build-debug/ament_cmake_index/share/ament_index/resource_index) by extensions ['ignore', 'ignore_ament_install']
[0.257s] Level 1:colcon.colcon_core.package_identification:_identify(cmake-build-debug/ament_cmake_index/share/ament_index/resource_index) by extension 'ignore'
[0.257s] Level 1:colcon.colcon_core.package_identification:_identify(cmake-build-debug/ament_cmake_index/share/ament_index/resource_index) by extension 'ignore_ament_install'
[0.257s] Level 1:colcon.colcon_core.package_identification:_identify(cmake-build-debug/ament_cmake_index/share/ament_index/resource_index) by extensions ['colcon_pkg']
[0.257s] Level 1:colcon.colcon_core.package_identification:_identify(cmake-build-debug/ament_cmake_index/share/ament_index/resource_index) by extension 'colcon_pkg'
[0.257s] Level 1:colcon.colcon_core.package_identification:_identify(cmake-build-debug/ament_cmake_index/share/ament_index/resource_index) by extensions ['colcon_meta']
[0.257s] Level 1:colcon.colcon_core.package_identification:_identify(cmake-build-debug/ament_cmake_index/share/ament_index/resource_index) by extension 'colcon_meta'
[0.257s] Level 1:colcon.colcon_core.package_identification:_identify(cmake-build-debug/ament_cmake_index/share/ament_index/resource_index) by extensions ['ros']
[0.257s] Level 1:colcon.colcon_core.package_identification:_identify(cmake-build-debug/ament_cmake_index/share/ament_index/resource_index) by extension 'ros'
[0.257s] Level 1:colcon.colcon_core.package_identification:_identify(cmake-build-debug/ament_cmake_index/share/ament_index/resource_index) by extensions ['cmake', 'python']
[0.257s] Level 1:colcon.colcon_core.package_identification:_identify(cmake-build-debug/ament_cmake_index/share/ament_index/resource_index) by extension 'cmake'
[0.257s] Level 1:colcon.colcon_core.package_identification:_identify(cmake-build-debug/ament_cmake_index/share/ament_index/resource_index) by extension 'python'
[0.257s] Level 1:colcon.colcon_core.package_identification:_identify(cmake-build-debug/ament_cmake_index/share/ament_index/resource_index) by extensions ['python_setup_py']
[0.257s] Level 1:colcon.colcon_core.package_identification:_identify(cmake-build-debug/ament_cmake_index/share/ament_index/resource_index) by extension 'python_setup_py'
[0.257s] Level 1:colcon.colcon_core.package_identification:_identify(cmake-build-debug/ament_cmake_index/share/ament_index/resource_index/package_run_dependencies) by extensions ['ignore', 'ignore_ament_install']
[0.257s] Level 1:colcon.colcon_core.package_identification:_identify(cmake-build-debug/ament_cmake_index/share/ament_index/resource_index/package_run_dependencies) by extension 'ignore'
[0.257s] Level 1:colcon.colcon_core.package_identification:_identify(cmake-build-debug/ament_cmake_index/share/ament_index/resource_index/package_run_dependencies) by extension 'ignore_ament_install'
[0.257s] Level 1:colcon.colcon_core.package_identification:_identify(cmake-build-debug/ament_cmake_index/share/ament_index/resource_index/package_run_dependencies) by extensions ['colcon_pkg']
[0.257s] Level 1:colcon.colcon_core.package_identification:_identify(cmake-build-debug/ament_cmake_index/share/ament_index/resource_index/package_run_dependencies) by extension 'colcon_pkg'
[0.258s] Level 1:colcon.colcon_core.package_identification:_identify(cmake-build-debug/ament_cmake_index/share/ament_index/resource_index/package_run_dependencies) by extensions ['colcon_meta']
[0.258s] Level 1:colcon.colcon_core.package_identification:_identify(cmake-build-debug/ament_cmake_index/share/ament_index/resource_index/package_run_dependencies) by extension 'colcon_meta'
[0.258s] Level 1:colcon.colcon_core.package_identification:_identify(cmake-build-debug/ament_cmake_index/share/ament_index/resource_index/package_run_dependencies) by extensions ['ros']
[0.258s] Level 1:colcon.colcon_core.package_identification:_identify(cmake-build-debug/ament_cmake_index/share/ament_index/resource_index/package_run_dependencies) by extension 'ros'
[0.258s] Level 1:colcon.colcon_core.package_identification:_identify(cmake-build-debug/ament_cmake_index/share/ament_index/resource_index/package_run_dependencies) by extensions ['cmake', 'python']
[0.258s] Level 1:colcon.colcon_core.package_identification:_identify(cmake-build-debug/ament_cmake_index/share/ament_index/resource_index/package_run_dependencies) by extension 'cmake'
[0.258s] Level 1:colcon.colcon_core.package_identification:_identify(cmake-build-debug/ament_cmake_index/share/ament_index/resource_index/package_run_dependencies) by extension 'python'
[0.258s] Level 1:colcon.colcon_core.package_identification:_identify(cmake-build-debug/ament_cmake_index/share/ament_index/resource_index/package_run_dependencies) by extensions ['python_setup_py']
[0.258s] Level 1:colcon.colcon_core.package_identification:_identify(cmake-build-debug/ament_cmake_index/share/ament_index/resource_index/package_run_dependencies) by extension 'python_setup_py'
[0.258s] Level 1:colcon.colcon_core.package_identification:_identify(cmake-build-debug/ament_cmake_index/share/ament_index/resource_index/packages) by extensions ['ignore', 'ignore_ament_install']
[0.258s] Level 1:colcon.colcon_core.package_identification:_identify(cmake-build-debug/ament_cmake_index/share/ament_index/resource_index/packages) by extension 'ignore'
[0.258s] Level 1:colcon.colcon_core.package_identification:_identify(cmake-build-debug/ament_cmake_index/share/ament_index/resource_index/packages) by extension 'ignore_ament_install'
[0.258s] Level 1:colcon.colcon_core.package_identification:_identify(cmake-build-debug/ament_cmake_index/share/ament_index/resource_index/packages) by extensions ['colcon_pkg']
[0.258s] Level 1:colcon.colcon_core.package_identification:_identify(cmake-build-debug/ament_cmake_index/share/ament_index/resource_index/packages) by extension 'colcon_pkg'
[0.258s] Level 1:colcon.colcon_core.package_identification:_identify(cmake-build-debug/ament_cmake_index/share/ament_index/resource_index/packages) by extensions ['colcon_meta']
[0.258s] Level 1:colcon.colcon_core.package_identification:_identify(cmake-build-debug/ament_cmake_index/share/ament_index/resource_index/packages) by extension 'colcon_meta'
[0.258s] Level 1:colcon.colcon_core.package_identification:_identify(cmake-build-debug/ament_cmake_index/share/ament_index/resource_index/packages) by extensions ['ros']
[0.258s] Level 1:colcon.colcon_core.package_identification:_identify(cmake-build-debug/ament_cmake_index/share/ament_index/resource_index/packages) by extension 'ros'
[0.258s] Level 1:colcon.colcon_core.package_identification:_identify(cmake-build-debug/ament_cmake_index/share/ament_index/resource_index/packages) by extensions ['cmake', 'python']
[0.258s] Level 1:colcon.colcon_core.package_identification:_identify(cmake-build-debug/ament_cmake_index/share/ament_index/resource_index/packages) by extension 'cmake'
[0.258s] Level 1:colcon.colcon_core.package_identification:_identify(cmake-build-debug/ament_cmake_index/share/ament_index/resource_index/packages) by extension 'python'
[0.258s] Level 1:colcon.colcon_core.package_identification:_identify(cmake-build-debug/ament_cmake_index/share/ament_index/resource_index/packages) by extensions ['python_setup_py']
[0.258s] Level 1:colcon.colcon_core.package_identification:_identify(cmake-build-debug/ament_cmake_index/share/ament_index/resource_index/packages) by extension 'python_setup_py'
[0.259s] Level 1:colcon.colcon_core.package_identification:_identify(cmake-build-debug/ament_cmake_index/share/ament_index/resource_index/parent_prefix_path) by extensions ['ignore', 'ignore_ament_install']
[0.259s] Level 1:colcon.colcon_core.package_identification:_identify(cmake-build-debug/ament_cmake_index/share/ament_index/resource_index/parent_prefix_path) by extension 'ignore'
[0.259s] Level 1:colcon.colcon_core.package_identification:_identify(cmake-build-debug/ament_cmake_index/share/ament_index/resource_index/parent_prefix_path) by extension 'ignore_ament_install'
[0.259s] Level 1:colcon.colcon_core.package_identification:_identify(cmake-build-debug/ament_cmake_index/share/ament_index/resource_index/parent_prefix_path) by extensions ['colcon_pkg']
[0.259s] Level 1:colcon.colcon_core.package_identification:_identify(cmake-build-debug/ament_cmake_index/share/ament_index/resource_index/parent_prefix_path) by extension 'colcon_pkg'
[0.259s] Level 1:colcon.colcon_core.package_identification:_identify(cmake-build-debug/ament_cmake_index/share/ament_index/resource_index/parent_prefix_path) by extensions ['colcon_meta']
[0.259s] Level 1:colcon.colcon_core.package_identification:_identify(cmake-build-debug/ament_cmake_index/share/ament_index/resource_index/parent_prefix_path) by extension 'colcon_meta'
[0.259s] Level 1:colcon.colcon_core.package_identification:_identify(cmake-build-debug/ament_cmake_index/share/ament_index/resource_index/parent_prefix_path) by extensions ['ros']
[0.259s] Level 1:colcon.colcon_core.package_identification:_identify(cmake-build-debug/ament_cmake_index/share/ament_index/resource_index/parent_prefix_path) by extension 'ros'
[0.259s] Level 1:colcon.colcon_core.package_identification:_identify(cmake-build-debug/ament_cmake_index/share/ament_index/resource_index/parent_prefix_path) by extensions ['cmake', 'python']
[0.259s] Level 1:colcon.colcon_core.package_identification:_identify(cmake-build-debug/ament_cmake_index/share/ament_index/resource_index/parent_prefix_path) by extension 'cmake'
[0.259s] Level 1:colcon.colcon_core.package_identification:_identify(cmake-build-debug/ament_cmake_index/share/ament_index/resource_index/parent_prefix_path) by extension 'python'
[0.259s] Level 1:colcon.colcon_core.package_identification:_identify(cmake-build-debug/ament_cmake_index/share/ament_index/resource_index/parent_prefix_path) by extensions ['python_setup_py']
[0.259s] Level 1:colcon.colcon_core.package_identification:_identify(cmake-build-debug/ament_cmake_index/share/ament_index/resource_index/parent_prefix_path) by extension 'python_setup_py'
[0.259s] Level 1:colcon.colcon_core.package_identification:_identify(cmake-build-debug/ament_cmake_index/share/ament_index/resource_index/rosidl_interfaces) by extensions ['ignore', 'ignore_ament_install']
[0.259s] Level 1:colcon.colcon_core.package_identification:_identify(cmake-build-debug/ament_cmake_index/share/ament_index/resource_index/rosidl_interfaces) by extension 'ignore'
[0.259s] Level 1:colcon.colcon_core.package_identification:_identify(cmake-build-debug/ament_cmake_index/share/ament_index/resource_index/rosidl_interfaces) by extension 'ignore_ament_install'
[0.259s] Level 1:colcon.colcon_core.package_identification:_identify(cmake-build-debug/ament_cmake_index/share/ament_index/resource_index/rosidl_interfaces) by extensions ['colcon_pkg']
[0.259s] Level 1:colcon.colcon_core.package_identification:_identify(cmake-build-debug/ament_cmake_index/share/ament_index/resource_index/rosidl_interfaces) by extension 'colcon_pkg'
[0.259s] Level 1:colcon.colcon_core.package_identification:_identify(cmake-build-debug/ament_cmake_index/share/ament_index/resource_index/rosidl_interfaces) by extensions ['colcon_meta']
[0.259s] Level 1:colcon.colcon_core.package_identification:_identify(cmake-build-debug/ament_cmake_index/share/ament_index/resource_index/rosidl_interfaces) by extension 'colcon_meta'
[0.259s] Level 1:colcon.colcon_core.package_identification:_identify(cmake-build-debug/ament_cmake_index/share/ament_index/resource_index/rosidl_interfaces) by extensions ['ros']
[0.260s] Level 1:colcon.colcon_core.package_identification:_identify(cmake-build-debug/ament_cmake_index/share/ament_index/resource_index/rosidl_interfaces) by extension 'ros'
[0.260s] Level 1:colcon.colcon_core.package_identification:_identify(cmake-build-debug/ament_cmake_index/share/ament_index/resource_index/rosidl_interfaces) by extensions ['cmake', 'python']
[0.260s] Level 1:colcon.colcon_core.package_identification:_identify(cmake-build-debug/ament_cmake_index/share/ament_index/resource_index/rosidl_interfaces) by extension 'cmake'
[0.260s] Level 1:colcon.colcon_core.package_identification:_identify(cmake-build-debug/ament_cmake_index/share/ament_index/resource_index/rosidl_interfaces) by extension 'python'
[0.260s] Level 1:colcon.colcon_core.package_identification:_identify(cmake-build-debug/ament_cmake_index/share/ament_index/resource_index/rosidl_interfaces) by extensions ['python_setup_py']
[0.260s] Level 1:colcon.colcon_core.package_identification:_identify(cmake-build-debug/ament_cmake_index/share/ament_index/resource_index/rosidl_interfaces) by extension 'python_setup_py'
[0.260s] Level 1:colcon.colcon_core.package_identification:_identify(cmake-build-debug/ament_cppcheck) by extensions ['ignore', 'ignore_ament_install']
[0.260s] Level 1:colcon.colcon_core.package_identification:_identify(cmake-build-debug/ament_cppcheck) by extension 'ignore'
[0.260s] Level 1:colcon.colcon_core.package_identification:_identify(cmake-build-debug/ament_cppcheck) by extension 'ignore_ament_install'
[0.260s] Level 1:colcon.colcon_core.package_identification:_identify(cmake-build-debug/ament_cppcheck) by extensions ['colcon_pkg']
[0.260s] Level 1:colcon.colcon_core.package_identification:_identify(cmake-build-debug/ament_cppcheck) by extension 'colcon_pkg'
[0.260s] Level 1:colcon.colcon_core.package_identification:_identify(cmake-build-debug/ament_cppcheck) by extensions ['colcon_meta']
[0.260s] Level 1:colcon.colcon_core.package_identification:_identify(cmake-build-debug/ament_cppcheck) by extension 'colcon_meta'
[0.260s] Level 1:colcon.colcon_core.package_identification:_identify(cmake-build-debug/ament_cppcheck) by extensions ['ros']
[0.260s] Level 1:colcon.colcon_core.package_identification:_identify(cmake-build-debug/ament_cppcheck) by extension 'ros'
[0.260s] Level 1:colcon.colcon_core.package_identification:_identify(cmake-build-debug/ament_cppcheck) by extensions ['cmake', 'python']
[0.260s] Level 1:colcon.colcon_core.package_identification:_identify(cmake-build-debug/ament_cppcheck) by extension 'cmake'
[0.260s] Level 1:colcon.colcon_core.package_identification:_identify(cmake-build-debug/ament_cppcheck) by extension 'python'
[0.260s] Level 1:colcon.colcon_core.package_identification:_identify(cmake-build-debug/ament_cppcheck) by extensions ['python_setup_py']
[0.260s] Level 1:colcon.colcon_core.package_identification:_identify(cmake-build-debug/ament_cppcheck) by extension 'python_setup_py'
[0.260s] Level 1:colcon.colcon_core.package_identification:_identify(cmake-build-debug/ament_lint_cmake) by extensions ['ignore', 'ignore_ament_install']
[0.260s] Level 1:colcon.colcon_core.package_identification:_identify(cmake-build-debug/ament_lint_cmake) by extension 'ignore'
[0.260s] Level 1:colcon.colcon_core.package_identification:_identify(cmake-build-debug/ament_lint_cmake) by extension 'ignore_ament_install'
[0.261s] Level 1:colcon.colcon_core.package_identification:_identify(cmake-build-debug/ament_lint_cmake) by extensions ['colcon_pkg']
[0.261s] Level 1:colcon.colcon_core.package_identification:_identify(cmake-build-debug/ament_lint_cmake) by extension 'colcon_pkg'
[0.261s] Level 1:colcon.colcon_core.package_identification:_identify(cmake-build-debug/ament_lint_cmake) by extensions ['colcon_meta']
[0.261s] Level 1:colcon.colcon_core.package_identification:_identify(cmake-build-debug/ament_lint_cmake) by extension 'colcon_meta'
[0.261s] Level 1:colcon.colcon_core.package_identification:_identify(cmake-build-debug/ament_lint_cmake) by extensions ['ros']
[0.261s] Level 1:colcon.colcon_core.package_identification:_identify(cmake-build-debug/ament_lint_cmake) by extension 'ros'
[0.261s] Level 1:colcon.colcon_core.package_identification:_identify(cmake-build-debug/ament_lint_cmake) by extensions ['cmake', 'python']
[0.261s] Level 1:colcon.colcon_core.package_identification:_identify(cmake-build-debug/ament_lint_cmake) by extension 'cmake'
[0.261s] Level 1:colcon.colcon_core.package_identification:_identify(cmake-build-debug/ament_lint_cmake) by extension 'python'
[0.261s] Level 1:colcon.colcon_core.package_identification:_identify(cmake-build-debug/ament_lint_cmake) by extensions ['python_setup_py']
[0.261s] Level 1:colcon.colcon_core.package_identification:_identify(cmake-build-debug/ament_lint_cmake) by extension 'python_setup_py'
[0.261s] Level 1:colcon.colcon_core.package_identification:_identify(cmake-build-debug/ament_uncrustify) by extensions ['ignore', 'ignore_ament_install']
[0.261s] Level 1:colcon.colcon_core.package_identification:_identify(cmake-build-debug/ament_uncrustify) by extension 'ignore'
[0.261s] Level 1:colcon.colcon_core.package_identification:_identify(cmake-build-debug/ament_uncrustify) by extension 'ignore_ament_install'
[0.261s] Level 1:colcon.colcon_core.package_identification:_identify(cmake-build-debug/ament_uncrustify) by extensions ['colcon_pkg']
[0.261s] Level 1:colcon.colcon_core.package_identification:_identify(cmake-build-debug/ament_uncrustify) by extension 'colcon_pkg'
[0.261s] Level 1:colcon.colcon_core.package_identification:_identify(cmake-build-debug/ament_uncrustify) by extensions ['colcon_meta']
[0.261s] Level 1:colcon.colcon_core.package_identification:_identify(cmake-build-debug/ament_uncrustify) by extension 'colcon_meta'
[0.261s] Level 1:colcon.colcon_core.package_identification:_identify(cmake-build-debug/ament_uncrustify) by extensions ['ros']
[0.261s] Level 1:colcon.colcon_core.package_identification:_identify(cmake-build-debug/ament_uncrustify) by extension 'ros'
[0.261s] Level 1:colcon.colcon_core.package_identification:_identify(cmake-build-debug/ament_uncrustify) by extensions ['cmake', 'python']
[0.261s] Level 1:colcon.colcon_core.package_identification:_identify(cmake-build-debug/ament_uncrustify) by extension 'cmake'
[0.261s] Level 1:colcon.colcon_core.package_identification:_identify(cmake-build-debug/ament_uncrustify) by extension 'python'
[0.261s] Level 1:colcon.colcon_core.package_identification:_identify(cmake-build-debug/ament_uncrustify) by extensions ['python_setup_py']
[0.261s] Level 1:colcon.colcon_core.package_identification:_identify(cmake-build-debug/ament_uncrustify) by extension 'python_setup_py'
[0.262s] Level 1:colcon.colcon_core.package_identification:_identify(cmake-build-debug/ament_xmllint) by extensions ['ignore', 'ignore_ament_install']
[0.262s] Level 1:colcon.colcon_core.package_identification:_identify(cmake-build-debug/ament_xmllint) by extension 'ignore'
[0.262s] Level 1:colcon.colcon_core.package_identification:_identify(cmake-build-debug/ament_xmllint) by extension 'ignore_ament_install'
[0.262s] Level 1:colcon.colcon_core.package_identification:_identify(cmake-build-debug/ament_xmllint) by extensions ['colcon_pkg']
[0.262s] Level 1:colcon.colcon_core.package_identification:_identify(cmake-build-debug/ament_xmllint) by extension 'colcon_pkg'
[0.262s] Level 1:colcon.colcon_core.package_identification:_identify(cmake-build-debug/ament_xmllint) by extensions ['colcon_meta']
[0.262s] Level 1:colcon.colcon_core.package_identification:_identify(cmake-build-debug/ament_xmllint) by extension 'colcon_meta'
[0.262s] Level 1:colcon.colcon_core.package_identification:_identify(cmake-build-debug/ament_xmllint) by extensions ['ros']
[0.262s] Level 1:colcon.colcon_core.package_identification:_identify(cmake-build-debug/ament_xmllint) by extension 'ros'
[0.262s] Level 1:colcon.colcon_core.package_identification:_identify(cmake-build-debug/ament_xmllint) by extensions ['cmake', 'python']
[0.262s] Level 1:colcon.colcon_core.package_identification:_identify(cmake-build-debug/ament_xmllint) by extension 'cmake'
[0.262s] Level 1:colcon.colcon_core.package_identification:_identify(cmake-build-debug/ament_xmllint) by extension 'python'
[0.262s] Level 1:colcon.colcon_core.package_identification:_identify(cmake-build-debug/ament_xmllint) by extensions ['python_setup_py']
[0.262s] Level 1:colcon.colcon_core.package_identification:_identify(cmake-build-debug/ament_xmllint) by extension 'python_setup_py'
[0.262s] Level 1:colcon.colcon_core.package_identification:_identify(cmake-build-debug/log) by extensions ['ignore', 'ignore_ament_install']
[0.262s] Level 1:colcon.colcon_core.package_identification:_identify(cmake-build-debug/log) by extension 'ignore'
[0.262s] Level 1:colcon.colcon_core.package_identification:_identify(cmake-build-debug/log) ignored
[0.262s] Level 1:colcon.colcon_core.package_identification:_identify(install) by extensions ['ignore', 'ignore_ament_install']
[0.262s] Level 1:colcon.colcon_core.package_identification:_identify(install) by extension 'ignore'
[0.262s] Level 1:colcon.colcon_core.package_identification:_identify(install) ignored
[0.263s] Level 1:colcon.colcon_core.package_identification:_identify(log) by extensions ['ignore', 'ignore_ament_install']
[0.263s] Level 1:colcon.colcon_core.package_identification:_identify(log) by extension 'ignore'
[0.263s] Level 1:colcon.colcon_core.package_identification:_identify(log) ignored
[0.263s] Level 1:colcon.colcon_core.package_identification:_identify(src) by extensions ['ignore', 'ignore_ament_install']
[0.263s] Level 1:colcon.colcon_core.package_identification:_identify(src) by extension 'ignore'
[0.263s] Level 1:colcon.colcon_core.package_identification:_identify(src) by extension 'ignore_ament_install'
[0.263s] Level 1:colcon.colcon_core.package_identification:_identify(src) by extensions ['colcon_pkg']
[0.263s] Level 1:colcon.colcon_core.package_identification:_identify(src) by extension 'colcon_pkg'
[0.263s] Level 1:colcon.colcon_core.package_identification:_identify(src) by extensions ['colcon_meta']
[0.263s] Level 1:colcon.colcon_core.package_identification:_identify(src) by extension 'colcon_meta'
[0.263s] Level 1:colcon.colcon_core.package_identification:_identify(src) by extensions ['ros']
[0.263s] Level 1:colcon.colcon_core.package_identification:_identify(src) by extension 'ros'
[0.263s] Level 1:colcon.colcon_core.package_identification:_identify(src) by extensions ['cmake', 'python']
[0.263s] Level 1:colcon.colcon_core.package_identification:_identify(src) by extension 'cmake'
[0.263s] Level 1:colcon.colcon_core.package_identification:_identify(src) by extension 'python'
[0.263s] Level 1:colcon.colcon_core.package_identification:_identify(src) by extensions ['python_setup_py']
[0.263s] Level 1:colcon.colcon_core.package_identification:_identify(src) by extension 'python_setup_py'
[0.263s] Level 1:colcon.colcon_core.package_identification:_identify(src/base_interfaces_demo) by extensions ['ignore', 'ignore_ament_install']
[0.263s] Level 1:colcon.colcon_core.package_identification:_identify(src/base_interfaces_demo) by extension 'ignore'
[0.263s] Level 1:colcon.colcon_core.package_identification:_identify(src/base_interfaces_demo) by extension 'ignore_ament_install'
[0.264s] Level 1:colcon.colcon_core.package_identification:_identify(src/base_interfaces_demo) by extensions ['colcon_pkg']
[0.264s] Level 1:colcon.colcon_core.package_identification:_identify(src/base_interfaces_demo) by extension 'colcon_pkg'
[0.264s] Level 1:colcon.colcon_core.package_identification:_identify(src/base_interfaces_demo) by extensions ['colcon_meta']
[0.264s] Level 1:colcon.colcon_core.package_identification:_identify(src/base_interfaces_demo) by extension 'colcon_meta'
[0.264s] Level 1:colcon.colcon_core.package_identification:_identify(src/base_interfaces_demo) by extensions ['ros']
[0.264s] Level 1:colcon.colcon_core.package_identification:_identify(src/base_interfaces_demo) by extension 'ros'
[0.267s] DEBUG:colcon.colcon_core.package_identification:Package 'src/base_interfaces_demo' with type 'ros.ament_cmake' and name 'base_interfaces_demo'
[0.267s] Level 1:colcon.colcon_core.package_identification:_identify(src/cpp01_topic) by extensions ['ignore', 'ignore_ament_install']
[0.267s] Level 1:colcon.colcon_core.package_identification:_identify(src/cpp01_topic) by extension 'ignore'
[0.267s] Level 1:colcon.colcon_core.package_identification:_identify(src/cpp01_topic) by extension 'ignore_ament_install'
[0.267s] Level 1:colcon.colcon_core.package_identification:_identify(src/cpp01_topic) by extensions ['colcon_pkg']
[0.267s] Level 1:colcon.colcon_core.package_identification:_identify(src/cpp01_topic) by extension 'colcon_pkg'
[0.267s] Level 1:colcon.colcon_core.package_identification:_identify(src/cpp01_topic) by extensions ['colcon_meta']
[0.267s] Level 1:colcon.colcon_core.package_identification:_identify(src/cpp01_topic) by extension 'colcon_meta'
[0.267s] Level 1:colcon.colcon_core.package_identification:_identify(src/cpp01_topic) by extensions ['ros']
[0.267s] Level 1:colcon.colcon_core.package_identification:_identify(src/cpp01_topic) by extension 'ros'
[0.268s] DEBUG:colcon.colcon_core.package_identification:Package 'src/cpp01_topic' with type 'ros.ament_cmake' and name 'cpp01_topic'
[0.268s] Level 1:colcon.colcon_core.package_identification:_identify(src/cpp02_service) by extensions ['ignore', 'ignore_ament_install']
[0.268s] Level 1:colcon.colcon_core.package_identification:_identify(src/cpp02_service) by extension 'ignore'
[0.268s] Level 1:colcon.colcon_core.package_identification:_identify(src/cpp02_service) by extension 'ignore_ament_install'
[0.268s] Level 1:colcon.colcon_core.package_identification:_identify(src/cpp02_service) by extensions ['colcon_pkg']
[0.269s] Level 1:colcon.colcon_core.package_identification:_identify(src/cpp02_service) by extension 'colcon_pkg'
[0.269s] Level 1:colcon.colcon_core.package_identification:_identify(src/cpp02_service) by extensions ['colcon_meta']
[0.269s] Level 1:colcon.colcon_core.package_identification:_identify(src/cpp02_service) by extension 'colcon_meta'
[0.269s] Level 1:colcon.colcon_core.package_identification:_identify(src/cpp02_service) by extensions ['ros']
[0.269s] Level 1:colcon.colcon_core.package_identification:_identify(src/cpp02_service) by extension 'ros'
[0.269s] DEBUG:colcon.colcon_core.package_identification:Package 'src/cpp02_service' with type 'ros.ament_cmake' and name 'cpp02_service'
[0.270s] Level 1:colcon.colcon_core.package_identification:_identify(src/cpp03_action) by extensions ['ignore', 'ignore_ament_install']
[0.270s] Level 1:colcon.colcon_core.package_identification:_identify(src/cpp03_action) by extension 'ignore'
[0.270s] Level 1:colcon.colcon_core.package_identification:_identify(src/cpp03_action) by extension 'ignore_ament_install'
[0.270s] Level 1:colcon.colcon_core.package_identification:_identify(src/cpp03_action) by extensions ['colcon_pkg']
[0.270s] Level 1:colcon.colcon_core.package_identification:_identify(src/cpp03_action) by extension 'colcon_pkg'
[0.270s] Level 1:colcon.colcon_core.package_identification:_identify(src/cpp03_action) by extensions ['colcon_meta']
[0.270s] Level 1:colcon.colcon_core.package_identification:_identify(src/cpp03_action) by extension 'colcon_meta'
[0.270s] Level 1:colcon.colcon_core.package_identification:_identify(src/cpp03_action) by extensions ['ros']
[0.270s] Level 1:colcon.colcon_core.package_identification:_identify(src/cpp03_action) by extension 'ros'
[0.271s] DEBUG:colcon.colcon_core.package_identification:Package 'src/cpp03_action' with type 'ros.ament_cmake' and name 'cpp03_action'
[0.271s] Level 1:colcon.colcon_core.package_identification:_identify(src/cpp04_param) by extensions ['ignore', 'ignore_ament_install']
[0.271s] Level 1:colcon.colcon_core.package_identification:_identify(src/cpp04_param) by extension 'ignore'
[0.271s] Level 1:colcon.colcon_core.package_identification:_identify(src/cpp04_param) by extension 'ignore_ament_install'
[0.271s] Level 1:colcon.colcon_core.package_identification:_identify(src/cpp04_param) by extensions ['colcon_pkg']
[0.271s] Level 1:colcon.colcon_core.package_identification:_identify(src/cpp04_param) by extension 'colcon_pkg'
[0.271s] Level 1:colcon.colcon_core.package_identification:_identify(src/cpp04_param) by extensions ['colcon_meta']
[0.271s] Level 1:colcon.colcon_core.package_identification:_identify(src/cpp04_param) by extension 'colcon_meta'
[0.271s] Level 1:colcon.colcon_core.package_identification:_identify(src/cpp04_param) by extensions ['ros']
[0.271s] Level 1:colcon.colcon_core.package_identification:_identify(src/cpp04_param) by extension 'ros'
[0.271s] DEBUG:colcon.colcon_core.package_identification:Package 'src/cpp04_param' with type 'ros.ament_cmake' and name 'cpp04_param'
[0.272s] Level 1:colcon.colcon_core.package_identification:_identify(src/py02_service) by extensions ['ignore', 'ignore_ament_install']
[0.272s] Level 1:colcon.colcon_core.package_identification:_identify(src/py02_service) by extension 'ignore'
[0.272s] Level 1:colcon.colcon_core.package_identification:_identify(src/py02_service) by extension 'ignore_ament_install'
[0.272s] Level 1:colcon.colcon_core.package_identification:_identify(src/py02_service) by extensions ['colcon_pkg']
[0.272s] Level 1:colcon.colcon_core.package_identification:_identify(src/py02_service) by extension 'colcon_pkg'
[0.272s] Level 1:colcon.colcon_core.package_identification:_identify(src/py02_service) by extensions ['colcon_meta']
[0.272s] Level 1:colcon.colcon_core.package_identification:_identify(src/py02_service) by extension 'colcon_meta'
[0.272s] Level 1:colcon.colcon_core.package_identification:_identify(src/py02_service) by extensions ['ros']
[0.272s] Level 1:colcon.colcon_core.package_identification:_identify(src/py02_service) by extension 'ros'
[0.272s] DEBUG:colcon.colcon_core.package_identification:Package 'src/py02_service' with type 'ros.ament_python' and name 'py02_service'
[0.273s] Level 1:colcon.colcon_core.package_identification:_identify(src/py03_action) by extensions ['ignore', 'ignore_ament_install']
[0.273s] Level 1:colcon.colcon_core.package_identification:_identify(src/py03_action) by extension 'ignore'
[0.273s] Level 1:colcon.colcon_core.package_identification:_identify(src/py03_action) by extension 'ignore_ament_install'
[0.273s] Level 1:colcon.colcon_core.package_identification:_identify(src/py03_action) by extensions ['colcon_pkg']
[0.273s] Level 1:colcon.colcon_core.package_identification:_identify(src/py03_action) by extension 'colcon_pkg'
[0.273s] Level 1:colcon.colcon_core.package_identification:_identify(src/py03_action) by extensions ['colcon_meta']
[0.273s] Level 1:colcon.colcon_core.package_identification:_identify(src/py03_action) by extension 'colcon_meta'
[0.273s] Level 1:colcon.colcon_core.package_identification:_identify(src/py03_action) by extensions ['ros']
[0.273s] Level 1:colcon.colcon_core.package_identification:_identify(src/py03_action) by extension 'ros'
[0.273s] DEBUG:colcon.colcon_core.package_identification:Package 'src/py03_action' with type 'ros.ament_python' and name 'py03_action'
[0.274s] Level 1:colcon.colcon_core.package_identification:_identify(src/py04_param) by extensions ['ignore', 'ignore_ament_install']
[0.274s] Level 1:colcon.colcon_core.package_identification:_identify(src/py04_param) by extension 'ignore'
[0.274s] Level 1:colcon.colcon_core.package_identification:_identify(src/py04_param) by extension 'ignore_ament_install'
[0.274s] Level 1:colcon.colcon_core.package_identification:_identify(src/py04_param) by extensions ['colcon_pkg']
[0.274s] Level 1:colcon.colcon_core.package_identification:_identify(src/py04_param) by extension 'colcon_pkg'
[0.274s] Level 1:colcon.colcon_core.package_identification:_identify(src/py04_param) by extensions ['colcon_meta']
[0.274s] Level 1:colcon.colcon_core.package_identification:_identify(src/py04_param) by extension 'colcon_meta'
[0.274s] Level 1:colcon.colcon_core.package_identification:_identify(src/py04_param) by extensions ['ros']
[0.274s] Level 1:colcon.colcon_core.package_identification:_identify(src/py04_param) by extension 'ros'
[0.274s] DEBUG:colcon.colcon_core.package_identification:Package 'src/py04_param' with type 'ros.ament_python' and name 'py04_param'
[0.275s] Level 1:colcon.colcon_core.package_identification:_identify(src/tutorails_plumbing) by extensions ['ignore', 'ignore_ament_install']
[0.275s] Level 1:colcon.colcon_core.package_identification:_identify(src/tutorails_plumbing) by extension 'ignore'
[0.275s] Level 1:colcon.colcon_core.package_identification:_identify(src/tutorails_plumbing) by extension 'ignore_ament_install'
[0.275s] Level 1:colcon.colcon_core.package_identification:_identify(src/tutorails_plumbing) by extensions ['colcon_pkg']
[0.275s] Level 1:colcon.colcon_core.package_identification:_identify(src/tutorails_plumbing) by extension 'colcon_pkg'
[0.275s] Level 1:colcon.colcon_core.package_identification:_identify(src/tutorails_plumbing) by extensions ['colcon_meta']
[0.275s] Level 1:colcon.colcon_core.package_identification:_identify(src/tutorails_plumbing) by extension 'colcon_meta'
[0.275s] Level 1:colcon.colcon_core.package_identification:_identify(src/tutorails_plumbing) by extensions ['ros']
[0.275s] Level 1:colcon.colcon_core.package_identification:_identify(src/tutorails_plumbing) by extension 'ros'
[0.275s] DEBUG:colcon.colcon_core.package_identification:Package 'src/tutorails_plumbing' with type 'ros.ament_cmake' and name 'tutorails_plumbing'
[0.275s] Level 1:colcon.colcon_core.package_discovery:discover_packages(recursive) using defaults
[0.275s] Level 1:colcon.colcon_core.package_discovery:discover_packages(ignore) discover
[0.275s] Level 1:colcon.colcon_core.package_discovery:discover_packages(ignore) using defaults
[0.275s] Level 1:colcon.colcon_core.package_discovery:discover_packages(path) discover
[0.275s] Level 1:colcon.colcon_core.package_discovery:discover_packages(path) using defaults
[0.294s] INFO:colcon.colcon_core.package_selection:Skipping not selected package 'base_interfaces_demo' in 'src/base_interfaces_demo'
[0.294s] INFO:colcon.colcon_core.package_selection:Skipping not selected package 'cpp04_param' in 'src/cpp04_param'
[0.294s] INFO:colcon.colcon_core.package_selection:Skipping not selected package 'py04_param' in 'src/py04_param'
[0.294s] INFO:colcon.colcon_core.package_selection:Skipping not selected package 'cpp01_topic' in 'src/cpp01_topic'
[0.294s] INFO:colcon.colcon_core.package_selection:Skipping not selected package 'cpp02_service' in 'src/cpp02_service'
[0.295s] INFO:colcon.colcon_core.package_selection:Skipping not selected package 'cpp03_action' in 'src/cpp03_action'
[0.295s] INFO:colcon.colcon_core.package_selection:Skipping not selected package 'py02_service' in 'src/py02_service'
[0.295s] INFO:colcon.colcon_core.package_selection:Skipping not selected package 'py03_action' in 'src/py03_action'
[0.295s] Level 1:colcon.colcon_core.package_discovery:discover_packages(prefix_path) check parameters
[0.295s] Level 1:colcon.colcon_core.package_discovery:discover_packages(prefix_path) discover
[0.296s] DEBUG:colcon.colcon_installed_package_information.package_discovery:Found 6 installed packages in /home/cl/CLionProjects/ws01_plumbing/install
[0.297s] DEBUG:colcon.colcon_installed_package_information.package_discovery:Found 273 installed packages in /opt/ros/humble
[0.310s] Level 1:colcon.colcon_core.package_discovery:discover_packages(prefix_path) using defaults
[0.343s] Level 5:colcon.colcon_core.verb:set package 'tutorails_plumbing' build argument 'cmake_args' from command line to 'None'
[0.343s] Level 5:colcon.colcon_core.verb:set package 'tutorails_plumbing' build argument 'cmake_target' from command line to 'None'
[0.343s] Level 5:colcon.colcon_core.verb:set package 'tutorails_plumbing' build argument 'cmake_target_skip_unavailable' from command line to 'False'
[0.343s] Level 5:colcon.colcon_core.verb:set package 'tutorails_plumbing' build argument 'cmake_clean_cache' from command line to 'False'
[0.344s] Level 5:colcon.colcon_core.verb:set package 'tutorails_plumbing' build argument 'cmake_clean_first' from command line to 'False'
[0.344s] Level 5:colcon.colcon_core.verb:set package 'tutorails_plumbing' build argument 'cmake_force_configure' from command line to 'False'
[0.344s] Level 5:colcon.colcon_core.verb:set package 'tutorails_plumbing' build argument 'ament_cmake_args' from command line to 'None'
[0.344s] Level 5:colcon.colcon_core.verb:set package 'tutorails_plumbing' build argument 'catkin_cmake_args' from command line to 'None'
[0.344s] Level 5:colcon.colcon_core.verb:set package 'tutorails_plumbing' build argument 'catkin_skip_building_tests' from command line to 'False'
[0.344s] DEBUG:colcon.colcon_core.verb:Building package 'tutorails_plumbing' with the following arguments: {'ament_cmake_args': None, 'build_base': '/home/cl/CLionProjects/ws01_plumbing/build/tutorails_plumbing', 'catkin_cmake_args': None, 'catkin_skip_building_tests': False, 'cmake_args': None, 'cmake_clean_cache': False, 'cmake_clean_first': False, 'cmake_force_configure': False, 'cmake_target': None, 'cmake_target_skip_unavailable': False, 'install_base': '/home/cl/CLionProjects/ws01_plumbing/install/tutorails_plumbing', 'merge_install': False, 'path': '/home/cl/CLionProjects/ws01_plumbing/src/tutorails_plumbing', 'symlink_install': False, 'test_result_base': None}
[0.344s] INFO:colcon.colcon_core.executor:Executing jobs using 'parallel' executor
[0.345s] DEBUG:colcon.colcon_parallel_executor.executor.parallel:run_until_complete
[0.345s] INFO:colcon.colcon_ros.task.ament_cmake.build:Building ROS package in '/home/cl/CLionProjects/ws01_plumbing/src/tutorails_plumbing' with build type 'ament_cmake'
[0.345s] INFO:colcon.colcon_cmake.task.cmake.build:Building CMake package in '/home/cl/CLionProjects/ws01_plumbing/src/tutorails_plumbing'
[0.347s] INFO:colcon.colcon_core.plugin_system:Skipping extension 'colcon_core.shell.bat': Not used on non-Windows systems
[0.347s] INFO:colcon.colcon_core.shell:Skip shell extension 'powershell' for command environment: Not usable outside of PowerShell
[0.347s] DEBUG:colcon.colcon_core.shell:Skip shell extension 'dsv' for command environment
[0.357s] DEBUG:colcon.colcon_core.event_handler.log_command:Invoking command in '/home/cl/CLionProjects/ws01_plumbing/build/tutorails_plumbing': CMAKE_PREFIX_PATH=/home/cl/CLionProjects/ws01_plumbing/install/cpp03_action:/home/cl/CLionProjects/ws01_plumbing/install/cpp02_service:/home/cl/CLionProjects/ws01_plumbing/install/cpp01_topic:/home/cl/CLionProjects/ws01_plumbing/install/cpp04_param:/home/cl/CLionProjects/ws01_plumbing/install/base_interfaces_demo:/opt/ros/humble /usr/bin/cmake /home/cl/CLionProjects/ws01_plumbing/src/tutorails_plumbing -DCMAKE_INSTALL_PREFIX=/home/cl/CLionProjects/ws01_plumbing/install/tutorails_plumbing
[0.848s] DEBUG:colcon.colcon_core.event_handler.log_command:Invoked command in '/home/cl/CLionProjects/ws01_plumbing/build/tutorails_plumbing' returned '0': CMAKE_PREFIX_PATH=/home/cl/CLionProjects/ws01_plumbing/install/cpp03_action:/home/cl/CLionProjects/ws01_plumbing/install/cpp02_service:/home/cl/CLionProjects/ws01_plumbing/install/cpp01_topic:/home/cl/CLionProjects/ws01_plumbing/install/cpp04_param:/home/cl/CLionProjects/ws01_plumbing/install/base_interfaces_demo:/opt/ros/humble /usr/bin/cmake /home/cl/CLionProjects/ws01_plumbing/src/tutorails_plumbing -DCMAKE_INSTALL_PREFIX=/home/cl/CLionProjects/ws01_plumbing/install/tutorails_plumbing
[0.850s] DEBUG:colcon.colcon_core.event_handler.log_command:Invoking command in '/home/cl/CLionProjects/ws01_plumbing/build/tutorails_plumbing': CMAKE_PREFIX_PATH=/home/cl/CLionProjects/ws01_plumbing/install/cpp03_action:/home/cl/CLionProjects/ws01_plumbing/install/cpp02_service:/home/cl/CLionProjects/ws01_plumbing/install/cpp01_topic:/home/cl/CLionProjects/ws01_plumbing/install/cpp04_param:/home/cl/CLionProjects/ws01_plumbing/install/base_interfaces_demo:/opt/ros/humble /usr/bin/cmake --build /home/cl/CLionProjects/ws01_plumbing/build/tutorails_plumbing -- -j8 -l8
[0.881s] DEBUG:colcon.colcon_core.event_handler.log_command:Invoked command in '/home/cl/CLionProjects/ws01_plumbing/build/tutorails_plumbing' returned '0': CMAKE_PREFIX_PATH=/home/cl/CLionProjects/ws01_plumbing/install/cpp03_action:/home/cl/CLionProjects/ws01_plumbing/install/cpp02_service:/home/cl/CLionProjects/ws01_plumbing/install/cpp01_topic:/home/cl/CLionProjects/ws01_plumbing/install/cpp04_param:/home/cl/CLionProjects/ws01_plumbing/install/base_interfaces_demo:/opt/ros/humble /usr/bin/cmake --build /home/cl/CLionProjects/ws01_plumbing/build/tutorails_plumbing -- -j8 -l8
[0.889s] DEBUG:colcon.colcon_core.event_handler.log_command:Invoking command in '/home/cl/CLionProjects/ws01_plumbing/build/tutorails_plumbing': CMAKE_PREFIX_PATH=/home/cl/CLionProjects/ws01_plumbing/install/cpp03_action:/home/cl/CLionProjects/ws01_plumbing/install/cpp02_service:/home/cl/CLionProjects/ws01_plumbing/install/cpp01_topic:/home/cl/CLionProjects/ws01_plumbing/install/cpp04_param:/home/cl/CLionProjects/ws01_plumbing/install/base_interfaces_demo:/opt/ros/humble /usr/bin/cmake --install /home/cl/CLionProjects/ws01_plumbing/build/tutorails_plumbing
[0.897s] Level 1:colcon.colcon_core.environment:create_environment_scripts_only(tutorails_plumbing)
[0.898s] DEBUG:colcon.colcon_core.event_handler.log_command:Invoked command in '/home/cl/CLionProjects/ws01_plumbing/build/tutorails_plumbing' returned '0': CMAKE_PREFIX_PATH=/home/cl/CLionProjects/ws01_plumbing/install/cpp03_action:/home/cl/CLionProjects/ws01_plumbing/install/cpp02_service:/home/cl/CLionProjects/ws01_plumbing/install/cpp01_topic:/home/cl/CLionProjects/ws01_plumbing/install/cpp04_param:/home/cl/CLionProjects/ws01_plumbing/install/base_interfaces_demo:/opt/ros/humble /usr/bin/cmake --install /home/cl/CLionProjects/ws01_plumbing/build/tutorails_plumbing
[0.900s] Level 1:colcon.colcon_core.environment:checking '/home/cl/CLionProjects/ws01_plumbing/install/tutorails_plumbing' for CMake module files
[0.900s] Level 1:colcon.colcon_core.environment:checking '/home/cl/CLionProjects/ws01_plumbing/install/tutorails_plumbing' for CMake config files
[0.901s] Level 1:colcon.colcon_core.shell:create_environment_hook('tutorails_plumbing', 'cmake_prefix_path')
[0.901s] INFO:colcon.colcon_core.shell:Creating environment hook '/home/cl/CLionProjects/ws01_plumbing/install/tutorails_plumbing/share/tutorails_plumbing/hook/cmake_prefix_path.ps1'
[0.901s] INFO:colcon.colcon_core.shell:Creating environment descriptor '/home/cl/CLionProjects/ws01_plumbing/install/tutorails_plumbing/share/tutorails_plumbing/hook/cmake_prefix_path.dsv'
[0.902s] INFO:colcon.colcon_core.shell:Creating environment hook '/home/cl/CLionProjects/ws01_plumbing/install/tutorails_plumbing/share/tutorails_plumbing/hook/cmake_prefix_path.sh'
[0.902s] Level 1:colcon.colcon_core.environment:checking '/home/cl/CLionProjects/ws01_plumbing/install/tutorails_plumbing/bin'
[0.902s] Level 1:colcon.colcon_core.environment:checking '/home/cl/CLionProjects/ws01_plumbing/install/tutorails_plumbing/lib/pkgconfig/tutorails_plumbing.pc'
[0.903s] Level 1:colcon.colcon_core.environment:checking '/home/cl/CLionProjects/ws01_plumbing/install/tutorails_plumbing/lib/python3.10/site-packages'
[0.903s] Level 1:colcon.colcon_core.environment:checking '/home/cl/CLionProjects/ws01_plumbing/install/tutorails_plumbing/bin'
[0.903s] INFO:colcon.colcon_core.shell:Creating package script '/home/cl/CLionProjects/ws01_plumbing/install/tutorails_plumbing/share/tutorails_plumbing/package.ps1'
[0.904s] INFO:colcon.colcon_core.shell:Creating package descriptor '/home/cl/CLionProjects/ws01_plumbing/install/tutorails_plumbing/share/tutorails_plumbing/package.dsv'
[0.904s] INFO:colcon.colcon_core.shell:Creating package script '/home/cl/CLionProjects/ws01_plumbing/install/tutorails_plumbing/share/tutorails_plumbing/package.sh'
[0.905s] INFO:colcon.colcon_core.shell:Creating package script '/home/cl/CLionProjects/ws01_plumbing/install/tutorails_plumbing/share/tutorails_plumbing/package.bash'
[0.906s] INFO:colcon.colcon_core.shell:Creating package script '/home/cl/CLionProjects/ws01_plumbing/install/tutorails_plumbing/share/tutorails_plumbing/package.zsh'
[0.906s] Level 1:colcon.colcon_core.environment:create_file_with_runtime_dependencies(/home/cl/CLionProjects/ws01_plumbing/install/tutorails_plumbing/share/colcon-core/packages/tutorails_plumbing)
[0.907s] Level 1:colcon.colcon_core.environment:create_environment_scripts_only(tutorails_plumbing)
[0.907s] Level 1:colcon.colcon_core.environment:checking '/home/cl/CLionProjects/ws01_plumbing/install/tutorails_plumbing' for CMake module files
[0.907s] Level 1:colcon.colcon_core.environment:checking '/home/cl/CLionProjects/ws01_plumbing/install/tutorails_plumbing' for CMake config files
[0.908s] Level 1:colcon.colcon_core.shell:create_environment_hook('tutorails_plumbing', 'cmake_prefix_path')
[0.908s] INFO:colcon.colcon_core.shell:Creating environment hook '/home/cl/CLionProjects/ws01_plumbing/install/tutorails_plumbing/share/tutorails_plumbing/hook/cmake_prefix_path.ps1'
[0.908s] INFO:colcon.colcon_core.shell:Creating environment descriptor '/home/cl/CLionProjects/ws01_plumbing/install/tutorails_plumbing/share/tutorails_plumbing/hook/cmake_prefix_path.dsv'
[0.908s] INFO:colcon.colcon_core.shell:Creating environment hook '/home/cl/CLionProjects/ws01_plumbing/install/tutorails_plumbing/share/tutorails_plumbing/hook/cmake_prefix_path.sh'
[0.909s] Level 1:colcon.colcon_core.environment:checking '/home/cl/CLionProjects/ws01_plumbing/install/tutorails_plumbing/bin'
[0.909s] Level 1:colcon.colcon_core.environment:checking '/home/cl/CLionProjects/ws01_plumbing/install/tutorails_plumbing/lib/pkgconfig/tutorails_plumbing.pc'
[0.909s] Level 1:colcon.colcon_core.environment:checking '/home/cl/CLionProjects/ws01_plumbing/install/tutorails_plumbing/lib/python3.10/site-packages'
[0.909s] Level 1:colcon.colcon_core.environment:checking '/home/cl/CLionProjects/ws01_plumbing/install/tutorails_plumbing/bin'
[0.909s] INFO:colcon.colcon_core.shell:Creating package script '/home/cl/CLionProjects/ws01_plumbing/install/tutorails_plumbing/share/tutorails_plumbing/package.ps1'
[0.910s] INFO:colcon.colcon_core.shell:Creating package descriptor '/home/cl/CLionProjects/ws01_plumbing/install/tutorails_plumbing/share/tutorails_plumbing/package.dsv'
[0.911s] INFO:colcon.colcon_core.shell:Creating package script '/home/cl/CLionProjects/ws01_plumbing/install/tutorails_plumbing/share/tutorails_plumbing/package.sh'
[0.911s] INFO:colcon.colcon_core.shell:Creating package script '/home/cl/CLionProjects/ws01_plumbing/install/tutorails_plumbing/share/tutorails_plumbing/package.bash'
[0.912s] INFO:colcon.colcon_core.shell:Creating package script '/home/cl/CLionProjects/ws01_plumbing/install/tutorails_plumbing/share/tutorails_plumbing/package.zsh'
[0.912s] Level 1:colcon.colcon_core.environment:create_file_with_runtime_dependencies(/home/cl/CLionProjects/ws01_plumbing/install/tutorails_plumbing/share/colcon-core/packages/tutorails_plumbing)
[0.912s] DEBUG:colcon.colcon_parallel_executor.executor.parallel:closing loop
[0.912s] DEBUG:colcon.colcon_parallel_executor.executor.parallel:loop closed
[0.912s] DEBUG:colcon.colcon_parallel_executor.executor.parallel:run_until_complete finished with '0'
[0.913s] DEBUG:colcon.colcon_core.event_reactor:joining thread
[0.917s] INFO:colcon.colcon_core.plugin_system:Skipping extension 'colcon_notification.desktop_notification.terminal_notifier': Not used on non-Darwin systems
[0.917s] INFO:colcon.colcon_core.plugin_system:Skipping extension 'colcon_notification.desktop_notification.win32': Not used on non-Windows systems
[0.917s] INFO:colcon.colcon_notification.desktop_notification:Sending desktop notification using 'notify2'
[0.924s] DEBUG:colcon.colcon_core.event_reactor:joined thread
[0.925s] INFO:colcon.colcon_core.shell:Creating prefix script '/home/cl/CLionProjects/ws01_plumbing/install/local_setup.ps1'
[0.926s] INFO:colcon.colcon_core.shell:Creating prefix util module '/home/cl/CLionProjects/ws01_plumbing/install/_local_setup_util_ps1.py'
[0.927s] INFO:colcon.colcon_core.shell:Creating prefix chain script '/home/cl/CLionProjects/ws01_plumbing/install/setup.ps1'
[0.928s] INFO:colcon.colcon_core.shell:Creating prefix script '/home/cl/CLionProjects/ws01_plumbing/install/local_setup.sh'
[0.929s] INFO:colcon.colcon_core.shell:Creating prefix util module '/home/cl/CLionProjects/ws01_plumbing/install/_local_setup_util_sh.py'
[0.929s] INFO:colcon.colcon_core.shell:Creating prefix chain script '/home/cl/CLionProjects/ws01_plumbing/install/setup.sh'
[0.931s] INFO:colcon.colcon_core.shell:Creating prefix script '/home/cl/CLionProjects/ws01_plumbing/install/local_setup.bash'
[0.931s] INFO:colcon.colcon_core.shell:Creating prefix chain script '/home/cl/CLionProjects/ws01_plumbing/install/setup.bash'
[0.932s] INFO:colcon.colcon_core.shell:Creating prefix script '/home/cl/CLionProjects/ws01_plumbing/install/local_setup.zsh'
[0.933s] INFO:colcon.colcon_core.shell:Creating prefix chain script '/home/cl/CLionProjects/ws01_plumbing/install/setup.zsh'
