[0.009s] Invoking command in '/home/cl/CLionProjects/ws01_plumbing/build/cpp01_topic': AMENT_PREFIX_PATH=/home/cl/CLionProjects/ws01_plumbing/install/base_interfaces_demo:${AMENT_PREFIX_PATH} CMAKE_PREFIX_PATH=/home/cl/CLionProjects/ws01_plumbing/install/base_interfaces_demo:/opt/ros/humble LD_LIBRARY_PATH=/home/cl/CLionProjects/ws01_plumbing/install/base_interfaces_demo/lib:${LD_LIBRARY_PATH} PYTHONPATH=/home/cl/CLionProjects/ws01_plumbing/install/base_interfaces_demo/local/lib/python3.10/dist-packages:${PYTHONPATH} /usr/bin/cmake --build /home/cl/CLionProjects/ws01_plumbing/build/cpp01_topic -- -j8 -l8
[0.038s] [35m[1mConsolidate compiler generated dependencies of target demo01_talker_str[0m
[0.038s] [35m[1mConsolidate compiler generated dependencies of target demo04_listener_stu[0m
[0.038s] [35m[1mConsolidate compiler generated dependencies of target demo02_listener_str[0m
[0.038s] [35m[1mConsolidate compiler generated dependencies of target demo03_talker_stu[0m
[0.050s] [ 87%] Built target demo03_talker_stu
[0.050s] [ 87%] Built target demo02_listener_str
[0.050s] [100%] Built target demo04_listener_stu
[0.050s] [100%] Built target demo01_talker_str
[0.060s] Invoked command in '/home/cl/CLionProjects/ws01_plumbing/build/cpp01_topic' returned '0': AMENT_PREFIX_PATH=/home/cl/CLionProjects/ws01_plumbing/install/base_interfaces_demo:${AMENT_PREFIX_PATH} CMAKE_PREFIX_PATH=/home/cl/CLionProjects/ws01_plumbing/install/base_interfaces_demo:/opt/ros/humble LD_LIBRARY_PATH=/home/cl/CLionProjects/ws01_plumbing/install/base_interfaces_demo/lib:${LD_LIBRARY_PATH} PYTHONPATH=/home/cl/CLionProjects/ws01_plumbing/install/base_interfaces_demo/local/lib/python3.10/dist-packages:${PYTHONPATH} /usr/bin/cmake --build /home/cl/CLionProjects/ws01_plumbing/build/cpp01_topic -- -j8 -l8
[0.070s] Invoking command in '/home/cl/CLionProjects/ws01_plumbing/build/cpp01_topic': AMENT_PREFIX_PATH=/home/cl/CLionProjects/ws01_plumbing/install/base_interfaces_demo:${AMENT_PREFIX_PATH} CMAKE_PREFIX_PATH=/home/cl/CLionProjects/ws01_plumbing/install/base_interfaces_demo:/opt/ros/humble LD_LIBRARY_PATH=/home/cl/CLionProjects/ws01_plumbing/install/base_interfaces_demo/lib:${LD_LIBRARY_PATH} PYTHONPATH=/home/cl/CLionProjects/ws01_plumbing/install/base_interfaces_demo/local/lib/python3.10/dist-packages:${PYTHONPATH} /usr/bin/cmake --install /home/cl/CLionProjects/ws01_plumbing/build/cpp01_topic
[0.076s] -- Install configuration: ""
[0.076s] -- Up-to-date: /home/cl/CLionProjects/ws01_plumbing/install/cpp01_topic/lib/cpp01_topic/demo01_talker_str
[0.076s] -- Up-to-date: /home/cl/CLionProjects/ws01_plumbing/install/cpp01_topic/lib/cpp01_topic/demo02_listener_str
[0.077s] -- Up-to-date: /home/cl/CLionProjects/ws01_plumbing/install/cpp01_topic/lib/cpp01_topic/demo04_listener_stu
[0.077s] -- Up-to-date: /home/cl/CLionProjects/ws01_plumbing/install/cpp01_topic/lib/cpp01_topic/demo03_talker_stu
[0.077s] -- Up-to-date: /home/cl/CLionProjects/ws01_plumbing/install/cpp01_topic/share/ament_index/resource_index/package_run_dependencies/cpp01_topic
[0.077s] -- Up-to-date: /home/cl/CLionProjects/ws01_plumbing/install/cpp01_topic/share/ament_index/resource_index/parent_prefix_path/cpp01_topic
[0.077s] -- Up-to-date: /home/cl/CLionProjects/ws01_plumbing/install/cpp01_topic/share/cpp01_topic/environment/ament_prefix_path.sh
[0.077s] -- Up-to-date: /home/cl/CLionProjects/ws01_plumbing/install/cpp01_topic/share/cpp01_topic/environment/ament_prefix_path.dsv
[0.077s] -- Up-to-date: /home/cl/CLionProjects/ws01_plumbing/install/cpp01_topic/share/cpp01_topic/environment/path.sh
[0.077s] -- Up-to-date: /home/cl/CLionProjects/ws01_plumbing/install/cpp01_topic/share/cpp01_topic/environment/path.dsv
[0.077s] -- Up-to-date: /home/cl/CLionProjects/ws01_plumbing/install/cpp01_topic/share/cpp01_topic/local_setup.bash
[0.078s] -- Up-to-date: /home/cl/CLionProjects/ws01_plumbing/install/cpp01_topic/share/cpp01_topic/local_setup.sh
[0.078s] -- Up-to-date: /home/cl/CLionProjects/ws01_plumbing/install/cpp01_topic/share/cpp01_topic/local_setup.zsh
[0.078s] -- Up-to-date: /home/cl/CLionProjects/ws01_plumbing/install/cpp01_topic/share/cpp01_topic/local_setup.dsv
[0.078s] -- Installing: /home/cl/CLionProjects/ws01_plumbing/install/cpp01_topic/share/cpp01_topic/package.dsv
[0.078s] -- Up-to-date: /home/cl/CLionProjects/ws01_plumbing/install/cpp01_topic/share/ament_index/resource_index/packages/cpp01_topic
[0.078s] -- Up-to-date: /home/cl/CLionProjects/ws01_plumbing/install/cpp01_topic/share/cpp01_topic/cmake/cpp01_topicConfig.cmake
[0.078s] -- Up-to-date: /home/cl/CLionProjects/ws01_plumbing/install/cpp01_topic/share/cpp01_topic/cmake/cpp01_topicConfig-version.cmake
[0.078s] -- Up-to-date: /home/cl/CLionProjects/ws01_plumbing/install/cpp01_topic/share/cpp01_topic/package.xml
[0.079s] Invoked command in '/home/cl/CLionProjects/ws01_plumbing/build/cpp01_topic' returned '0': AMENT_PREFIX_PATH=/home/cl/CLionProjects/ws01_plumbing/install/base_interfaces_demo:${AMENT_PREFIX_PATH} CMAKE_PREFIX_PATH=/home/cl/CLionProjects/ws01_plumbing/install/base_interfaces_demo:/opt/ros/humble LD_LIBRARY_PATH=/home/cl/CLionProjects/ws01_plumbing/install/base_interfaces_demo/lib:${LD_LIBRARY_PATH} PYTHONPATH=/home/cl/CLionProjects/ws01_plumbing/install/base_interfaces_demo/local/lib/python3.10/dist-packages:${PYTHONPATH} /usr/bin/cmake --install /home/cl/CLionProjects/ws01_plumbing/build/cpp01_topic
