[0.010s] Invoking command in '/home/cl/CLionProjects/ws01_plumbing/build/cpp01_topic': CMAKE_PREFIX_PATH=/home/cl/CLionProjects/ws01_plumbing/install/base_interfaces_demo:/home/cl/CLionProjects/ws01_plumbing/install/cpp04_param:/home/cl/CLionProjects/ws01_plumbing/install/cpp03_action:/opt/ros/humble /usr/bin/cmake /home/cl/CLionProjects/ws01_plumbing/src/cpp01_topic -DCMAKE_INSTALL_PREFIX=/home/cl/CLionProjects/ws01_plumbing/install/cpp01_topic
[0.117s] -- The C compiler identification is GNU 11.4.0
[0.190s] -- The CXX compiler identification is GNU 11.4.0
[0.199s] -- Detecting C compiler ABI info
[0.255s] -- Detecting C compiler ABI info - done
[0.262s] -- Check for working C compiler: /usr/bin/cc - skipped
[0.262s] -- Detecting C compile features
[0.262s] -- Detecting C compile features - done
[0.265s] -- Detecting CXX compiler ABI info
[0.332s] -- Detecting CXX compiler ABI info - done
[0.339s] -- Check for working CXX compiler: /usr/bin/c++ - skipped
[0.339s] -- Detecting CXX compile features
[0.339s] -- Detecting CXX compile features - done
[0.344s] -- Found ament_cmake: 1.3.11 (/opt/ros/humble/share/ament_cmake/cmake)
[0.478s] -- Found Python3: /usr/bin/python3 (found version "3.10.12") found components: Interpreter 
[0.567s] -- Found rclcpp: 16.0.11 (/opt/ros/humble/share/rclcpp/cmake)
[0.610s] -- Found rosidl_generator_c: 3.1.6 (/opt/ros/humble/share/rosidl_generator_c/cmake)
[0.615s] -- Found rosidl_adapter: 3.1.6 (/opt/ros/humble/share/rosidl_adapter/cmake)
[0.624s] -- Found rosidl_generator_cpp: 3.1.6 (/opt/ros/humble/share/rosidl_generator_cpp/cmake)
[0.638s] -- Using all available rosidl_typesupport_c: rosidl_typesupport_fastrtps_c;rosidl_typesupport_introspection_c
[0.655s] -- Using all available rosidl_typesupport_cpp: rosidl_typesupport_fastrtps_cpp;rosidl_typesupport_introspection_cpp
[0.701s] -- Found rmw_implementation_cmake: 6.1.2 (/opt/ros/humble/share/rmw_implementation_cmake/cmake)
[0.704s] -- Found rmw_fastrtps_cpp: 6.2.7 (/opt/ros/humble/share/rmw_fastrtps_cpp/cmake)
[0.776s] -- Found OpenSSL: /usr/lib/x86_64-linux-gnu/libcrypto.so (found version "3.0.2")  
[0.796s] -- Found FastRTPS: /opt/ros/humble/include  
[0.828s] -- Using RMW implementation 'rmw_fastrtps_cpp' as default
[0.837s] -- Looking for pthread.h
[0.899s] -- Looking for pthread.h - found
[0.899s] -- Performing Test CMAKE_HAVE_LIBC_PTHREAD
[0.957s] -- Performing Test CMAKE_HAVE_LIBC_PTHREAD - Success
[0.958s] -- Found Threads: TRUE  
[1.012s] -- Found base_interfaces_demo: 0.0.0 (/home/cl/CLionProjects/ws01_plumbing/install/base_interfaces_demo/share/base_interfaces_demo/cmake)
[1.056s] -- Found ament_lint_auto: 0.12.11 (/opt/ros/humble/share/ament_lint_auto/cmake)
[1.130s] -- Added test 'cppcheck' to perform static code analysis on C / C++ code
[1.130s] -- Configured cppcheck include dirs: 
[1.130s] -- Configured cppcheck exclude dirs and/or files: 
[1.131s] -- Added test 'lint_cmake' to check CMake code style
[1.132s] -- Added test 'uncrustify' to check C / C++ code style
[1.132s] -- Configured uncrustify additional arguments: 
[1.133s] -- Added test 'xmllint' to check XML markup files
[1.134s] -- Configuring done
[1.149s] -- Generating done
[1.155s] -- Build files have been written to: /home/cl/CLionProjects/ws01_plumbing/build/cpp01_topic
[1.164s] Invoked command in '/home/cl/CLionProjects/ws01_plumbing/build/cpp01_topic' returned '0': CMAKE_PREFIX_PATH=/home/cl/CLionProjects/ws01_plumbing/install/base_interfaces_demo:/home/cl/CLionProjects/ws01_plumbing/install/cpp04_param:/home/cl/CLionProjects/ws01_plumbing/install/cpp03_action:/opt/ros/humble /usr/bin/cmake /home/cl/CLionProjects/ws01_plumbing/src/cpp01_topic -DCMAKE_INSTALL_PREFIX=/home/cl/CLionProjects/ws01_plumbing/install/cpp01_topic
[1.165s] Invoking command in '/home/cl/CLionProjects/ws01_plumbing/build/cpp01_topic': CMAKE_PREFIX_PATH=/home/cl/CLionProjects/ws01_plumbing/install/base_interfaces_demo:/home/cl/CLionProjects/ws01_plumbing/install/cpp04_param:/home/cl/CLionProjects/ws01_plumbing/install/cpp03_action:/opt/ros/humble /usr/bin/cmake --build /home/cl/CLionProjects/ws01_plumbing/build/cpp01_topic -- -j8 -l8
[1.205s] [ 37%] [32mBuilding CXX object CMakeFiles/demo04_listener_stu.dir/src/demo04_listener_stu.cpp.o[0m
[1.205s] [ 50%] [32mBuilding CXX object CMakeFiles/demo03_talker_stu.dir/src/demo03_talker_stu.cpp.o[0m
[1.205s] [ 50%] [32mBuilding CXX object CMakeFiles/demo01_talker_str.dir/src/demo01_talker_str.cpp.o[0m
[1.205s] [ 50%] [32mBuilding CXX object CMakeFiles/demo02_listener_str.dir/src/demo02_listener_str.cpp.o[0m
[6.311s] [ 62%] [32m[1mLinking CXX executable demo03_talker_stu[0m
[6.361s] [ 75%] [32m[1mLinking CXX executable demo01_talker_str[0m
[6.613s] [ 75%] Built target demo03_talker_stu
[6.705s] [ 75%] Built target demo01_talker_str
[10.289s] [ 87%] [32m[1mLinking CXX executable demo04_listener_stu[0m
[10.440s] [100%] [32m[1mLinking CXX executable demo02_listener_str[0m
[10.727s] [100%] Built target demo04_listener_stu
[10.842s] [100%] Built target demo02_listener_str
[10.855s] Invoked command in '/home/cl/CLionProjects/ws01_plumbing/build/cpp01_topic' returned '0': CMAKE_PREFIX_PATH=/home/cl/CLionProjects/ws01_plumbing/install/base_interfaces_demo:/home/cl/CLionProjects/ws01_plumbing/install/cpp04_param:/home/cl/CLionProjects/ws01_plumbing/install/cpp03_action:/opt/ros/humble /usr/bin/cmake --build /home/cl/CLionProjects/ws01_plumbing/build/cpp01_topic -- -j8 -l8
[10.864s] Invoking command in '/home/cl/CLionProjects/ws01_plumbing/build/cpp01_topic': CMAKE_PREFIX_PATH=/home/cl/CLionProjects/ws01_plumbing/install/base_interfaces_demo:/home/cl/CLionProjects/ws01_plumbing/install/cpp04_param:/home/cl/CLionProjects/ws01_plumbing/install/cpp03_action:/opt/ros/humble /usr/bin/cmake --install /home/cl/CLionProjects/ws01_plumbing/build/cpp01_topic
[10.870s] -- Install configuration: ""
[10.870s] -- Installing: /home/cl/CLionProjects/ws01_plumbing/install/cpp01_topic/lib/cpp01_topic/demo01_talker_str
[10.871s] -- Set runtime path of "/home/cl/CLionProjects/ws01_plumbing/install/cpp01_topic/lib/cpp01_topic/demo01_talker_str" to ""
[10.871s] -- Installing: /home/cl/CLionProjects/ws01_plumbing/install/cpp01_topic/lib/cpp01_topic/demo02_listener_str
[10.873s] -- Set runtime path of "/home/cl/CLionProjects/ws01_plumbing/install/cpp01_topic/lib/cpp01_topic/demo02_listener_str" to ""
[10.873s] -- Installing: /home/cl/CLionProjects/ws01_plumbing/install/cpp01_topic/lib/cpp01_topic/demo04_listener_stu
[10.875s] -- Set runtime path of "/home/cl/CLionProjects/ws01_plumbing/install/cpp01_topic/lib/cpp01_topic/demo04_listener_stu" to ""
[10.875s] -- Installing: /home/cl/CLionProjects/ws01_plumbing/install/cpp01_topic/lib/cpp01_topic/demo03_talker_stu
[10.876s] -- Set runtime path of "/home/cl/CLionProjects/ws01_plumbing/install/cpp01_topic/lib/cpp01_topic/demo03_talker_stu" to ""
[10.876s] -- Installing: /home/cl/CLionProjects/ws01_plumbing/install/cpp01_topic/share/ament_index/resource_index/package_run_dependencies/cpp01_topic
[10.876s] -- Installing: /home/cl/CLionProjects/ws01_plumbing/install/cpp01_topic/share/ament_index/resource_index/parent_prefix_path/cpp01_topic
[10.876s] -- Installing: /home/cl/CLionProjects/ws01_plumbing/install/cpp01_topic/share/cpp01_topic/environment/ament_prefix_path.sh
[10.876s] -- Installing: /home/cl/CLionProjects/ws01_plumbing/install/cpp01_topic/share/cpp01_topic/environment/ament_prefix_path.dsv
[10.877s] -- Installing: /home/cl/CLionProjects/ws01_plumbing/install/cpp01_topic/share/cpp01_topic/environment/path.sh
[10.877s] -- Installing: /home/cl/CLionProjects/ws01_plumbing/install/cpp01_topic/share/cpp01_topic/environment/path.dsv
[10.877s] -- Installing: /home/cl/CLionProjects/ws01_plumbing/install/cpp01_topic/share/cpp01_topic/local_setup.bash
[10.877s] -- Installing: /home/cl/CLionProjects/ws01_plumbing/install/cpp01_topic/share/cpp01_topic/local_setup.sh
[10.877s] -- Installing: /home/cl/CLionProjects/ws01_plumbing/install/cpp01_topic/share/cpp01_topic/local_setup.zsh
[10.877s] -- Installing: /home/cl/CLionProjects/ws01_plumbing/install/cpp01_topic/share/cpp01_topic/local_setup.dsv
[10.877s] -- Installing: /home/cl/CLionProjects/ws01_plumbing/install/cpp01_topic/share/cpp01_topic/package.dsv
[10.877s] -- Installing: /home/cl/CLionProjects/ws01_plumbing/install/cpp01_topic/share/ament_index/resource_index/packages/cpp01_topic
[10.877s] -- Installing: /home/cl/CLionProjects/ws01_plumbing/install/cpp01_topic/share/cpp01_topic/cmake/cpp01_topicConfig.cmake
[10.877s] -- Installing: /home/cl/CLionProjects/ws01_plumbing/install/cpp01_topic/share/cpp01_topic/cmake/cpp01_topicConfig-version.cmake
[10.877s] -- Installing: /home/cl/CLionProjects/ws01_plumbing/install/cpp01_topic/share/cpp01_topic/package.xml
[10.879s] Invoked command in '/home/cl/CLionProjects/ws01_plumbing/build/cpp01_topic' returned '0': CMAKE_PREFIX_PATH=/home/cl/CLionProjects/ws01_plumbing/install/base_interfaces_demo:/home/cl/CLionProjects/ws01_plumbing/install/cpp04_param:/home/cl/CLionProjects/ws01_plumbing/install/cpp03_action:/opt/ros/humble /usr/bin/cmake --install /home/cl/CLionProjects/ws01_plumbing/build/cpp01_topic
