[0.010s] Invoking command in '/home/cl/CLionProjects/ws01_plumbing/build/cpp05_names': CMAKE_PREFIX_PATH=/opt/ros/humble CONDA_PROMPT_MODIFIER=(base) /usr/bin/cmake --build /home/cl/CLionProjects/ws01_plumbing/build/cpp05_names -- -j8 -l8
[0.077s] [ 50%] [32mBuilding CXX object CMakeFiles/demo01_names.dir/src/demo01_names.cpp.o[0m
[2.898s] [100%] [32m[1mLinking CXX executable demo01_names[0m
[3.030s] [100%] Built target demo01_names
[3.039s] Invoked command in '/home/cl/CLionProjects/ws01_plumbing/build/cpp05_names' returned '0': CMAKE_PREFIX_PATH=/opt/ros/humble CONDA_PROMPT_MODIFIER=(base) /usr/bin/cmake --build /home/cl/CLionProjects/ws01_plumbing/build/cpp05_names -- -j8 -l8
[3.048s] Invoking command in '/home/cl/CLionProjects/ws01_plumbing/build/cpp05_names': CMAKE_PREFIX_PATH=/opt/ros/humble CONDA_PROMPT_MODIFIER=(base) /usr/bin/cmake --install /home/cl/CLionProjects/ws01_plumbing/build/cpp05_names
[3.055s] -- Install configuration: ""
[3.055s] -- Installing: /home/cl/CLionProjects/ws01_plumbing/install/cpp05_names/lib/cpp05_names/demo01_names
[3.055s] -- Set runtime path of "/home/cl/CLionProjects/ws01_plumbing/install/cpp05_names/lib/cpp05_names/demo01_names" to ""
[3.056s] -- Up-to-date: /home/cl/CLionProjects/ws01_plumbing/install/cpp05_names/share/cpp05_names/launch
[3.056s] -- Up-to-date: /home/cl/CLionProjects/ws01_plumbing/install/cpp05_names/share/cpp05_names/launch/demo03_names_launch.yaml
[3.056s] -- Up-to-date: /home/cl/CLionProjects/ws01_plumbing/install/cpp05_names/share/cpp05_names/launch/demo02_names_launch.xml
[3.056s] -- Up-to-date: /home/cl/CLionProjects/ws01_plumbing/install/cpp05_names/share/cpp05_names/launch/demo01_names_launch.py
[3.056s] -- Up-to-date: /home/cl/CLionProjects/ws01_plumbing/install/cpp05_names/share/ament_index/resource_index/package_run_dependencies/cpp05_names
[3.056s] -- Up-to-date: /home/cl/CLionProjects/ws01_plumbing/install/cpp05_names/share/ament_index/resource_index/parent_prefix_path/cpp05_names
[3.056s] -- Up-to-date: /home/cl/CLionProjects/ws01_plumbing/install/cpp05_names/share/cpp05_names/environment/ament_prefix_path.sh
[3.056s] -- Up-to-date: /home/cl/CLionProjects/ws01_plumbing/install/cpp05_names/share/cpp05_names/environment/ament_prefix_path.dsv
[3.056s] -- Up-to-date: /home/cl/CLionProjects/ws01_plumbing/install/cpp05_names/share/cpp05_names/environment/path.sh
[3.056s] -- Up-to-date: /home/cl/CLionProjects/ws01_plumbing/install/cpp05_names/share/cpp05_names/environment/path.dsv
[3.056s] -- Up-to-date: /home/cl/CLionProjects/ws01_plumbing/install/cpp05_names/share/cpp05_names/local_setup.bash
[3.057s] -- Up-to-date: /home/cl/CLionProjects/ws01_plumbing/install/cpp05_names/share/cpp05_names/local_setup.sh
[3.057s] -- Up-to-date: /home/cl/CLionProjects/ws01_plumbing/install/cpp05_names/share/cpp05_names/local_setup.zsh
[3.057s] -- Up-to-date: /home/cl/CLionProjects/ws01_plumbing/install/cpp05_names/share/cpp05_names/local_setup.dsv
[3.057s] -- Installing: /home/cl/CLionProjects/ws01_plumbing/install/cpp05_names/share/cpp05_names/package.dsv
[3.057s] -- Up-to-date: /home/cl/CLionProjects/ws01_plumbing/install/cpp05_names/share/ament_index/resource_index/packages/cpp05_names
[3.057s] -- Up-to-date: /home/cl/CLionProjects/ws01_plumbing/install/cpp05_names/share/cpp05_names/cmake/cpp05_namesConfig.cmake
[3.057s] -- Up-to-date: /home/cl/CLionProjects/ws01_plumbing/install/cpp05_names/share/cpp05_names/cmake/cpp05_namesConfig-version.cmake
[3.057s] -- Up-to-date: /home/cl/CLionProjects/ws01_plumbing/install/cpp05_names/share/cpp05_names/package.xml
[3.058s] Invoked command in '/home/cl/CLionProjects/ws01_plumbing/build/cpp05_names' returned '0': CMAKE_PREFIX_PATH=/opt/ros/humble CONDA_PROMPT_MODIFIER=(base) /usr/bin/cmake --install /home/cl/CLionProjects/ws01_plumbing/build/cpp05_names
