[0.008s] Invoking command in '/home/cl/CLionProjects/ws01_plumbing/build/cpp06_time': CMAKE_PREFIX_PATH=${CMAKE_PREFIX_PATH}:/home/cl/CLionProjects/ws01_plumbing/install/py05_names:/opt/ros/humble CONDA_PROMPT_MODIFIER=(base) /usr/bin/cmake /home/cl/CLionProjects/ws01_plumbing/src/cpp06_time -DCMAKE_INSTALL_PREFIX=/home/cl/CLionProjects/ws01_plumbing/install/cpp06_time
[0.116s] -- The C compiler identification is GNU 11.4.0
[0.171s] -- The CXX compiler identification is GNU 11.4.0
[0.177s] -- Detecting C compiler ABI info
[0.225s] -- Detecting C compiler ABI info - done
[0.231s] -- Check for working C compiler: /usr/bin/cc - skipped
[0.231s] -- Detecting C compile features
[0.232s] -- Detecting C compile features - done
[0.234s] -- Detecting CXX compiler ABI info
[0.290s] -- Detecting CXX compiler ABI info - done
[0.297s] -- Check for working CXX compiler: /usr/bin/c++ - skipped
[0.297s] -- Detecting CXX compile features
[0.297s] -- Detecting CXX compile features - done
[0.299s] -- Found ament_cmake: 1.3.11 (/opt/ros/humble/share/ament_cmake/cmake)
[0.635s] -- Found Python3: /home/cl/miniconda3/bin/python3 (found version "3.12.4") found components: Interpreter 
[0.719s] -- Found rclcpp: 16.0.11 (/opt/ros/humble/share/rclcpp/cmake)
[0.753s] -- Found rosidl_generator_c: 3.1.6 (/opt/ros/humble/share/rosidl_generator_c/cmake)
[0.757s] -- Found rosidl_adapter: 3.1.6 (/opt/ros/humble/share/rosidl_adapter/cmake)
[0.764s] -- Found rosidl_generator_cpp: 3.1.6 (/opt/ros/humble/share/rosidl_generator_cpp/cmake)
[0.774s] -- Using all available rosidl_typesupport_c: rosidl_typesupport_fastrtps_c;rosidl_typesupport_introspection_c
[0.788s] -- Using all available rosidl_typesupport_cpp: rosidl_typesupport_fastrtps_cpp;rosidl_typesupport_introspection_cpp
[0.825s] -- Found rmw_implementation_cmake: 6.1.2 (/opt/ros/humble/share/rmw_implementation_cmake/cmake)
[0.828s] -- Found rmw_fastrtps_cpp: 6.2.7 (/opt/ros/humble/share/rmw_fastrtps_cpp/cmake)
[0.888s] -- Found OpenSSL: /usr/lib/x86_64-linux-gnu/libcrypto.so (found version "3.0.2")  
[0.908s] -- Found FastRTPS: /opt/ros/humble/include  
[0.938s] -- Using RMW implementation 'rmw_fastrtps_cpp' as default
[0.956s] -- Looking for pthread.h
[1.022s] -- Looking for pthread.h - found
[1.023s] -- Performing Test CMAKE_HAVE_LIBC_PTHREAD
[1.074s] -- Performing Test CMAKE_HAVE_LIBC_PTHREAD - Success
[1.075s] -- Found Threads: TRUE  
[1.120s] -- Found ament_lint_auto: 0.12.11 (/opt/ros/humble/share/ament_lint_auto/cmake)
[1.203s] -- Added test 'cppcheck' to perform static code analysis on C / C++ code
[1.203s] -- Configured cppcheck include dirs: $<BUILD_INTERFACE:/home/cl/CLionProjects/ws01_plumbing/src/cpp06_time/include>
[1.203s] -- Configured cppcheck exclude dirs and/or files: 
[1.203s] -- Added test 'lint_cmake' to check CMake code style
[1.204s] -- Added test 'uncrustify' to check C / C++ code style
[1.204s] -- Configured uncrustify additional arguments: 
[1.205s] -- Added test 'xmllint' to check XML markup files
[1.206s] -- Configuring done
[1.212s] -- Generating done
[1.214s] -- Build files have been written to: /home/cl/CLionProjects/ws01_plumbing/build/cpp06_time
[1.221s] Invoked command in '/home/cl/CLionProjects/ws01_plumbing/build/cpp06_time' returned '0': CMAKE_PREFIX_PATH=${CMAKE_PREFIX_PATH}:/home/cl/CLionProjects/ws01_plumbing/install/py05_names:/opt/ros/humble CONDA_PROMPT_MODIFIER=(base) /usr/bin/cmake /home/cl/CLionProjects/ws01_plumbing/src/cpp06_time -DCMAKE_INSTALL_PREFIX=/home/cl/CLionProjects/ws01_plumbing/install/cpp06_time
[1.223s] Invoking command in '/home/cl/CLionProjects/ws01_plumbing/build/cpp06_time': CMAKE_PREFIX_PATH=${CMAKE_PREFIX_PATH}:/home/cl/CLionProjects/ws01_plumbing/install/py05_names:/opt/ros/humble CONDA_PROMPT_MODIFIER=(base) /usr/bin/cmake --build /home/cl/CLionProjects/ws01_plumbing/build/cpp06_time -- -j8 -l8
[1.258s] [ 50%] [32mBuilding CXX object CMakeFiles/demo01_time.dir/src/demo01_time.cpp.o[0m
[3.551s] [100%] [32m[1mLinking CXX executable demo01_time[0m
[3.633s] [100%] Built target demo01_time
[3.641s] Invoked command in '/home/cl/CLionProjects/ws01_plumbing/build/cpp06_time' returned '0': CMAKE_PREFIX_PATH=${CMAKE_PREFIX_PATH}:/home/cl/CLionProjects/ws01_plumbing/install/py05_names:/opt/ros/humble CONDA_PROMPT_MODIFIER=(base) /usr/bin/cmake --build /home/cl/CLionProjects/ws01_plumbing/build/cpp06_time -- -j8 -l8
[3.648s] Invoking command in '/home/cl/CLionProjects/ws01_plumbing/build/cpp06_time': CMAKE_PREFIX_PATH=${CMAKE_PREFIX_PATH}:/home/cl/CLionProjects/ws01_plumbing/install/py05_names:/opt/ros/humble CONDA_PROMPT_MODIFIER=(base) /usr/bin/cmake --install /home/cl/CLionProjects/ws01_plumbing/build/cpp06_time
[3.653s] -- Install configuration: ""
[3.653s] -- Installing: /home/cl/CLionProjects/ws01_plumbing/install/cpp06_time/lib/cpp06_time/demo01_time
[3.654s] -- Set runtime path of "/home/cl/CLionProjects/ws01_plumbing/install/cpp06_time/lib/cpp06_time/demo01_time" to ""
[3.654s] -- Installing: /home/cl/CLionProjects/ws01_plumbing/install/cpp06_time/share/ament_index/resource_index/package_run_dependencies/cpp06_time
[3.654s] -- Installing: /home/cl/CLionProjects/ws01_plumbing/install/cpp06_time/share/ament_index/resource_index/parent_prefix_path/cpp06_time
[3.654s] -- Installing: /home/cl/CLionProjects/ws01_plumbing/install/cpp06_time/share/cpp06_time/environment/ament_prefix_path.sh
[3.654s] -- Installing: /home/cl/CLionProjects/ws01_plumbing/install/cpp06_time/share/cpp06_time/environment/ament_prefix_path.dsv
[3.654s] -- Installing: /home/cl/CLionProjects/ws01_plumbing/install/cpp06_time/share/cpp06_time/environment/path.sh
[3.654s] -- Installing: /home/cl/CLionProjects/ws01_plumbing/install/cpp06_time/share/cpp06_time/environment/path.dsv
[3.654s] -- Installing: /home/cl/CLionProjects/ws01_plumbing/install/cpp06_time/share/cpp06_time/local_setup.bash
[3.654s] -- Installing: /home/cl/CLionProjects/ws01_plumbing/install/cpp06_time/share/cpp06_time/local_setup.sh
[3.654s] -- Installing: /home/cl/CLionProjects/ws01_plumbing/install/cpp06_time/share/cpp06_time/local_setup.zsh
[3.654s] -- Installing: /home/cl/CLionProjects/ws01_plumbing/install/cpp06_time/share/cpp06_time/local_setup.dsv
[3.655s] -- Installing: /home/cl/CLionProjects/ws01_plumbing/install/cpp06_time/share/cpp06_time/package.dsv
[3.655s] -- Installing: /home/cl/CLionProjects/ws01_plumbing/install/cpp06_time/share/ament_index/resource_index/packages/cpp06_time
[3.655s] -- Installing: /home/cl/CLionProjects/ws01_plumbing/install/cpp06_time/share/cpp06_time/cmake/cpp06_timeConfig.cmake
[3.655s] -- Installing: /home/cl/CLionProjects/ws01_plumbing/install/cpp06_time/share/cpp06_time/cmake/cpp06_timeConfig-version.cmake
[3.655s] -- Installing: /home/cl/CLionProjects/ws01_plumbing/install/cpp06_time/share/cpp06_time/package.xml
[3.656s] Invoked command in '/home/cl/CLionProjects/ws01_plumbing/build/cpp06_time' returned '0': CMAKE_PREFIX_PATH=${CMAKE_PREFIX_PATH}:/home/cl/CLionProjects/ws01_plumbing/install/py05_names:/opt/ros/humble CONDA_PROMPT_MODIFIER=(base) /usr/bin/cmake --install /home/cl/CLionProjects/ws01_plumbing/build/cpp06_time
