[0.011s] Invoking command in '/home/cl/CLionProjects/ws01_plumbing/build/cpp07_exercise': CMAKE_PREFIX_PATH=/home/cl/CLionProjects/ws01_plumbing/install/base_interfaces_demo:/home/cl/CLionProjects/ws01_plumbing/install/tutorails_plumbing:/home/cl/CLionProjects/ws01_plumbing/install/cpp07_exercise:/home/cl/CLionProjects/ws01_plumbing/install/cpp06_time:/home/cl/CLionProjects/ws01_plumbing/install/cpp05_names:/home/cl/CLionProjects/ws01_plumbing/install/cpp04_param:/home/cl/CLionProjects/ws01_plumbing/install/cpp03_action:/home/cl/CLionProjects/ws01_plumbing/install/cpp02_service:/home/cl/CLionProjects/ws01_plumbing/install/cpp01_topic:/home/cl/CLionProjects/ws01_plumbing/install/py05_names:/opt/ros/humble CONDA_PROMPT_MODIFIER=(base) /usr/bin/cmake --build /home/cl/CLionProjects/ws01_plumbing/build/cpp07_exercise -- -j8 -l8
[0.049s] [100%] Built target exer01_pub_sub
[0.057s] Invoked command in '/home/cl/CLionProjects/ws01_plumbing/build/cpp07_exercise' returned '0': CMAKE_PREFIX_PATH=/home/cl/CLionProjects/ws01_plumbing/install/base_interfaces_demo:/home/cl/CLionProjects/ws01_plumbing/install/tutorails_plumbing:/home/cl/CLionProjects/ws01_plumbing/install/cpp07_exercise:/home/cl/CLionProjects/ws01_plumbing/install/cpp06_time:/home/cl/CLionProjects/ws01_plumbing/install/cpp05_names:/home/cl/CLionProjects/ws01_plumbing/install/cpp04_param:/home/cl/CLionProjects/ws01_plumbing/install/cpp03_action:/home/cl/CLionProjects/ws01_plumbing/install/cpp02_service:/home/cl/CLionProjects/ws01_plumbing/install/cpp01_topic:/home/cl/CLionProjects/ws01_plumbing/install/py05_names:/opt/ros/humble CONDA_PROMPT_MODIFIER=(base) /usr/bin/cmake --build /home/cl/CLionProjects/ws01_plumbing/build/cpp07_exercise -- -j8 -l8
[0.065s] Invoking command in '/home/cl/CLionProjects/ws01_plumbing/build/cpp07_exercise': CMAKE_PREFIX_PATH=/home/cl/CLionProjects/ws01_plumbing/install/base_interfaces_demo:/home/cl/CLionProjects/ws01_plumbing/install/tutorails_plumbing:/home/cl/CLionProjects/ws01_plumbing/install/cpp07_exercise:/home/cl/CLionProjects/ws01_plumbing/install/cpp06_time:/home/cl/CLionProjects/ws01_plumbing/install/cpp05_names:/home/cl/CLionProjects/ws01_plumbing/install/cpp04_param:/home/cl/CLionProjects/ws01_plumbing/install/cpp03_action:/home/cl/CLionProjects/ws01_plumbing/install/cpp02_service:/home/cl/CLionProjects/ws01_plumbing/install/cpp01_topic:/home/cl/CLionProjects/ws01_plumbing/install/py05_names:/opt/ros/humble CONDA_PROMPT_MODIFIER=(base) /usr/bin/cmake --install /home/cl/CLionProjects/ws01_plumbing/build/cpp07_exercise
[0.070s] -- Install configuration: ""
[0.070s] -- Up-to-date: /home/cl/CLionProjects/ws01_plumbing/install/cpp07_exercise/lib/cpp07_exercise/exer01_pub_sub
[0.070s] -- Up-to-date: /home/cl/CLionProjects/ws01_plumbing/install/cpp07_exercise/share/cpp07_exercise/launch
[0.070s] -- Installing: /home/cl/CLionProjects/ws01_plumbing/install/cpp07_exercise/share/cpp07_exercise/launch/exer01_pub_sub_launch.py
[0.070s] -- Up-to-date: /home/cl/CLionProjects/ws01_plumbing/install/cpp07_exercise/share/ament_index/resource_index/package_run_dependencies/cpp07_exercise
[0.071s] -- Up-to-date: /home/cl/CLionProjects/ws01_plumbing/install/cpp07_exercise/share/ament_index/resource_index/parent_prefix_path/cpp07_exercise
[0.071s] -- Up-to-date: /home/cl/CLionProjects/ws01_plumbing/install/cpp07_exercise/share/cpp07_exercise/environment/ament_prefix_path.sh
[0.071s] -- Up-to-date: /home/cl/CLionProjects/ws01_plumbing/install/cpp07_exercise/share/cpp07_exercise/environment/ament_prefix_path.dsv
[0.071s] -- Up-to-date: /home/cl/CLionProjects/ws01_plumbing/install/cpp07_exercise/share/cpp07_exercise/environment/path.sh
[0.071s] -- Up-to-date: /home/cl/CLionProjects/ws01_plumbing/install/cpp07_exercise/share/cpp07_exercise/environment/path.dsv
[0.071s] -- Up-to-date: /home/cl/CLionProjects/ws01_plumbing/install/cpp07_exercise/share/cpp07_exercise/local_setup.bash
[0.071s] -- Up-to-date: /home/cl/CLionProjects/ws01_plumbing/install/cpp07_exercise/share/cpp07_exercise/local_setup.sh
[0.071s] -- Up-to-date: /home/cl/CLionProjects/ws01_plumbing/install/cpp07_exercise/share/cpp07_exercise/local_setup.zsh
[0.071s] -- Up-to-date: /home/cl/CLionProjects/ws01_plumbing/install/cpp07_exercise/share/cpp07_exercise/local_setup.dsv
[0.071s] -- Installing: /home/cl/CLionProjects/ws01_plumbing/install/cpp07_exercise/share/cpp07_exercise/package.dsv
[0.071s] -- Up-to-date: /home/cl/CLionProjects/ws01_plumbing/install/cpp07_exercise/share/ament_index/resource_index/packages/cpp07_exercise
[0.071s] -- Up-to-date: /home/cl/CLionProjects/ws01_plumbing/install/cpp07_exercise/share/cpp07_exercise/cmake/cpp07_exerciseConfig.cmake
[0.071s] -- Up-to-date: /home/cl/CLionProjects/ws01_plumbing/install/cpp07_exercise/share/cpp07_exercise/cmake/cpp07_exerciseConfig-version.cmake
[0.071s] -- Up-to-date: /home/cl/CLionProjects/ws01_plumbing/install/cpp07_exercise/share/cpp07_exercise/package.xml
[0.072s] Invoked command in '/home/cl/CLionProjects/ws01_plumbing/build/cpp07_exercise' returned '0': CMAKE_PREFIX_PATH=/home/cl/CLionProjects/ws01_plumbing/install/base_interfaces_demo:/home/cl/CLionProjects/ws01_plumbing/install/tutorails_plumbing:/home/cl/CLionProjects/ws01_plumbing/install/cpp07_exercise:/home/cl/CLionProjects/ws01_plumbing/install/cpp06_time:/home/cl/CLionProjects/ws01_plumbing/install/cpp05_names:/home/cl/CLionProjects/ws01_plumbing/install/cpp04_param:/home/cl/CLionProjects/ws01_plumbing/install/cpp03_action:/home/cl/CLionProjects/ws01_plumbing/install/cpp02_service:/home/cl/CLionProjects/ws01_plumbing/install/cpp01_topic:/home/cl/CLionProjects/ws01_plumbing/install/py05_names:/opt/ros/humble CONDA_PROMPT_MODIFIER=(base) /usr/bin/cmake --install /home/cl/CLionProjects/ws01_plumbing/build/cpp07_exercise
