[0.007s] Invoking command in '/home/cl/CLionProjects/ws01_plumbing/build/cpp05_names': CMAKE_PREFIX_PATH=/opt/ros/humble CONDA_PROMPT_MODIFIER=(base) /usr/bin/cmake /home/cl/CLionProjects/ws01_plumbing/src/cpp05_names -DCMAKE_INSTALL_PREFIX=/home/cl/CLionProjects/ws01_plumbing/install/cpp05_names
[0.017s] -- Found ament_cmake: 1.3.11 (/opt/ros/humble/share/ament_cmake/cmake)
[0.133s] -- Found rclcpp: 16.0.11 (/opt/ros/humble/share/rclcpp/cmake)
[0.155s] -- Found rosidl_generator_c: 3.1.6 (/opt/ros/humble/share/rosidl_generator_c/cmake)
[0.157s] -- Found rosidl_adapter: 3.1.6 (/opt/ros/humble/share/rosidl_adapter/cmake)
[0.162s] -- Found rosidl_generator_cpp: 3.1.6 (/opt/ros/humble/share/rosidl_generator_cpp/cmake)
[0.169s] -- Using all available rosidl_typesupport_c: rosidl_typesupport_fastrtps_c;rosidl_typesupport_introspection_c
[0.181s] -- Using all available rosidl_typesupport_cpp: rosidl_typesupport_fastrtps_cpp;rosidl_typesupport_introspection_cpp
[0.208s] -- Found rmw_implementation_cmake: 6.1.2 (/opt/ros/humble/share/rmw_implementation_cmake/cmake)
[0.209s] -- Found rmw_fastrtps_cpp: 6.2.7 (/opt/ros/humble/share/rmw_fastrtps_cpp/cmake)
[0.284s] -- Using RMW implementation 'rmw_fastrtps_cpp' as default
[0.328s] -- Found ament_lint_auto: 0.12.11 (/opt/ros/humble/share/ament_lint_auto/cmake)
[0.426s] -- Added test 'cppcheck' to perform static code analysis on C / C++ code
[0.426s] -- Configured cppcheck include dirs: $<BUILD_INTERFACE:/home/cl/CLionProjects/ws01_plumbing/src/cpp05_names/include>
[0.426s] -- Configured cppcheck exclude dirs and/or files: 
[0.426s] -- Added test 'flake8' to check Python code syntax and style conventions
[0.427s] -- Added test 'lint_cmake' to check CMake code style
[0.427s] -- Added test 'pep257' to check Python code against some of the docstring style conventions in PEP 257
[0.428s] -- Added test 'uncrustify' to check C / C++ code style
[0.428s] -- Configured uncrustify additional arguments: 
[0.428s] -- Added test 'xmllint' to check XML markup files
[0.429s] -- Configuring done
[0.436s] -- Generating done
[0.438s] -- Build files have been written to: /home/cl/CLionProjects/ws01_plumbing/build/cpp05_names
[0.443s] Invoked command in '/home/cl/CLionProjects/ws01_plumbing/build/cpp05_names' returned '0': CMAKE_PREFIX_PATH=/opt/ros/humble CONDA_PROMPT_MODIFIER=(base) /usr/bin/cmake /home/cl/CLionProjects/ws01_plumbing/src/cpp05_names -DCMAKE_INSTALL_PREFIX=/home/cl/CLionProjects/ws01_plumbing/install/cpp05_names
[0.445s] Invoking command in '/home/cl/CLionProjects/ws01_plumbing/build/cpp05_names': CMAKE_PREFIX_PATH=/opt/ros/humble CONDA_PROMPT_MODIFIER=(base) /usr/bin/cmake --build /home/cl/CLionProjects/ws01_plumbing/build/cpp05_names -- -j8 -l8
[0.482s] [ 50%] [32mBuilding CXX object CMakeFiles/demo01_names.dir/src/demo01_names.cpp.o[0m
[0.509s] [100%] [32m[1mLinking CXX executable demo01_names[0m
[0.558s] [100%] Built target demo01_names
[0.566s] Invoked command in '/home/cl/CLionProjects/ws01_plumbing/build/cpp05_names' returned '0': CMAKE_PREFIX_PATH=/opt/ros/humble CONDA_PROMPT_MODIFIER=(base) /usr/bin/cmake --build /home/cl/CLionProjects/ws01_plumbing/build/cpp05_names -- -j8 -l8
[0.575s] Invoking command in '/home/cl/CLionProjects/ws01_plumbing/build/cpp05_names': CMAKE_PREFIX_PATH=/opt/ros/humble CONDA_PROMPT_MODIFIER=(base) /usr/bin/cmake --install /home/cl/CLionProjects/ws01_plumbing/build/cpp05_names
[0.581s] -- Install configuration: ""
[0.581s] -- Installing: /home/cl/CLionProjects/ws01_plumbing/install/cpp05_names/lib/cpp05_names/demo01_names
[0.581s] -- Set runtime path of "/home/cl/CLionProjects/ws01_plumbing/install/cpp05_names/lib/cpp05_names/demo01_names" to ""
[0.581s] -- Installing: /home/cl/CLionProjects/ws01_plumbing/install/cpp05_names/share/cpp05_names/launch
[0.581s] -- Installing: /home/cl/CLionProjects/ws01_plumbing/install/cpp05_names/share/cpp05_names/launch/demo01_names_launch.py
[0.582s] -- Installing: /home/cl/CLionProjects/ws01_plumbing/install/cpp05_names/share/ament_index/resource_index/package_run_dependencies/cpp05_names
[0.582s] -- Installing: /home/cl/CLionProjects/ws01_plumbing/install/cpp05_names/share/ament_index/resource_index/parent_prefix_path/cpp05_names
[0.582s] -- Installing: /home/cl/CLionProjects/ws01_plumbing/install/cpp05_names/share/cpp05_names/environment/ament_prefix_path.sh
[0.582s] -- Installing: /home/cl/CLionProjects/ws01_plumbing/install/cpp05_names/share/cpp05_names/environment/ament_prefix_path.dsv
[0.582s] -- Installing: /home/cl/CLionProjects/ws01_plumbing/install/cpp05_names/share/cpp05_names/environment/path.sh
[0.582s] -- Installing: /home/cl/CLionProjects/ws01_plumbing/install/cpp05_names/share/cpp05_names/environment/path.dsv
[0.582s] -- Installing: /home/cl/CLionProjects/ws01_plumbing/install/cpp05_names/share/cpp05_names/local_setup.bash
[0.582s] -- Installing: /home/cl/CLionProjects/ws01_plumbing/install/cpp05_names/share/cpp05_names/local_setup.sh
[0.582s] -- Installing: /home/cl/CLionProjects/ws01_plumbing/install/cpp05_names/share/cpp05_names/local_setup.zsh
[0.582s] -- Installing: /home/cl/CLionProjects/ws01_plumbing/install/cpp05_names/share/cpp05_names/local_setup.dsv
[0.583s] -- Installing: /home/cl/CLionProjects/ws01_plumbing/install/cpp05_names/share/cpp05_names/package.dsv
[0.583s] -- Installing: /home/cl/CLionProjects/ws01_plumbing/install/cpp05_names/share/ament_index/resource_index/packages/cpp05_names
[0.583s] -- Installing: /home/cl/CLionProjects/ws01_plumbing/install/cpp05_names/share/cpp05_names/cmake/cpp05_namesConfig.cmake
[0.583s] -- Installing: /home/cl/CLionProjects/ws01_plumbing/install/cpp05_names/share/cpp05_names/cmake/cpp05_namesConfig-version.cmake
[0.583s] -- Installing: /home/cl/CLionProjects/ws01_plumbing/install/cpp05_names/share/cpp05_names/package.xml
[0.585s] Invoked command in '/home/cl/CLionProjects/ws01_plumbing/build/cpp05_names' returned '0': CMAKE_PREFIX_PATH=/opt/ros/humble CONDA_PROMPT_MODIFIER=(base) /usr/bin/cmake --install /home/cl/CLionProjects/ws01_plumbing/build/cpp05_names
